[0.044s] Invoking command in '/root/ws_ros2/ZRobot_Next/build/zrobot_obstacle_avoidance': CMAKE_PREFIX_PATH=/opt/ros/jazzy /usr/bin/cmake --build /root/ws_ros2/ZRobot_Next/build/zrobot_obstacle_avoidance -- -j8 -l8
[0.179s] Invoked command in '/root/ws_ros2/ZRobot_Next/build/zrobot_obstacle_avoidance' returned '0': CMAKE_PREFIX_PATH=/opt/ros/jazzy /usr/bin/cmake --build /root/ws_ros2/ZRobot_Next/build/zrobot_obstacle_avoidance -- -j8 -l8
[0.181s] Invoking command in '/root/ws_ros2/ZRobot_Next/build/zrobot_obstacle_avoidance': CMAKE_PREFIX_PATH=/opt/ros/jazzy /usr/bin/cmake --install /root/ws_ros2/ZRobot_Next/build/zrobot_obstacle_avoidance
[0.220s] -- Install configuration: ""
[0.221s] -- Up-to-date: /root/ws_ros2/ZRobot_Next/install/zrobot_obstacle_avoidance/lib/zrobot_obstacle_avoidance/obstacle_avoidance_node
[0.221s] -- Up-to-date: /root/ws_ros2/ZRobot_Next/install/zrobot_obstacle_avoidance/share/ament_index/resource_index/package_run_dependencies/zrobot_obstacle_avoidance
[0.221s] -- Up-to-date: /root/ws_ros2/ZRobot_Next/install/zrobot_obstacle_avoidance/share/ament_index/resource_index/parent_prefix_path/zrobot_obstacle_avoidance
[0.222s] -- Up-to-date: /root/ws_ros2/ZRobot_Next/install/zrobot_obstacle_avoidance/share/zrobot_obstacle_avoidance/environment/ament_prefix_path.sh
[0.222s] -- Up-to-date: /root/ws_ros2/ZRobot_Next/install/zrobot_obstacle_avoidance/share/zrobot_obstacle_avoidance/environment/ament_prefix_path.dsv
[0.222s] -- Up-to-date: /root/ws_ros2/ZRobot_Next/install/zrobot_obstacle_avoidance/share/zrobot_obstacle_avoidance/environment/path.sh
[0.222s] -- Up-to-date: /root/ws_ros2/ZRobot_Next/install/zrobot_obstacle_avoidance/share/zrobot_obstacle_avoidance/environment/path.dsv
[0.222s] -- Up-to-date: /root/ws_ros2/ZRobot_Next/install/zrobot_obstacle_avoidance/share/zrobot_obstacle_avoidance/local_setup.bash
[0.223s] -- Up-to-date: /root/ws_ros2/ZRobot_Next/install/zrobot_obstacle_avoidance/share/zrobot_obstacle_avoidance/local_setup.sh
[0.223s] -- Up-to-date: /root/ws_ros2/ZRobot_Next/install/zrobot_obstacle_avoidance/share/zrobot_obstacle_avoidance/local_setup.zsh
[0.223s] -- Up-to-date: /root/ws_ros2/ZRobot_Next/install/zrobot_obstacle_avoidance/share/zrobot_obstacle_avoidance/local_setup.dsv
[0.223s] -- Installing: /root/ws_ros2/ZRobot_Next/install/zrobot_obstacle_avoidance/share/zrobot_obstacle_avoidance/package.dsv
[0.223s] -- Up-to-date: /root/ws_ros2/ZRobot_Next/install/zrobot_obstacle_avoidance/share/ament_index/resource_index/packages/zrobot_obstacle_avoidance
[0.224s] -- Up-to-date: /root/ws_ros2/ZRobot_Next/install/zrobot_obstacle_avoidance/share/zrobot_obstacle_avoidance/cmake/zrobot_obstacle_avoidanceConfig.cmake
[0.224s] -- Up-to-date: /root/ws_ros2/ZRobot_Next/install/zrobot_obstacle_avoidance/share/zrobot_obstacle_avoidance/cmake/zrobot_obstacle_avoidanceConfig-version.cmake
[0.224s] -- Up-to-date: /root/ws_ros2/ZRobot_Next/install/zrobot_obstacle_avoidance/share/zrobot_obstacle_avoidance/package.xml
[0.242s] Invoked command in '/root/ws_ros2/ZRobot_Next/build/zrobot_obstacle_avoidance' returned '0': CMAKE_PREFIX_PATH=/opt/ros/jazzy /usr/bin/cmake --install /root/ws_ros2/ZRobot_Next/build/zrobot_obstacle_avoidance
