[0.159s] DEBUG:colcon:Command line arguments: ['/usr/bin/colcon', 'build']
[0.160s] DEBUG:colcon:Parsed command line arguments: Namespace(log_base=None, log_level=None, verb_name='build', build_base='build', install_base='install', merge_install=False, symlink_install=False, test_result_base=None, continue_on_error=False, executor='parallel', parallel_workers=8, event_handlers=None, ignore_user_meta=False, metas=['./colcon.meta'], base_paths=['.'], packages_ignore=None, packages_ignore_regex=None, paths=None, packages_up_to=None, packages_up_to_regex=None, packages_above=None, packages_above_and_dependencies=None, packages_above_depth=None, packages_select_by_dep=None, packages_skip_by_dep=None, packages_skip_up_to=None, packages_select_build_failed=False, packages_skip_build_finished=False, packages_select_test_failures=False, packages_skip_test_passed=False, packages_select=None, packages_skip=None, packages_select_regex=None, packages_skip_regex=None, packages_start=None, packages_end=None, cmake_args=None, cmake_target=None, cmake_target_skip_unavailable=False, cmake_clean_cache=False, cmake_clean_first=False, cmake_force_configure=False, ament_cmake_args=None, catkin_cmake_args=None, catkin_skip_building_tests=False, mixin_files=None, mixin=None, verb_parser=<colcon_mixin.mixin.mixin_argument.MixinArgumentDecorator object at 0xffffa1e274a0>, verb_extension=<colcon_core.verb.build.BuildVerb object at 0xffffa20033b0>, main=<bound method BuildVerb.main of <colcon_core.verb.build.BuildVerb object at 0xffffa20033b0>>, mixin_verb=('build',))
[0.220s] Level 1:colcon.colcon_core.package_discovery:discover_packages(colcon_meta) check parameters
[0.221s] INFO:colcon.colcon_metadata.package_discovery.colcon_meta:Using configuration from '/root/.colcon/metadata/default/Gazebo.meta'
[0.222s] INFO:colcon.colcon_metadata.package_discovery.colcon_meta:Using configuration from '/root/.colcon/metadata/default/fastdds.meta'
[0.222s] INFO:colcon.colcon_metadata.package_discovery.colcon_meta:Using configuration from '/root/.colcon/metadata/default/fastrtps.meta'
[0.222s] Level 1:colcon.colcon_core.package_discovery:discover_packages(recursive) check parameters
[0.223s] Level 1:colcon.colcon_core.package_discovery:discover_packages(ignore) check parameters
[0.223s] Level 1:colcon.colcon_core.package_discovery:discover_packages(path) check parameters
[0.223s] Level 1:colcon.colcon_core.package_discovery:discover_packages(colcon_meta) discover
[0.223s] Level 1:colcon.colcon_core.package_discovery:discover_packages(recursive) discover
[0.223s] INFO:colcon.colcon_core.package_discovery:Crawling recursively for packages in '/root/ws_ros2/ZRobot_Next'
[0.223s] Level 1:colcon.colcon_core.package_identification:_identify(.) by extensions ['ignore', 'ignore_ament_install']
[0.223s] Level 1:colcon.colcon_core.package_identification:_identify(.) by extension 'ignore'
[0.223s] Level 1:colcon.colcon_core.package_identification:_identify(.) by extension 'ignore_ament_install'
[0.223s] Level 1:colcon.colcon_core.package_identification:_identify(.) by extensions ['colcon_pkg']
[0.223s] Level 1:colcon.colcon_core.package_identification:_identify(.) by extension 'colcon_pkg'
[0.223s] Level 1:colcon.colcon_core.package_identification:_identify(.) by extensions ['colcon_meta']
[0.223s] Level 1:colcon.colcon_core.package_identification:_identify(.) by extension 'colcon_meta'
[0.223s] Level 1:colcon.colcon_core.package_identification:_identify(.) by extensions ['ros']
[0.223s] Level 1:colcon.colcon_core.package_identification:_identify(.) by extension 'ros'
[0.264s] Level 1:colcon.colcon_core.package_identification:_identify(.) by extensions ['cmake', 'python']
[0.264s] Level 1:colcon.colcon_core.package_identification:_identify(.) by extension 'cmake'
[0.265s] Level 1:colcon.colcon_core.package_identification:_identify(.) by extension 'python'
[0.265s] Level 1:colcon.colcon_core.package_identification:_identify(.) by extensions ['python_setup_py']
[0.265s] Level 1:colcon.colcon_core.package_identification:_identify(.) by extension 'python_setup_py'
[0.265s] Level 1:colcon.colcon_core.package_identification:_identify(build) by extensions ['ignore', 'ignore_ament_install']
[0.265s] Level 1:colcon.colcon_core.package_identification:_identify(build) by extension 'ignore'
[0.265s] Level 1:colcon.colcon_core.package_identification:_identify(build) ignored
[0.265s] Level 1:colcon.colcon_core.package_identification:_identify(convert) by extensions ['ignore', 'ignore_ament_install']
[0.265s] Level 1:colcon.colcon_core.package_identification:_identify(convert) by extension 'ignore'
[0.266s] Level 1:colcon.colcon_core.package_identification:_identify(convert) by extension 'ignore_ament_install'
[0.266s] Level 1:colcon.colcon_core.package_identification:_identify(convert) by extensions ['colcon_pkg']
[0.266s] Level 1:colcon.colcon_core.package_identification:_identify(convert) by extension 'colcon_pkg'
[0.266s] Level 1:colcon.colcon_core.package_identification:_identify(convert) by extensions ['colcon_meta']
[0.266s] Level 1:colcon.colcon_core.package_identification:_identify(convert) by extension 'colcon_meta'
[0.266s] Level 1:colcon.colcon_core.package_identification:_identify(convert) by extensions ['ros']
[0.266s] Level 1:colcon.colcon_core.package_identification:_identify(convert) by extension 'ros'
[0.266s] Level 1:colcon.colcon_core.package_identification:_identify(convert) by extensions ['cmake', 'python']
[0.266s] Level 1:colcon.colcon_core.package_identification:_identify(convert) by extension 'cmake'
[0.266s] Level 1:colcon.colcon_core.package_identification:_identify(convert) by extension 'python'
[0.266s] Level 1:colcon.colcon_core.package_identification:_identify(convert) by extensions ['python_setup_py']
[0.266s] Level 1:colcon.colcon_core.package_identification:_identify(convert) by extension 'python_setup_py'
[0.266s] Level 1:colcon.colcon_core.package_identification:_identify(install) by extensions ['ignore', 'ignore_ament_install']
[0.266s] Level 1:colcon.colcon_core.package_identification:_identify(install) by extension 'ignore'
[0.266s] Level 1:colcon.colcon_core.package_identification:_identify(install) ignored
[0.266s] Level 1:colcon.colcon_core.package_identification:_identify(ldlidar_stl_ros2) by extensions ['ignore', 'ignore_ament_install']
[0.267s] Level 1:colcon.colcon_core.package_identification:_identify(ldlidar_stl_ros2) by extension 'ignore'
[0.267s] Level 1:colcon.colcon_core.package_identification:_identify(ldlidar_stl_ros2) by extension 'ignore_ament_install'
[0.267s] Level 1:colcon.colcon_core.package_identification:_identify(ldlidar_stl_ros2) by extensions ['colcon_pkg']
[0.267s] Level 1:colcon.colcon_core.package_identification:_identify(ldlidar_stl_ros2) by extension 'colcon_pkg'
[0.267s] Level 1:colcon.colcon_core.package_identification:_identify(ldlidar_stl_ros2) by extensions ['colcon_meta']
[0.267s] Level 1:colcon.colcon_core.package_identification:_identify(ldlidar_stl_ros2) by extension 'colcon_meta'
[0.267s] Level 1:colcon.colcon_core.package_identification:_identify(ldlidar_stl_ros2) by extensions ['ros']
[0.267s] Level 1:colcon.colcon_core.package_identification:_identify(ldlidar_stl_ros2) by extension 'ros'
[0.271s] DEBUG:colcon.colcon_core.package_identification:Package 'ldlidar_stl_ros2' with type 'ros.ament_cmake' and name 'ldlidar_stl_ros2'
[0.271s] Level 1:colcon.colcon_core.package_identification:_identify(log) by extensions ['ignore', 'ignore_ament_install']
[0.271s] Level 1:colcon.colcon_core.package_identification:_identify(log) by extension 'ignore'
[0.271s] Level 1:colcon.colcon_core.package_identification:_identify(log) ignored
[0.271s] Level 1:colcon.colcon_core.package_identification:_identify(models) by extensions ['ignore', 'ignore_ament_install']
[0.271s] Level 1:colcon.colcon_core.package_identification:_identify(models) by extension 'ignore'
[0.271s] Level 1:colcon.colcon_core.package_identification:_identify(models) by extension 'ignore_ament_install'
[0.271s] Level 1:colcon.colcon_core.package_identification:_identify(models) by extensions ['colcon_pkg']
[0.271s] Level 1:colcon.colcon_core.package_identification:_identify(models) by extension 'colcon_pkg'
[0.271s] Level 1:colcon.colcon_core.package_identification:_identify(models) by extensions ['colcon_meta']
[0.271s] Level 1:colcon.colcon_core.package_identification:_identify(models) by extension 'colcon_meta'
[0.272s] Level 1:colcon.colcon_core.package_identification:_identify(models) by extensions ['ros']
[0.272s] Level 1:colcon.colcon_core.package_identification:_identify(models) by extension 'ros'
[0.272s] Level 1:colcon.colcon_core.package_identification:_identify(models) by extensions ['cmake', 'python']
[0.272s] Level 1:colcon.colcon_core.package_identification:_identify(models) by extension 'cmake'
[0.272s] Level 1:colcon.colcon_core.package_identification:_identify(models) by extension 'python'
[0.272s] Level 1:colcon.colcon_core.package_identification:_identify(models) by extensions ['python_setup_py']
[0.272s] Level 1:colcon.colcon_core.package_identification:_identify(models) by extension 'python_setup_py'
[0.272s] Level 1:colcon.colcon_core.package_identification:_identify(web_interface) by extensions ['ignore', 'ignore_ament_install']
[0.272s] Level 1:colcon.colcon_core.package_identification:_identify(web_interface) by extension 'ignore'
[0.272s] Level 1:colcon.colcon_core.package_identification:_identify(web_interface) by extension 'ignore_ament_install'
[0.272s] Level 1:colcon.colcon_core.package_identification:_identify(web_interface) by extensions ['colcon_pkg']
[0.272s] Level 1:colcon.colcon_core.package_identification:_identify(web_interface) by extension 'colcon_pkg'
[0.272s] Level 1:colcon.colcon_core.package_identification:_identify(web_interface) by extensions ['colcon_meta']
[0.272s] Level 1:colcon.colcon_core.package_identification:_identify(web_interface) by extension 'colcon_meta'
[0.272s] Level 1:colcon.colcon_core.package_identification:_identify(web_interface) by extensions ['ros']
[0.272s] Level 1:colcon.colcon_core.package_identification:_identify(web_interface) by extension 'ros'
[0.273s] DEBUG:colcon.colcon_core.package_identification:Package 'web_interface' with type 'ros.ament_cmake' and name 'web_interface'
[0.273s] Level 1:colcon.colcon_core.package_identification:_identify(zrobot_bringup) by extensions ['ignore', 'ignore_ament_install']
[0.274s] Level 1:colcon.colcon_core.package_identification:_identify(zrobot_bringup) by extension 'ignore'
[0.274s] Level 1:colcon.colcon_core.package_identification:_identify(zrobot_bringup) by extension 'ignore_ament_install'
[0.274s] Level 1:colcon.colcon_core.package_identification:_identify(zrobot_bringup) by extensions ['colcon_pkg']
[0.274s] Level 1:colcon.colcon_core.package_identification:_identify(zrobot_bringup) by extension 'colcon_pkg'
[0.274s] Level 1:colcon.colcon_core.package_identification:_identify(zrobot_bringup) by extensions ['colcon_meta']
[0.274s] Level 1:colcon.colcon_core.package_identification:_identify(zrobot_bringup) by extension 'colcon_meta'
[0.274s] Level 1:colcon.colcon_core.package_identification:_identify(zrobot_bringup) by extensions ['ros']
[0.274s] Level 1:colcon.colcon_core.package_identification:_identify(zrobot_bringup) by extension 'ros'
[0.275s] DEBUG:colcon.colcon_core.package_identification:Package 'zrobot_bringup' with type 'ros.ament_cmake' and name 'zrobot_bringup'
[0.275s] Level 1:colcon.colcon_core.package_identification:_identify(zrobot_control) by extensions ['ignore', 'ignore_ament_install']
[0.275s] Level 1:colcon.colcon_core.package_identification:_identify(zrobot_control) by extension 'ignore'
[0.275s] Level 1:colcon.colcon_core.package_identification:_identify(zrobot_control) by extension 'ignore_ament_install'
[0.275s] Level 1:colcon.colcon_core.package_identification:_identify(zrobot_control) by extensions ['colcon_pkg']
[0.275s] Level 1:colcon.colcon_core.package_identification:_identify(zrobot_control) by extension 'colcon_pkg'
[0.275s] Level 1:colcon.colcon_core.package_identification:_identify(zrobot_control) by extensions ['colcon_meta']
[0.275s] Level 1:colcon.colcon_core.package_identification:_identify(zrobot_control) by extension 'colcon_meta'
[0.275s] Level 1:colcon.colcon_core.package_identification:_identify(zrobot_control) by extensions ['ros']
[0.275s] Level 1:colcon.colcon_core.package_identification:_identify(zrobot_control) by extension 'ros'
[0.276s] DEBUG:colcon.colcon_core.package_identification:Package 'zrobot_control' with type 'ros.ament_cmake' and name 'zrobot_control'
[0.276s] Level 1:colcon.colcon_core.package_identification:_identify(zrobot_interfaces) by extensions ['ignore', 'ignore_ament_install']
[0.276s] Level 1:colcon.colcon_core.package_identification:_identify(zrobot_interfaces) by extension 'ignore'
[0.276s] Level 1:colcon.colcon_core.package_identification:_identify(zrobot_interfaces) by extension 'ignore_ament_install'
[0.276s] Level 1:colcon.colcon_core.package_identification:_identify(zrobot_interfaces) by extensions ['colcon_pkg']
[0.276s] Level 1:colcon.colcon_core.package_identification:_identify(zrobot_interfaces) by extension 'colcon_pkg'
[0.276s] Level 1:colcon.colcon_core.package_identification:_identify(zrobot_interfaces) by extensions ['colcon_meta']
[0.276s] Level 1:colcon.colcon_core.package_identification:_identify(zrobot_interfaces) by extension 'colcon_meta'
[0.276s] Level 1:colcon.colcon_core.package_identification:_identify(zrobot_interfaces) by extensions ['ros']
[0.276s] Level 1:colcon.colcon_core.package_identification:_identify(zrobot_interfaces) by extension 'ros'
[0.277s] DEBUG:colcon.colcon_core.package_identification:Package 'zrobot_interfaces' with type 'ros.ament_cmake' and name 'zrobot_interfaces'
[0.277s] Level 1:colcon.colcon_core.package_identification:_identify(zrobot_obstacle_avoidance) by extensions ['ignore', 'ignore_ament_install']
[0.277s] Level 1:colcon.colcon_core.package_identification:_identify(zrobot_obstacle_avoidance) by extension 'ignore'
[0.277s] Level 1:colcon.colcon_core.package_identification:_identify(zrobot_obstacle_avoidance) by extension 'ignore_ament_install'
[0.277s] Level 1:colcon.colcon_core.package_identification:_identify(zrobot_obstacle_avoidance) by extensions ['colcon_pkg']
[0.277s] Level 1:colcon.colcon_core.package_identification:_identify(zrobot_obstacle_avoidance) by extension 'colcon_pkg'
[0.277s] Level 1:colcon.colcon_core.package_identification:_identify(zrobot_obstacle_avoidance) by extensions ['colcon_meta']
[0.277s] Level 1:colcon.colcon_core.package_identification:_identify(zrobot_obstacle_avoidance) by extension 'colcon_meta'
[0.277s] Level 1:colcon.colcon_core.package_identification:_identify(zrobot_obstacle_avoidance) by extensions ['ros']
[0.277s] Level 1:colcon.colcon_core.package_identification:_identify(zrobot_obstacle_avoidance) by extension 'ros'
[0.278s] DEBUG:colcon.colcon_core.package_identification:Package 'zrobot_obstacle_avoidance' with type 'ros.ament_cmake' and name 'zrobot_obstacle_avoidance'
[0.278s] Level 1:colcon.colcon_core.package_identification:_identify(zrobot_perception) by extensions ['ignore', 'ignore_ament_install']
[0.278s] Level 1:colcon.colcon_core.package_identification:_identify(zrobot_perception) by extension 'ignore'
[0.278s] Level 1:colcon.colcon_core.package_identification:_identify(zrobot_perception) by extension 'ignore_ament_install'
[0.278s] Level 1:colcon.colcon_core.package_identification:_identify(zrobot_perception) by extensions ['colcon_pkg']
[0.278s] Level 1:colcon.colcon_core.package_identification:_identify(zrobot_perception) by extension 'colcon_pkg'
[0.279s] Level 1:colcon.colcon_core.package_identification:_identify(zrobot_perception) by extensions ['colcon_meta']
[0.279s] Level 1:colcon.colcon_core.package_identification:_identify(zrobot_perception) by extension 'colcon_meta'
[0.279s] Level 1:colcon.colcon_core.package_identification:_identify(zrobot_perception) by extensions ['ros']
[0.279s] Level 1:colcon.colcon_core.package_identification:_identify(zrobot_perception) by extension 'ros'
[0.279s] DEBUG:colcon.colcon_core.package_identification:Package 'zrobot_perception' with type 'ros.ament_cmake' and name 'zrobot_perception'
[0.280s] Level 1:colcon.colcon_core.package_discovery:discover_packages(recursive) using defaults
[0.280s] Level 1:colcon.colcon_core.package_discovery:discover_packages(ignore) discover
[0.280s] Level 1:colcon.colcon_core.package_discovery:discover_packages(ignore) using defaults
[0.280s] Level 1:colcon.colcon_core.package_discovery:discover_packages(path) discover
[0.280s] Level 1:colcon.colcon_core.package_discovery:discover_packages(path) using defaults
[0.306s] Level 5:colcon.colcon_core.verb:set package 'ldlidar_stl_ros2' build argument 'cmake_args' from command line to 'None'
[0.306s] Level 5:colcon.colcon_core.verb:set package 'ldlidar_stl_ros2' build argument 'cmake_target' from command line to 'None'
[0.307s] Level 5:colcon.colcon_core.verb:set package 'ldlidar_stl_ros2' build argument 'cmake_target_skip_unavailable' from command line to 'False'
[0.307s] Level 5:colcon.colcon_core.verb:set package 'ldlidar_stl_ros2' build argument 'cmake_clean_cache' from command line to 'False'
[0.307s] Level 5:colcon.colcon_core.verb:set package 'ldlidar_stl_ros2' build argument 'cmake_clean_first' from command line to 'False'
[0.307s] Level 5:colcon.colcon_core.verb:set package 'ldlidar_stl_ros2' build argument 'cmake_force_configure' from command line to 'False'
[0.307s] Level 5:colcon.colcon_core.verb:set package 'ldlidar_stl_ros2' build argument 'ament_cmake_args' from command line to 'None'
[0.307s] Level 5:colcon.colcon_core.verb:set package 'ldlidar_stl_ros2' build argument 'catkin_cmake_args' from command line to 'None'
[0.307s] Level 5:colcon.colcon_core.verb:set package 'ldlidar_stl_ros2' build argument 'catkin_skip_building_tests' from command line to 'False'
[0.307s] DEBUG:colcon.colcon_core.verb:Building package 'ldlidar_stl_ros2' with the following arguments: {'ament_cmake_args': None, 'build_base': '/root/ws_ros2/ZRobot_Next/build/ldlidar_stl_ros2', 'catkin_cmake_args': None, 'catkin_skip_building_tests': False, 'cmake_args': None, 'cmake_clean_cache': False, 'cmake_clean_first': False, 'cmake_force_configure': False, 'cmake_target': None, 'cmake_target_skip_unavailable': False, 'install_base': '/root/ws_ros2/ZRobot_Next/install/ldlidar_stl_ros2', 'merge_install': False, 'path': '/root/ws_ros2/ZRobot_Next/ldlidar_stl_ros2', 'symlink_install': False, 'test_result_base': None}
[0.307s] Level 5:colcon.colcon_core.verb:set package 'web_interface' build argument 'cmake_args' from command line to 'None'
[0.307s] Level 5:colcon.colcon_core.verb:set package 'web_interface' build argument 'cmake_target' from command line to 'None'
[0.307s] Level 5:colcon.colcon_core.verb:set package 'web_interface' build argument 'cmake_target_skip_unavailable' from command line to 'False'
[0.307s] Level 5:colcon.colcon_core.verb:set package 'web_interface' build argument 'cmake_clean_cache' from command line to 'False'
[0.307s] Level 5:colcon.colcon_core.verb:set package 'web_interface' build argument 'cmake_clean_first' from command line to 'False'
[0.307s] Level 5:colcon.colcon_core.verb:set package 'web_interface' build argument 'cmake_force_configure' from command line to 'False'
[0.307s] Level 5:colcon.colcon_core.verb:set package 'web_interface' build argument 'ament_cmake_args' from command line to 'None'
[0.307s] Level 5:colcon.colcon_core.verb:set package 'web_interface' build argument 'catkin_cmake_args' from command line to 'None'
[0.307s] Level 5:colcon.colcon_core.verb:set package 'web_interface' build argument 'catkin_skip_building_tests' from command line to 'False'
[0.307s] DEBUG:colcon.colcon_core.verb:Building package 'web_interface' with the following arguments: {'ament_cmake_args': None, 'build_base': '/root/ws_ros2/ZRobot_Next/build/web_interface', 'catkin_cmake_args': None, 'catkin_skip_building_tests': False, 'cmake_args': None, 'cmake_clean_cache': False, 'cmake_clean_first': False, 'cmake_force_configure': False, 'cmake_target': None, 'cmake_target_skip_unavailable': False, 'install_base': '/root/ws_ros2/ZRobot_Next/install/web_interface', 'merge_install': False, 'path': '/root/ws_ros2/ZRobot_Next/web_interface', 'symlink_install': False, 'test_result_base': None}
[0.308s] Level 5:colcon.colcon_core.verb:set package 'zrobot_control' build argument 'cmake_args' from command line to 'None'
[0.308s] Level 5:colcon.colcon_core.verb:set package 'zrobot_control' build argument 'cmake_target' from command line to 'None'
[0.308s] Level 5:colcon.colcon_core.verb:set package 'zrobot_control' build argument 'cmake_target_skip_unavailable' from command line to 'False'
[0.308s] Level 5:colcon.colcon_core.verb:set package 'zrobot_control' build argument 'cmake_clean_cache' from command line to 'False'
[0.308s] Level 5:colcon.colcon_core.verb:set package 'zrobot_control' build argument 'cmake_clean_first' from command line to 'False'
[0.308s] Level 5:colcon.colcon_core.verb:set package 'zrobot_control' build argument 'cmake_force_configure' from command line to 'False'
[0.308s] Level 5:colcon.colcon_core.verb:set package 'zrobot_control' build argument 'ament_cmake_args' from command line to 'None'
[0.308s] Level 5:colcon.colcon_core.verb:set package 'zrobot_control' build argument 'catkin_cmake_args' from command line to 'None'
[0.308s] Level 5:colcon.colcon_core.verb:set package 'zrobot_control' build argument 'catkin_skip_building_tests' from command line to 'False'
[0.308s] DEBUG:colcon.colcon_core.verb:Building package 'zrobot_control' with the following arguments: {'ament_cmake_args': None, 'build_base': '/root/ws_ros2/ZRobot_Next/build/zrobot_control', 'catkin_cmake_args': None, 'catkin_skip_building_tests': False, 'cmake_args': None, 'cmake_clean_cache': False, 'cmake_clean_first': False, 'cmake_force_configure': False, 'cmake_target': None, 'cmake_target_skip_unavailable': False, 'install_base': '/root/ws_ros2/ZRobot_Next/install/zrobot_control', 'merge_install': False, 'path': '/root/ws_ros2/ZRobot_Next/zrobot_control', 'symlink_install': False, 'test_result_base': None}
[0.308s] Level 5:colcon.colcon_core.verb:set package 'zrobot_interfaces' build argument 'cmake_args' from command line to 'None'
[0.308s] Level 5:colcon.colcon_core.verb:set package 'zrobot_interfaces' build argument 'cmake_target' from command line to 'None'
[0.308s] Level 5:colcon.colcon_core.verb:set package 'zrobot_interfaces' build argument 'cmake_target_skip_unavailable' from command line to 'False'
[0.308s] Level 5:colcon.colcon_core.verb:set package 'zrobot_interfaces' build argument 'cmake_clean_cache' from command line to 'False'
[0.308s] Level 5:colcon.colcon_core.verb:set package 'zrobot_interfaces' build argument 'cmake_clean_first' from command line to 'False'
[0.308s] Level 5:colcon.colcon_core.verb:set package 'zrobot_interfaces' build argument 'cmake_force_configure' from command line to 'False'
[0.308s] Level 5:colcon.colcon_core.verb:set package 'zrobot_interfaces' build argument 'ament_cmake_args' from command line to 'None'
[0.308s] Level 5:colcon.colcon_core.verb:set package 'zrobot_interfaces' build argument 'catkin_cmake_args' from command line to 'None'
[0.308s] Level 5:colcon.colcon_core.verb:set package 'zrobot_interfaces' build argument 'catkin_skip_building_tests' from command line to 'False'
[0.309s] DEBUG:colcon.colcon_core.verb:Building package 'zrobot_interfaces' with the following arguments: {'ament_cmake_args': None, 'build_base': '/root/ws_ros2/ZRobot_Next/build/zrobot_interfaces', 'catkin_cmake_args': None, 'catkin_skip_building_tests': False, 'cmake_args': None, 'cmake_clean_cache': False, 'cmake_clean_first': False, 'cmake_force_configure': False, 'cmake_target': None, 'cmake_target_skip_unavailable': False, 'install_base': '/root/ws_ros2/ZRobot_Next/install/zrobot_interfaces', 'merge_install': False, 'path': '/root/ws_ros2/ZRobot_Next/zrobot_interfaces', 'symlink_install': False, 'test_result_base': None}
[0.309s] Level 5:colcon.colcon_core.verb:set package 'zrobot_obstacle_avoidance' build argument 'cmake_args' from command line to 'None'
[0.309s] Level 5:colcon.colcon_core.verb:set package 'zrobot_obstacle_avoidance' build argument 'cmake_target' from command line to 'None'
[0.309s] Level 5:colcon.colcon_core.verb:set package 'zrobot_obstacle_avoidance' build argument 'cmake_target_skip_unavailable' from command line to 'False'
[0.309s] Level 5:colcon.colcon_core.verb:set package 'zrobot_obstacle_avoidance' build argument 'cmake_clean_cache' from command line to 'False'
[0.309s] Level 5:colcon.colcon_core.verb:set package 'zrobot_obstacle_avoidance' build argument 'cmake_clean_first' from command line to 'False'
[0.309s] Level 5:colcon.colcon_core.verb:set package 'zrobot_obstacle_avoidance' build argument 'cmake_force_configure' from command line to 'False'
[0.309s] Level 5:colcon.colcon_core.verb:set package 'zrobot_obstacle_avoidance' build argument 'ament_cmake_args' from command line to 'None'
[0.309s] Level 5:colcon.colcon_core.verb:set package 'zrobot_obstacle_avoidance' build argument 'catkin_cmake_args' from command line to 'None'
[0.309s] Level 5:colcon.colcon_core.verb:set package 'zrobot_obstacle_avoidance' build argument 'catkin_skip_building_tests' from command line to 'False'
[0.309s] DEBUG:colcon.colcon_core.verb:Building package 'zrobot_obstacle_avoidance' with the following arguments: {'ament_cmake_args': None, 'build_base': '/root/ws_ros2/ZRobot_Next/build/zrobot_obstacle_avoidance', 'catkin_cmake_args': None, 'catkin_skip_building_tests': False, 'cmake_args': None, 'cmake_clean_cache': False, 'cmake_clean_first': False, 'cmake_force_configure': False, 'cmake_target': None, 'cmake_target_skip_unavailable': False, 'install_base': '/root/ws_ros2/ZRobot_Next/install/zrobot_obstacle_avoidance', 'merge_install': False, 'path': '/root/ws_ros2/ZRobot_Next/zrobot_obstacle_avoidance', 'symlink_install': False, 'test_result_base': None}
[0.309s] Level 5:colcon.colcon_core.verb:set package 'zrobot_perception' build argument 'cmake_args' from command line to 'None'
[0.309s] Level 5:colcon.colcon_core.verb:set package 'zrobot_perception' build argument 'cmake_target' from command line to 'None'
[0.309s] Level 5:colcon.colcon_core.verb:set package 'zrobot_perception' build argument 'cmake_target_skip_unavailable' from command line to 'False'
[0.309s] Level 5:colcon.colcon_core.verb:set package 'zrobot_perception' build argument 'cmake_clean_cache' from command line to 'False'
[0.309s] Level 5:colcon.colcon_core.verb:set package 'zrobot_perception' build argument 'cmake_clean_first' from command line to 'False'
[0.309s] Level 5:colcon.colcon_core.verb:set package 'zrobot_perception' build argument 'cmake_force_configure' from command line to 'False'
[0.310s] Level 5:colcon.colcon_core.verb:set package 'zrobot_perception' build argument 'ament_cmake_args' from command line to 'None'
[0.310s] Level 5:colcon.colcon_core.verb:set package 'zrobot_perception' build argument 'catkin_cmake_args' from command line to 'None'
[0.310s] Level 5:colcon.colcon_core.verb:set package 'zrobot_perception' build argument 'catkin_skip_building_tests' from command line to 'False'
[0.310s] DEBUG:colcon.colcon_core.verb:Building package 'zrobot_perception' with the following arguments: {'ament_cmake_args': None, 'build_base': '/root/ws_ros2/ZRobot_Next/build/zrobot_perception', 'catkin_cmake_args': None, 'catkin_skip_building_tests': False, 'cmake_args': None, 'cmake_clean_cache': False, 'cmake_clean_first': False, 'cmake_force_configure': False, 'cmake_target': None, 'cmake_target_skip_unavailable': False, 'install_base': '/root/ws_ros2/ZRobot_Next/install/zrobot_perception', 'merge_install': False, 'path': '/root/ws_ros2/ZRobot_Next/zrobot_perception', 'symlink_install': False, 'test_result_base': None}
[0.310s] Level 5:colcon.colcon_core.verb:set package 'zrobot_bringup' build argument 'cmake_args' from command line to 'None'
[0.310s] Level 5:colcon.colcon_core.verb:set package 'zrobot_bringup' build argument 'cmake_target' from command line to 'None'
[0.310s] Level 5:colcon.colcon_core.verb:set package 'zrobot_bringup' build argument 'cmake_target_skip_unavailable' from command line to 'False'
[0.310s] Level 5:colcon.colcon_core.verb:set package 'zrobot_bringup' build argument 'cmake_clean_cache' from command line to 'False'
[0.310s] Level 5:colcon.colcon_core.verb:set package 'zrobot_bringup' build argument 'cmake_clean_first' from command line to 'False'
[0.310s] Level 5:colcon.colcon_core.verb:set package 'zrobot_bringup' build argument 'cmake_force_configure' from command line to 'False'
[0.310s] Level 5:colcon.colcon_core.verb:set package 'zrobot_bringup' build argument 'ament_cmake_args' from command line to 'None'
[0.310s] Level 5:colcon.colcon_core.verb:set package 'zrobot_bringup' build argument 'catkin_cmake_args' from command line to 'None'
[0.310s] Level 5:colcon.colcon_core.verb:set package 'zrobot_bringup' build argument 'catkin_skip_building_tests' from command line to 'False'
[0.310s] DEBUG:colcon.colcon_core.verb:Building package 'zrobot_bringup' with the following arguments: {'ament_cmake_args': None, 'build_base': '/root/ws_ros2/ZRobot_Next/build/zrobot_bringup', 'catkin_cmake_args': None, 'catkin_skip_building_tests': False, 'cmake_args': None, 'cmake_clean_cache': False, 'cmake_clean_first': False, 'cmake_force_configure': False, 'cmake_target': None, 'cmake_target_skip_unavailable': False, 'install_base': '/root/ws_ros2/ZRobot_Next/install/zrobot_bringup', 'merge_install': False, 'path': '/root/ws_ros2/ZRobot_Next/zrobot_bringup', 'symlink_install': False, 'test_result_base': None}
[0.310s] INFO:colcon.colcon_core.executor:Executing jobs using 'parallel' executor
[0.312s] DEBUG:colcon.colcon_parallel_executor.executor.parallel:run_until_complete
[0.313s] INFO:colcon.colcon_ros.task.ament_cmake.build:Building ROS package in '/root/ws_ros2/ZRobot_Next/zrobot_control' with build type 'ament_cmake'
[0.313s] INFO:colcon.colcon_cmake.task.cmake.build:Building CMake package in '/root/ws_ros2/ZRobot_Next/zrobot_control'
[0.317s] INFO:colcon.colcon_core.plugin_system:Skipping extension 'colcon_core.shell.bat': Not used on non-Windows systems
[0.317s] INFO:colcon.colcon_core.shell:Skip shell extension 'powershell' for command environment: Not usable outside of PowerShell
[0.317s] DEBUG:colcon.colcon_core.shell:Skip shell extension 'dsv' for command environment
[0.323s] INFO:colcon.colcon_ros.task.ament_cmake.build:Building ROS package in '/root/ws_ros2/ZRobot_Next/zrobot_perception' with build type 'ament_cmake'
[0.323s] INFO:colcon.colcon_cmake.task.cmake.build:Building CMake package in '/root/ws_ros2/ZRobot_Next/zrobot_perception'
[0.323s] INFO:colcon.colcon_core.shell:Skip shell extension 'powershell' for command environment: Not usable outside of PowerShell
[0.323s] DEBUG:colcon.colcon_core.shell:Skip shell extension 'dsv' for command environment
[0.328s] INFO:colcon.colcon_ros.task.ament_cmake.build:Building ROS package in '/root/ws_ros2/ZRobot_Next/ldlidar_stl_ros2' with build type 'ament_cmake'
[0.328s] INFO:colcon.colcon_cmake.task.cmake.build:Building CMake package in '/root/ws_ros2/ZRobot_Next/ldlidar_stl_ros2'
[0.328s] INFO:colcon.colcon_core.shell:Skip shell extension 'powershell' for command environment: Not usable outside of PowerShell
[0.328s] DEBUG:colcon.colcon_core.shell:Skip shell extension 'dsv' for command environment
[0.333s] INFO:colcon.colcon_ros.task.ament_cmake.build:Building ROS package in '/root/ws_ros2/ZRobot_Next/web_interface' with build type 'ament_cmake'
[0.333s] INFO:colcon.colcon_cmake.task.cmake.build:Building CMake package in '/root/ws_ros2/ZRobot_Next/web_interface'
[0.333s] INFO:colcon.colcon_core.shell:Skip shell extension 'powershell' for command environment: Not usable outside of PowerShell
[0.333s] DEBUG:colcon.colcon_core.shell:Skip shell extension 'dsv' for command environment
[0.338s] INFO:colcon.colcon_ros.task.ament_cmake.build:Building ROS package in '/root/ws_ros2/ZRobot_Next/zrobot_interfaces' with build type 'ament_cmake'
[0.338s] INFO:colcon.colcon_cmake.task.cmake.build:Building CMake package in '/root/ws_ros2/ZRobot_Next/zrobot_interfaces'
[0.338s] INFO:colcon.colcon_core.shell:Skip shell extension 'powershell' for command environment: Not usable outside of PowerShell
[0.338s] DEBUG:colcon.colcon_core.shell:Skip shell extension 'dsv' for command environment
[0.356s] INFO:colcon.colcon_ros.task.ament_cmake.build:Building ROS package in '/root/ws_ros2/ZRobot_Next/zrobot_obstacle_avoidance' with build type 'ament_cmake'
[0.357s] INFO:colcon.colcon_cmake.task.cmake.build:Building CMake package in '/root/ws_ros2/ZRobot_Next/zrobot_obstacle_avoidance'
[0.357s] INFO:colcon.colcon_core.shell:Skip shell extension 'powershell' for command environment: Not usable outside of PowerShell
[0.357s] DEBUG:colcon.colcon_core.shell:Skip shell extension 'dsv' for command environment
[0.371s] DEBUG:colcon.colcon_core.event_handler.log_command:Invoking command in '/root/ws_ros2/ZRobot_Next/build/zrobot_control': CMAKE_PREFIX_PATH=${CMAKE_PREFIX_PATH}:/opt/ros/jazzy /usr/bin/cmake --build /root/ws_ros2/ZRobot_Next/build/zrobot_control -- -j8 -l8
[0.375s] DEBUG:colcon.colcon_core.event_handler.log_command:Invoking command in '/root/ws_ros2/ZRobot_Next/build/zrobot_perception': CMAKE_PREFIX_PATH=${CMAKE_PREFIX_PATH}:/opt/ros/jazzy /usr/bin/cmake --build /root/ws_ros2/ZRobot_Next/build/zrobot_perception -- -j8 -l8
[0.379s] DEBUG:colcon.colcon_core.event_handler.log_command:Invoking command in '/root/ws_ros2/ZRobot_Next/build/ldlidar_stl_ros2': CMAKE_PREFIX_PATH=${CMAKE_PREFIX_PATH}:/opt/ros/jazzy /usr/bin/cmake --build /root/ws_ros2/ZRobot_Next/build/ldlidar_stl_ros2 -- -j8 -l8
[0.384s] DEBUG:colcon.colcon_core.event_handler.log_command:Invoking command in '/root/ws_ros2/ZRobot_Next/build/web_interface': CMAKE_PREFIX_PATH=${CMAKE_PREFIX_PATH}:/opt/ros/jazzy /usr/bin/cmake --build /root/ws_ros2/ZRobot_Next/build/web_interface -- -j8 -l8
[0.398s] DEBUG:colcon.colcon_core.event_handler.log_command:Invoking command in '/root/ws_ros2/ZRobot_Next/build/zrobot_interfaces': CMAKE_PREFIX_PATH=${CMAKE_PREFIX_PATH}:/opt/ros/jazzy /usr/bin/cmake --build /root/ws_ros2/ZRobot_Next/build/zrobot_interfaces -- -j8 -l8
[0.405s] DEBUG:colcon.colcon_core.event_handler.log_command:Invoking command in '/root/ws_ros2/ZRobot_Next/build/zrobot_obstacle_avoidance': CMAKE_PREFIX_PATH=${CMAKE_PREFIX_PATH}:/opt/ros/jazzy /usr/bin/cmake --build /root/ws_ros2/ZRobot_Next/build/zrobot_obstacle_avoidance -- -j8 -l8
[0.519s] DEBUG:colcon.colcon_core.event_handler.log_command:Invoked command in '/root/ws_ros2/ZRobot_Next/build/web_interface' returned '0': CMAKE_PREFIX_PATH=${CMAKE_PREFIX_PATH}:/opt/ros/jazzy /usr/bin/cmake --build /root/ws_ros2/ZRobot_Next/build/web_interface -- -j8 -l8
[0.563s] DEBUG:colcon.colcon_core.event_handler.log_command:Invoking command in '/root/ws_ros2/ZRobot_Next/build/web_interface': CMAKE_PREFIX_PATH=${CMAKE_PREFIX_PATH}:/opt/ros/jazzy /usr/bin/cmake --install /root/ws_ros2/ZRobot_Next/build/web_interface
[0.582s] DEBUG:colcon.colcon_core.event_handler.log_command:Invoked command in '/root/ws_ros2/ZRobot_Next/build/zrobot_obstacle_avoidance' returned '0': CMAKE_PREFIX_PATH=${CMAKE_PREFIX_PATH}:/opt/ros/jazzy /usr/bin/cmake --build /root/ws_ros2/ZRobot_Next/build/zrobot_obstacle_avoidance -- -j8 -l8
[0.583s] DEBUG:colcon.colcon_core.event_handler.log_command:Invoking command in '/root/ws_ros2/ZRobot_Next/build/zrobot_obstacle_avoidance': CMAKE_PREFIX_PATH=${CMAKE_PREFIX_PATH}:/opt/ros/jazzy /usr/bin/cmake --install /root/ws_ros2/ZRobot_Next/build/zrobot_obstacle_avoidance
[0.590s] DEBUG:colcon.colcon_core.event_handler.log_command:Invoked command in '/root/ws_ros2/ZRobot_Next/build/zrobot_control' returned '0': CMAKE_PREFIX_PATH=${CMAKE_PREFIX_PATH}:/opt/ros/jazzy /usr/bin/cmake --build /root/ws_ros2/ZRobot_Next/build/zrobot_control -- -j8 -l8
[0.590s] DEBUG:colcon.colcon_core.event_handler.log_command:Invoking command in '/root/ws_ros2/ZRobot_Next/build/zrobot_control': CMAKE_PREFIX_PATH=${CMAKE_PREFIX_PATH}:/opt/ros/jazzy /usr/bin/cmake --install /root/ws_ros2/ZRobot_Next/build/zrobot_control
[0.600s] Level 1:colcon.colcon_core.environment:create_environment_scripts_only(zrobot_obstacle_avoidance)
[0.603s] Level 1:colcon.colcon_core.environment:checking '/root/ws_ros2/ZRobot_Next/install/zrobot_obstacle_avoidance' for CMake module files
[0.605s] DEBUG:colcon.colcon_core.event_handler.log_command:Invoked command in '/root/ws_ros2/ZRobot_Next/build/zrobot_obstacle_avoidance' returned '0': CMAKE_PREFIX_PATH=${CMAKE_PREFIX_PATH}:/opt/ros/jazzy /usr/bin/cmake --install /root/ws_ros2/ZRobot_Next/build/zrobot_obstacle_avoidance
[0.605s] Level 1:colcon.colcon_core.environment:checking '/root/ws_ros2/ZRobot_Next/install/zrobot_obstacle_avoidance' for CMake config files
[0.607s] Level 1:colcon.colcon_core.shell:create_environment_hook('zrobot_obstacle_avoidance', 'cmake_prefix_path')
[0.607s] INFO:colcon.colcon_core.shell:Creating environment hook '/root/ws_ros2/ZRobot_Next/install/zrobot_obstacle_avoidance/share/zrobot_obstacle_avoidance/hook/cmake_prefix_path.ps1'
[0.609s] INFO:colcon.colcon_core.shell:Creating environment descriptor '/root/ws_ros2/ZRobot_Next/install/zrobot_obstacle_avoidance/share/zrobot_obstacle_avoidance/hook/cmake_prefix_path.dsv'
[0.610s] INFO:colcon.colcon_core.shell:Creating environment hook '/root/ws_ros2/ZRobot_Next/install/zrobot_obstacle_avoidance/share/zrobot_obstacle_avoidance/hook/cmake_prefix_path.sh'
[0.611s] Level 1:colcon.colcon_core.environment:checking '/root/ws_ros2/ZRobot_Next/install/zrobot_obstacle_avoidance/lib'
[0.611s] Level 1:colcon.colcon_core.environment:checking '/root/ws_ros2/ZRobot_Next/install/zrobot_obstacle_avoidance/bin'
[0.612s] Level 1:colcon.colcon_core.environment:checking '/root/ws_ros2/ZRobot_Next/install/zrobot_obstacle_avoidance/lib/pkgconfig/zrobot_obstacle_avoidance.pc'
[0.615s] Level 1:colcon.colcon_core.environment:checking '/root/ws_ros2/ZRobot_Next/install/zrobot_obstacle_avoidance/lib/python3.12/site-packages'
[0.615s] Level 1:colcon.colcon_core.environment:checking '/root/ws_ros2/ZRobot_Next/install/zrobot_obstacle_avoidance/bin'
[0.616s] INFO:colcon.colcon_core.shell:Creating package script '/root/ws_ros2/ZRobot_Next/install/zrobot_obstacle_avoidance/share/zrobot_obstacle_avoidance/package.ps1'
[0.617s] INFO:colcon.colcon_core.shell:Creating package descriptor '/root/ws_ros2/ZRobot_Next/install/zrobot_obstacle_avoidance/share/zrobot_obstacle_avoidance/package.dsv'
[0.618s] INFO:colcon.colcon_core.shell:Creating package script '/root/ws_ros2/ZRobot_Next/install/zrobot_obstacle_avoidance/share/zrobot_obstacle_avoidance/package.sh'
[0.619s] INFO:colcon.colcon_core.shell:Creating package script '/root/ws_ros2/ZRobot_Next/install/zrobot_obstacle_avoidance/share/zrobot_obstacle_avoidance/package.bash'
[0.620s] INFO:colcon.colcon_core.shell:Creating package script '/root/ws_ros2/ZRobot_Next/install/zrobot_obstacle_avoidance/share/zrobot_obstacle_avoidance/package.zsh'
[0.621s] Level 1:colcon.colcon_core.environment:create_file_with_runtime_dependencies(/root/ws_ros2/ZRobot_Next/install/zrobot_obstacle_avoidance/share/colcon-core/packages/zrobot_obstacle_avoidance)
[0.622s] Level 1:colcon.colcon_core.environment:create_environment_scripts_only(zrobot_obstacle_avoidance)
[0.622s] Level 1:colcon.colcon_core.environment:checking '/root/ws_ros2/ZRobot_Next/install/zrobot_obstacle_avoidance' for CMake module files
[0.623s] Level 1:colcon.colcon_core.environment:checking '/root/ws_ros2/ZRobot_Next/install/zrobot_obstacle_avoidance' for CMake config files
[0.623s] Level 1:colcon.colcon_core.shell:create_environment_hook('zrobot_obstacle_avoidance', 'cmake_prefix_path')
[0.623s] INFO:colcon.colcon_core.shell:Creating environment hook '/root/ws_ros2/ZRobot_Next/install/zrobot_obstacle_avoidance/share/zrobot_obstacle_avoidance/hook/cmake_prefix_path.ps1'
[0.624s] INFO:colcon.colcon_core.shell:Creating environment descriptor '/root/ws_ros2/ZRobot_Next/install/zrobot_obstacle_avoidance/share/zrobot_obstacle_avoidance/hook/cmake_prefix_path.dsv'
[0.624s] INFO:colcon.colcon_core.shell:Creating environment hook '/root/ws_ros2/ZRobot_Next/install/zrobot_obstacle_avoidance/share/zrobot_obstacle_avoidance/hook/cmake_prefix_path.sh'
[0.625s] Level 1:colcon.colcon_core.environment:checking '/root/ws_ros2/ZRobot_Next/install/zrobot_obstacle_avoidance/lib'
[0.625s] Level 1:colcon.colcon_core.environment:checking '/root/ws_ros2/ZRobot_Next/install/zrobot_obstacle_avoidance/bin'
[0.625s] Level 1:colcon.colcon_core.environment:checking '/root/ws_ros2/ZRobot_Next/install/zrobot_obstacle_avoidance/lib/pkgconfig/zrobot_obstacle_avoidance.pc'
[0.626s] Level 1:colcon.colcon_core.environment:checking '/root/ws_ros2/ZRobot_Next/install/zrobot_obstacle_avoidance/lib/python3.12/site-packages'
[0.626s] Level 1:colcon.colcon_core.environment:checking '/root/ws_ros2/ZRobot_Next/install/zrobot_obstacle_avoidance/bin'
[0.627s] INFO:colcon.colcon_core.shell:Creating package script '/root/ws_ros2/ZRobot_Next/install/zrobot_obstacle_avoidance/share/zrobot_obstacle_avoidance/package.ps1'
[0.627s] INFO:colcon.colcon_core.shell:Creating package descriptor '/root/ws_ros2/ZRobot_Next/install/zrobot_obstacle_avoidance/share/zrobot_obstacle_avoidance/package.dsv'
[0.628s] INFO:colcon.colcon_core.shell:Creating package script '/root/ws_ros2/ZRobot_Next/install/zrobot_obstacle_avoidance/share/zrobot_obstacle_avoidance/package.sh'
[0.629s] INFO:colcon.colcon_core.shell:Creating package script '/root/ws_ros2/ZRobot_Next/install/zrobot_obstacle_avoidance/share/zrobot_obstacle_avoidance/package.bash'
[0.630s] INFO:colcon.colcon_core.shell:Creating package script '/root/ws_ros2/ZRobot_Next/install/zrobot_obstacle_avoidance/share/zrobot_obstacle_avoidance/package.zsh'
[0.630s] Level 1:colcon.colcon_core.environment:create_file_with_runtime_dependencies(/root/ws_ros2/ZRobot_Next/install/zrobot_obstacle_avoidance/share/colcon-core/packages/zrobot_obstacle_avoidance)
[0.633s] Level 1:colcon.colcon_core.environment:create_environment_scripts_only(web_interface)
[0.633s] DEBUG:colcon.colcon_core.event_handler.log_command:Invoked command in '/root/ws_ros2/ZRobot_Next/build/web_interface' returned '0': CMAKE_PREFIX_PATH=${CMAKE_PREFIX_PATH}:/opt/ros/jazzy /usr/bin/cmake --install /root/ws_ros2/ZRobot_Next/build/web_interface
[0.633s] Level 1:colcon.colcon_core.environment:checking '/root/ws_ros2/ZRobot_Next/install/web_interface' for CMake module files
[0.634s] Level 1:colcon.colcon_core.environment:checking '/root/ws_ros2/ZRobot_Next/install/web_interface' for CMake config files
[0.635s] Level 1:colcon.colcon_core.shell:create_environment_hook('web_interface', 'cmake_prefix_path')
[0.635s] INFO:colcon.colcon_core.shell:Creating environment hook '/root/ws_ros2/ZRobot_Next/install/web_interface/share/web_interface/hook/cmake_prefix_path.ps1'
[0.636s] INFO:colcon.colcon_core.shell:Creating environment descriptor '/root/ws_ros2/ZRobot_Next/install/web_interface/share/web_interface/hook/cmake_prefix_path.dsv'
[0.636s] INFO:colcon.colcon_core.shell:Creating environment hook '/root/ws_ros2/ZRobot_Next/install/web_interface/share/web_interface/hook/cmake_prefix_path.sh'
[0.637s] Level 1:colcon.colcon_core.environment:checking '/root/ws_ros2/ZRobot_Next/install/web_interface/lib'
[0.637s] Level 1:colcon.colcon_core.environment:checking '/root/ws_ros2/ZRobot_Next/install/web_interface/bin'
[0.637s] Level 1:colcon.colcon_core.environment:checking '/root/ws_ros2/ZRobot_Next/install/web_interface/lib/pkgconfig/web_interface.pc'
[0.638s] Level 1:colcon.colcon_core.environment:checking '/root/ws_ros2/ZRobot_Next/install/web_interface/lib/python3.12/site-packages'
[0.638s] Level 1:colcon.colcon_core.environment:checking '/root/ws_ros2/ZRobot_Next/install/web_interface/bin'
[0.639s] INFO:colcon.colcon_core.shell:Creating package script '/root/ws_ros2/ZRobot_Next/install/web_interface/share/web_interface/package.ps1'
[0.640s] INFO:colcon.colcon_core.shell:Creating package descriptor '/root/ws_ros2/ZRobot_Next/install/web_interface/share/web_interface/package.dsv'
[0.640s] INFO:colcon.colcon_core.shell:Creating package script '/root/ws_ros2/ZRobot_Next/install/web_interface/share/web_interface/package.sh'
[0.641s] INFO:colcon.colcon_core.shell:Creating package script '/root/ws_ros2/ZRobot_Next/install/web_interface/share/web_interface/package.bash'
[0.642s] INFO:colcon.colcon_core.shell:Creating package script '/root/ws_ros2/ZRobot_Next/install/web_interface/share/web_interface/package.zsh'
[0.642s] Level 1:colcon.colcon_core.environment:create_file_with_runtime_dependencies(/root/ws_ros2/ZRobot_Next/install/web_interface/share/colcon-core/packages/web_interface)
[0.643s] Level 1:colcon.colcon_core.environment:create_environment_scripts_only(web_interface)
[0.643s] Level 1:colcon.colcon_core.environment:checking '/root/ws_ros2/ZRobot_Next/install/web_interface' for CMake module files
[0.644s] Level 1:colcon.colcon_core.environment:checking '/root/ws_ros2/ZRobot_Next/install/web_interface' for CMake config files
[0.644s] Level 1:colcon.colcon_core.shell:create_environment_hook('web_interface', 'cmake_prefix_path')
[0.645s] INFO:colcon.colcon_core.shell:Creating environment hook '/root/ws_ros2/ZRobot_Next/install/web_interface/share/web_interface/hook/cmake_prefix_path.ps1'
[0.645s] INFO:colcon.colcon_core.shell:Creating environment descriptor '/root/ws_ros2/ZRobot_Next/install/web_interface/share/web_interface/hook/cmake_prefix_path.dsv'
[0.646s] INFO:colcon.colcon_core.shell:Creating environment hook '/root/ws_ros2/ZRobot_Next/install/web_interface/share/web_interface/hook/cmake_prefix_path.sh'
[0.647s] Level 1:colcon.colcon_core.environment:checking '/root/ws_ros2/ZRobot_Next/install/web_interface/lib'
[0.647s] Level 1:colcon.colcon_core.environment:checking '/root/ws_ros2/ZRobot_Next/install/web_interface/bin'
[0.647s] Level 1:colcon.colcon_core.environment:checking '/root/ws_ros2/ZRobot_Next/install/web_interface/lib/pkgconfig/web_interface.pc'
[0.647s] Level 1:colcon.colcon_core.environment:checking '/root/ws_ros2/ZRobot_Next/install/web_interface/lib/python3.12/site-packages'
[0.648s] Level 1:colcon.colcon_core.environment:checking '/root/ws_ros2/ZRobot_Next/install/web_interface/bin'
[0.648s] INFO:colcon.colcon_core.shell:Creating package script '/root/ws_ros2/ZRobot_Next/install/web_interface/share/web_interface/package.ps1'
[0.649s] INFO:colcon.colcon_core.shell:Creating package descriptor '/root/ws_ros2/ZRobot_Next/install/web_interface/share/web_interface/package.dsv'
[0.650s] INFO:colcon.colcon_core.shell:Creating package script '/root/ws_ros2/ZRobot_Next/install/web_interface/share/web_interface/package.sh'
[0.651s] INFO:colcon.colcon_core.shell:Creating package script '/root/ws_ros2/ZRobot_Next/install/web_interface/share/web_interface/package.bash'
[0.652s] INFO:colcon.colcon_core.shell:Creating package script '/root/ws_ros2/ZRobot_Next/install/web_interface/share/web_interface/package.zsh'
[0.652s] Level 1:colcon.colcon_core.environment:create_file_with_runtime_dependencies(/root/ws_ros2/ZRobot_Next/install/web_interface/share/colcon-core/packages/web_interface)
[0.653s] Level 1:colcon.colcon_core.environment:create_environment_scripts_only(zrobot_control)
[0.654s] DEBUG:colcon.colcon_core.event_handler.log_command:Invoked command in '/root/ws_ros2/ZRobot_Next/build/zrobot_control' returned '0': CMAKE_PREFIX_PATH=${CMAKE_PREFIX_PATH}:/opt/ros/jazzy /usr/bin/cmake --install /root/ws_ros2/ZRobot_Next/build/zrobot_control
[0.654s] Level 1:colcon.colcon_core.environment:checking '/root/ws_ros2/ZRobot_Next/install/zrobot_control' for CMake module files
[0.655s] Level 1:colcon.colcon_core.environment:checking '/root/ws_ros2/ZRobot_Next/install/zrobot_control' for CMake config files
[0.656s] Level 1:colcon.colcon_core.shell:create_environment_hook('zrobot_control', 'cmake_prefix_path')
[0.656s] INFO:colcon.colcon_core.shell:Creating environment hook '/root/ws_ros2/ZRobot_Next/install/zrobot_control/share/zrobot_control/hook/cmake_prefix_path.ps1'
[0.657s] INFO:colcon.colcon_core.shell:Creating environment descriptor '/root/ws_ros2/ZRobot_Next/install/zrobot_control/share/zrobot_control/hook/cmake_prefix_path.dsv'
[0.657s] INFO:colcon.colcon_core.shell:Creating environment hook '/root/ws_ros2/ZRobot_Next/install/zrobot_control/share/zrobot_control/hook/cmake_prefix_path.sh'
[0.659s] Level 1:colcon.colcon_core.environment:checking '/root/ws_ros2/ZRobot_Next/install/zrobot_control/lib'
[0.659s] Level 1:colcon.colcon_core.environment:checking '/root/ws_ros2/ZRobot_Next/install/zrobot_control/bin'
[0.659s] Level 1:colcon.colcon_core.environment:checking '/root/ws_ros2/ZRobot_Next/install/zrobot_control/lib/pkgconfig/zrobot_control.pc'
[0.659s] Level 1:colcon.colcon_core.environment:checking '/root/ws_ros2/ZRobot_Next/install/zrobot_control/lib/python3.12/site-packages'
[0.660s] Level 1:colcon.colcon_core.environment:checking '/root/ws_ros2/ZRobot_Next/install/zrobot_control/bin'
[0.660s] INFO:colcon.colcon_core.shell:Creating package script '/root/ws_ros2/ZRobot_Next/install/zrobot_control/share/zrobot_control/package.ps1'
[0.661s] INFO:colcon.colcon_core.shell:Creating package descriptor '/root/ws_ros2/ZRobot_Next/install/zrobot_control/share/zrobot_control/package.dsv'
[0.662s] INFO:colcon.colcon_core.shell:Creating package script '/root/ws_ros2/ZRobot_Next/install/zrobot_control/share/zrobot_control/package.sh'
[0.663s] INFO:colcon.colcon_core.shell:Creating package script '/root/ws_ros2/ZRobot_Next/install/zrobot_control/share/zrobot_control/package.bash'
[0.663s] INFO:colcon.colcon_core.shell:Creating package script '/root/ws_ros2/ZRobot_Next/install/zrobot_control/share/zrobot_control/package.zsh'
[0.664s] Level 1:colcon.colcon_core.environment:create_file_with_runtime_dependencies(/root/ws_ros2/ZRobot_Next/install/zrobot_control/share/colcon-core/packages/zrobot_control)
[0.665s] Level 1:colcon.colcon_core.environment:create_environment_scripts_only(zrobot_control)
[0.665s] Level 1:colcon.colcon_core.environment:checking '/root/ws_ros2/ZRobot_Next/install/zrobot_control' for CMake module files
[0.666s] Level 1:colcon.colcon_core.environment:checking '/root/ws_ros2/ZRobot_Next/install/zrobot_control' for CMake config files
[0.667s] Level 1:colcon.colcon_core.shell:create_environment_hook('zrobot_control', 'cmake_prefix_path')
[0.667s] INFO:colcon.colcon_core.shell:Creating environment hook '/root/ws_ros2/ZRobot_Next/install/zrobot_control/share/zrobot_control/hook/cmake_prefix_path.ps1'
[0.668s] INFO:colcon.colcon_core.shell:Creating environment descriptor '/root/ws_ros2/ZRobot_Next/install/zrobot_control/share/zrobot_control/hook/cmake_prefix_path.dsv'
[0.668s] INFO:colcon.colcon_core.shell:Creating environment hook '/root/ws_ros2/ZRobot_Next/install/zrobot_control/share/zrobot_control/hook/cmake_prefix_path.sh'
[0.669s] Level 1:colcon.colcon_core.environment:checking '/root/ws_ros2/ZRobot_Next/install/zrobot_control/lib'
[0.669s] Level 1:colcon.colcon_core.environment:checking '/root/ws_ros2/ZRobot_Next/install/zrobot_control/bin'
[0.669s] Level 1:colcon.colcon_core.environment:checking '/root/ws_ros2/ZRobot_Next/install/zrobot_control/lib/pkgconfig/zrobot_control.pc'
[0.670s] Level 1:colcon.colcon_core.environment:checking '/root/ws_ros2/ZRobot_Next/install/zrobot_control/lib/python3.12/site-packages'
[0.670s] Level 1:colcon.colcon_core.environment:checking '/root/ws_ros2/ZRobot_Next/install/zrobot_control/bin'
[0.671s] INFO:colcon.colcon_core.shell:Creating package script '/root/ws_ros2/ZRobot_Next/install/zrobot_control/share/zrobot_control/package.ps1'
[0.672s] INFO:colcon.colcon_core.shell:Creating package descriptor '/root/ws_ros2/ZRobot_Next/install/zrobot_control/share/zrobot_control/package.dsv'
[0.673s] INFO:colcon.colcon_core.shell:Creating package script '/root/ws_ros2/ZRobot_Next/install/zrobot_control/share/zrobot_control/package.sh'
[0.675s] INFO:colcon.colcon_core.shell:Creating package script '/root/ws_ros2/ZRobot_Next/install/zrobot_control/share/zrobot_control/package.bash'
[0.676s] INFO:colcon.colcon_core.shell:Creating package script '/root/ws_ros2/ZRobot_Next/install/zrobot_control/share/zrobot_control/package.zsh'
[0.677s] Level 1:colcon.colcon_core.environment:create_file_with_runtime_dependencies(/root/ws_ros2/ZRobot_Next/install/zrobot_control/share/colcon-core/packages/zrobot_control)
[0.678s] DEBUG:colcon.colcon_core.event_handler.log_command:Invoked command in '/root/ws_ros2/ZRobot_Next/build/ldlidar_stl_ros2' returned '0': CMAKE_PREFIX_PATH=${CMAKE_PREFIX_PATH}:/opt/ros/jazzy /usr/bin/cmake --build /root/ws_ros2/ZRobot_Next/build/ldlidar_stl_ros2 -- -j8 -l8
[0.680s] DEBUG:colcon.colcon_core.event_handler.log_command:Invoking command in '/root/ws_ros2/ZRobot_Next/build/ldlidar_stl_ros2': CMAKE_PREFIX_PATH=${CMAKE_PREFIX_PATH}:/opt/ros/jazzy /usr/bin/cmake --install /root/ws_ros2/ZRobot_Next/build/ldlidar_stl_ros2
[0.695s] Level 1:colcon.colcon_core.environment:create_environment_scripts_only(ldlidar_stl_ros2)
[0.696s] Level 1:colcon.colcon_core.environment:checking '/root/ws_ros2/ZRobot_Next/install/ldlidar_stl_ros2' for CMake module files
[0.698s] Level 1:colcon.colcon_core.environment:checking '/root/ws_ros2/ZRobot_Next/install/ldlidar_stl_ros2' for CMake config files
[0.701s] Level 1:colcon.colcon_core.shell:create_environment_hook('ldlidar_stl_ros2', 'cmake_prefix_path')
[0.701s] INFO:colcon.colcon_core.shell:Creating environment hook '/root/ws_ros2/ZRobot_Next/install/ldlidar_stl_ros2/share/ldlidar_stl_ros2/hook/cmake_prefix_path.ps1'
[0.703s] INFO:colcon.colcon_core.shell:Creating environment descriptor '/root/ws_ros2/ZRobot_Next/install/ldlidar_stl_ros2/share/ldlidar_stl_ros2/hook/cmake_prefix_path.dsv'
[0.704s] INFO:colcon.colcon_core.shell:Creating environment hook '/root/ws_ros2/ZRobot_Next/install/ldlidar_stl_ros2/share/ldlidar_stl_ros2/hook/cmake_prefix_path.sh'
[0.706s] Level 1:colcon.colcon_core.environment:checking '/root/ws_ros2/ZRobot_Next/install/ldlidar_stl_ros2/lib'
[0.707s] Level 1:colcon.colcon_core.environment:checking '/root/ws_ros2/ZRobot_Next/install/ldlidar_stl_ros2/bin'
[0.707s] Level 1:colcon.colcon_core.environment:checking '/root/ws_ros2/ZRobot_Next/install/ldlidar_stl_ros2/lib/pkgconfig/ldlidar_stl_ros2.pc'
[0.707s] Level 1:colcon.colcon_core.environment:checking '/root/ws_ros2/ZRobot_Next/install/ldlidar_stl_ros2/lib/python3.12/site-packages'
[0.707s] Level 1:colcon.colcon_core.environment:checking '/root/ws_ros2/ZRobot_Next/install/ldlidar_stl_ros2/bin'
[0.708s] INFO:colcon.colcon_core.shell:Creating package script '/root/ws_ros2/ZRobot_Next/install/ldlidar_stl_ros2/share/ldlidar_stl_ros2/package.ps1'
[0.709s] INFO:colcon.colcon_core.shell:Creating package descriptor '/root/ws_ros2/ZRobot_Next/install/ldlidar_stl_ros2/share/ldlidar_stl_ros2/package.dsv'
[0.710s] DEBUG:colcon.colcon_core.event_handler.log_command:Invoked command in '/root/ws_ros2/ZRobot_Next/build/ldlidar_stl_ros2' returned '0': CMAKE_PREFIX_PATH=${CMAKE_PREFIX_PATH}:/opt/ros/jazzy /usr/bin/cmake --install /root/ws_ros2/ZRobot_Next/build/ldlidar_stl_ros2
[0.711s] INFO:colcon.colcon_core.shell:Creating package script '/root/ws_ros2/ZRobot_Next/install/ldlidar_stl_ros2/share/ldlidar_stl_ros2/package.sh'
[0.712s] INFO:colcon.colcon_core.shell:Creating package script '/root/ws_ros2/ZRobot_Next/install/ldlidar_stl_ros2/share/ldlidar_stl_ros2/package.bash'
[0.713s] INFO:colcon.colcon_core.shell:Creating package script '/root/ws_ros2/ZRobot_Next/install/ldlidar_stl_ros2/share/ldlidar_stl_ros2/package.zsh'
[0.713s] Level 1:colcon.colcon_core.environment:create_file_with_runtime_dependencies(/root/ws_ros2/ZRobot_Next/install/ldlidar_stl_ros2/share/colcon-core/packages/ldlidar_stl_ros2)
[0.714s] Level 1:colcon.colcon_core.environment:create_environment_scripts_only(ldlidar_stl_ros2)
[0.714s] Level 1:colcon.colcon_core.environment:checking '/root/ws_ros2/ZRobot_Next/install/ldlidar_stl_ros2' for CMake module files
[0.716s] Level 1:colcon.colcon_core.environment:checking '/root/ws_ros2/ZRobot_Next/install/ldlidar_stl_ros2' for CMake config files
[0.716s] Level 1:colcon.colcon_core.shell:create_environment_hook('ldlidar_stl_ros2', 'cmake_prefix_path')
[0.717s] INFO:colcon.colcon_core.shell:Creating environment hook '/root/ws_ros2/ZRobot_Next/install/ldlidar_stl_ros2/share/ldlidar_stl_ros2/hook/cmake_prefix_path.ps1'
[0.718s] INFO:colcon.colcon_core.shell:Creating environment descriptor '/root/ws_ros2/ZRobot_Next/install/ldlidar_stl_ros2/share/ldlidar_stl_ros2/hook/cmake_prefix_path.dsv'
[0.718s] INFO:colcon.colcon_core.shell:Creating environment hook '/root/ws_ros2/ZRobot_Next/install/ldlidar_stl_ros2/share/ldlidar_stl_ros2/hook/cmake_prefix_path.sh'
[0.719s] Level 1:colcon.colcon_core.environment:checking '/root/ws_ros2/ZRobot_Next/install/ldlidar_stl_ros2/lib'
[0.719s] Level 1:colcon.colcon_core.environment:checking '/root/ws_ros2/ZRobot_Next/install/ldlidar_stl_ros2/bin'
[0.719s] Level 1:colcon.colcon_core.environment:checking '/root/ws_ros2/ZRobot_Next/install/ldlidar_stl_ros2/lib/pkgconfig/ldlidar_stl_ros2.pc'
[0.720s] Level 1:colcon.colcon_core.environment:checking '/root/ws_ros2/ZRobot_Next/install/ldlidar_stl_ros2/lib/python3.12/site-packages'
[0.720s] Level 1:colcon.colcon_core.environment:checking '/root/ws_ros2/ZRobot_Next/install/ldlidar_stl_ros2/bin'
[0.720s] INFO:colcon.colcon_core.shell:Creating package script '/root/ws_ros2/ZRobot_Next/install/ldlidar_stl_ros2/share/ldlidar_stl_ros2/package.ps1'
[0.721s] INFO:colcon.colcon_core.shell:Creating package descriptor '/root/ws_ros2/ZRobot_Next/install/ldlidar_stl_ros2/share/ldlidar_stl_ros2/package.dsv'
[0.722s] INFO:colcon.colcon_core.shell:Creating package script '/root/ws_ros2/ZRobot_Next/install/ldlidar_stl_ros2/share/ldlidar_stl_ros2/package.sh'
[0.722s] INFO:colcon.colcon_core.shell:Creating package script '/root/ws_ros2/ZRobot_Next/install/ldlidar_stl_ros2/share/ldlidar_stl_ros2/package.bash'
[0.723s] INFO:colcon.colcon_core.shell:Creating package script '/root/ws_ros2/ZRobot_Next/install/ldlidar_stl_ros2/share/ldlidar_stl_ros2/package.zsh'
[0.723s] Level 1:colcon.colcon_core.environment:create_file_with_runtime_dependencies(/root/ws_ros2/ZRobot_Next/install/ldlidar_stl_ros2/share/colcon-core/packages/ldlidar_stl_ros2)
[1.138s] DEBUG:colcon.colcon_core.event_handler.log_command:Invoked command in '/root/ws_ros2/ZRobot_Next/build/zrobot_interfaces' returned '0': CMAKE_PREFIX_PATH=${CMAKE_PREFIX_PATH}:/opt/ros/jazzy /usr/bin/cmake --build /root/ws_ros2/ZRobot_Next/build/zrobot_interfaces -- -j8 -l8
[1.140s] DEBUG:colcon.colcon_core.event_handler.log_command:Invoking command in '/root/ws_ros2/ZRobot_Next/build/zrobot_interfaces': CMAKE_PREFIX_PATH=${CMAKE_PREFIX_PATH}:/opt/ros/jazzy /usr/bin/cmake --install /root/ws_ros2/ZRobot_Next/build/zrobot_interfaces
[1.233s] DEBUG:colcon.colcon_core.event_handler.log_command:Invoked command in '/root/ws_ros2/ZRobot_Next/build/zrobot_perception' returned '0': CMAKE_PREFIX_PATH=${CMAKE_PREFIX_PATH}:/opt/ros/jazzy /usr/bin/cmake --build /root/ws_ros2/ZRobot_Next/build/zrobot_perception -- -j8 -l8
[1.234s] DEBUG:colcon.colcon_core.event_handler.log_command:Invoking command in '/root/ws_ros2/ZRobot_Next/build/zrobot_perception': CMAKE_PREFIX_PATH=${CMAKE_PREFIX_PATH}:/opt/ros/jazzy /usr/bin/cmake --install /root/ws_ros2/ZRobot_Next/build/zrobot_perception
[1.265s] Level 1:colcon.colcon_core.environment:create_environment_scripts_only(zrobot_interfaces)
[1.266s] Level 1:colcon.colcon_core.environment:checking '/root/ws_ros2/ZRobot_Next/install/zrobot_interfaces' for CMake module files
[1.266s] DEBUG:colcon.colcon_core.event_handler.log_command:Invoked command in '/root/ws_ros2/ZRobot_Next/build/zrobot_interfaces' returned '0': CMAKE_PREFIX_PATH=${CMAKE_PREFIX_PATH}:/opt/ros/jazzy /usr/bin/cmake --install /root/ws_ros2/ZRobot_Next/build/zrobot_interfaces
[1.267s] Level 1:colcon.colcon_core.environment:checking '/root/ws_ros2/ZRobot_Next/install/zrobot_interfaces' for CMake config files
[1.268s] Level 1:colcon.colcon_core.shell:create_environment_hook('zrobot_interfaces', 'cmake_prefix_path')
[1.268s] INFO:colcon.colcon_core.shell:Creating environment hook '/root/ws_ros2/ZRobot_Next/install/zrobot_interfaces/share/zrobot_interfaces/hook/cmake_prefix_path.ps1'
[1.269s] INFO:colcon.colcon_core.shell:Creating environment descriptor '/root/ws_ros2/ZRobot_Next/install/zrobot_interfaces/share/zrobot_interfaces/hook/cmake_prefix_path.dsv'
[1.270s] INFO:colcon.colcon_core.shell:Creating environment hook '/root/ws_ros2/ZRobot_Next/install/zrobot_interfaces/share/zrobot_interfaces/hook/cmake_prefix_path.sh'
[1.271s] Level 1:colcon.colcon_core.environment:checking '/root/ws_ros2/ZRobot_Next/install/zrobot_interfaces/lib'
[1.271s] Level 1:colcon.colcon_core.shell:create_environment_hook('zrobot_interfaces', 'ld_library_path_lib')
[1.271s] INFO:colcon.colcon_core.shell:Creating environment hook '/root/ws_ros2/ZRobot_Next/install/zrobot_interfaces/share/zrobot_interfaces/hook/ld_library_path_lib.ps1'
[1.272s] INFO:colcon.colcon_core.shell:Creating environment descriptor '/root/ws_ros2/ZRobot_Next/install/zrobot_interfaces/share/zrobot_interfaces/hook/ld_library_path_lib.dsv'
[1.272s] INFO:colcon.colcon_core.shell:Creating environment hook '/root/ws_ros2/ZRobot_Next/install/zrobot_interfaces/share/zrobot_interfaces/hook/ld_library_path_lib.sh'
[1.273s] Level 1:colcon.colcon_core.environment:checking '/root/ws_ros2/ZRobot_Next/install/zrobot_interfaces/bin'
[1.273s] Level 1:colcon.colcon_core.environment:checking '/root/ws_ros2/ZRobot_Next/install/zrobot_interfaces/lib/pkgconfig/zrobot_interfaces.pc'
[1.273s] Level 1:colcon.colcon_core.environment:checking '/root/ws_ros2/ZRobot_Next/install/zrobot_interfaces/lib/python3.12/site-packages'
[1.273s] Level 1:colcon.colcon_core.shell:create_environment_hook('zrobot_interfaces', 'pythonpath')
[1.274s] INFO:colcon.colcon_core.shell:Creating environment hook '/root/ws_ros2/ZRobot_Next/install/zrobot_interfaces/share/zrobot_interfaces/hook/pythonpath.ps1'
[1.274s] INFO:colcon.colcon_core.shell:Creating environment descriptor '/root/ws_ros2/ZRobot_Next/install/zrobot_interfaces/share/zrobot_interfaces/hook/pythonpath.dsv'
[1.275s] INFO:colcon.colcon_core.shell:Creating environment hook '/root/ws_ros2/ZRobot_Next/install/zrobot_interfaces/share/zrobot_interfaces/hook/pythonpath.sh'
[1.276s] Level 1:colcon.colcon_core.environment:checking '/root/ws_ros2/ZRobot_Next/install/zrobot_interfaces/bin'
[1.276s] INFO:colcon.colcon_core.shell:Creating package script '/root/ws_ros2/ZRobot_Next/install/zrobot_interfaces/share/zrobot_interfaces/package.ps1'
[1.277s] INFO:colcon.colcon_core.shell:Creating package descriptor '/root/ws_ros2/ZRobot_Next/install/zrobot_interfaces/share/zrobot_interfaces/package.dsv'
[1.278s] INFO:colcon.colcon_core.shell:Creating package script '/root/ws_ros2/ZRobot_Next/install/zrobot_interfaces/share/zrobot_interfaces/package.sh'
[1.278s] INFO:colcon.colcon_core.shell:Creating package script '/root/ws_ros2/ZRobot_Next/install/zrobot_interfaces/share/zrobot_interfaces/package.bash'
[1.279s] INFO:colcon.colcon_core.shell:Creating package script '/root/ws_ros2/ZRobot_Next/install/zrobot_interfaces/share/zrobot_interfaces/package.zsh'
[1.279s] Level 1:colcon.colcon_core.environment:create_file_with_runtime_dependencies(/root/ws_ros2/ZRobot_Next/install/zrobot_interfaces/share/colcon-core/packages/zrobot_interfaces)
[1.280s] Level 1:colcon.colcon_core.environment:create_environment_scripts_only(zrobot_interfaces)
[1.280s] Level 1:colcon.colcon_core.environment:checking '/root/ws_ros2/ZRobot_Next/install/zrobot_interfaces' for CMake module files
[1.281s] Level 1:colcon.colcon_core.environment:checking '/root/ws_ros2/ZRobot_Next/install/zrobot_interfaces' for CMake config files
[1.282s] Level 1:colcon.colcon_core.shell:create_environment_hook('zrobot_interfaces', 'cmake_prefix_path')
[1.283s] INFO:colcon.colcon_core.shell:Creating environment hook '/root/ws_ros2/ZRobot_Next/install/zrobot_interfaces/share/zrobot_interfaces/hook/cmake_prefix_path.ps1'
[1.283s] INFO:colcon.colcon_core.shell:Creating environment descriptor '/root/ws_ros2/ZRobot_Next/install/zrobot_interfaces/share/zrobot_interfaces/hook/cmake_prefix_path.dsv'
[1.284s] INFO:colcon.colcon_core.shell:Creating environment hook '/root/ws_ros2/ZRobot_Next/install/zrobot_interfaces/share/zrobot_interfaces/hook/cmake_prefix_path.sh'
[1.284s] Level 1:colcon.colcon_core.environment:checking '/root/ws_ros2/ZRobot_Next/install/zrobot_interfaces/lib'
[1.285s] Level 1:colcon.colcon_core.shell:create_environment_hook('zrobot_interfaces', 'ld_library_path_lib')
[1.285s] INFO:colcon.colcon_core.shell:Creating environment hook '/root/ws_ros2/ZRobot_Next/install/zrobot_interfaces/share/zrobot_interfaces/hook/ld_library_path_lib.ps1'
[1.285s] INFO:colcon.colcon_core.shell:Creating environment descriptor '/root/ws_ros2/ZRobot_Next/install/zrobot_interfaces/share/zrobot_interfaces/hook/ld_library_path_lib.dsv'
[1.286s] INFO:colcon.colcon_core.shell:Creating environment hook '/root/ws_ros2/ZRobot_Next/install/zrobot_interfaces/share/zrobot_interfaces/hook/ld_library_path_lib.sh'
[1.287s] Level 1:colcon.colcon_core.environment:checking '/root/ws_ros2/ZRobot_Next/install/zrobot_interfaces/bin'
[1.287s] Level 1:colcon.colcon_core.environment:checking '/root/ws_ros2/ZRobot_Next/install/zrobot_interfaces/lib/pkgconfig/zrobot_interfaces.pc'
[1.287s] Level 1:colcon.colcon_core.environment:checking '/root/ws_ros2/ZRobot_Next/install/zrobot_interfaces/lib/python3.12/site-packages'
[1.287s] Level 1:colcon.colcon_core.shell:create_environment_hook('zrobot_interfaces', 'pythonpath')
[1.288s] INFO:colcon.colcon_core.shell:Creating environment hook '/root/ws_ros2/ZRobot_Next/install/zrobot_interfaces/share/zrobot_interfaces/hook/pythonpath.ps1'
[1.288s] INFO:colcon.colcon_core.shell:Creating environment descriptor '/root/ws_ros2/ZRobot_Next/install/zrobot_interfaces/share/zrobot_interfaces/hook/pythonpath.dsv'
[1.289s] INFO:colcon.colcon_core.shell:Creating environment hook '/root/ws_ros2/ZRobot_Next/install/zrobot_interfaces/share/zrobot_interfaces/hook/pythonpath.sh'
[1.290s] Level 1:colcon.colcon_core.environment:checking '/root/ws_ros2/ZRobot_Next/install/zrobot_interfaces/bin'
[1.291s] INFO:colcon.colcon_core.shell:Creating package script '/root/ws_ros2/ZRobot_Next/install/zrobot_interfaces/share/zrobot_interfaces/package.ps1'
[1.291s] INFO:colcon.colcon_core.shell:Creating package descriptor '/root/ws_ros2/ZRobot_Next/install/zrobot_interfaces/share/zrobot_interfaces/package.dsv'
[1.292s] INFO:colcon.colcon_core.shell:Creating package script '/root/ws_ros2/ZRobot_Next/install/zrobot_interfaces/share/zrobot_interfaces/package.sh'
[1.293s] INFO:colcon.colcon_core.shell:Creating package script '/root/ws_ros2/ZRobot_Next/install/zrobot_interfaces/share/zrobot_interfaces/package.bash'
[1.293s] INFO:colcon.colcon_core.shell:Creating package script '/root/ws_ros2/ZRobot_Next/install/zrobot_interfaces/share/zrobot_interfaces/package.zsh'
[1.294s] Level 1:colcon.colcon_core.environment:create_file_with_runtime_dependencies(/root/ws_ros2/ZRobot_Next/install/zrobot_interfaces/share/colcon-core/packages/zrobot_interfaces)
[1.324s] Level 1:colcon.colcon_core.environment:create_environment_scripts_only(zrobot_perception)
[1.324s] Level 1:colcon.colcon_core.environment:checking '/root/ws_ros2/ZRobot_Next/install/zrobot_perception' for CMake module files
[1.325s] DEBUG:colcon.colcon_core.event_handler.log_command:Invoked command in '/root/ws_ros2/ZRobot_Next/build/zrobot_perception' returned '0': CMAKE_PREFIX_PATH=${CMAKE_PREFIX_PATH}:/opt/ros/jazzy /usr/bin/cmake --install /root/ws_ros2/ZRobot_Next/build/zrobot_perception
[1.325s] Level 1:colcon.colcon_core.environment:checking '/root/ws_ros2/ZRobot_Next/install/zrobot_perception' for CMake config files
[1.326s] Level 1:colcon.colcon_core.shell:create_environment_hook('zrobot_perception', 'cmake_prefix_path')
[1.326s] INFO:colcon.colcon_core.shell:Creating environment hook '/root/ws_ros2/ZRobot_Next/install/zrobot_perception/share/zrobot_perception/hook/cmake_prefix_path.ps1'
[1.327s] INFO:colcon.colcon_core.shell:Creating environment descriptor '/root/ws_ros2/ZRobot_Next/install/zrobot_perception/share/zrobot_perception/hook/cmake_prefix_path.dsv'
[1.327s] INFO:colcon.colcon_core.shell:Creating environment hook '/root/ws_ros2/ZRobot_Next/install/zrobot_perception/share/zrobot_perception/hook/cmake_prefix_path.sh'
[1.328s] Level 1:colcon.colcon_core.environment:checking '/root/ws_ros2/ZRobot_Next/install/zrobot_perception/lib'
[1.328s] Level 1:colcon.colcon_core.environment:checking '/root/ws_ros2/ZRobot_Next/install/zrobot_perception/bin'
[1.328s] Level 1:colcon.colcon_core.environment:checking '/root/ws_ros2/ZRobot_Next/install/zrobot_perception/lib/pkgconfig/zrobot_perception.pc'
[1.329s] Level 1:colcon.colcon_core.environment:checking '/root/ws_ros2/ZRobot_Next/install/zrobot_perception/lib/python3.12/site-packages'
[1.329s] Level 1:colcon.colcon_core.shell:create_environment_hook('zrobot_perception', 'pythonpath')
[1.329s] INFO:colcon.colcon_core.shell:Creating environment hook '/root/ws_ros2/ZRobot_Next/install/zrobot_perception/share/zrobot_perception/hook/pythonpath.ps1'
[1.330s] INFO:colcon.colcon_core.shell:Creating environment descriptor '/root/ws_ros2/ZRobot_Next/install/zrobot_perception/share/zrobot_perception/hook/pythonpath.dsv'
[1.330s] INFO:colcon.colcon_core.shell:Creating environment hook '/root/ws_ros2/ZRobot_Next/install/zrobot_perception/share/zrobot_perception/hook/pythonpath.sh'
[1.331s] Level 1:colcon.colcon_core.environment:checking '/root/ws_ros2/ZRobot_Next/install/zrobot_perception/bin'
[1.331s] INFO:colcon.colcon_core.shell:Creating package script '/root/ws_ros2/ZRobot_Next/install/zrobot_perception/share/zrobot_perception/package.ps1'
[1.332s] INFO:colcon.colcon_core.shell:Creating package descriptor '/root/ws_ros2/ZRobot_Next/install/zrobot_perception/share/zrobot_perception/package.dsv'
[1.333s] INFO:colcon.colcon_core.shell:Creating package script '/root/ws_ros2/ZRobot_Next/install/zrobot_perception/share/zrobot_perception/package.sh'
[1.333s] INFO:colcon.colcon_core.shell:Creating package script '/root/ws_ros2/ZRobot_Next/install/zrobot_perception/share/zrobot_perception/package.bash'
[1.334s] INFO:colcon.colcon_core.shell:Creating package script '/root/ws_ros2/ZRobot_Next/install/zrobot_perception/share/zrobot_perception/package.zsh'
[1.334s] Level 1:colcon.colcon_core.environment:create_file_with_runtime_dependencies(/root/ws_ros2/ZRobot_Next/install/zrobot_perception/share/colcon-core/packages/zrobot_perception)
[1.335s] Level 1:colcon.colcon_core.environment:create_environment_scripts_only(zrobot_perception)
[1.335s] Level 1:colcon.colcon_core.environment:checking '/root/ws_ros2/ZRobot_Next/install/zrobot_perception' for CMake module files
[1.336s] Level 1:colcon.colcon_core.environment:checking '/root/ws_ros2/ZRobot_Next/install/zrobot_perception' for CMake config files
[1.336s] Level 1:colcon.colcon_core.shell:create_environment_hook('zrobot_perception', 'cmake_prefix_path')
[1.336s] INFO:colcon.colcon_core.shell:Creating environment hook '/root/ws_ros2/ZRobot_Next/install/zrobot_perception/share/zrobot_perception/hook/cmake_prefix_path.ps1'
[1.337s] INFO:colcon.colcon_core.shell:Creating environment descriptor '/root/ws_ros2/ZRobot_Next/install/zrobot_perception/share/zrobot_perception/hook/cmake_prefix_path.dsv'
[1.337s] INFO:colcon.colcon_core.shell:Creating environment hook '/root/ws_ros2/ZRobot_Next/install/zrobot_perception/share/zrobot_perception/hook/cmake_prefix_path.sh'
[1.338s] Level 1:colcon.colcon_core.environment:checking '/root/ws_ros2/ZRobot_Next/install/zrobot_perception/lib'
[1.338s] Level 1:colcon.colcon_core.environment:checking '/root/ws_ros2/ZRobot_Next/install/zrobot_perception/bin'
[1.338s] Level 1:colcon.colcon_core.environment:checking '/root/ws_ros2/ZRobot_Next/install/zrobot_perception/lib/pkgconfig/zrobot_perception.pc'
[1.339s] Level 1:colcon.colcon_core.environment:checking '/root/ws_ros2/ZRobot_Next/install/zrobot_perception/lib/python3.12/site-packages'
[1.339s] Level 1:colcon.colcon_core.shell:create_environment_hook('zrobot_perception', 'pythonpath')
[1.339s] INFO:colcon.colcon_core.shell:Creating environment hook '/root/ws_ros2/ZRobot_Next/install/zrobot_perception/share/zrobot_perception/hook/pythonpath.ps1'
[1.339s] INFO:colcon.colcon_core.shell:Creating environment descriptor '/root/ws_ros2/ZRobot_Next/install/zrobot_perception/share/zrobot_perception/hook/pythonpath.dsv'
[1.340s] INFO:colcon.colcon_core.shell:Creating environment hook '/root/ws_ros2/ZRobot_Next/install/zrobot_perception/share/zrobot_perception/hook/pythonpath.sh'
[1.341s] Level 1:colcon.colcon_core.environment:checking '/root/ws_ros2/ZRobot_Next/install/zrobot_perception/bin'
[1.341s] INFO:colcon.colcon_core.shell:Creating package script '/root/ws_ros2/ZRobot_Next/install/zrobot_perception/share/zrobot_perception/package.ps1'
[1.342s] INFO:colcon.colcon_core.shell:Creating package descriptor '/root/ws_ros2/ZRobot_Next/install/zrobot_perception/share/zrobot_perception/package.dsv'
[1.342s] INFO:colcon.colcon_core.shell:Creating package script '/root/ws_ros2/ZRobot_Next/install/zrobot_perception/share/zrobot_perception/package.sh'
[1.343s] INFO:colcon.colcon_core.shell:Creating package script '/root/ws_ros2/ZRobot_Next/install/zrobot_perception/share/zrobot_perception/package.bash'
[1.343s] INFO:colcon.colcon_core.shell:Creating package script '/root/ws_ros2/ZRobot_Next/install/zrobot_perception/share/zrobot_perception/package.zsh'
[1.344s] Level 1:colcon.colcon_core.environment:create_file_with_runtime_dependencies(/root/ws_ros2/ZRobot_Next/install/zrobot_perception/share/colcon-core/packages/zrobot_perception)
[1.344s] INFO:colcon.colcon_ros.task.ament_cmake.build:Building ROS package in '/root/ws_ros2/ZRobot_Next/zrobot_bringup' with build type 'ament_cmake'
[1.345s] INFO:colcon.colcon_cmake.task.cmake.build:Building CMake package in '/root/ws_ros2/ZRobot_Next/zrobot_bringup'
[1.345s] INFO:colcon.colcon_core.shell:Skip shell extension 'powershell' for command environment: Not usable outside of PowerShell
[1.345s] DEBUG:colcon.colcon_core.shell:Skip shell extension 'dsv' for command environment
[1.363s] DEBUG:colcon.colcon_core.event_handler.log_command:Invoking command in '/root/ws_ros2/ZRobot_Next/build/zrobot_bringup': CMAKE_PREFIX_PATH=/root/ws_ros2/ZRobot_Next/install/zrobot_perception:/root/ws_ros2/ZRobot_Next/install/zrobot_control:/root/ws_ros2/ZRobot_Next/install/zrobot_bringup:/root/ws_ros2/ZRobot_Next/install/zrobot_obstacle_avoidance:/root/ws_ros2/ZRobot_Next/install/zrobot_interfaces:/root/ws_ros2/ZRobot_Next/install/web_interface:/root/ws_ros2/ZRobot_Next/install/ldlidar_stl_ros2:/opt/ros/jazzy /usr/bin/cmake --build /root/ws_ros2/ZRobot_Next/build/zrobot_bringup -- -j8 -l8
[1.484s] DEBUG:colcon.colcon_core.event_handler.log_command:Invoked command in '/root/ws_ros2/ZRobot_Next/build/zrobot_bringup' returned '0': CMAKE_PREFIX_PATH=/root/ws_ros2/ZRobot_Next/install/zrobot_perception:/root/ws_ros2/ZRobot_Next/install/zrobot_control:/root/ws_ros2/ZRobot_Next/install/zrobot_bringup:/root/ws_ros2/ZRobot_Next/install/zrobot_obstacle_avoidance:/root/ws_ros2/ZRobot_Next/install/zrobot_interfaces:/root/ws_ros2/ZRobot_Next/install/web_interface:/root/ws_ros2/ZRobot_Next/install/ldlidar_stl_ros2:/opt/ros/jazzy /usr/bin/cmake --build /root/ws_ros2/ZRobot_Next/build/zrobot_bringup -- -j8 -l8
[1.485s] DEBUG:colcon.colcon_core.event_handler.log_command:Invoking command in '/root/ws_ros2/ZRobot_Next/build/zrobot_bringup': CMAKE_PREFIX_PATH=/root/ws_ros2/ZRobot_Next/install/zrobot_perception:/root/ws_ros2/ZRobot_Next/install/zrobot_control:/root/ws_ros2/ZRobot_Next/install/zrobot_bringup:/root/ws_ros2/ZRobot_Next/install/zrobot_obstacle_avoidance:/root/ws_ros2/ZRobot_Next/install/zrobot_interfaces:/root/ws_ros2/ZRobot_Next/install/web_interface:/root/ws_ros2/ZRobot_Next/install/ldlidar_stl_ros2:/opt/ros/jazzy /usr/bin/cmake --install /root/ws_ros2/ZRobot_Next/build/zrobot_bringup
[1.518s] Level 1:colcon.colcon_core.environment:create_environment_scripts_only(zrobot_bringup)
[1.519s] Level 1:colcon.colcon_core.environment:checking '/root/ws_ros2/ZRobot_Next/install/zrobot_bringup' for CMake module files
[1.519s] DEBUG:colcon.colcon_core.event_handler.log_command:Invoked command in '/root/ws_ros2/ZRobot_Next/build/zrobot_bringup' returned '0': CMAKE_PREFIX_PATH=/root/ws_ros2/ZRobot_Next/install/zrobot_perception:/root/ws_ros2/ZRobot_Next/install/zrobot_control:/root/ws_ros2/ZRobot_Next/install/zrobot_bringup:/root/ws_ros2/ZRobot_Next/install/zrobot_obstacle_avoidance:/root/ws_ros2/ZRobot_Next/install/zrobot_interfaces:/root/ws_ros2/ZRobot_Next/install/web_interface:/root/ws_ros2/ZRobot_Next/install/ldlidar_stl_ros2:/opt/ros/jazzy /usr/bin/cmake --install /root/ws_ros2/ZRobot_Next/build/zrobot_bringup
[1.520s] Level 1:colcon.colcon_core.environment:checking '/root/ws_ros2/ZRobot_Next/install/zrobot_bringup' for CMake config files
[1.520s] Level 1:colcon.colcon_core.shell:create_environment_hook('zrobot_bringup', 'cmake_prefix_path')
[1.520s] INFO:colcon.colcon_core.shell:Creating environment hook '/root/ws_ros2/ZRobot_Next/install/zrobot_bringup/share/zrobot_bringup/hook/cmake_prefix_path.ps1'
[1.521s] INFO:colcon.colcon_core.shell:Creating environment descriptor '/root/ws_ros2/ZRobot_Next/install/zrobot_bringup/share/zrobot_bringup/hook/cmake_prefix_path.dsv'
[1.522s] INFO:colcon.colcon_core.shell:Creating environment hook '/root/ws_ros2/ZRobot_Next/install/zrobot_bringup/share/zrobot_bringup/hook/cmake_prefix_path.sh'
[1.522s] Level 1:colcon.colcon_core.environment:checking '/root/ws_ros2/ZRobot_Next/install/zrobot_bringup/lib'
[1.523s] Level 1:colcon.colcon_core.environment:checking '/root/ws_ros2/ZRobot_Next/install/zrobot_bringup/bin'
[1.523s] Level 1:colcon.colcon_core.environment:checking '/root/ws_ros2/ZRobot_Next/install/zrobot_bringup/lib/pkgconfig/zrobot_bringup.pc'
[1.523s] Level 1:colcon.colcon_core.environment:checking '/root/ws_ros2/ZRobot_Next/install/zrobot_bringup/lib/python3.12/site-packages'
[1.524s] Level 1:colcon.colcon_core.environment:checking '/root/ws_ros2/ZRobot_Next/install/zrobot_bringup/bin'
[1.524s] INFO:colcon.colcon_core.shell:Creating package script '/root/ws_ros2/ZRobot_Next/install/zrobot_bringup/share/zrobot_bringup/package.ps1'
[1.524s] INFO:colcon.colcon_core.shell:Creating package descriptor '/root/ws_ros2/ZRobot_Next/install/zrobot_bringup/share/zrobot_bringup/package.dsv'
[1.525s] INFO:colcon.colcon_core.shell:Creating package script '/root/ws_ros2/ZRobot_Next/install/zrobot_bringup/share/zrobot_bringup/package.sh'
[1.525s] INFO:colcon.colcon_core.shell:Creating package script '/root/ws_ros2/ZRobot_Next/install/zrobot_bringup/share/zrobot_bringup/package.bash'
[1.526s] INFO:colcon.colcon_core.shell:Creating package script '/root/ws_ros2/ZRobot_Next/install/zrobot_bringup/share/zrobot_bringup/package.zsh'
[1.526s] Level 1:colcon.colcon_core.environment:create_file_with_runtime_dependencies(/root/ws_ros2/ZRobot_Next/install/zrobot_bringup/share/colcon-core/packages/zrobot_bringup)
[1.527s] Level 1:colcon.colcon_core.environment:create_environment_scripts_only(zrobot_bringup)
[1.527s] Level 1:colcon.colcon_core.environment:checking '/root/ws_ros2/ZRobot_Next/install/zrobot_bringup' for CMake module files
[1.528s] Level 1:colcon.colcon_core.environment:checking '/root/ws_ros2/ZRobot_Next/install/zrobot_bringup' for CMake config files
[1.529s] Level 1:colcon.colcon_core.shell:create_environment_hook('zrobot_bringup', 'cmake_prefix_path')
[1.529s] INFO:colcon.colcon_core.shell:Creating environment hook '/root/ws_ros2/ZRobot_Next/install/zrobot_bringup/share/zrobot_bringup/hook/cmake_prefix_path.ps1'
[1.529s] INFO:colcon.colcon_core.shell:Creating environment descriptor '/root/ws_ros2/ZRobot_Next/install/zrobot_bringup/share/zrobot_bringup/hook/cmake_prefix_path.dsv'
[1.530s] INFO:colcon.colcon_core.shell:Creating environment hook '/root/ws_ros2/ZRobot_Next/install/zrobot_bringup/share/zrobot_bringup/hook/cmake_prefix_path.sh'
[1.531s] Level 1:colcon.colcon_core.environment:checking '/root/ws_ros2/ZRobot_Next/install/zrobot_bringup/lib'
[1.531s] Level 1:colcon.colcon_core.environment:checking '/root/ws_ros2/ZRobot_Next/install/zrobot_bringup/bin'
[1.531s] Level 1:colcon.colcon_core.environment:checking '/root/ws_ros2/ZRobot_Next/install/zrobot_bringup/lib/pkgconfig/zrobot_bringup.pc'
[1.531s] Level 1:colcon.colcon_core.environment:checking '/root/ws_ros2/ZRobot_Next/install/zrobot_bringup/lib/python3.12/site-packages'
[1.532s] Level 1:colcon.colcon_core.environment:checking '/root/ws_ros2/ZRobot_Next/install/zrobot_bringup/bin'
[1.532s] INFO:colcon.colcon_core.shell:Creating package script '/root/ws_ros2/ZRobot_Next/install/zrobot_bringup/share/zrobot_bringup/package.ps1'
[1.533s] INFO:colcon.colcon_core.shell:Creating package descriptor '/root/ws_ros2/ZRobot_Next/install/zrobot_bringup/share/zrobot_bringup/package.dsv'
[1.533s] INFO:colcon.colcon_core.shell:Creating package script '/root/ws_ros2/ZRobot_Next/install/zrobot_bringup/share/zrobot_bringup/package.sh'
[1.534s] INFO:colcon.colcon_core.shell:Creating package script '/root/ws_ros2/ZRobot_Next/install/zrobot_bringup/share/zrobot_bringup/package.bash'
[1.534s] INFO:colcon.colcon_core.shell:Creating package script '/root/ws_ros2/ZRobot_Next/install/zrobot_bringup/share/zrobot_bringup/package.zsh'
[1.535s] Level 1:colcon.colcon_core.environment:create_file_with_runtime_dependencies(/root/ws_ros2/ZRobot_Next/install/zrobot_bringup/share/colcon-core/packages/zrobot_bringup)
[1.535s] DEBUG:colcon.colcon_parallel_executor.executor.parallel:closing loop
[1.535s] DEBUG:colcon.colcon_parallel_executor.executor.parallel:loop closed
[1.535s] DEBUG:colcon.colcon_parallel_executor.executor.parallel:run_until_complete finished with '0'
[1.536s] DEBUG:colcon.colcon_core.event_reactor:joining thread
[1.546s] INFO:colcon.colcon_core.plugin_system:Skipping extension 'colcon_notification.desktop_notification.notify_send': Could not find 'notify-send'
[1.547s] INFO:colcon.colcon_core.plugin_system:Skipping extension 'colcon_notification.desktop_notification.terminal_notifier': Not used on non-Darwin systems
[1.547s] INFO:colcon.colcon_core.plugin_system:Skipping extension 'colcon_notification.desktop_notification.win32': Not used on non-Windows systems
[1.547s] INFO:colcon.colcon_notification.desktop_notification:Sending desktop notification using 'notify2'
[1.547s] DEBUG:colcon.colcon_notification.desktop_notification.notify2:Failed to initialize notify2: org.freedesktop.DBus.Error.NotSupported: Unable to autolaunch a dbus-daemon without a $DISPLAY for X11
[1.547s] DEBUG:colcon.colcon_core.event_reactor:joined thread
[1.547s] INFO:colcon.colcon_core.shell:Creating prefix script '/root/ws_ros2/ZRobot_Next/install/local_setup.ps1'
[1.549s] INFO:colcon.colcon_core.shell:Creating prefix util module '/root/ws_ros2/ZRobot_Next/install/_local_setup_util_ps1.py'
[1.551s] INFO:colcon.colcon_core.shell:Creating prefix chain script '/root/ws_ros2/ZRobot_Next/install/setup.ps1'
[1.552s] INFO:colcon.colcon_core.shell:Creating prefix script '/root/ws_ros2/ZRobot_Next/install/local_setup.sh'
[1.553s] INFO:colcon.colcon_core.shell:Creating prefix util module '/root/ws_ros2/ZRobot_Next/install/_local_setup_util_sh.py'
[1.553s] INFO:colcon.colcon_core.shell:Creating prefix chain script '/root/ws_ros2/ZRobot_Next/install/setup.sh'
[1.555s] INFO:colcon.colcon_core.shell:Creating prefix script '/root/ws_ros2/ZRobot_Next/install/local_setup.bash'
[1.555s] INFO:colcon.colcon_core.shell:Creating prefix chain script '/root/ws_ros2/ZRobot_Next/install/setup.bash'
[1.556s] INFO:colcon.colcon_core.shell:Creating prefix script '/root/ws_ros2/ZRobot_Next/install/local_setup.zsh'
[1.557s] INFO:colcon.colcon_core.shell:Creating prefix chain script '/root/ws_ros2/ZRobot_Next/install/setup.zsh'
