[0.028s] Invoking command in '/root/ws_ros2/ZRobot_Next/build/zrobot_perception': CMAKE_PREFIX_PATH=/opt/ros/jazzy /usr/bin/cmake --build /root/ws_ros2/ZRobot_Next/build/zrobot_perception -- -j8 -l8
[0.214s] Built target ament_cmake_python_copy_zrobot_perception_setup
[0.214s] Built target ament_cmake_python_copy_zrobot_perception
[0.546s] running egg_info
[0.570s] writing zrobot_perception.egg-info/PKG-INFO
[0.571s] writing dependency_links to zrobot_perception.egg-info/dependency_links.txt
[0.572s] writing top-level names to zrobot_perception.egg-info/top_level.txt
[0.641s] reading manifest file 'zrobot_perception.egg-info/SOURCES.txt'
[0.642s] writing manifest file 'zrobot_perception.egg-info/SOURCES.txt'
[0.774s] Built target ament_cmake_python_build_zrobot_perception_egg
[0.774s] Invoked command in '/root/ws_ros2/ZRobot_Next/build/zrobot_perception' returned '0': CMAKE_PREFIX_PATH=/opt/ros/jazzy /usr/bin/cmake --build /root/ws_ros2/ZRobot_Next/build/zrobot_perception -- -j8 -l8
[0.775s] Invoking command in '/root/ws_ros2/ZRobot_Next/build/zrobot_perception': CMAKE_PREFIX_PATH=/opt/ros/jazzy /usr/bin/cmake --install /root/ws_ros2/ZRobot_Next/build/zrobot_perception
[0.779s] -- Install configuration: ""
[0.780s] -- Up-to-date: /root/ws_ros2/ZRobot_Next/install/zrobot_perception/share/zrobot_perception/environment/pythonpath.sh
[0.781s] -- Up-to-date: /root/ws_ros2/ZRobot_Next/install/zrobot_perception/share/zrobot_perception/environment/pythonpath.dsv
[0.781s] -- Up-to-date: /root/ws_ros2/ZRobot_Next/install/zrobot_perception/lib/python3.12/site-packages/zrobot_perception-1.0.0-py3.12.egg-info
[0.782s] -- Installing: /root/ws_ros2/ZRobot_Next/install/zrobot_perception/lib/python3.12/site-packages/zrobot_perception-1.0.0-py3.12.egg-info/dependency_links.txt
[0.783s] -- Installing: /root/ws_ros2/ZRobot_Next/install/zrobot_perception/lib/python3.12/site-packages/zrobot_perception-1.0.0-py3.12.egg-info/PKG-INFO
[0.787s] -- Installing: /root/ws_ros2/ZRobot_Next/install/zrobot_perception/lib/python3.12/site-packages/zrobot_perception-1.0.0-py3.12.egg-info/top_level.txt
[0.789s] -- Installing: /root/ws_ros2/ZRobot_Next/install/zrobot_perception/lib/python3.12/site-packages/zrobot_perception-1.0.0-py3.12.egg-info/SOURCES.txt
[0.791s] -- Up-to-date: /root/ws_ros2/ZRobot_Next/install/zrobot_perception/lib/python3.12/site-packages/zrobot_perception
[0.791s] -- Up-to-date: /root/ws_ros2/ZRobot_Next/install/zrobot_perception/lib/python3.12/site-packages/zrobot_perception/yolo_detector_node.py
[0.792s] -- Up-to-date: /root/ws_ros2/ZRobot_Next/install/zrobot_perception/lib/python3.12/site-packages/zrobot_perception/__init__.py
[0.857s] Listing '/root/ws_ros2/ZRobot_Next/install/zrobot_perception/lib/python3.12/site-packages/zrobot_perception'...
[0.874s] -- Up-to-date: /root/ws_ros2/ZRobot_Next/install/zrobot_perception/lib/zrobot_perception/yolo_detector_node
[0.875s] -- Up-to-date: /root/ws_ros2/ZRobot_Next/install/zrobot_perception/share/zrobot_perception/launch
[0.876s] -- Up-to-date: /root/ws_ros2/ZRobot_Next/install/zrobot_perception/share/zrobot_perception/launch/yolo_detector.launch.py
[0.876s] -- Up-to-date: /root/ws_ros2/ZRobot_Next/install/zrobot_perception/share/zrobot_perception/config
[0.876s] -- Up-to-date: /root/ws_ros2/ZRobot_Next/install/zrobot_perception/share/zrobot_perception/config/yolo_detector.yaml
[0.877s] -- Up-to-date: /root/ws_ros2/ZRobot_Next/install/zrobot_perception/share/zrobot_perception/resource
[0.877s] -- Up-to-date: /root/ws_ros2/ZRobot_Next/install/zrobot_perception/share/zrobot_perception/resource/zrobot_perception
[0.878s] -- Up-to-date: /root/ws_ros2/ZRobot_Next/install/zrobot_perception/share/ament_index/resource_index/package_run_dependencies/zrobot_perception
[0.879s] -- Up-to-date: /root/ws_ros2/ZRobot_Next/install/zrobot_perception/share/ament_index/resource_index/parent_prefix_path/zrobot_perception
[0.880s] -- Up-to-date: /root/ws_ros2/ZRobot_Next/install/zrobot_perception/share/zrobot_perception/environment/ament_prefix_path.sh
[0.881s] -- Up-to-date: /root/ws_ros2/ZRobot_Next/install/zrobot_perception/share/zrobot_perception/environment/ament_prefix_path.dsv
[0.881s] -- Up-to-date: /root/ws_ros2/ZRobot_Next/install/zrobot_perception/share/zrobot_perception/environment/path.sh
[0.882s] -- Up-to-date: /root/ws_ros2/ZRobot_Next/install/zrobot_perception/share/zrobot_perception/environment/path.dsv
[0.882s] -- Up-to-date: /root/ws_ros2/ZRobot_Next/install/zrobot_perception/share/zrobot_perception/local_setup.bash
[0.883s] -- Up-to-date: /root/ws_ros2/ZRobot_Next/install/zrobot_perception/share/zrobot_perception/local_setup.sh
[0.883s] -- Up-to-date: /root/ws_ros2/ZRobot_Next/install/zrobot_perception/share/zrobot_perception/local_setup.zsh
[0.884s] -- Up-to-date: /root/ws_ros2/ZRobot_Next/install/zrobot_perception/share/zrobot_perception/local_setup.dsv
[0.884s] -- Installing: /root/ws_ros2/ZRobot_Next/install/zrobot_perception/share/zrobot_perception/package.dsv
[0.885s] -- Up-to-date: /root/ws_ros2/ZRobot_Next/install/zrobot_perception/share/ament_index/resource_index/packages/zrobot_perception
[0.886s] -- Up-to-date: /root/ws_ros2/ZRobot_Next/install/zrobot_perception/share/zrobot_perception/cmake/zrobot_perceptionConfig.cmake
[0.887s] -- Up-to-date: /root/ws_ros2/ZRobot_Next/install/zrobot_perception/share/zrobot_perception/cmake/zrobot_perceptionConfig-version.cmake
[0.888s] -- Up-to-date: /root/ws_ros2/ZRobot_Next/install/zrobot_perception/share/zrobot_perception/package.xml
[0.888s] Invoked command in '/root/ws_ros2/ZRobot_Next/build/zrobot_perception' returned '0': CMAKE_PREFIX_PATH=/opt/ros/jazzy /usr/bin/cmake --install /root/ws_ros2/ZRobot_Next/build/zrobot_perception
