[0.019s] Invoking command in '/root/ws_ros2/ZRobot_Next/build/zrobot_bringup': CMAKE_PREFIX_PATH=/root/ws_ros2/ZRobot_Next/install/zrobot_perception:/root/ws_ros2/ZRobot_Next/install/zrobot_control:/root/ws_ros2/ZRobot_ROS/install/zrobot_bringup:/root/ws_ros2/ZRobot_ROS/install/zrobot_perception:/root/ws_ros2/ZRobot_ROS/install/zrobot_obstacle_avoidance:/root/ws_ros2/ZRobot_ROS/install/zrobot_interfaces:/root/ws_ros2/ZRobot_ROS/install/zrobot_control:/root/ws_ros2/ZRobot_ROS/install/web_interface:/root/ws_ros2/ZRobot_ROS/install/ldlidar_stl_ros2:/root/ws_ros2/ZRobot_Next/install/zrobot_bringup:/root/ws_ros2/ZRobot_Next/install/zrobot_obstacle_avoidance:/root/ws_ros2/ZRobot_Next/install/zrobot_interfaces:/root/ws_ros2/ZRobot_Next/install/web_interface:/root/ws_ros2/ZRobot_Next/install/ldlidar_stl_ros2:/opt/ros/jazzy PYTHONPATH=/root/ws_ros2/ZRobot_Next/install/zrobot_perception/lib/python3.12/site-packages:/root/ws_ros2/ZRobot_ROS/install/zrobot_perception/lib/python3.12/site-packages:/root/ws_ros2/ZRobot_ROS/install/zrobot_interfaces/lib/python3.12/site-packages:/root/ws_ros2/ZRobot_Next/install/zrobot_interfaces/lib/python3.12/site-packages:/opt/ros/jazzy/lib/python3.12/site-packages /usr/bin/cmake /root/ws_ros2/ZRobot_Next/zrobot_bringup -DCMAKE_INSTALL_PREFIX=/root/ws_ros2/ZRobot_Next/install/zrobot_bringup
[0.177s] -- The C compiler identification is GNU 13.3.0
[0.312s] -- The CXX compiler identification is GNU 13.3.0
[0.343s] -- Detecting C compiler ABI info
[0.550s] -- Detecting C compiler ABI info - done
[0.564s] -- Check for working C compiler: /usr/bin/cc - skipped
[0.564s] -- Detecting C compile features
[0.565s] -- Detecting C compile features - done
[0.586s] -- Detecting CXX compiler ABI info
[0.836s] -- Detecting CXX compiler ABI info - done
[0.850s] -- Check for working CXX compiler: /usr/bin/c++ - skipped
[0.851s] -- Detecting CXX compile features
[0.851s] -- Detecting CXX compile features - done
[0.856s] -- Found ament_cmake: 2.5.5 (/opt/ros/jazzy/share/ament_cmake/cmake)
[1.137s] -- Found Python3: /usr/bin/python3 (found version "3.12.3") found components: Interpreter 
[1.569s] -- Configuring done (1.5s)
[1.573s] -- Generating done (0.0s)
[1.576s] -- Build files have been written to: /root/ws_ros2/ZRobot_Next/build/zrobot_bringup
[1.588s] Invoked command in '/root/ws_ros2/ZRobot_Next/build/zrobot_bringup' returned '0': CMAKE_PREFIX_PATH=/root/ws_ros2/ZRobot_Next/install/zrobot_perception:/root/ws_ros2/ZRobot_Next/install/zrobot_control:/root/ws_ros2/ZRobot_ROS/install/zrobot_bringup:/root/ws_ros2/ZRobot_ROS/install/zrobot_perception:/root/ws_ros2/ZRobot_ROS/install/zrobot_obstacle_avoidance:/root/ws_ros2/ZRobot_ROS/install/zrobot_interfaces:/root/ws_ros2/ZRobot_ROS/install/zrobot_control:/root/ws_ros2/ZRobot_ROS/install/web_interface:/root/ws_ros2/ZRobot_ROS/install/ldlidar_stl_ros2:/root/ws_ros2/ZRobot_Next/install/zrobot_bringup:/root/ws_ros2/ZRobot_Next/install/zrobot_obstacle_avoidance:/root/ws_ros2/ZRobot_Next/install/zrobot_interfaces:/root/ws_ros2/ZRobot_Next/install/web_interface:/root/ws_ros2/ZRobot_Next/install/ldlidar_stl_ros2:/opt/ros/jazzy PYTHONPATH=/root/ws_ros2/ZRobot_Next/install/zrobot_perception/lib/python3.12/site-packages:/root/ws_ros2/ZRobot_ROS/install/zrobot_perception/lib/python3.12/site-packages:/root/ws_ros2/ZRobot_ROS/install/zrobot_interfaces/lib/python3.12/site-packages:/root/ws_ros2/ZRobot_Next/install/zrobot_interfaces/lib/python3.12/site-packages:/opt/ros/jazzy/lib/python3.12/site-packages /usr/bin/cmake /root/ws_ros2/ZRobot_Next/zrobot_bringup -DCMAKE_INSTALL_PREFIX=/root/ws_ros2/ZRobot_Next/install/zrobot_bringup
[1.589s] Invoking command in '/root/ws_ros2/ZRobot_Next/build/zrobot_bringup': CMAKE_PREFIX_PATH=/root/ws_ros2/ZRobot_Next/install/zrobot_perception:/root/ws_ros2/ZRobot_Next/install/zrobot_control:/root/ws_ros2/ZRobot_ROS/install/zrobot_bringup:/root/ws_ros2/ZRobot_ROS/install/zrobot_perception:/root/ws_ros2/ZRobot_ROS/install/zrobot_obstacle_avoidance:/root/ws_ros2/ZRobot_ROS/install/zrobot_interfaces:/root/ws_ros2/ZRobot_ROS/install/zrobot_control:/root/ws_ros2/ZRobot_ROS/install/web_interface:/root/ws_ros2/ZRobot_ROS/install/ldlidar_stl_ros2:/root/ws_ros2/ZRobot_Next/install/zrobot_bringup:/root/ws_ros2/ZRobot_Next/install/zrobot_obstacle_avoidance:/root/ws_ros2/ZRobot_Next/install/zrobot_interfaces:/root/ws_ros2/ZRobot_Next/install/web_interface:/root/ws_ros2/ZRobot_Next/install/ldlidar_stl_ros2:/opt/ros/jazzy PYTHONPATH=/root/ws_ros2/ZRobot_Next/install/zrobot_perception/lib/python3.12/site-packages:/root/ws_ros2/ZRobot_ROS/install/zrobot_perception/lib/python3.12/site-packages:/root/ws_ros2/ZRobot_ROS/install/zrobot_interfaces/lib/python3.12/site-packages:/root/ws_ros2/ZRobot_Next/install/zrobot_interfaces/lib/python3.12/site-packages:/opt/ros/jazzy/lib/python3.12/site-packages /usr/bin/cmake --build /root/ws_ros2/ZRobot_Next/build/zrobot_bringup -- -j8 -l8
[1.686s] Invoked command in '/root/ws_ros2/ZRobot_Next/build/zrobot_bringup' returned '0': CMAKE_PREFIX_PATH=/root/ws_ros2/ZRobot_Next/install/zrobot_perception:/root/ws_ros2/ZRobot_Next/install/zrobot_control:/root/ws_ros2/ZRobot_ROS/install/zrobot_bringup:/root/ws_ros2/ZRobot_ROS/install/zrobot_perception:/root/ws_ros2/ZRobot_ROS/install/zrobot_obstacle_avoidance:/root/ws_ros2/ZRobot_ROS/install/zrobot_interfaces:/root/ws_ros2/ZRobot_ROS/install/zrobot_control:/root/ws_ros2/ZRobot_ROS/install/web_interface:/root/ws_ros2/ZRobot_ROS/install/ldlidar_stl_ros2:/root/ws_ros2/ZRobot_Next/install/zrobot_bringup:/root/ws_ros2/ZRobot_Next/install/zrobot_obstacle_avoidance:/root/ws_ros2/ZRobot_Next/install/zrobot_interfaces:/root/ws_ros2/ZRobot_Next/install/web_interface:/root/ws_ros2/ZRobot_Next/install/ldlidar_stl_ros2:/opt/ros/jazzy PYTHONPATH=/root/ws_ros2/ZRobot_Next/install/zrobot_perception/lib/python3.12/site-packages:/root/ws_ros2/ZRobot_ROS/install/zrobot_perception/lib/python3.12/site-packages:/root/ws_ros2/ZRobot_ROS/install/zrobot_interfaces/lib/python3.12/site-packages:/root/ws_ros2/ZRobot_Next/install/zrobot_interfaces/lib/python3.12/site-packages:/opt/ros/jazzy/lib/python3.12/site-packages /usr/bin/cmake --build /root/ws_ros2/ZRobot_Next/build/zrobot_bringup -- -j8 -l8
[1.687s] Invoking command in '/root/ws_ros2/ZRobot_Next/build/zrobot_bringup': CMAKE_PREFIX_PATH=/root/ws_ros2/ZRobot_Next/install/zrobot_perception:/root/ws_ros2/ZRobot_Next/install/zrobot_control:/root/ws_ros2/ZRobot_ROS/install/zrobot_bringup:/root/ws_ros2/ZRobot_ROS/install/zrobot_perception:/root/ws_ros2/ZRobot_ROS/install/zrobot_obstacle_avoidance:/root/ws_ros2/ZRobot_ROS/install/zrobot_interfaces:/root/ws_ros2/ZRobot_ROS/install/zrobot_control:/root/ws_ros2/ZRobot_ROS/install/web_interface:/root/ws_ros2/ZRobot_ROS/install/ldlidar_stl_ros2:/root/ws_ros2/ZRobot_Next/install/zrobot_bringup:/root/ws_ros2/ZRobot_Next/install/zrobot_obstacle_avoidance:/root/ws_ros2/ZRobot_Next/install/zrobot_interfaces:/root/ws_ros2/ZRobot_Next/install/web_interface:/root/ws_ros2/ZRobot_Next/install/ldlidar_stl_ros2:/opt/ros/jazzy PYTHONPATH=/root/ws_ros2/ZRobot_Next/install/zrobot_perception/lib/python3.12/site-packages:/root/ws_ros2/ZRobot_ROS/install/zrobot_perception/lib/python3.12/site-packages:/root/ws_ros2/ZRobot_ROS/install/zrobot_interfaces/lib/python3.12/site-packages:/root/ws_ros2/ZRobot_Next/install/zrobot_interfaces/lib/python3.12/site-packages:/opt/ros/jazzy/lib/python3.12/site-packages /usr/bin/cmake --install /root/ws_ros2/ZRobot_Next/build/zrobot_bringup
[1.715s] -- Install configuration: ""
[1.715s] -- Installing: /root/ws_ros2/ZRobot_Next/install/zrobot_bringup/share/zrobot_bringup//launch
[1.715s] -- Installing: /root/ws_ros2/ZRobot_Next/install/zrobot_bringup/share/zrobot_bringup//launch/zrobot_launch.py
[1.715s] -- Installing: /root/ws_ros2/ZRobot_Next/install/zrobot_bringup/share/zrobot_bringup//config
[1.716s] -- Installing: /root/ws_ros2/ZRobot_Next/install/zrobot_bringup/share/zrobot_bringup//config/zrobot_config.yaml
[1.716s] -- Installing: /root/ws_ros2/ZRobot_Next/install/zrobot_bringup/lib/zrobot_bringup/zrobot_launch.py
[1.716s] -- Installing: /root/ws_ros2/ZRobot_Next/install/zrobot_bringup/share/ament_index/resource_index/package_run_dependencies/zrobot_bringup
[1.716s] -- Installing: /root/ws_ros2/ZRobot_Next/install/zrobot_bringup/share/ament_index/resource_index/parent_prefix_path/zrobot_bringup
[1.717s] -- Installing: /root/ws_ros2/ZRobot_Next/install/zrobot_bringup/share/zrobot_bringup/environment/ament_prefix_path.sh
[1.717s] -- Installing: /root/ws_ros2/ZRobot_Next/install/zrobot_bringup/share/zrobot_bringup/environment/ament_prefix_path.dsv
[1.718s] -- Installing: /root/ws_ros2/ZRobot_Next/install/zrobot_bringup/share/zrobot_bringup/environment/path.sh
[1.718s] -- Installing: /root/ws_ros2/ZRobot_Next/install/zrobot_bringup/share/zrobot_bringup/environment/path.dsv
[1.719s] -- Installing: /root/ws_ros2/ZRobot_Next/install/zrobot_bringup/share/zrobot_bringup/local_setup.bash
[1.719s] -- Installing: /root/ws_ros2/ZRobot_Next/install/zrobot_bringup/share/zrobot_bringup/local_setup.sh
[1.720s] -- Installing: /root/ws_ros2/ZRobot_Next/install/zrobot_bringup/share/zrobot_bringup/local_setup.zsh
[1.720s] -- Installing: /root/ws_ros2/ZRobot_Next/install/zrobot_bringup/share/zrobot_bringup/local_setup.dsv
[1.721s] -- Installing: /root/ws_ros2/ZRobot_Next/install/zrobot_bringup/share/zrobot_bringup/package.dsv
[1.721s] -- Installing: /root/ws_ros2/ZRobot_Next/install/zrobot_bringup/share/ament_index/resource_index/packages/zrobot_bringup
[1.723s] -- Installing: /root/ws_ros2/ZRobot_Next/install/zrobot_bringup/share/zrobot_bringup/cmake/zrobot_bringupConfig.cmake
[1.723s] -- Installing: /root/ws_ros2/ZRobot_Next/install/zrobot_bringup/share/zrobot_bringup/cmake/zrobot_bringupConfig-version.cmake
[1.724s] -- Installing: /root/ws_ros2/ZRobot_Next/install/zrobot_bringup/share/zrobot_bringup/package.xml
[1.725s] Invoked command in '/root/ws_ros2/ZRobot_Next/build/zrobot_bringup' returned '0': CMAKE_PREFIX_PATH=/root/ws_ros2/ZRobot_Next/install/zrobot_perception:/root/ws_ros2/ZRobot_Next/install/zrobot_control:/root/ws_ros2/ZRobot_ROS/install/zrobot_bringup:/root/ws_ros2/ZRobot_ROS/install/zrobot_perception:/root/ws_ros2/ZRobot_ROS/install/zrobot_obstacle_avoidance:/root/ws_ros2/ZRobot_ROS/install/zrobot_interfaces:/root/ws_ros2/ZRobot_ROS/install/zrobot_control:/root/ws_ros2/ZRobot_ROS/install/web_interface:/root/ws_ros2/ZRobot_ROS/install/ldlidar_stl_ros2:/root/ws_ros2/ZRobot_Next/install/zrobot_bringup:/root/ws_ros2/ZRobot_Next/install/zrobot_obstacle_avoidance:/root/ws_ros2/ZRobot_Next/install/zrobot_interfaces:/root/ws_ros2/ZRobot_Next/install/web_interface:/root/ws_ros2/ZRobot_Next/install/ldlidar_stl_ros2:/opt/ros/jazzy PYTHONPATH=/root/ws_ros2/ZRobot_Next/install/zrobot_perception/lib/python3.12/site-packages:/root/ws_ros2/ZRobot_ROS/install/zrobot_perception/lib/python3.12/site-packages:/root/ws_ros2/ZRobot_ROS/install/zrobot_interfaces/lib/python3.12/site-packages:/root/ws_ros2/ZRobot_Next/install/zrobot_interfaces/lib/python3.12/site-packages:/opt/ros/jazzy/lib/python3.12/site-packages /usr/bin/cmake --install /root/ws_ros2/ZRobot_Next/build/zrobot_bringup
