[0.089s] Invoking command in '/root/ws_ros2/ZRobot_Next/build/zrobot_control': CMAKE_PREFIX_PATH=${CMAKE_PREFIX_PATH}:/opt/ros/jazzy /usr/bin/cmake --build /root/ws_ros2/ZRobot_Next/build/zrobot_control -- -j8 -l8
[0.322s] [100%] Built target motor_controller_node
[0.378s] Invoked command in '/root/ws_ros2/ZRobot_Next/build/zrobot_control' returned '0': CMAKE_PREFIX_PATH=${CMAKE_PREFIX_PATH}:/opt/ros/jazzy /usr/bin/cmake --build /root/ws_ros2/ZRobot_Next/build/zrobot_control -- -j8 -l8
[0.379s] Invoking command in '/root/ws_ros2/ZRobot_Next/build/zrobot_control': CMAKE_PREFIX_PATH=${CMAKE_PREFIX_PATH}:/opt/ros/jazzy /usr/bin/cmake --install /root/ws_ros2/ZRobot_Next/build/zrobot_control
[0.403s] -- Install configuration: ""
[0.405s] -- Up-to-date: /root/ws_ros2/ZRobot_Next/install/zrobot_control/lib/zrobot_control/motor_controller_node
[0.406s] -- Up-to-date: /root/ws_ros2/ZRobot_Next/install/zrobot_control/share/ament_index/resource_index/package_run_dependencies/zrobot_control
[0.406s] -- Up-to-date: /root/ws_ros2/ZRobot_Next/install/zrobot_control/share/ament_index/resource_index/parent_prefix_path/zrobot_control
[0.409s] -- Up-to-date: /root/ws_ros2/ZRobot_Next/install/zrobot_control/share/zrobot_control/environment/ament_prefix_path.sh
[0.409s] -- Up-to-date: /root/ws_ros2/ZRobot_Next/install/zrobot_control/share/zrobot_control/environment/ament_prefix_path.dsv
[0.410s] -- Up-to-date: /root/ws_ros2/ZRobot_Next/install/zrobot_control/share/zrobot_control/environment/path.sh
[0.410s] -- Up-to-date: /root/ws_ros2/ZRobot_Next/install/zrobot_control/share/zrobot_control/environment/path.dsv
[0.411s] -- Up-to-date: /root/ws_ros2/ZRobot_Next/install/zrobot_control/share/zrobot_control/local_setup.bash
[0.411s] -- Up-to-date: /root/ws_ros2/ZRobot_Next/install/zrobot_control/share/zrobot_control/local_setup.sh
[0.412s] -- Up-to-date: /root/ws_ros2/ZRobot_Next/install/zrobot_control/share/zrobot_control/local_setup.zsh
[0.412s] -- Up-to-date: /root/ws_ros2/ZRobot_Next/install/zrobot_control/share/zrobot_control/local_setup.dsv
[0.413s] -- Installing: /root/ws_ros2/ZRobot_Next/install/zrobot_control/share/zrobot_control/package.dsv
[0.414s] -- Up-to-date: /root/ws_ros2/ZRobot_Next/install/zrobot_control/share/ament_index/resource_index/packages/zrobot_control
[0.415s] -- Up-to-date: /root/ws_ros2/ZRobot_Next/install/zrobot_control/share/zrobot_control/cmake/zrobot_controlConfig.cmake
[0.416s] -- Up-to-date: /root/ws_ros2/ZRobot_Next/install/zrobot_control/share/zrobot_control/cmake/zrobot_controlConfig-version.cmake
[0.417s] -- Up-to-date: /root/ws_ros2/ZRobot_Next/install/zrobot_control/share/zrobot_control/package.xml
[0.426s] Invoked command in '/root/ws_ros2/ZRobot_Next/build/zrobot_control' returned '0': CMAKE_PREFIX_PATH=${CMAKE_PREFIX_PATH}:/opt/ros/jazzy /usr/bin/cmake --install /root/ws_ros2/ZRobot_Next/build/zrobot_control
