[0.082s] Invoking command in '/root/ws_ros2/ZRobot_Next/build/zrobot_perception': CMAKE_PREFIX_PATH=${CMAKE_PREFIX_PATH}:/opt/ros/jazzy /usr/bin/cmake /root/ws_ros2/ZRobot_Next/zrobot_perception -DCMAKE_INSTALL_PREFIX=/root/ws_ros2/ZRobot_Next/install/zrobot_perception
[0.788s] -- The C compiler identification is GNU 13.3.0
[1.419s] -- The CXX compiler identification is GNU 13.3.0
[1.449s] -- Detecting C compiler ABI info
[1.659s] -- Detecting C compiler ABI info - done
[1.672s] -- Check for working C compiler: /usr/bin/cc - skipped
[1.673s] -- Detecting C compile features
[1.673s] -- Detecting C compile features - done
[1.691s] -- Detecting CXX compiler ABI info
[1.968s] -- Detecting CXX compiler ABI info - done
[2.017s] -- Check for working CXX compiler: /usr/bin/c++ - skipped
[2.017s] -- Detecting CXX compile features
[2.018s] -- Detecting CXX compile features - done
[2.023s] -- Found ament_cmake: 2.5.5 (/opt/ros/jazzy/share/ament_cmake/cmake)
[2.354s] -- Found Python3: /usr/bin/python3 (found version "3.12.3") found components: Interpreter 
[3.201s] -- Configuring done (3.1s)
[3.223s] -- Generating done (0.0s)
[3.235s] -- Build files have been written to: /root/ws_ros2/ZRobot_Next/build/zrobot_perception
[3.246s] Invoked command in '/root/ws_ros2/ZRobot_Next/build/zrobot_perception' returned '0': CMAKE_PREFIX_PATH=${CMAKE_PREFIX_PATH}:/opt/ros/jazzy /usr/bin/cmake /root/ws_ros2/ZRobot_Next/zrobot_perception -DCMAKE_INSTALL_PREFIX=/root/ws_ros2/ZRobot_Next/install/zrobot_perception
[3.247s] Invoking command in '/root/ws_ros2/ZRobot_Next/build/zrobot_perception': CMAKE_PREFIX_PATH=${CMAKE_PREFIX_PATH}:/opt/ros/jazzy /usr/bin/cmake --build /root/ws_ros2/ZRobot_Next/build/zrobot_perception -- -j8 -l8
[3.418s] Built target ament_cmake_python_copy_zrobot_perception
[3.420s] Built target ament_cmake_python_copy_zrobot_perception_setup
[3.800s] running egg_info
[3.801s] creating zrobot_perception.egg-info
[3.826s] writing zrobot_perception.egg-info/PKG-INFO
[3.827s] writing dependency_links to zrobot_perception.egg-info/dependency_links.txt
[3.828s] writing top-level names to zrobot_perception.egg-info/top_level.txt
[3.829s] writing manifest file 'zrobot_perception.egg-info/SOURCES.txt'
[3.902s] reading manifest file 'zrobot_perception.egg-info/SOURCES.txt'
[3.903s] writing manifest file 'zrobot_perception.egg-info/SOURCES.txt'
[3.972s] Built target ament_cmake_python_build_zrobot_perception_egg
[3.988s] Invoked command in '/root/ws_ros2/ZRobot_Next/build/zrobot_perception' returned '0': CMAKE_PREFIX_PATH=${CMAKE_PREFIX_PATH}:/opt/ros/jazzy /usr/bin/cmake --build /root/ws_ros2/ZRobot_Next/build/zrobot_perception -- -j8 -l8
[3.992s] Invoking command in '/root/ws_ros2/ZRobot_Next/build/zrobot_perception': CMAKE_PREFIX_PATH=${CMAKE_PREFIX_PATH}:/opt/ros/jazzy /usr/bin/cmake --install /root/ws_ros2/ZRobot_Next/build/zrobot_perception
[4.020s] -- Install configuration: ""
[4.021s] -- Installing: /root/ws_ros2/ZRobot_Next/install/zrobot_perception/share/zrobot_perception/environment/pythonpath.sh
[4.021s] -- Installing: /root/ws_ros2/ZRobot_Next/install/zrobot_perception/share/zrobot_perception/environment/pythonpath.dsv
[4.022s] -- Installing: /root/ws_ros2/ZRobot_Next/install/zrobot_perception/lib/python3.12/site-packages/zrobot_perception-1.0.0-py3.12.egg-info
[4.023s] -- Installing: /root/ws_ros2/ZRobot_Next/install/zrobot_perception/lib/python3.12/site-packages/zrobot_perception-1.0.0-py3.12.egg-info/dependency_links.txt
[4.023s] -- Installing: /root/ws_ros2/ZRobot_Next/install/zrobot_perception/lib/python3.12/site-packages/zrobot_perception-1.0.0-py3.12.egg-info/PKG-INFO
[4.023s] -- Installing: /root/ws_ros2/ZRobot_Next/install/zrobot_perception/lib/python3.12/site-packages/zrobot_perception-1.0.0-py3.12.egg-info/top_level.txt
[4.024s] -- Installing: /root/ws_ros2/ZRobot_Next/install/zrobot_perception/lib/python3.12/site-packages/zrobot_perception-1.0.0-py3.12.egg-info/SOURCES.txt
[4.024s] -- Installing: /root/ws_ros2/ZRobot_Next/install/zrobot_perception/lib/python3.12/site-packages/zrobot_perception
[4.025s] -- Installing: /root/ws_ros2/ZRobot_Next/install/zrobot_perception/lib/python3.12/site-packages/zrobot_perception/yolo_detector_node.py
[4.026s] -- Installing: /root/ws_ros2/ZRobot_Next/install/zrobot_perception/lib/python3.12/site-packages/zrobot_perception/__init__.py
[4.102s] Listing '/root/ws_ros2/ZRobot_Next/install/zrobot_perception/lib/python3.12/site-packages/zrobot_perception'...
[4.103s] Compiling '/root/ws_ros2/ZRobot_Next/install/zrobot_perception/lib/python3.12/site-packages/zrobot_perception/__init__.py'...
[4.103s] Compiling '/root/ws_ros2/ZRobot_Next/install/zrobot_perception/lib/python3.12/site-packages/zrobot_perception/yolo_detector_node.py'...
[4.121s] -- Installing: /root/ws_ros2/ZRobot_Next/install/zrobot_perception/lib/zrobot_perception/yolo_detector_node
[4.123s] -- Installing: /root/ws_ros2/ZRobot_Next/install/zrobot_perception/share/zrobot_perception/launch
[4.124s] -- Installing: /root/ws_ros2/ZRobot_Next/install/zrobot_perception/share/zrobot_perception/launch/yolo_detector.launch.py
[4.124s] -- Installing: /root/ws_ros2/ZRobot_Next/install/zrobot_perception/share/zrobot_perception/config
[4.124s] -- Installing: /root/ws_ros2/ZRobot_Next/install/zrobot_perception/share/zrobot_perception/config/yolo_detector.yaml
[4.125s] -- Installing: /root/ws_ros2/ZRobot_Next/install/zrobot_perception/share/zrobot_perception/resource
[4.125s] -- Installing: /root/ws_ros2/ZRobot_Next/install/zrobot_perception/share/zrobot_perception/resource/zrobot_perception
[4.125s] -- Installing: /root/ws_ros2/ZRobot_Next/install/zrobot_perception/share/ament_index/resource_index/package_run_dependencies/zrobot_perception
[4.125s] -- Installing: /root/ws_ros2/ZRobot_Next/install/zrobot_perception/share/ament_index/resource_index/parent_prefix_path/zrobot_perception
[4.125s] -- Installing: /root/ws_ros2/ZRobot_Next/install/zrobot_perception/share/zrobot_perception/environment/ament_prefix_path.sh
[4.125s] -- Installing: /root/ws_ros2/ZRobot_Next/install/zrobot_perception/share/zrobot_perception/environment/ament_prefix_path.dsv
[4.125s] -- Installing: /root/ws_ros2/ZRobot_Next/install/zrobot_perception/share/zrobot_perception/environment/path.sh
[4.126s] -- Installing: /root/ws_ros2/ZRobot_Next/install/zrobot_perception/share/zrobot_perception/environment/path.dsv
[4.126s] -- Installing: /root/ws_ros2/ZRobot_Next/install/zrobot_perception/share/zrobot_perception/local_setup.bash
[4.126s] -- Installing: /root/ws_ros2/ZRobot_Next/install/zrobot_perception/share/zrobot_perception/local_setup.sh
[4.126s] -- Installing: /root/ws_ros2/ZRobot_Next/install/zrobot_perception/share/zrobot_perception/local_setup.zsh
[4.126s] -- Installing: /root/ws_ros2/ZRobot_Next/install/zrobot_perception/share/zrobot_perception/local_setup.dsv
[4.126s] -- Installing: /root/ws_ros2/ZRobot_Next/install/zrobot_perception/share/zrobot_perception/package.dsv
[4.126s] -- Installing: /root/ws_ros2/ZRobot_Next/install/zrobot_perception/share/ament_index/resource_index/packages/zrobot_perception
[4.126s] -- Installing: /root/ws_ros2/ZRobot_Next/install/zrobot_perception/share/zrobot_perception/cmake/zrobot_perceptionConfig.cmake
[4.126s] -- Installing: /root/ws_ros2/ZRobot_Next/install/zrobot_perception/share/zrobot_perception/cmake/zrobot_perceptionConfig-version.cmake
[4.127s] -- Installing: /root/ws_ros2/ZRobot_Next/install/zrobot_perception/share/zrobot_perception/package.xml
[4.175s] Invoked command in '/root/ws_ros2/ZRobot_Next/build/zrobot_perception' returned '0': CMAKE_PREFIX_PATH=${CMAKE_PREFIX_PATH}:/opt/ros/jazzy /usr/bin/cmake --install /root/ws_ros2/ZRobot_Next/build/zrobot_perception
