[0.032s] Invoking command in '/root/ws_ros2/ZRobot_Next/build/zrobot_bringup': CMAKE_PREFIX_PATH=/root/ws_ros2/ZRobot_Next/install/zrobot_perception:/root/ws_ros2/ZRobot_Next/install/zrobot_control:/root/ws_ros2/ZRobot_Next/install/zrobot_bringup:/root/ws_ros2/ZRobot_Next/install/zrobot_obstacle_avoidance:/root/ws_ros2/ZRobot_Next/install/zrobot_interfaces:/root/ws_ros2/ZRobot_Next/install/web_interface:/root/ws_ros2/ZRobot_Next/install/ldlidar_stl_ros2:/opt/ros/jazzy /usr/bin/cmake --build /root/ws_ros2/ZRobot_Next/build/zrobot_bringup -- -j8 -l8
[0.126s] Invoked command in '/root/ws_ros2/ZRobot_Next/build/zrobot_bringup' returned '0': CMAKE_PREFIX_PATH=/root/ws_ros2/ZRobot_Next/install/zrobot_perception:/root/ws_ros2/ZRobot_Next/install/zrobot_control:/root/ws_ros2/ZRobot_Next/install/zrobot_bringup:/root/ws_ros2/ZRobot_Next/install/zrobot_obstacle_avoidance:/root/ws_ros2/ZRobot_Next/install/zrobot_interfaces:/root/ws_ros2/ZRobot_Next/install/web_interface:/root/ws_ros2/ZRobot_Next/install/ldlidar_stl_ros2:/opt/ros/jazzy /usr/bin/cmake --build /root/ws_ros2/ZRobot_Next/build/zrobot_bringup -- -j8 -l8
[0.128s] Invoking command in '/root/ws_ros2/ZRobot_Next/build/zrobot_bringup': CMAKE_PREFIX_PATH=/root/ws_ros2/ZRobot_Next/install/zrobot_perception:/root/ws_ros2/ZRobot_Next/install/zrobot_control:/root/ws_ros2/ZRobot_Next/install/zrobot_bringup:/root/ws_ros2/ZRobot_Next/install/zrobot_obstacle_avoidance:/root/ws_ros2/ZRobot_Next/install/zrobot_interfaces:/root/ws_ros2/ZRobot_Next/install/web_interface:/root/ws_ros2/ZRobot_Next/install/ldlidar_stl_ros2:/opt/ros/jazzy /usr/bin/cmake --install /root/ws_ros2/ZRobot_Next/build/zrobot_bringup
[0.156s] -- Install configuration: ""
[0.156s] -- Up-to-date: /root/ws_ros2/ZRobot_Next/install/zrobot_bringup/share/zrobot_bringup//launch
[0.157s] -- Up-to-date: /root/ws_ros2/ZRobot_Next/install/zrobot_bringup/share/zrobot_bringup//launch/zrobot_launch.py
[0.157s] -- Up-to-date: /root/ws_ros2/ZRobot_Next/install/zrobot_bringup/share/zrobot_bringup//config
[0.158s] -- Up-to-date: /root/ws_ros2/ZRobot_Next/install/zrobot_bringup/share/zrobot_bringup//config/zrobot_config.yaml
[0.158s] -- Up-to-date: /root/ws_ros2/ZRobot_Next/install/zrobot_bringup/lib/zrobot_bringup/zrobot_launch.py
[0.159s] -- Up-to-date: /root/ws_ros2/ZRobot_Next/install/zrobot_bringup/share/ament_index/resource_index/package_run_dependencies/zrobot_bringup
[0.160s] -- Up-to-date: /root/ws_ros2/ZRobot_Next/install/zrobot_bringup/share/ament_index/resource_index/parent_prefix_path/zrobot_bringup
[0.161s] -- Up-to-date: /root/ws_ros2/ZRobot_Next/install/zrobot_bringup/share/zrobot_bringup/environment/ament_prefix_path.sh
[0.161s] -- Up-to-date: /root/ws_ros2/ZRobot_Next/install/zrobot_bringup/share/zrobot_bringup/environment/ament_prefix_path.dsv
[0.162s] -- Up-to-date: /root/ws_ros2/ZRobot_Next/install/zrobot_bringup/share/zrobot_bringup/environment/path.sh
[0.163s] -- Up-to-date: /root/ws_ros2/ZRobot_Next/install/zrobot_bringup/share/zrobot_bringup/environment/path.dsv
[0.163s] -- Up-to-date: /root/ws_ros2/ZRobot_Next/install/zrobot_bringup/share/zrobot_bringup/local_setup.bash
[0.164s] -- Up-to-date: /root/ws_ros2/ZRobot_Next/install/zrobot_bringup/share/zrobot_bringup/local_setup.sh
[0.164s] -- Up-to-date: /root/ws_ros2/ZRobot_Next/install/zrobot_bringup/share/zrobot_bringup/local_setup.zsh
[0.165s] -- Up-to-date: /root/ws_ros2/ZRobot_Next/install/zrobot_bringup/share/zrobot_bringup/local_setup.dsv
[0.166s] -- Installing: /root/ws_ros2/ZRobot_Next/install/zrobot_bringup/share/zrobot_bringup/package.dsv
[0.167s] -- Up-to-date: /root/ws_ros2/ZRobot_Next/install/zrobot_bringup/share/ament_index/resource_index/packages/zrobot_bringup
[0.167s] -- Up-to-date: /root/ws_ros2/ZRobot_Next/install/zrobot_bringup/share/zrobot_bringup/cmake/zrobot_bringupConfig.cmake
[0.168s] -- Up-to-date: /root/ws_ros2/ZRobot_Next/install/zrobot_bringup/share/zrobot_bringup/cmake/zrobot_bringupConfig-version.cmake
[0.169s] -- Up-to-date: /root/ws_ros2/ZRobot_Next/install/zrobot_bringup/share/zrobot_bringup/package.xml
[0.170s] Invoked command in '/root/ws_ros2/ZRobot_Next/build/zrobot_bringup' returned '0': CMAKE_PREFIX_PATH=/root/ws_ros2/ZRobot_Next/install/zrobot_perception:/root/ws_ros2/ZRobot_Next/install/zrobot_control:/root/ws_ros2/ZRobot_Next/install/zrobot_bringup:/root/ws_ros2/ZRobot_Next/install/zrobot_obstacle_avoidance:/root/ws_ros2/ZRobot_Next/install/zrobot_interfaces:/root/ws_ros2/ZRobot_Next/install/web_interface:/root/ws_ros2/ZRobot_Next/install/ldlidar_stl_ros2:/opt/ros/jazzy /usr/bin/cmake --install /root/ws_ros2/ZRobot_Next/build/zrobot_bringup
