[0.062s] Invoking command in '/root/ws_ros2/ZRobot_Next/build/zrobot_obstacle_avoidance': CMAKE_PREFIX_PATH=${CMAKE_PREFIX_PATH}:/opt/ros/jazzy /usr/bin/cmake /root/ws_ros2/ZRobot_Next/zrobot_obstacle_avoidance -DCMAKE_INSTALL_PREFIX=/root/ws_ros2/ZRobot_Next/install/zrobot_obstacle_avoidance
[0.745s] -- The C compiler identification is GNU 13.3.0
[1.361s] -- The CXX compiler identification is GNU 13.3.0
[1.398s] -- Detecting C compiler ABI info
[1.633s] -- Detecting C compiler ABI info - done
[1.677s] -- Check for working C compiler: /usr/bin/cc - skipped
[1.678s] -- Detecting C compile features
[1.678s] -- Detecting C compile features - done
[1.690s] -- Detecting CXX compiler ABI info
[1.963s] -- Detecting CXX compiler ABI info - done
[1.979s] -- Check for working CXX compiler: /usr/bin/c++ - skipped
[1.980s] -- Detecting CXX compile features
[1.980s] -- Detecting CXX compile features - done
[1.984s] -- Found ament_cmake: 2.5.5 (/opt/ros/jazzy/share/ament_cmake/cmake)
[2.240s] -- Found Python3: /usr/bin/python3 (found version "3.12.3") found components: Interpreter 
[2.684s] -- Found rclpy: 7.1.9 (/opt/ros/jazzy/share/rclpy/cmake)
[2.688s] -- Found rclcpp: 28.1.16 (/opt/ros/jazzy/share/rclcpp/cmake)
[2.791s] -- Found rosidl_generator_c: 4.6.7 (/opt/ros/jazzy/share/rosidl_generator_c/cmake)
[2.827s] -- Found rosidl_generator_cpp: 4.6.7 (/opt/ros/jazzy/share/rosidl_generator_cpp/cmake)
[2.875s] -- Using all available rosidl_typesupport_c: rosidl_typesupport_fastrtps_c;rosidl_typesupport_introspection_c
[2.909s] -- Using all available rosidl_typesupport_cpp: rosidl_typesupport_fastrtps_cpp;rosidl_typesupport_introspection_cpp
[3.110s] -- Found rmw_implementation_cmake: 7.3.3 (/opt/ros/jazzy/share/rmw_implementation_cmake/cmake)
[3.121s] -- Found rmw_fastrtps_cpp: 8.4.3 (/opt/ros/jazzy/share/rmw_fastrtps_cpp/cmake)
[3.316s] -- Found OpenSSL: /usr/lib/aarch64-linux-gnu/libcrypto.so (found version "3.0.13")  
[3.342s] -- Found FastRTPS: /opt/ros/jazzy/include (Required is at least version "2.13") 
[3.382s] -- Using RMW implementation 'rmw_fastrtps_cpp' as default
[3.551s] -- Found sensor_msgs: 5.3.6 (/opt/ros/jazzy/share/sensor_msgs/cmake)
[3.893s] -- Configuring done (3.8s)
[3.900s] -- Generating done (0.0s)
[3.904s] -- Build files have been written to: /root/ws_ros2/ZRobot_Next/build/zrobot_obstacle_avoidance
[3.921s] Invoked command in '/root/ws_ros2/ZRobot_Next/build/zrobot_obstacle_avoidance' returned '0': CMAKE_PREFIX_PATH=${CMAKE_PREFIX_PATH}:/opt/ros/jazzy /usr/bin/cmake /root/ws_ros2/ZRobot_Next/zrobot_obstacle_avoidance -DCMAKE_INSTALL_PREFIX=/root/ws_ros2/ZRobot_Next/install/zrobot_obstacle_avoidance
[3.923s] Invoking command in '/root/ws_ros2/ZRobot_Next/build/zrobot_obstacle_avoidance': CMAKE_PREFIX_PATH=${CMAKE_PREFIX_PATH}:/opt/ros/jazzy /usr/bin/cmake --build /root/ws_ros2/ZRobot_Next/build/zrobot_obstacle_avoidance -- -j8 -l8
[4.023s] Invoked command in '/root/ws_ros2/ZRobot_Next/build/zrobot_obstacle_avoidance' returned '0': CMAKE_PREFIX_PATH=${CMAKE_PREFIX_PATH}:/opt/ros/jazzy /usr/bin/cmake --build /root/ws_ros2/ZRobot_Next/build/zrobot_obstacle_avoidance -- -j8 -l8
[4.025s] Invoking command in '/root/ws_ros2/ZRobot_Next/build/zrobot_obstacle_avoidance': CMAKE_PREFIX_PATH=${CMAKE_PREFIX_PATH}:/opt/ros/jazzy /usr/bin/cmake --install /root/ws_ros2/ZRobot_Next/build/zrobot_obstacle_avoidance
[4.055s] -- Install configuration: ""
[4.056s] -- Installing: /root/ws_ros2/ZRobot_Next/install/zrobot_obstacle_avoidance/lib/zrobot_obstacle_avoidance/obstacle_avoidance_node
[4.060s] -- Installing: /root/ws_ros2/ZRobot_Next/install/zrobot_obstacle_avoidance/share/ament_index/resource_index/package_run_dependencies/zrobot_obstacle_avoidance
[4.060s] -- Installing: /root/ws_ros2/ZRobot_Next/install/zrobot_obstacle_avoidance/share/ament_index/resource_index/parent_prefix_path/zrobot_obstacle_avoidance
[4.061s] -- Installing: /root/ws_ros2/ZRobot_Next/install/zrobot_obstacle_avoidance/share/zrobot_obstacle_avoidance/environment/ament_prefix_path.sh
[4.062s] -- Installing: /root/ws_ros2/ZRobot_Next/install/zrobot_obstacle_avoidance/share/zrobot_obstacle_avoidance/environment/ament_prefix_path.dsv
[4.062s] -- Installing: /root/ws_ros2/ZRobot_Next/install/zrobot_obstacle_avoidance/share/zrobot_obstacle_avoidance/environment/path.sh
[4.063s] -- Installing: /root/ws_ros2/ZRobot_Next/install/zrobot_obstacle_avoidance/share/zrobot_obstacle_avoidance/environment/path.dsv
[4.063s] -- Installing: /root/ws_ros2/ZRobot_Next/install/zrobot_obstacle_avoidance/share/zrobot_obstacle_avoidance/local_setup.bash
[4.063s] -- Installing: /root/ws_ros2/ZRobot_Next/install/zrobot_obstacle_avoidance/share/zrobot_obstacle_avoidance/local_setup.sh
[4.063s] -- Installing: /root/ws_ros2/ZRobot_Next/install/zrobot_obstacle_avoidance/share/zrobot_obstacle_avoidance/local_setup.zsh
[4.063s] -- Installing: /root/ws_ros2/ZRobot_Next/install/zrobot_obstacle_avoidance/share/zrobot_obstacle_avoidance/local_setup.dsv
[4.063s] -- Installing: /root/ws_ros2/ZRobot_Next/install/zrobot_obstacle_avoidance/share/zrobot_obstacle_avoidance/package.dsv
[4.063s] -- Installing: /root/ws_ros2/ZRobot_Next/install/zrobot_obstacle_avoidance/share/ament_index/resource_index/packages/zrobot_obstacle_avoidance
[4.063s] -- Installing: /root/ws_ros2/ZRobot_Next/install/zrobot_obstacle_avoidance/share/zrobot_obstacle_avoidance/cmake/zrobot_obstacle_avoidanceConfig.cmake
[4.064s] -- Installing: /root/ws_ros2/ZRobot_Next/install/zrobot_obstacle_avoidance/share/zrobot_obstacle_avoidance/cmake/zrobot_obstacle_avoidanceConfig-version.cmake
[4.064s] -- Installing: /root/ws_ros2/ZRobot_Next/install/zrobot_obstacle_avoidance/share/zrobot_obstacle_avoidance/package.xml
[4.069s] Invoked command in '/root/ws_ros2/ZRobot_Next/build/zrobot_obstacle_avoidance' returned '0': CMAKE_PREFIX_PATH=${CMAKE_PREFIX_PATH}:/opt/ros/jazzy /usr/bin/cmake --install /root/ws_ros2/ZRobot_Next/build/zrobot_obstacle_avoidance
