[0.020s] Invoking command in '/root/ws_ros2/ZRobot_Next/build/zrobot_bringup': AMENT_PREFIX_PATH=/root/ws_ros2/ZRobot_Next/install/zrobot_perception:/root/ws_ros2/ZRobot_Next/install/zrobot_control:${AMENT_PREFIX_PATH} CMAKE_PREFIX_PATH=/root/ws_ros2/ZRobot_Next/install/zrobot_perception:/root/ws_ros2/ZRobot_Next/install/zrobot_control:/opt/ros/jazzy PYTHONPATH=/root/ws_ros2/ZRobot_Next/install/zrobot_perception/lib/python3.12/site-packages:${PYTHONPATH} /usr/bin/cmake --build /root/ws_ros2/ZRobot_Next/build/zrobot_bringup -- -j8 -l8
[0.135s] Invoked command in '/root/ws_ros2/ZRobot_Next/build/zrobot_bringup' returned '0': AMENT_PREFIX_PATH=/root/ws_ros2/ZRobot_Next/install/zrobot_perception:/root/ws_ros2/ZRobot_Next/install/zrobot_control:${AMENT_PREFIX_PATH} CMAKE_PREFIX_PATH=/root/ws_ros2/ZRobot_Next/install/zrobot_perception:/root/ws_ros2/ZRobot_Next/install/zrobot_control:/opt/ros/jazzy PYTHONPATH=/root/ws_ros2/ZRobot_Next/install/zrobot_perception/lib/python3.12/site-packages:${PYTHONPATH} /usr/bin/cmake --build /root/ws_ros2/ZRobot_Next/build/zrobot_bringup -- -j8 -l8
[0.137s] Invoking command in '/root/ws_ros2/ZRobot_Next/build/zrobot_bringup': AMENT_PREFIX_PATH=/root/ws_ros2/ZRobot_Next/install/zrobot_perception:/root/ws_ros2/ZRobot_Next/install/zrobot_control:${AMENT_PREFIX_PATH} CMAKE_PREFIX_PATH=/root/ws_ros2/ZRobot_Next/install/zrobot_perception:/root/ws_ros2/ZRobot_Next/install/zrobot_control:/opt/ros/jazzy PYTHONPATH=/root/ws_ros2/ZRobot_Next/install/zrobot_perception/lib/python3.12/site-packages:${PYTHONPATH} /usr/bin/cmake --install /root/ws_ros2/ZRobot_Next/build/zrobot_bringup
[0.166s] -- Install configuration: ""
[0.167s] -- Up-to-date: /root/ws_ros2/ZRobot_Next/install/zrobot_bringup/share/zrobot_bringup//launch
[0.168s] -- Up-to-date: /root/ws_ros2/ZRobot_Next/install/zrobot_bringup/share/zrobot_bringup//launch/zrobot_launch.py
[0.168s] -- Up-to-date: /root/ws_ros2/ZRobot_Next/install/zrobot_bringup/share/zrobot_bringup//config
[0.169s] -- Up-to-date: /root/ws_ros2/ZRobot_Next/install/zrobot_bringup/share/zrobot_bringup//config/zrobot_config.yaml
[0.169s] -- Up-to-date: /root/ws_ros2/ZRobot_Next/install/zrobot_bringup/lib/zrobot_bringup/zrobot_launch.py
[0.171s] -- Up-to-date: /root/ws_ros2/ZRobot_Next/install/zrobot_bringup/share/ament_index/resource_index/package_run_dependencies/zrobot_bringup
[0.172s] -- Up-to-date: /root/ws_ros2/ZRobot_Next/install/zrobot_bringup/share/ament_index/resource_index/parent_prefix_path/zrobot_bringup
[0.172s] -- Up-to-date: /root/ws_ros2/ZRobot_Next/install/zrobot_bringup/share/zrobot_bringup/environment/ament_prefix_path.sh
[0.173s] -- Up-to-date: /root/ws_ros2/ZRobot_Next/install/zrobot_bringup/share/zrobot_bringup/environment/ament_prefix_path.dsv
[0.174s] -- Up-to-date: /root/ws_ros2/ZRobot_Next/install/zrobot_bringup/share/zrobot_bringup/environment/path.sh
[0.174s] -- Up-to-date: /root/ws_ros2/ZRobot_Next/install/zrobot_bringup/share/zrobot_bringup/environment/path.dsv
[0.174s] -- Up-to-date: /root/ws_ros2/ZRobot_Next/install/zrobot_bringup/share/zrobot_bringup/local_setup.bash
[0.175s] -- Up-to-date: /root/ws_ros2/ZRobot_Next/install/zrobot_bringup/share/zrobot_bringup/local_setup.sh
[0.175s] -- Up-to-date: /root/ws_ros2/ZRobot_Next/install/zrobot_bringup/share/zrobot_bringup/local_setup.zsh
[0.177s] -- Up-to-date: /root/ws_ros2/ZRobot_Next/install/zrobot_bringup/share/zrobot_bringup/local_setup.dsv
[0.178s] -- Installing: /root/ws_ros2/ZRobot_Next/install/zrobot_bringup/share/zrobot_bringup/package.dsv
[0.179s] -- Up-to-date: /root/ws_ros2/ZRobot_Next/install/zrobot_bringup/share/ament_index/resource_index/packages/zrobot_bringup
[0.180s] -- Up-to-date: /root/ws_ros2/ZRobot_Next/install/zrobot_bringup/share/zrobot_bringup/cmake/zrobot_bringupConfig.cmake
[0.183s] -- Up-to-date: /root/ws_ros2/ZRobot_Next/install/zrobot_bringup/share/zrobot_bringup/cmake/zrobot_bringupConfig-version.cmake
[0.184s] -- Up-to-date: /root/ws_ros2/ZRobot_Next/install/zrobot_bringup/share/zrobot_bringup/package.xml
[0.185s] Invoked command in '/root/ws_ros2/ZRobot_Next/build/zrobot_bringup' returned '0': AMENT_PREFIX_PATH=/root/ws_ros2/ZRobot_Next/install/zrobot_perception:/root/ws_ros2/ZRobot_Next/install/zrobot_control:${AMENT_PREFIX_PATH} CMAKE_PREFIX_PATH=/root/ws_ros2/ZRobot_Next/install/zrobot_perception:/root/ws_ros2/ZRobot_Next/install/zrobot_control:/opt/ros/jazzy PYTHONPATH=/root/ws_ros2/ZRobot_Next/install/zrobot_perception/lib/python3.12/site-packages:${PYTHONPATH} /usr/bin/cmake --install /root/ws_ros2/ZRobot_Next/build/zrobot_bringup
