[0.024s] Invoking command in '/root/ws_ros2/ZRobot_Next/build/web_interface': CMAKE_PREFIX_PATH=/opt/ros/jazzy /usr/bin/cmake --build /root/ws_ros2/ZRobot_Next/build/web_interface -- -j8 -l8
[0.176s] Invoked command in '/root/ws_ros2/ZRobot_Next/build/web_interface' returned '0': CMAKE_PREFIX_PATH=/opt/ros/jazzy /usr/bin/cmake --build /root/ws_ros2/ZRobot_Next/build/web_interface -- -j8 -l8
[0.176s] Invoking command in '/root/ws_ros2/ZRobot_Next/build/web_interface': CMAKE_PREFIX_PATH=/opt/ros/jazzy /usr/bin/cmake --install /root/ws_ros2/ZRobot_Next/build/web_interface
[0.192s] -- Install configuration: ""
[0.193s] -- Up-to-date: /root/ws_ros2/ZRobot_Next/install/web_interface/lib/web_interface/web_server
[0.194s] -- Up-to-date: /root/ws_ros2/ZRobot_Next/install/web_interface/share/web_interface
[0.194s] -- Up-to-date: /root/ws_ros2/ZRobot_Next/install/web_interface/share/ament_index/resource_index/package_run_dependencies/web_interface
[0.195s] -- Up-to-date: /root/ws_ros2/ZRobot_Next/install/web_interface/share/ament_index/resource_index/parent_prefix_path/web_interface
[0.195s] -- Up-to-date: /root/ws_ros2/ZRobot_Next/install/web_interface/share/web_interface/environment/ament_prefix_path.sh
[0.196s] -- Up-to-date: /root/ws_ros2/ZRobot_Next/install/web_interface/share/web_interface/environment/ament_prefix_path.dsv
[0.196s] -- Up-to-date: /root/ws_ros2/ZRobot_Next/install/web_interface/share/web_interface/environment/path.sh
[0.197s] -- Up-to-date: /root/ws_ros2/ZRobot_Next/install/web_interface/share/web_interface/environment/path.dsv
[0.197s] -- Up-to-date: /root/ws_ros2/ZRobot_Next/install/web_interface/share/web_interface/local_setup.bash
[0.204s] -- Up-to-date: /root/ws_ros2/ZRobot_Next/install/web_interface/share/web_interface/local_setup.sh
[0.205s] -- Up-to-date: /root/ws_ros2/ZRobot_Next/install/web_interface/share/web_interface/local_setup.zsh
[0.205s] -- Up-to-date: /root/ws_ros2/ZRobot_Next/install/web_interface/share/web_interface/local_setup.dsv
[0.206s] -- Installing: /root/ws_ros2/ZRobot_Next/install/web_interface/share/web_interface/package.dsv
[0.206s] -- Up-to-date: /root/ws_ros2/ZRobot_Next/install/web_interface/share/ament_index/resource_index/packages/web_interface
[0.207s] -- Up-to-date: /root/ws_ros2/ZRobot_Next/install/web_interface/share/web_interface/cmake/web_interfaceConfig.cmake
[0.207s] -- Up-to-date: /root/ws_ros2/ZRobot_Next/install/web_interface/share/web_interface/cmake/web_interfaceConfig-version.cmake
[0.208s] -- Up-to-date: /root/ws_ros2/ZRobot_Next/install/web_interface/share/web_interface/package.xml
[0.209s] Invoked command in '/root/ws_ros2/ZRobot_Next/build/web_interface' returned '0': CMAKE_PREFIX_PATH=/opt/ros/jazzy /usr/bin/cmake --install /root/ws_ros2/ZRobot_Next/build/web_interface
