[0.030s] Invoking command in '/root/ws_ros2/ZRobot_Next/build/zrobot_perception': CMAKE_PREFIX_PATH=/opt/ros/jazzy /usr/bin/cmake --build /root/ws_ros2/ZRobot_Next/build/zrobot_perception -- -j8 -l8
[0.210s] Built target ament_cmake_python_copy_zrobot_perception_setup
[0.240s] Built target ament_cmake_python_copy_zrobot_perception
[0.514s] running egg_info
[0.539s] writing zrobot_perception.egg-info/PKG-INFO
[0.540s] writing dependency_links to zrobot_perception.egg-info/dependency_links.txt
[0.541s] writing top-level names to zrobot_perception.egg-info/top_level.txt
[0.604s] reading manifest file 'zrobot_perception.egg-info/SOURCES.txt'
[0.605s] writing manifest file 'zrobot_perception.egg-info/SOURCES.txt'
[0.716s] Built target ament_cmake_python_build_zrobot_perception_egg
[0.737s] Invoked command in '/root/ws_ros2/ZRobot_Next/build/zrobot_perception' returned '0': CMAKE_PREFIX_PATH=/opt/ros/jazzy /usr/bin/cmake --build /root/ws_ros2/ZRobot_Next/build/zrobot_perception -- -j8 -l8
[0.740s] Invoking command in '/root/ws_ros2/ZRobot_Next/build/zrobot_perception': CMAKE_PREFIX_PATH=/opt/ros/jazzy /usr/bin/cmake --install /root/ws_ros2/ZRobot_Next/build/zrobot_perception
[0.753s] -- Install configuration: ""
[0.754s] -- Up-to-date: /root/ws_ros2/ZRobot_Next/install/zrobot_perception/share/zrobot_perception/environment/pythonpath.sh
[0.754s] -- Up-to-date: /root/ws_ros2/ZRobot_Next/install/zrobot_perception/share/zrobot_perception/environment/pythonpath.dsv
[0.755s] -- Up-to-date: /root/ws_ros2/ZRobot_Next/install/zrobot_perception/lib/python3.12/site-packages/zrobot_perception-1.0.0-py3.12.egg-info
[0.755s] -- Installing: /root/ws_ros2/ZRobot_Next/install/zrobot_perception/lib/python3.12/site-packages/zrobot_perception-1.0.0-py3.12.egg-info/dependency_links.txt
[0.756s] -- Installing: /root/ws_ros2/ZRobot_Next/install/zrobot_perception/lib/python3.12/site-packages/zrobot_perception-1.0.0-py3.12.egg-info/PKG-INFO
[0.756s] -- Installing: /root/ws_ros2/ZRobot_Next/install/zrobot_perception/lib/python3.12/site-packages/zrobot_perception-1.0.0-py3.12.egg-info/top_level.txt
[0.757s] -- Installing: /root/ws_ros2/ZRobot_Next/install/zrobot_perception/lib/python3.12/site-packages/zrobot_perception-1.0.0-py3.12.egg-info/SOURCES.txt
[0.757s] -- Up-to-date: /root/ws_ros2/ZRobot_Next/install/zrobot_perception/lib/python3.12/site-packages/zrobot_perception
[0.758s] -- Up-to-date: /root/ws_ros2/ZRobot_Next/install/zrobot_perception/lib/python3.12/site-packages/zrobot_perception/yolo_detector_node.py
[0.758s] -- Up-to-date: /root/ws_ros2/ZRobot_Next/install/zrobot_perception/lib/python3.12/site-packages/zrobot_perception/__init__.py
[0.807s] Listing '/root/ws_ros2/ZRobot_Next/install/zrobot_perception/lib/python3.12/site-packages/zrobot_perception'...
[0.848s] -- Up-to-date: /root/ws_ros2/ZRobot_Next/install/zrobot_perception/lib/zrobot_perception/yolo_detector_node
[0.848s] -- Up-to-date: /root/ws_ros2/ZRobot_Next/install/zrobot_perception/share/zrobot_perception/launch
[0.849s] -- Up-to-date: /root/ws_ros2/ZRobot_Next/install/zrobot_perception/share/zrobot_perception/launch/yolo_detector.launch.py
[0.849s] -- Up-to-date: /root/ws_ros2/ZRobot_Next/install/zrobot_perception/share/zrobot_perception/config
[0.849s] -- Up-to-date: /root/ws_ros2/ZRobot_Next/install/zrobot_perception/share/zrobot_perception/config/yolo_detector.yaml
[0.850s] -- Up-to-date: /root/ws_ros2/ZRobot_Next/install/zrobot_perception/share/zrobot_perception/resource
[0.850s] -- Up-to-date: /root/ws_ros2/ZRobot_Next/install/zrobot_perception/share/zrobot_perception/resource/zrobot_perception
[0.851s] -- Up-to-date: /root/ws_ros2/ZRobot_Next/install/zrobot_perception/share/ament_index/resource_index/package_run_dependencies/zrobot_perception
[0.851s] -- Up-to-date: /root/ws_ros2/ZRobot_Next/install/zrobot_perception/share/ament_index/resource_index/parent_prefix_path/zrobot_perception
[0.852s] -- Up-to-date: /root/ws_ros2/ZRobot_Next/install/zrobot_perception/share/zrobot_perception/environment/ament_prefix_path.sh
[0.852s] -- Up-to-date: /root/ws_ros2/ZRobot_Next/install/zrobot_perception/share/zrobot_perception/environment/ament_prefix_path.dsv
[0.852s] -- Up-to-date: /root/ws_ros2/ZRobot_Next/install/zrobot_perception/share/zrobot_perception/environment/path.sh
[0.852s] -- Up-to-date: /root/ws_ros2/ZRobot_Next/install/zrobot_perception/share/zrobot_perception/environment/path.dsv
[0.852s] -- Up-to-date: /root/ws_ros2/ZRobot_Next/install/zrobot_perception/share/zrobot_perception/local_setup.bash
[0.853s] -- Up-to-date: /root/ws_ros2/ZRobot_Next/install/zrobot_perception/share/zrobot_perception/local_setup.sh
[0.853s] -- Up-to-date: /root/ws_ros2/ZRobot_Next/install/zrobot_perception/share/zrobot_perception/local_setup.zsh
[0.853s] -- Up-to-date: /root/ws_ros2/ZRobot_Next/install/zrobot_perception/share/zrobot_perception/local_setup.dsv
[0.853s] -- Installing: /root/ws_ros2/ZRobot_Next/install/zrobot_perception/share/zrobot_perception/package.dsv
[0.854s] -- Up-to-date: /root/ws_ros2/ZRobot_Next/install/zrobot_perception/share/ament_index/resource_index/packages/zrobot_perception
[0.854s] -- Up-to-date: /root/ws_ros2/ZRobot_Next/install/zrobot_perception/share/zrobot_perception/cmake/zrobot_perceptionConfig.cmake
[0.854s] -- Up-to-date: /root/ws_ros2/ZRobot_Next/install/zrobot_perception/share/zrobot_perception/cmake/zrobot_perceptionConfig-version.cmake
[0.854s] -- Up-to-date: /root/ws_ros2/ZRobot_Next/install/zrobot_perception/share/zrobot_perception/package.xml
[0.861s] Invoked command in '/root/ws_ros2/ZRobot_Next/build/zrobot_perception' returned '0': CMAKE_PREFIX_PATH=/opt/ros/jazzy /usr/bin/cmake --install /root/ws_ros2/ZRobot_Next/build/zrobot_perception
