-- The C compiler identification is GNU 13.3.0
-- The CXX compiler identification is GNU 13.3.0
-- Detecting C compiler ABI info
-- Detecting C compiler ABI info - done
-- Check for working C compiler: /usr/bin/cc - skipped
-- Detecting C compile features
-- Detecting C compile features - done
-- Detecting CXX compiler ABI info
-- Detecting CXX compiler ABI info - done
-- Check for working CXX compiler: /usr/bin/c++ - skipped
-- Detecting CXX compile features
-- Detecting CXX compile features - done
-- Found ament_cmake: 2.5.5 (/opt/ros/jazzy/share/ament_cmake/cmake)
-- Found Python3: /usr/bin/python3 (found version "3.12.3") found components: Interpreter 
-- Found rosidl_default_generators: 1.6.0 (/opt/ros/jazzy/share/rosidl_default_generators/cmake)
-- Using all available rosidl_typesupport_c: rosidl_typesupport_fastrtps_c;rosidl_typesupport_introspection_c
-- Using all available rosidl_typesupport_cpp: rosidl_typesupport_fastrtps_cpp;rosidl_typesupport_introspection_cpp
-- Found rosidl_adapter: 4.6.7 (/opt/ros/jazzy/share/rosidl_adapter/cmake)
-- Found std_msgs: 5.3.6 (/opt/ros/jazzy/share/std_msgs/cmake)
-- Found ament_cmake_ros: 0.12.0 (/opt/ros/jazzy/share/ament_cmake_ros/cmake)
-- Using all available rosidl_typesupport_c: rosidl_typesupport_fastrtps_c;rosidl_typesupport_introspection_c
-- Using all available rosidl_typesupport_cpp: rosidl_typesupport_fastrtps_cpp;rosidl_typesupport_introspection_cpp
-- Found python_cmake_module: 0.11.1 (/opt/ros/jazzy/share/python_cmake_module/cmake)
-- Found PythonExtra: /usr/bin/python3  
-- Found Python3: /usr/bin/python3 (found version "3.12.3") found components: Interpreter Development NumPy Development.Module Development.Embed 
-- Configuring done (9.1s)
-- Generating done (0.1s)
-- Build files have been written to: /root/ws_ros2/ZRobot_Next/build/zrobot_interfaces
[  1%] [34m[1mGenerating type hashes for ROS interfaces[0m
[  1%] Built target ament_cmake_python_copy_zrobot_interfaces
running egg_info
creating zrobot_interfaces.egg-info
writing zrobot_interfaces.egg-info/PKG-INFO
writing dependency_links to zrobot_interfaces.egg-info/dependency_links.txt
writing top-level names to zrobot_interfaces.egg-info/top_level.txt
writing manifest file 'zrobot_interfaces.egg-info/SOURCES.txt'
reading manifest file 'zrobot_interfaces.egg-info/SOURCES.txt'
writing manifest file 'zrobot_interfaces.egg-info/SOURCES.txt'
[  1%] Built target ament_cmake_python_build_zrobot_interfaces_egg
[  1%] Built target zrobot_interfaces__rosidl_generator_type_description
[  3%] [34m[1mGenerating C++ code for ROS interfaces[0m
[  4%] [34m[1mGenerating C code for ROS interfaces[0m
[  4%] Built target zrobot_interfaces__cpp
[  7%] [32mBuilding C object CMakeFiles/zrobot_interfaces__rosidl_generator_c.dir/rosidl_generator_c/zrobot_interfaces/msg/detail/motor_command__type_support.c.o[0m
[  7%] [32mBuilding C object CMakeFiles/zrobot_interfaces__rosidl_generator_c.dir/rosidl_generator_c/zrobot_interfaces/msg/detail/detection_status__functions.c.o[0m
[  9%] [32mBuilding C object CMakeFiles/zrobot_interfaces__rosidl_generator_c.dir/rosidl_generator_c/zrobot_interfaces/srv/detail/set_target__description.c.o[0m
[ 10%] [32mBuilding C object CMakeFiles/zrobot_interfaces__rosidl_generator_c.dir/rosidl_generator_c/zrobot_interfaces/msg/detail/motor_command__functions.c.o[0m
[ 14%] [32mBuilding C object CMakeFiles/zrobot_interfaces__rosidl_generator_c.dir/rosidl_generator_c/zrobot_interfaces/msg/detail/detection_status__description.c.o[0m
[ 14%] [32mBuilding C object CMakeFiles/zrobot_interfaces__rosidl_generator_c.dir/rosidl_generator_c/zrobot_interfaces/msg/detail/detection_status__type_support.c.o[0m
[ 15%] [32mBuilding C object CMakeFiles/zrobot_interfaces__rosidl_generator_c.dir/rosidl_generator_c/zrobot_interfaces/msg/detail/motor_command__description.c.o[0m
[ 17%] [32mBuilding C object CMakeFiles/zrobot_interfaces__rosidl_generator_c.dir/rosidl_generator_c/zrobot_interfaces/srv/detail/set_target__functions.c.o[0m
[ 18%] [32mBuilding C object CMakeFiles/zrobot_interfaces__rosidl_generator_c.dir/rosidl_generator_c/zrobot_interfaces/srv/detail/set_target__type_support.c.o[0m
[ 20%] [32mBuilding C object CMakeFiles/zrobot_interfaces__rosidl_generator_c.dir/rosidl_generator_c/zrobot_interfaces/srv/detail/set_config__description.c.o[0m
[ 21%] [32mBuilding C object CMakeFiles/zrobot_interfaces__rosidl_generator_c.dir/rosidl_generator_c/zrobot_interfaces/srv/detail/set_config__type_support.c.o[0m
[ 23%] [32mBuilding C object CMakeFiles/zrobot_interfaces__rosidl_generator_c.dir/rosidl_generator_c/zrobot_interfaces/srv/detail/set_config__functions.c.o[0m
[ 25%] [32m[1mLinking C shared library libzrobot_interfaces__rosidl_generator_c.so[0m
[ 25%] Built target zrobot_interfaces__rosidl_generator_c
[ 28%] [34m[1mGenerating C type support dispatch for ROS interfaces[0m
[ 28%] [34m[1mGenerating C++ type support for eProsima Fast-RTPS[0m
[ 31%] [34m[1mGenerating C type support for eProsima Fast-RTPS[0m
[ 31%] [34m[1mGenerating C++ type support dispatch for ROS interfaces[0m
[ 32%] [34m[1mGenerating C++ introspection for ROS interfaces[0m
[ 34%] [34m[1mGenerating C introspection for ROS interfaces[0m
[ 35%] [32mBuilding CXX object CMakeFiles/zrobot_interfaces__rosidl_typesupport_c.dir/rosidl_typesupport_c/zrobot_interfaces/msg/detection_status__type_support.cpp.o[0m
[ 37%] [32mBuilding CXX object CMakeFiles/zrobot_interfaces__rosidl_typesupport_c.dir/rosidl_typesupport_c/zrobot_interfaces/msg/motor_command__type_support.cpp.o[0m
[ 39%] [32mBuilding CXX object CMakeFiles/zrobot_interfaces__rosidl_typesupport_c.dir/rosidl_typesupport_c/zrobot_interfaces/srv/set_target__type_support.cpp.o[0m
[ 40%] [32mBuilding CXX object CMakeFiles/zrobot_interfaces__rosidl_typesupport_c.dir/rosidl_typesupport_c/zrobot_interfaces/srv/set_config__type_support.cpp.o[0m
[ 42%] [32mBuilding CXX object CMakeFiles/zrobot_interfaces__rosidl_typesupport_fastrtps_cpp.dir/rosidl_typesupport_fastrtps_cpp/zrobot_interfaces/msg/detail/dds_fastrtps/detection_status__type_support.cpp.o[0m
[ 43%] [32mBuilding CXX object CMakeFiles/zrobot_interfaces__rosidl_typesupport_fastrtps_cpp.dir/rosidl_typesupport_fastrtps_cpp/zrobot_interfaces/msg/detail/dds_fastrtps/motor_command__type_support.cpp.o[0m
[ 45%] [32mBuilding CXX object CMakeFiles/zrobot_interfaces__rosidl_typesupport_fastrtps_cpp.dir/rosidl_typesupport_fastrtps_cpp/zrobot_interfaces/srv/detail/dds_fastrtps/set_target__type_support.cpp.o[0m
[ 46%] [32m[1mLinking CXX shared library libzrobot_interfaces__rosidl_typesupport_c.so[0m
[ 46%] Built target zrobot_interfaces__rosidl_typesupport_c
[ 48%] [32mBuilding CXX object CMakeFiles/zrobot_interfaces__rosidl_typesupport_fastrtps_cpp.dir/rosidl_typesupport_fastrtps_cpp/zrobot_interfaces/srv/detail/dds_fastrtps/set_config__type_support.cpp.o[0m
[ 50%] [32mBuilding C object CMakeFiles/zrobot_interfaces__rosidl_typesupport_introspection_c.dir/rosidl_typesupport_introspection_c/zrobot_interfaces/msg/detail/detection_status__type_support.c.o[0m
[ 51%] [32mBuilding CXX object CMakeFiles/zrobot_interfaces__rosidl_typesupport_introspection_cpp.dir/rosidl_typesupport_introspection_cpp/zrobot_interfaces/msg/detail/detection_status__type_support.cpp.o[0m
[ 53%] [32mBuilding C object CMakeFiles/zrobot_interfaces__rosidl_typesupport_introspection_c.dir/rosidl_typesupport_introspection_c/zrobot_interfaces/msg/detail/motor_command__type_support.c.o[0m
[ 54%] [32mBuilding CXX object CMakeFiles/zrobot_interfaces__rosidl_typesupport_cpp.dir/rosidl_typesupport_cpp/zrobot_interfaces/msg/detection_status__type_support.cpp.o[0m
[ 56%] [32mBuilding CXX object CMakeFiles/zrobot_interfaces__rosidl_typesupport_cpp.dir/rosidl_typesupport_cpp/zrobot_interfaces/msg/motor_command__type_support.cpp.o[0m
[ 57%] [32mBuilding C object CMakeFiles/zrobot_interfaces__rosidl_typesupport_introspection_c.dir/rosidl_typesupport_introspection_c/zrobot_interfaces/srv/detail/set_target__type_support.c.o[0m
[ 59%] [32mBuilding CXX object CMakeFiles/zrobot_interfaces__rosidl_typesupport_cpp.dir/rosidl_typesupport_cpp/zrobot_interfaces/srv/set_target__type_support.cpp.o[0m
[ 60%] [32mBuilding C object CMakeFiles/zrobot_interfaces__rosidl_typesupport_introspection_c.dir/rosidl_typesupport_introspection_c/zrobot_interfaces/srv/detail/set_config__type_support.c.o[0m
[ 62%] [32mBuilding CXX object CMakeFiles/zrobot_interfaces__rosidl_typesupport_introspection_cpp.dir/rosidl_typesupport_introspection_cpp/zrobot_interfaces/msg/detail/motor_command__type_support.cpp.o[0m
[ 64%] [32mBuilding CXX object CMakeFiles/zrobot_interfaces__rosidl_typesupport_cpp.dir/rosidl_typesupport_cpp/zrobot_interfaces/srv/set_config__type_support.cpp.o[0m
[ 65%] [32m[1mLinking C shared library libzrobot_interfaces__rosidl_typesupport_introspection_c.so[0m
[ 65%] Built target zrobot_interfaces__rosidl_typesupport_introspection_c
[ 67%] [32mBuilding CXX object CMakeFiles/zrobot_interfaces__rosidl_typesupport_introspection_cpp.dir/rosidl_typesupport_introspection_cpp/zrobot_interfaces/srv/detail/set_target__type_support.cpp.o[0m
[ 68%] [32mBuilding CXX object CMakeFiles/zrobot_interfaces__rosidl_typesupport_introspection_cpp.dir/rosidl_typesupport_introspection_cpp/zrobot_interfaces/srv/detail/set_config__type_support.cpp.o[0m
[ 70%] [32m[1mLinking CXX shared library libzrobot_interfaces__rosidl_typesupport_fastrtps_cpp.so[0m
[ 70%] Built target zrobot_interfaces__rosidl_typesupport_fastrtps_cpp
[ 71%] [32m[1mLinking CXX shared library libzrobot_interfaces__rosidl_typesupport_cpp.so[0m
[ 73%] [32mBuilding CXX object CMakeFiles/zrobot_interfaces__rosidl_typesupport_fastrtps_c.dir/rosidl_typesupport_fastrtps_c/zrobot_interfaces/srv/detail/set_target__type_support_c.cpp.o[0m
[ 76%] [32mBuilding CXX object CMakeFiles/zrobot_interfaces__rosidl_typesupport_fastrtps_c.dir/rosidl_typesupport_fastrtps_c/zrobot_interfaces/msg/detail/detection_status__type_support_c.cpp.o[0m
[ 76%] [32mBuilding CXX object CMakeFiles/zrobot_interfaces__rosidl_typesupport_fastrtps_c.dir/rosidl_typesupport_fastrtps_c/zrobot_interfaces/msg/detail/motor_command__type_support_c.cpp.o[0m
[ 78%] [32mBuilding CXX object CMakeFiles/zrobot_interfaces__rosidl_typesupport_fastrtps_c.dir/rosidl_typesupport_fastrtps_c/zrobot_interfaces/srv/detail/set_config__type_support_c.cpp.o[0m
[ 78%] Built target zrobot_interfaces__rosidl_typesupport_cpp
[ 79%] [32m[1mLinking CXX shared library libzrobot_interfaces__rosidl_typesupport_introspection_cpp.so[0m
[ 79%] Built target zrobot_interfaces__rosidl_typesupport_introspection_cpp
[ 81%] [32m[1mLinking CXX shared library libzrobot_interfaces__rosidl_typesupport_fastrtps_c.so[0m
[ 81%] Built target zrobot_interfaces__rosidl_typesupport_fastrtps_c
[ 81%] Built target zrobot_interfaces
[ 82%] [34m[1mGenerating Python code for ROS interfaces[0m
[ 82%] Built target zrobot_interfaces__py
[ 85%] [32mBuilding C object CMakeFiles/zrobot_interfaces__rosidl_generator_py.dir/rosidl_generator_py/zrobot_interfaces/srv/_set_config_s.c.o[0m
[ 85%] [32mBuilding C object CMakeFiles/zrobot_interfaces__rosidl_generator_py.dir/rosidl_generator_py/zrobot_interfaces/msg/_detection_status_s.c.o[0m
[ 89%] [32mBuilding C object CMakeFiles/zrobot_interfaces__rosidl_generator_py.dir/rosidl_generator_py/zrobot_interfaces/msg/_motor_command_s.c.o[0m
[ 89%] [32mBuilding C object CMakeFiles/zrobot_interfaces__rosidl_generator_py.dir/rosidl_generator_py/zrobot_interfaces/srv/_set_target_s.c.o[0m
[ 90%] [32m[1mLinking C shared library libzrobot_interfaces__rosidl_generator_py.so[0m
[ 90%] Built target zrobot_interfaces__rosidl_generator_py
[ 92%] [32mBuilding C object CMakeFiles/zrobot_interfaces_s__rosidl_typesupport_fastrtps_c.dir/rosidl_generator_py/zrobot_interfaces/_zrobot_interfaces_s.ep.rosidl_typesupport_fastrtps_c.c.o[0m
[ 93%] [32mBuilding C object CMakeFiles/zrobot_interfaces_s__rosidl_typesupport_c.dir/rosidl_generator_py/zrobot_interfaces/_zrobot_interfaces_s.ep.rosidl_typesupport_c.c.o[0m
[ 95%] [32mBuilding C object CMakeFiles/zrobot_interfaces_s__rosidl_typesupport_introspection_c.dir/rosidl_generator_py/zrobot_interfaces/_zrobot_interfaces_s.ep.rosidl_typesupport_introspection_c.c.o[0m
[ 96%] [32m[1mLinking C shared module rosidl_generator_py/zrobot_interfaces/zrobot_interfaces_s__rosidl_typesupport_fastrtps_c.so[0m
[ 98%] [32m[1mLinking C shared module rosidl_generator_py/zrobot_interfaces/zrobot_interfaces_s__rosidl_typesupport_introspection_c.so[0m
[100%] [32m[1mLinking C shared module rosidl_generator_py/zrobot_interfaces/zrobot_interfaces_s__rosidl_typesupport_c.so[0m
[100%] Built target zrobot_interfaces_s__rosidl_typesupport_fastrtps_c
[100%] Built target zrobot_interfaces_s__rosidl_typesupport_introspection_c
[100%] Built target zrobot_interfaces_s__rosidl_typesupport_c
-- Install configuration: ""
-- Installing: /root/ws_ros2/ZRobot_Next/install/zrobot_interfaces/share/ament_index/resource_index/rosidl_interfaces/zrobot_interfaces
-- Installing: /root/ws_ros2/ZRobot_Next/install/zrobot_interfaces/share/zrobot_interfaces/msg/DetectionStatus.json
-- Installing: /root/ws_ros2/ZRobot_Next/install/zrobot_interfaces/share/zrobot_interfaces/msg/MotorCommand.json
-- Installing: /root/ws_ros2/ZRobot_Next/install/zrobot_interfaces/share/zrobot_interfaces/srv/SetTarget.json
-- Installing: /root/ws_ros2/ZRobot_Next/install/zrobot_interfaces/share/zrobot_interfaces/srv/SetConfig.json
-- Installing: /root/ws_ros2/ZRobot_Next/install/zrobot_interfaces/include/zrobot_interfaces/zrobot_interfaces
-- Installing: /root/ws_ros2/ZRobot_Next/install/zrobot_interfaces/include/zrobot_interfaces/zrobot_interfaces/srv
-- Installing: /root/ws_ros2/ZRobot_Next/install/zrobot_interfaces/include/zrobot_interfaces/zrobot_interfaces/srv/detail
-- Installing: /root/ws_ros2/ZRobot_Next/install/zrobot_interfaces/include/zrobot_interfaces/zrobot_interfaces/srv/detail/set_target__struct.h
-- Installing: /root/ws_ros2/ZRobot_Next/install/zrobot_interfaces/include/zrobot_interfaces/zrobot_interfaces/srv/detail/set_target__type_support.h
-- Installing: /root/ws_ros2/ZRobot_Next/install/zrobot_interfaces/include/zrobot_interfaces/zrobot_interfaces/srv/detail/set_config__functions.h
-- Installing: /root/ws_ros2/ZRobot_Next/install/zrobot_interfaces/include/zrobot_interfaces/zrobot_interfaces/srv/detail/set_config__description.c
-- Installing: /root/ws_ros2/ZRobot_Next/install/zrobot_interfaces/include/zrobot_interfaces/zrobot_interfaces/srv/detail/set_config__functions.c
-- Installing: /root/ws_ros2/ZRobot_Next/install/zrobot_interfaces/include/zrobot_interfaces/zrobot_interfaces/srv/detail/set_config__type_support.h
-- Installing: /root/ws_ros2/ZRobot_Next/install/zrobot_interfaces/include/zrobot_interfaces/zrobot_interfaces/srv/detail/set_target__functions.h
-- Installing: /root/ws_ros2/ZRobot_Next/install/zrobot_interfaces/include/zrobot_interfaces/zrobot_interfaces/srv/detail/set_target__type_support.c
-- Installing: /root/ws_ros2/ZRobot_Next/install/zrobot_interfaces/include/zrobot_interfaces/zrobot_interfaces/srv/detail/set_config__struct.h
-- Installing: /root/ws_ros2/ZRobot_Next/install/zrobot_interfaces/include/zrobot_interfaces/zrobot_interfaces/srv/detail/set_config__type_support.c
-- Installing: /root/ws_ros2/ZRobot_Next/install/zrobot_interfaces/include/zrobot_interfaces/zrobot_interfaces/srv/detail/set_target__functions.c
-- Installing: /root/ws_ros2/ZRobot_Next/install/zrobot_interfaces/include/zrobot_interfaces/zrobot_interfaces/srv/detail/set_target__description.c
-- Installing: /root/ws_ros2/ZRobot_Next/install/zrobot_interfaces/include/zrobot_interfaces/zrobot_interfaces/srv/set_config.h
-- Installing: /root/ws_ros2/ZRobot_Next/install/zrobot_interfaces/include/zrobot_interfaces/zrobot_interfaces/srv/set_target.h
-- Installing: /root/ws_ros2/ZRobot_Next/install/zrobot_interfaces/include/zrobot_interfaces/zrobot_interfaces/msg
-- Installing: /root/ws_ros2/ZRobot_Next/install/zrobot_interfaces/include/zrobot_interfaces/zrobot_interfaces/msg/detail
-- Installing: /root/ws_ros2/ZRobot_Next/install/zrobot_interfaces/include/zrobot_interfaces/zrobot_interfaces/msg/detail/detection_status__type_support.c
-- Installing: /root/ws_ros2/ZRobot_Next/install/zrobot_interfaces/include/zrobot_interfaces/zrobot_interfaces/msg/detail/detection_status__type_support.h
-- Installing: /root/ws_ros2/ZRobot_Next/install/zrobot_interfaces/include/zrobot_interfaces/zrobot_interfaces/msg/detail/detection_status__functions.c
-- Installing: /root/ws_ros2/ZRobot_Next/install/zrobot_interfaces/include/zrobot_interfaces/zrobot_interfaces/msg/detail/motor_command__type_support.h
-- Installing: /root/ws_ros2/ZRobot_Next/install/zrobot_interfaces/include/zrobot_interfaces/zrobot_interfaces/msg/detail/motor_command__functions.c
-- Installing: /root/ws_ros2/ZRobot_Next/install/zrobot_interfaces/include/zrobot_interfaces/zrobot_interfaces/msg/detail/motor_command__type_support.c
-- Installing: /root/ws_ros2/ZRobot_Next/install/zrobot_interfaces/include/zrobot_interfaces/zrobot_interfaces/msg/detail/motor_command__struct.h
-- Installing: /root/ws_ros2/ZRobot_Next/install/zrobot_interfaces/include/zrobot_interfaces/zrobot_interfaces/msg/detail/motor_command__description.c
-- Installing: /root/ws_ros2/ZRobot_Next/install/zrobot_interfaces/include/zrobot_interfaces/zrobot_interfaces/msg/detail/detection_status__description.c
-- Installing: /root/ws_ros2/ZRobot_Next/install/zrobot_interfaces/include/zrobot_interfaces/zrobot_interfaces/msg/detail/motor_command__functions.h
-- Installing: /root/ws_ros2/ZRobot_Next/install/zrobot_interfaces/include/zrobot_interfaces/zrobot_interfaces/msg/detail/detection_status__functions.h
-- Installing: /root/ws_ros2/ZRobot_Next/install/zrobot_interfaces/include/zrobot_interfaces/zrobot_interfaces/msg/detail/detection_status__struct.h
-- Installing: /root/ws_ros2/ZRobot_Next/install/zrobot_interfaces/include/zrobot_interfaces/zrobot_interfaces/msg/rosidl_generator_c__visibility_control.h
-- Installing: /root/ws_ros2/ZRobot_Next/install/zrobot_interfaces/include/zrobot_interfaces/zrobot_interfaces/msg/detection_status.h
-- Installing: /root/ws_ros2/ZRobot_Next/install/zrobot_interfaces/include/zrobot_interfaces/zrobot_interfaces/msg/motor_command.h
-- Installing: /root/ws_ros2/ZRobot_Next/install/zrobot_interfaces/share/zrobot_interfaces/environment/library_path.sh
-- Installing: /root/ws_ros2/ZRobot_Next/install/zrobot_interfaces/share/zrobot_interfaces/environment/library_path.dsv
-- Installing: /root/ws_ros2/ZRobot_Next/install/zrobot_interfaces/lib/libzrobot_interfaces__rosidl_generator_c.so
-- Set non-toolchain portion of runtime path of "/root/ws_ros2/ZRobot_Next/install/zrobot_interfaces/lib/libzrobot_interfaces__rosidl_generator_c.so" to ""
-- Up-to-date: /root/ws_ros2/ZRobot_Next/install/zrobot_interfaces/include/zrobot_interfaces/zrobot_interfaces
-- Up-to-date: /root/ws_ros2/ZRobot_Next/install/zrobot_interfaces/include/zrobot_interfaces/zrobot_interfaces/srv
-- Up-to-date: /root/ws_ros2/ZRobot_Next/install/zrobot_interfaces/include/zrobot_interfaces/zrobot_interfaces/srv/detail
-- Installing: /root/ws_ros2/ZRobot_Next/install/zrobot_interfaces/include/zrobot_interfaces/zrobot_interfaces/srv/detail/set_config__rosidl_typesupport_fastrtps_c.h
-- Installing: /root/ws_ros2/ZRobot_Next/install/zrobot_interfaces/include/zrobot_interfaces/zrobot_interfaces/srv/detail/set_target__rosidl_typesupport_fastrtps_c.h
-- Up-to-date: /root/ws_ros2/ZRobot_Next/install/zrobot_interfaces/include/zrobot_interfaces/zrobot_interfaces/msg
-- Up-to-date: /root/ws_ros2/ZRobot_Next/install/zrobot_interfaces/include/zrobot_interfaces/zrobot_interfaces/msg/detail
-- Installing: /root/ws_ros2/ZRobot_Next/install/zrobot_interfaces/include/zrobot_interfaces/zrobot_interfaces/msg/detail/motor_command__rosidl_typesupport_fastrtps_c.h
-- Installing: /root/ws_ros2/ZRobot_Next/install/zrobot_interfaces/include/zrobot_interfaces/zrobot_interfaces/msg/detail/detection_status__rosidl_typesupport_fastrtps_c.h
-- Installing: /root/ws_ros2/ZRobot_Next/install/zrobot_interfaces/include/zrobot_interfaces/zrobot_interfaces/msg/rosidl_typesupport_fastrtps_c__visibility_control.h
-- Installing: /root/ws_ros2/ZRobot_Next/install/zrobot_interfaces/lib/libzrobot_interfaces__rosidl_typesupport_fastrtps_c.so
-- Set non-toolchain portion of runtime path of "/root/ws_ros2/ZRobot_Next/install/zrobot_interfaces/lib/libzrobot_interfaces__rosidl_typesupport_fastrtps_c.so" to ""
-- Up-to-date: /root/ws_ros2/ZRobot_Next/install/zrobot_interfaces/include/zrobot_interfaces/zrobot_interfaces
-- Up-to-date: /root/ws_ros2/ZRobot_Next/install/zrobot_interfaces/include/zrobot_interfaces/zrobot_interfaces/srv
-- Up-to-date: /root/ws_ros2/ZRobot_Next/install/zrobot_interfaces/include/zrobot_interfaces/zrobot_interfaces/srv/detail
-- Installing: /root/ws_ros2/ZRobot_Next/install/zrobot_interfaces/include/zrobot_interfaces/zrobot_interfaces/srv/detail/set_config__rosidl_typesupport_introspection_c.h
-- Installing: /root/ws_ros2/ZRobot_Next/install/zrobot_interfaces/include/zrobot_interfaces/zrobot_interfaces/srv/detail/set_target__rosidl_typesupport_introspection_c.h
-- Installing: /root/ws_ros2/ZRobot_Next/install/zrobot_interfaces/include/zrobot_interfaces/zrobot_interfaces/srv/detail/set_target__type_support.c
-- Installing: /root/ws_ros2/ZRobot_Next/install/zrobot_interfaces/include/zrobot_interfaces/zrobot_interfaces/srv/detail/set_config__type_support.c
-- Up-to-date: /root/ws_ros2/ZRobot_Next/install/zrobot_interfaces/include/zrobot_interfaces/zrobot_interfaces/msg
-- Up-to-date: /root/ws_ros2/ZRobot_Next/install/zrobot_interfaces/include/zrobot_interfaces/zrobot_interfaces/msg/detail
-- Installing: /root/ws_ros2/ZRobot_Next/install/zrobot_interfaces/include/zrobot_interfaces/zrobot_interfaces/msg/detail/detection_status__type_support.c
-- Installing: /root/ws_ros2/ZRobot_Next/install/zrobot_interfaces/include/zrobot_interfaces/zrobot_interfaces/msg/detail/detection_status__rosidl_typesupport_introspection_c.h
-- Installing: /root/ws_ros2/ZRobot_Next/install/zrobot_interfaces/include/zrobot_interfaces/zrobot_interfaces/msg/detail/motor_command__type_support.c
-- Installing: /root/ws_ros2/ZRobot_Next/install/zrobot_interfaces/include/zrobot_interfaces/zrobot_interfaces/msg/detail/motor_command__rosidl_typesupport_introspection_c.h
-- Installing: /root/ws_ros2/ZRobot_Next/install/zrobot_interfaces/include/zrobot_interfaces/zrobot_interfaces/msg/rosidl_typesupport_introspection_c__visibility_control.h
-- Installing: /root/ws_ros2/ZRobot_Next/install/zrobot_interfaces/lib/libzrobot_interfaces__rosidl_typesupport_introspection_c.so
-- Set non-toolchain portion of runtime path of "/root/ws_ros2/ZRobot_Next/install/zrobot_interfaces/lib/libzrobot_interfaces__rosidl_typesupport_introspection_c.so" to ""
-- Installing: /root/ws_ros2/ZRobot_Next/install/zrobot_interfaces/lib/libzrobot_interfaces__rosidl_typesupport_c.so
-- Set non-toolchain portion of runtime path of "/root/ws_ros2/ZRobot_Next/install/zrobot_interfaces/lib/libzrobot_interfaces__rosidl_typesupport_c.so" to ""
-- Up-to-date: /root/ws_ros2/ZRobot_Next/install/zrobot_interfaces/include/zrobot_interfaces/zrobot_interfaces
-- Up-to-date: /root/ws_ros2/ZRobot_Next/install/zrobot_interfaces/include/zrobot_interfaces/zrobot_interfaces/srv
-- Up-to-date: /root/ws_ros2/ZRobot_Next/install/zrobot_interfaces/include/zrobot_interfaces/zrobot_interfaces/srv/detail
-- Installing: /root/ws_ros2/ZRobot_Next/install/zrobot_interfaces/include/zrobot_interfaces/zrobot_interfaces/srv/detail/set_target__traits.hpp
-- Installing: /root/ws_ros2/ZRobot_Next/install/zrobot_interfaces/include/zrobot_interfaces/zrobot_interfaces/srv/detail/set_config__struct.hpp
-- Installing: /root/ws_ros2/ZRobot_Next/install/zrobot_interfaces/include/zrobot_interfaces/zrobot_interfaces/srv/detail/set_target__struct.hpp
-- Installing: /root/ws_ros2/ZRobot_Next/install/zrobot_interfaces/include/zrobot_interfaces/zrobot_interfaces/srv/detail/set_target__builder.hpp
-- Installing: /root/ws_ros2/ZRobot_Next/install/zrobot_interfaces/include/zrobot_interfaces/zrobot_interfaces/srv/detail/set_config__traits.hpp
-- Installing: /root/ws_ros2/ZRobot_Next/install/zrobot_interfaces/include/zrobot_interfaces/zrobot_interfaces/srv/detail/set_config__type_support.hpp
-- Installing: /root/ws_ros2/ZRobot_Next/install/zrobot_interfaces/include/zrobot_interfaces/zrobot_interfaces/srv/detail/set_config__builder.hpp
-- Installing: /root/ws_ros2/ZRobot_Next/install/zrobot_interfaces/include/zrobot_interfaces/zrobot_interfaces/srv/detail/set_target__type_support.hpp
-- Installing: /root/ws_ros2/ZRobot_Next/install/zrobot_interfaces/include/zrobot_interfaces/zrobot_interfaces/srv/set_target.hpp
-- Installing: /root/ws_ros2/ZRobot_Next/install/zrobot_interfaces/include/zrobot_interfaces/zrobot_interfaces/srv/set_config.hpp
-- Up-to-date: /root/ws_ros2/ZRobot_Next/install/zrobot_interfaces/include/zrobot_interfaces/zrobot_interfaces/msg
-- Installing: /root/ws_ros2/ZRobot_Next/install/zrobot_interfaces/include/zrobot_interfaces/zrobot_interfaces/msg/motor_command.hpp
-- Installing: /root/ws_ros2/ZRobot_Next/install/zrobot_interfaces/include/zrobot_interfaces/zrobot_interfaces/msg/detection_status.hpp
-- Up-to-date: /root/ws_ros2/ZRobot_Next/install/zrobot_interfaces/include/zrobot_interfaces/zrobot_interfaces/msg/detail
-- Installing: /root/ws_ros2/ZRobot_Next/install/zrobot_interfaces/include/zrobot_interfaces/zrobot_interfaces/msg/detail/detection_status__struct.hpp
-- Installing: /root/ws_ros2/ZRobot_Next/install/zrobot_interfaces/include/zrobot_interfaces/zrobot_interfaces/msg/detail/motor_command__struct.hpp
-- Installing: /root/ws_ros2/ZRobot_Next/install/zrobot_interfaces/include/zrobot_interfaces/zrobot_interfaces/msg/detail/detection_status__traits.hpp
-- Installing: /root/ws_ros2/ZRobot_Next/install/zrobot_interfaces/include/zrobot_interfaces/zrobot_interfaces/msg/detail/motor_command__type_support.hpp
-- Installing: /root/ws_ros2/ZRobot_Next/install/zrobot_interfaces/include/zrobot_interfaces/zrobot_interfaces/msg/detail/detection_status__type_support.hpp
-- Installing: /root/ws_ros2/ZRobot_Next/install/zrobot_interfaces/include/zrobot_interfaces/zrobot_interfaces/msg/detail/detection_status__builder.hpp
-- Installing: /root/ws_ros2/ZRobot_Next/install/zrobot_interfaces/include/zrobot_interfaces/zrobot_interfaces/msg/detail/motor_command__traits.hpp
-- Installing: /root/ws_ros2/ZRobot_Next/install/zrobot_interfaces/include/zrobot_interfaces/zrobot_interfaces/msg/detail/motor_command__builder.hpp
-- Installing: /root/ws_ros2/ZRobot_Next/install/zrobot_interfaces/include/zrobot_interfaces/zrobot_interfaces/msg/rosidl_generator_cpp__visibility_control.hpp
-- Up-to-date: /root/ws_ros2/ZRobot_Next/install/zrobot_interfaces/include/zrobot_interfaces/zrobot_interfaces
-- Up-to-date: /root/ws_ros2/ZRobot_Next/install/zrobot_interfaces/include/zrobot_interfaces/zrobot_interfaces/srv
-- Up-to-date: /root/ws_ros2/ZRobot_Next/install/zrobot_interfaces/include/zrobot_interfaces/zrobot_interfaces/srv/detail
-- Installing: /root/ws_ros2/ZRobot_Next/install/zrobot_interfaces/include/zrobot_interfaces/zrobot_interfaces/srv/detail/set_target__rosidl_typesupport_fastrtps_cpp.hpp
-- Installing: /root/ws_ros2/ZRobot_Next/install/zrobot_interfaces/include/zrobot_interfaces/zrobot_interfaces/srv/detail/dds_fastrtps
-- Installing: /root/ws_ros2/ZRobot_Next/install/zrobot_interfaces/include/zrobot_interfaces/zrobot_interfaces/srv/detail/set_config__rosidl_typesupport_fastrtps_cpp.hpp
-- Up-to-date: /root/ws_ros2/ZRobot_Next/install/zrobot_interfaces/include/zrobot_interfaces/zrobot_interfaces/msg
-- Up-to-date: /root/ws_ros2/ZRobot_Next/install/zrobot_interfaces/include/zrobot_interfaces/zrobot_interfaces/msg/detail
-- Installing: /root/ws_ros2/ZRobot_Next/install/zrobot_interfaces/include/zrobot_interfaces/zrobot_interfaces/msg/detail/motor_command__rosidl_typesupport_fastrtps_cpp.hpp
-- Installing: /root/ws_ros2/ZRobot_Next/install/zrobot_interfaces/include/zrobot_interfaces/zrobot_interfaces/msg/detail/dds_fastrtps
-- Installing: /root/ws_ros2/ZRobot_Next/install/zrobot_interfaces/include/zrobot_interfaces/zrobot_interfaces/msg/detail/detection_status__rosidl_typesupport_fastrtps_cpp.hpp
-- Installing: /root/ws_ros2/ZRobot_Next/install/zrobot_interfaces/include/zrobot_interfaces/zrobot_interfaces/msg/rosidl_typesupport_fastrtps_cpp__visibility_control.h
-- Installing: /root/ws_ros2/ZRobot_Next/install/zrobot_interfaces/lib/libzrobot_interfaces__rosidl_typesupport_fastrtps_cpp.so
-- Set non-toolchain portion of runtime path of "/root/ws_ros2/ZRobot_Next/install/zrobot_interfaces/lib/libzrobot_interfaces__rosidl_typesupport_fastrtps_cpp.so" to ""
-- Up-to-date: /root/ws_ros2/ZRobot_Next/install/zrobot_interfaces/include/zrobot_interfaces/zrobot_interfaces
-- Up-to-date: /root/ws_ros2/ZRobot_Next/install/zrobot_interfaces/include/zrobot_interfaces/zrobot_interfaces/srv
-- Up-to-date: /root/ws_ros2/ZRobot_Next/install/zrobot_interfaces/include/zrobot_interfaces/zrobot_interfaces/srv/detail
-- Installing: /root/ws_ros2/ZRobot_Next/install/zrobot_interfaces/include/zrobot_interfaces/zrobot_interfaces/srv/detail/set_config__type_support.cpp
-- Installing: /root/ws_ros2/ZRobot_Next/install/zrobot_interfaces/include/zrobot_interfaces/zrobot_interfaces/srv/detail/set_target__rosidl_typesupport_introspection_cpp.hpp
-- Installing: /root/ws_ros2/ZRobot_Next/install/zrobot_interfaces/include/zrobot_interfaces/zrobot_interfaces/srv/detail/set_config__rosidl_typesupport_introspection_cpp.hpp
-- Installing: /root/ws_ros2/ZRobot_Next/install/zrobot_interfaces/include/zrobot_interfaces/zrobot_interfaces/srv/detail/set_target__type_support.cpp
-- Up-to-date: /root/ws_ros2/ZRobot_Next/install/zrobot_interfaces/include/zrobot_interfaces/zrobot_interfaces/msg
-- Up-to-date: /root/ws_ros2/ZRobot_Next/install/zrobot_interfaces/include/zrobot_interfaces/zrobot_interfaces/msg/detail
-- Installing: /root/ws_ros2/ZRobot_Next/install/zrobot_interfaces/include/zrobot_interfaces/zrobot_interfaces/msg/detail/detection_status__type_support.cpp
-- Installing: /root/ws_ros2/ZRobot_Next/install/zrobot_interfaces/include/zrobot_interfaces/zrobot_interfaces/msg/detail/motor_command__rosidl_typesupport_introspection_cpp.hpp
-- Installing: /root/ws_ros2/ZRobot_Next/install/zrobot_interfaces/include/zrobot_interfaces/zrobot_interfaces/msg/detail/motor_command__type_support.cpp
-- Installing: /root/ws_ros2/ZRobot_Next/install/zrobot_interfaces/include/zrobot_interfaces/zrobot_interfaces/msg/detail/detection_status__rosidl_typesupport_introspection_cpp.hpp
-- Installing: /root/ws_ros2/ZRobot_Next/install/zrobot_interfaces/lib/libzrobot_interfaces__rosidl_typesupport_introspection_cpp.so
-- Set non-toolchain portion of runtime path of "/root/ws_ros2/ZRobot_Next/install/zrobot_interfaces/lib/libzrobot_interfaces__rosidl_typesupport_introspection_cpp.so" to ""
-- Installing: /root/ws_ros2/ZRobot_Next/install/zrobot_interfaces/lib/libzrobot_interfaces__rosidl_typesupport_cpp.so
-- Set non-toolchain portion of runtime path of "/root/ws_ros2/ZRobot_Next/install/zrobot_interfaces/lib/libzrobot_interfaces__rosidl_typesupport_cpp.so" to ""
-- Installing: /root/ws_ros2/ZRobot_Next/install/zrobot_interfaces/share/zrobot_interfaces/environment/pythonpath.sh
-- Installing: /root/ws_ros2/ZRobot_Next/install/zrobot_interfaces/share/zrobot_interfaces/environment/pythonpath.dsv
-- Installing: /root/ws_ros2/ZRobot_Next/install/zrobot_interfaces/lib/python3.12/site-packages/zrobot_interfaces-1.0.0-py3.12.egg-info
-- Installing: /root/ws_ros2/ZRobot_Next/install/zrobot_interfaces/lib/python3.12/site-packages/zrobot_interfaces-1.0.0-py3.12.egg-info/dependency_links.txt
-- Installing: /root/ws_ros2/ZRobot_Next/install/zrobot_interfaces/lib/python3.12/site-packages/zrobot_interfaces-1.0.0-py3.12.egg-info/PKG-INFO
-- Installing: /root/ws_ros2/ZRobot_Next/install/zrobot_interfaces/lib/python3.12/site-packages/zrobot_interfaces-1.0.0-py3.12.egg-info/top_level.txt
-- Installing: /root/ws_ros2/ZRobot_Next/install/zrobot_interfaces/lib/python3.12/site-packages/zrobot_interfaces-1.0.0-py3.12.egg-info/SOURCES.txt
-- Installing: /root/ws_ros2/ZRobot_Next/install/zrobot_interfaces/lib/python3.12/site-packages/zrobot_interfaces
-- Installing: /root/ws_ros2/ZRobot_Next/install/zrobot_interfaces/lib/python3.12/site-packages/zrobot_interfaces/zrobot_interfaces_s__rosidl_typesupport_c.so
-- Installing: /root/ws_ros2/ZRobot_Next/install/zrobot_interfaces/lib/python3.12/site-packages/zrobot_interfaces/srv
-- Installing: /root/ws_ros2/ZRobot_Next/install/zrobot_interfaces/lib/python3.12/site-packages/zrobot_interfaces/srv/_set_target_s.c
-- Installing: /root/ws_ros2/ZRobot_Next/install/zrobot_interfaces/lib/python3.12/site-packages/zrobot_interfaces/srv/_set_config_s.c
-- Installing: /root/ws_ros2/ZRobot_Next/install/zrobot_interfaces/lib/python3.12/site-packages/zrobot_interfaces/srv/_set_config.py
-- Installing: /root/ws_ros2/ZRobot_Next/install/zrobot_interfaces/lib/python3.12/site-packages/zrobot_interfaces/srv/_set_target.py
-- Installing: /root/ws_ros2/ZRobot_Next/install/zrobot_interfaces/lib/python3.12/site-packages/zrobot_interfaces/srv/__init__.py
-- Installing: /root/ws_ros2/ZRobot_Next/install/zrobot_interfaces/lib/python3.12/site-packages/zrobot_interfaces/_zrobot_interfaces_s.ep.rosidl_typesupport_introspection_c.c
-- Installing: /root/ws_ros2/ZRobot_Next/install/zrobot_interfaces/lib/python3.12/site-packages/zrobot_interfaces/_zrobot_interfaces_s.ep.rosidl_typesupport_fastrtps_c.c
-- Installing: /root/ws_ros2/ZRobot_Next/install/zrobot_interfaces/lib/python3.12/site-packages/zrobot_interfaces/zrobot_interfaces_s__rosidl_typesupport_introspection_c.so
-- Installing: /root/ws_ros2/ZRobot_Next/install/zrobot_interfaces/lib/python3.12/site-packages/zrobot_interfaces/_zrobot_interfaces_s.ep.rosidl_typesupport_c.c
-- Installing: /root/ws_ros2/ZRobot_Next/install/zrobot_interfaces/lib/python3.12/site-packages/zrobot_interfaces/zrobot_interfaces_s__rosidl_typesupport_fastrtps_c.so
-- Installing: /root/ws_ros2/ZRobot_Next/install/zrobot_interfaces/lib/python3.12/site-packages/zrobot_interfaces/msg
-- Installing: /root/ws_ros2/ZRobot_Next/install/zrobot_interfaces/lib/python3.12/site-packages/zrobot_interfaces/msg/_motor_command.py
-- Installing: /root/ws_ros2/ZRobot_Next/install/zrobot_interfaces/lib/python3.12/site-packages/zrobot_interfaces/msg/_detection_status_s.c
-- Installing: /root/ws_ros2/ZRobot_Next/install/zrobot_interfaces/lib/python3.12/site-packages/zrobot_interfaces/msg/_detection_status.py
-- Installing: /root/ws_ros2/ZRobot_Next/install/zrobot_interfaces/lib/python3.12/site-packages/zrobot_interfaces/msg/__init__.py
-- Installing: /root/ws_ros2/ZRobot_Next/install/zrobot_interfaces/lib/python3.12/site-packages/zrobot_interfaces/msg/_motor_command_s.c
-- Installing: /root/ws_ros2/ZRobot_Next/install/zrobot_interfaces/lib/python3.12/site-packages/zrobot_interfaces/__init__.py
Listing '/root/ws_ros2/ZRobot_Next/install/zrobot_interfaces/lib/python3.12/site-packages/zrobot_interfaces'...
Compiling '/root/ws_ros2/ZRobot_Next/install/zrobot_interfaces/lib/python3.12/site-packages/zrobot_interfaces/__init__.py'...
Listing '/root/ws_ros2/ZRobot_Next/install/zrobot_interfaces/lib/python3.12/site-packages/zrobot_interfaces/msg'...
Compiling '/root/ws_ros2/ZRobot_Next/install/zrobot_interfaces/lib/python3.12/site-packages/zrobot_interfaces/msg/__init__.py'...
Compiling '/root/ws_ros2/ZRobot_Next/install/zrobot_interfaces/lib/python3.12/site-packages/zrobot_interfaces/msg/_detection_status.py'...
Compiling '/root/ws_ros2/ZRobot_Next/install/zrobot_interfaces/lib/python3.12/site-packages/zrobot_interfaces/msg/_motor_command.py'...
Listing '/root/ws_ros2/ZRobot_Next/install/zrobot_interfaces/lib/python3.12/site-packages/zrobot_interfaces/srv'...
Compiling '/root/ws_ros2/ZRobot_Next/install/zrobot_interfaces/lib/python3.12/site-packages/zrobot_interfaces/srv/__init__.py'...
Compiling '/root/ws_ros2/ZRobot_Next/install/zrobot_interfaces/lib/python3.12/site-packages/zrobot_interfaces/srv/_set_config.py'...
Compiling '/root/ws_ros2/ZRobot_Next/install/zrobot_interfaces/lib/python3.12/site-packages/zrobot_interfaces/srv/_set_target.py'...
-- Installing: /root/ws_ros2/ZRobot_Next/install/zrobot_interfaces/lib/python3.12/site-packages/zrobot_interfaces/zrobot_interfaces_s__rosidl_typesupport_fastrtps_c.so
-- Set non-toolchain portion of runtime path of "/root/ws_ros2/ZRobot_Next/install/zrobot_interfaces/lib/python3.12/site-packages/zrobot_interfaces/zrobot_interfaces_s__rosidl_typesupport_fastrtps_c.so" to ""
-- Installing: /root/ws_ros2/ZRobot_Next/install/zrobot_interfaces/lib/python3.12/site-packages/zrobot_interfaces/zrobot_interfaces_s__rosidl_typesupport_introspection_c.so
-- Set non-toolchain portion of runtime path of "/root/ws_ros2/ZRobot_Next/install/zrobot_interfaces/lib/python3.12/site-packages/zrobot_interfaces/zrobot_interfaces_s__rosidl_typesupport_introspection_c.so" to ""
-- Installing: /root/ws_ros2/ZRobot_Next/install/zrobot_interfaces/lib/python3.12/site-packages/zrobot_interfaces/zrobot_interfaces_s__rosidl_typesupport_c.so
-- Set non-toolchain portion of runtime path of "/root/ws_ros2/ZRobot_Next/install/zrobot_interfaces/lib/python3.12/site-packages/zrobot_interfaces/zrobot_interfaces_s__rosidl_typesupport_c.so" to ""
-- Installing: /root/ws_ros2/ZRobot_Next/install/zrobot_interfaces/lib/libzrobot_interfaces__rosidl_generator_py.so
-- Set non-toolchain portion of runtime path of "/root/ws_ros2/ZRobot_Next/install/zrobot_interfaces/lib/libzrobot_interfaces__rosidl_generator_py.so" to ""
-- Installing: /root/ws_ros2/ZRobot_Next/install/zrobot_interfaces/share/zrobot_interfaces/msg/DetectionStatus.idl
-- Installing: /root/ws_ros2/ZRobot_Next/install/zrobot_interfaces/share/zrobot_interfaces/msg/MotorCommand.idl
-- Installing: /root/ws_ros2/ZRobot_Next/install/zrobot_interfaces/share/zrobot_interfaces/srv/SetTarget.idl
-- Installing: /root/ws_ros2/ZRobot_Next/install/zrobot_interfaces/share/zrobot_interfaces/srv/SetConfig.idl
-- Installing: /root/ws_ros2/ZRobot_Next/install/zrobot_interfaces/share/zrobot_interfaces/msg/DetectionStatus.msg
-- Installing: /root/ws_ros2/ZRobot_Next/install/zrobot_interfaces/share/zrobot_interfaces/msg/MotorCommand.msg
-- Installing: /root/ws_ros2/ZRobot_Next/install/zrobot_interfaces/share/zrobot_interfaces/srv/SetTarget.srv
-- Installing: /root/ws_ros2/ZRobot_Next/install/zrobot_interfaces/share/zrobot_interfaces/srv/SetConfig.srv
-- Installing: /root/ws_ros2/ZRobot_Next/install/zrobot_interfaces/share/ament_index/resource_index/package_run_dependencies/zrobot_interfaces
-- Installing: /root/ws_ros2/ZRobot_Next/install/zrobot_interfaces/share/ament_index/resource_index/parent_prefix_path/zrobot_interfaces
-- Installing: /root/ws_ros2/ZRobot_Next/install/zrobot_interfaces/share/zrobot_interfaces/environment/ament_prefix_path.sh
-- Installing: /root/ws_ros2/ZRobot_Next/install/zrobot_interfaces/share/zrobot_interfaces/environment/ament_prefix_path.dsv
-- Installing: /root/ws_ros2/ZRobot_Next/install/zrobot_interfaces/share/zrobot_interfaces/environment/path.sh
-- Installing: /root/ws_ros2/ZRobot_Next/install/zrobot_interfaces/share/zrobot_interfaces/environment/path.dsv
-- Installing: /root/ws_ros2/ZRobot_Next/install/zrobot_interfaces/share/zrobot_interfaces/local_setup.bash
-- Installing: /root/ws_ros2/ZRobot_Next/install/zrobot_interfaces/share/zrobot_interfaces/local_setup.sh
-- Installing: /root/ws_ros2/ZRobot_Next/install/zrobot_interfaces/share/zrobot_interfaces/local_setup.zsh
-- Installing: /root/ws_ros2/ZRobot_Next/install/zrobot_interfaces/share/zrobot_interfaces/local_setup.dsv
-- Installing: /root/ws_ros2/ZRobot_Next/install/zrobot_interfaces/share/zrobot_interfaces/package.dsv
-- Installing: /root/ws_ros2/ZRobot_Next/install/zrobot_interfaces/share/ament_index/resource_index/packages/zrobot_interfaces
-- Installing: /root/ws_ros2/ZRobot_Next/install/zrobot_interfaces/share/zrobot_interfaces/cmake/export_zrobot_interfaces__rosidl_generator_cExport.cmake
-- Installing: /root/ws_ros2/ZRobot_Next/install/zrobot_interfaces/share/zrobot_interfaces/cmake/export_zrobot_interfaces__rosidl_generator_cExport-noconfig.cmake
-- Installing: /root/ws_ros2/ZRobot_Next/install/zrobot_interfaces/share/zrobot_interfaces/cmake/export_zrobot_interfaces__rosidl_typesupport_fastrtps_cExport.cmake
-- Installing: /root/ws_ros2/ZRobot_Next/install/zrobot_interfaces/share/zrobot_interfaces/cmake/export_zrobot_interfaces__rosidl_typesupport_fastrtps_cExport-noconfig.cmake
-- Installing: /root/ws_ros2/ZRobot_Next/install/zrobot_interfaces/share/zrobot_interfaces/cmake/zrobot_interfaces__rosidl_typesupport_introspection_cExport.cmake
-- Installing: /root/ws_ros2/ZRobot_Next/install/zrobot_interfaces/share/zrobot_interfaces/cmake/zrobot_interfaces__rosidl_typesupport_introspection_cExport-noconfig.cmake
-- Installing: /root/ws_ros2/ZRobot_Next/install/zrobot_interfaces/share/zrobot_interfaces/cmake/zrobot_interfaces__rosidl_typesupport_cExport.cmake
-- Installing: /root/ws_ros2/ZRobot_Next/install/zrobot_interfaces/share/zrobot_interfaces/cmake/zrobot_interfaces__rosidl_typesupport_cExport-noconfig.cmake
-- Installing: /root/ws_ros2/ZRobot_Next/install/zrobot_interfaces/share/zrobot_interfaces/cmake/export_zrobot_interfaces__rosidl_generator_cppExport.cmake
-- Installing: /root/ws_ros2/ZRobot_Next/install/zrobot_interfaces/share/zrobot_interfaces/cmake/export_zrobot_interfaces__rosidl_typesupport_fastrtps_cppExport.cmake
-- Installing: /root/ws_ros2/ZRobot_Next/install/zrobot_interfaces/share/zrobot_interfaces/cmake/export_zrobot_interfaces__rosidl_typesupport_fastrtps_cppExport-noconfig.cmake
-- Installing: /root/ws_ros2/ZRobot_Next/install/zrobot_interfaces/share/zrobot_interfaces/cmake/zrobot_interfaces__rosidl_typesupport_introspection_cppExport.cmake
-- Installing: /root/ws_ros2/ZRobot_Next/install/zrobot_interfaces/share/zrobot_interfaces/cmake/zrobot_interfaces__rosidl_typesupport_introspection_cppExport-noconfig.cmake
-- Installing: /root/ws_ros2/ZRobot_Next/install/zrobot_interfaces/share/zrobot_interfaces/cmake/zrobot_interfaces__rosidl_typesupport_cppExport.cmake
-- Installing: /root/ws_ros2/ZRobot_Next/install/zrobot_interfaces/share/zrobot_interfaces/cmake/zrobot_interfaces__rosidl_typesupport_cppExport-noconfig.cmake
-- Installing: /root/ws_ros2/ZRobot_Next/install/zrobot_interfaces/share/zrobot_interfaces/cmake/export_zrobot_interfaces__rosidl_generator_pyExport.cmake
-- Installing: /root/ws_ros2/ZRobot_Next/install/zrobot_interfaces/share/zrobot_interfaces/cmake/export_zrobot_interfaces__rosidl_generator_pyExport-noconfig.cmake
-- Installing: /root/ws_ros2/ZRobot_Next/install/zrobot_interfaces/share/zrobot_interfaces/cmake/rosidl_cmake-extras.cmake
-- Installing: /root/ws_ros2/ZRobot_Next/install/zrobot_interfaces/share/zrobot_interfaces/cmake/ament_cmake_export_dependencies-extras.cmake
-- Installing: /root/ws_ros2/ZRobot_Next/install/zrobot_interfaces/share/zrobot_interfaces/cmake/ament_cmake_export_include_directories-extras.cmake
-- Installing: /root/ws_ros2/ZRobot_Next/install/zrobot_interfaces/share/zrobot_interfaces/cmake/ament_cmake_export_libraries-extras.cmake
-- Installing: /root/ws_ros2/ZRobot_Next/install/zrobot_interfaces/share/zrobot_interfaces/cmake/ament_cmake_export_targets-extras.cmake
-- Installing: /root/ws_ros2/ZRobot_Next/install/zrobot_interfaces/share/zrobot_interfaces/cmake/rosidl_cmake_export_typesupport_targets-extras.cmake
-- Installing: /root/ws_ros2/ZRobot_Next/install/zrobot_interfaces/share/zrobot_interfaces/cmake/rosidl_cmake_export_typesupport_libraries-extras.cmake
-- Installing: /root/ws_ros2/ZRobot_Next/install/zrobot_interfaces/share/zrobot_interfaces/cmake/zrobot_interfacesConfig.cmake
-- Installing: /root/ws_ros2/ZRobot_Next/install/zrobot_interfaces/share/zrobot_interfaces/cmake/zrobot_interfacesConfig-version.cmake
-- Installing: /root/ws_ros2/ZRobot_Next/install/zrobot_interfaces/share/zrobot_interfaces/package.xml
