[0.031s] Invoking command in '/root/ws_ros2/ZRobot_Next/build/ldlidar_stl_ros2': CMAKE_PREFIX_PATH=/opt/ros/jazzy /usr/bin/cmake --build /root/ws_ros2/ZRobot_Next/build/ldlidar_stl_ros2 -- -j8 -l8
[0.223s] [100%] Built target ldlidar_stl_ros2_node
[0.265s] Invoked command in '/root/ws_ros2/ZRobot_Next/build/ldlidar_stl_ros2' returned '0': CMAKE_PREFIX_PATH=/opt/ros/jazzy /usr/bin/cmake --build /root/ws_ros2/ZRobot_Next/build/ldlidar_stl_ros2 -- -j8 -l8
[0.266s] Invoking command in '/root/ws_ros2/ZRobot_Next/build/ldlidar_stl_ros2': CMAKE_PREFIX_PATH=/opt/ros/jazzy /usr/bin/cmake --install /root/ws_ros2/ZRobot_Next/build/ldlidar_stl_ros2
[0.277s] -- Install configuration: ""
[0.278s] -- Up-to-date: /root/ws_ros2/ZRobot_Next/install/ldlidar_stl_ros2/lib/ldlidar_stl_ros2/ldlidar_stl_ros2_node
[0.278s] -- Up-to-date: /root/ws_ros2/ZRobot_Next/install/ldlidar_stl_ros2/share/ldlidar_stl_ros2//launch
[0.279s] -- Up-to-date: /root/ws_ros2/ZRobot_Next/install/ldlidar_stl_ros2/share/ldlidar_stl_ros2//launch/viewer_ld06.launch.py
[0.280s] -- Up-to-date: /root/ws_ros2/ZRobot_Next/install/ldlidar_stl_ros2/share/ldlidar_stl_ros2//launch/viewer_ld19.launch.py
[0.281s] -- Up-to-date: /root/ws_ros2/ZRobot_Next/install/ldlidar_stl_ros2/share/ldlidar_stl_ros2//launch/ld06.launch.py
[0.282s] -- Up-to-date: /root/ws_ros2/ZRobot_Next/install/ldlidar_stl_ros2/share/ldlidar_stl_ros2//launch/viewer_stl27l.launch.py
[0.282s] -- Up-to-date: /root/ws_ros2/ZRobot_Next/install/ldlidar_stl_ros2/share/ldlidar_stl_ros2//launch/ld19.launch.py
[0.283s] -- Up-to-date: /root/ws_ros2/ZRobot_Next/install/ldlidar_stl_ros2/share/ldlidar_stl_ros2//launch/stl27l.launch.py
[0.284s] -- Up-to-date: /root/ws_ros2/ZRobot_Next/install/ldlidar_stl_ros2/share/ldlidar_stl_ros2//rviz2
[0.284s] -- Up-to-date: /root/ws_ros2/ZRobot_Next/install/ldlidar_stl_ros2/share/ldlidar_stl_ros2//rviz2/ldlidar.rviz
[0.285s] -- Up-to-date: /root/ws_ros2/ZRobot_Next/install/ldlidar_stl_ros2/share/ament_index/resource_index/package_run_dependencies/ldlidar_stl_ros2
[0.286s] -- Up-to-date: /root/ws_ros2/ZRobot_Next/install/ldlidar_stl_ros2/share/ament_index/resource_index/parent_prefix_path/ldlidar_stl_ros2
[0.286s] -- Up-to-date: /root/ws_ros2/ZRobot_Next/install/ldlidar_stl_ros2/share/ldlidar_stl_ros2/environment/ament_prefix_path.sh
[0.287s] -- Up-to-date: /root/ws_ros2/ZRobot_Next/install/ldlidar_stl_ros2/share/ldlidar_stl_ros2/environment/ament_prefix_path.dsv
[0.287s] -- Up-to-date: /root/ws_ros2/ZRobot_Next/install/ldlidar_stl_ros2/share/ldlidar_stl_ros2/environment/path.sh
[0.288s] -- Up-to-date: /root/ws_ros2/ZRobot_Next/install/ldlidar_stl_ros2/share/ldlidar_stl_ros2/environment/path.dsv
[0.289s] -- Up-to-date: /root/ws_ros2/ZRobot_Next/install/ldlidar_stl_ros2/share/ldlidar_stl_ros2/local_setup.bash
[0.290s] -- Up-to-date: /root/ws_ros2/ZRobot_Next/install/ldlidar_stl_ros2/share/ldlidar_stl_ros2/local_setup.sh
[0.291s] -- Up-to-date: /root/ws_ros2/ZRobot_Next/install/ldlidar_stl_ros2/share/ldlidar_stl_ros2/local_setup.zsh
[0.292s] -- Up-to-date: /root/ws_ros2/ZRobot_Next/install/ldlidar_stl_ros2/share/ldlidar_stl_ros2/local_setup.dsv
[0.293s] -- Installing: /root/ws_ros2/ZRobot_Next/install/ldlidar_stl_ros2/share/ldlidar_stl_ros2/package.dsv
[0.294s] -- Up-to-date: /root/ws_ros2/ZRobot_Next/install/ldlidar_stl_ros2/share/ament_index/resource_index/packages/ldlidar_stl_ros2
[0.297s] -- Up-to-date: /root/ws_ros2/ZRobot_Next/install/ldlidar_stl_ros2/share/ldlidar_stl_ros2/cmake/ldlidar_stl_ros2Config.cmake
[0.297s] -- Up-to-date: /root/ws_ros2/ZRobot_Next/install/ldlidar_stl_ros2/share/ldlidar_stl_ros2/cmake/ldlidar_stl_ros2Config-version.cmake
[0.298s] -- Up-to-date: /root/ws_ros2/ZRobot_Next/install/ldlidar_stl_ros2/share/ldlidar_stl_ros2/package.xml
[0.299s] Invoked command in '/root/ws_ros2/ZRobot_Next/build/ldlidar_stl_ros2' returned '0': CMAKE_PREFIX_PATH=/opt/ros/jazzy /usr/bin/cmake --install /root/ws_ros2/ZRobot_Next/build/ldlidar_stl_ros2
