[0.173s] DEBUG:colcon:Command line arguments: ['/usr/bin/colcon', 'build']
[0.173s] DEBUG:colcon:Parsed command line arguments: Namespace(log_base=None, log_level=None, verb_name='build', build_base='build', install_base='install', merge_install=False, symlink_install=False, test_result_base=None, continue_on_error=False, executor='parallel', parallel_workers=8, event_handlers=None, ignore_user_meta=False, metas=['./colcon.meta'], base_paths=['.'], packages_ignore=None, packages_ignore_regex=None, paths=None, packages_up_to=None, packages_up_to_regex=None, packages_above=None, packages_above_and_dependencies=None, packages_above_depth=None, packages_select_by_dep=None, packages_skip_by_dep=None, packages_skip_up_to=None, packages_select_build_failed=False, packages_skip_build_finished=False, packages_select_test_failures=False, packages_skip_test_passed=False, packages_select=None, packages_skip=None, packages_select_regex=None, packages_skip_regex=None, packages_start=None, packages_end=None, cmake_args=None, cmake_target=None, cmake_target_skip_unavailable=False, cmake_clean_cache=False, cmake_clean_first=False, cmake_force_configure=False, ament_cmake_args=None, catkin_cmake_args=None, catkin_skip_building_tests=False, mixin_files=None, mixin=None, verb_parser=<colcon_mixin.mixin.mixin_argument.MixinArgumentDecorator object at 0xffffadaf32c0>, verb_extension=<colcon_core.verb.build.BuildVerb object at 0xffffadcd3530>, main=<bound method BuildVerb.main of <colcon_core.verb.build.BuildVerb object at 0xffffadcd3530>>, mixin_verb=('build',))
[0.236s] Level 1:colcon.colcon_core.package_discovery:discover_packages(colcon_meta) check parameters
[0.237s] INFO:colcon.colcon_metadata.package_discovery.colcon_meta:Using configuration from '/root/.colcon/metadata/default/Gazebo.meta'
[0.238s] INFO:colcon.colcon_metadata.package_discovery.colcon_meta:Using configuration from '/root/.colcon/metadata/default/fastdds.meta'
[0.238s] INFO:colcon.colcon_metadata.package_discovery.colcon_meta:Using configuration from '/root/.colcon/metadata/default/fastrtps.meta'
[0.239s] Level 1:colcon.colcon_core.package_discovery:discover_packages(recursive) check parameters
[0.239s] Level 1:colcon.colcon_core.package_discovery:discover_packages(ignore) check parameters
[0.239s] Level 1:colcon.colcon_core.package_discovery:discover_packages(path) check parameters
[0.239s] Level 1:colcon.colcon_core.package_discovery:discover_packages(colcon_meta) discover
[0.239s] Level 1:colcon.colcon_core.package_discovery:discover_packages(recursive) discover
[0.239s] INFO:colcon.colcon_core.package_discovery:Crawling recursively for packages in '/root/ws_ros2/ZRobot_Next'
[0.239s] Level 1:colcon.colcon_core.package_identification:_identify(.) by extensions ['ignore', 'ignore_ament_install']
[0.239s] Level 1:colcon.colcon_core.package_identification:_identify(.) by extension 'ignore'
[0.239s] Level 1:colcon.colcon_core.package_identification:_identify(.) by extension 'ignore_ament_install'
[0.239s] Level 1:colcon.colcon_core.package_identification:_identify(.) by extensions ['colcon_pkg']
[0.239s] Level 1:colcon.colcon_core.package_identification:_identify(.) by extension 'colcon_pkg'
[0.239s] Level 1:colcon.colcon_core.package_identification:_identify(.) by extensions ['colcon_meta']
[0.239s] Level 1:colcon.colcon_core.package_identification:_identify(.) by extension 'colcon_meta'
[0.239s] Level 1:colcon.colcon_core.package_identification:_identify(.) by extensions ['ros']
[0.239s] Level 1:colcon.colcon_core.package_identification:_identify(.) by extension 'ros'
[0.283s] Level 1:colcon.colcon_core.package_identification:_identify(.) by extensions ['cmake', 'python']
[0.283s] Level 1:colcon.colcon_core.package_identification:_identify(.) by extension 'cmake'
[0.283s] Level 1:colcon.colcon_core.package_identification:_identify(.) by extension 'python'
[0.283s] Level 1:colcon.colcon_core.package_identification:_identify(.) by extensions ['python_setup_py']
[0.283s] Level 1:colcon.colcon_core.package_identification:_identify(.) by extension 'python_setup_py'
[0.283s] Level 1:colcon.colcon_core.package_identification:_identify(build) by extensions ['ignore', 'ignore_ament_install']
[0.284s] Level 1:colcon.colcon_core.package_identification:_identify(build) by extension 'ignore'
[0.284s] Level 1:colcon.colcon_core.package_identification:_identify(build) ignored
[0.284s] Level 1:colcon.colcon_core.package_identification:_identify(convert) by extensions ['ignore', 'ignore_ament_install']
[0.284s] Level 1:colcon.colcon_core.package_identification:_identify(convert) by extension 'ignore'
[0.284s] Level 1:colcon.colcon_core.package_identification:_identify(convert) by extension 'ignore_ament_install'
[0.284s] Level 1:colcon.colcon_core.package_identification:_identify(convert) by extensions ['colcon_pkg']
[0.284s] Level 1:colcon.colcon_core.package_identification:_identify(convert) by extension 'colcon_pkg'
[0.284s] Level 1:colcon.colcon_core.package_identification:_identify(convert) by extensions ['colcon_meta']
[0.284s] Level 1:colcon.colcon_core.package_identification:_identify(convert) by extension 'colcon_meta'
[0.284s] Level 1:colcon.colcon_core.package_identification:_identify(convert) by extensions ['ros']
[0.284s] Level 1:colcon.colcon_core.package_identification:_identify(convert) by extension 'ros'
[0.284s] Level 1:colcon.colcon_core.package_identification:_identify(convert) by extensions ['cmake', 'python']
[0.284s] Level 1:colcon.colcon_core.package_identification:_identify(convert) by extension 'cmake'
[0.284s] Level 1:colcon.colcon_core.package_identification:_identify(convert) by extension 'python'
[0.285s] Level 1:colcon.colcon_core.package_identification:_identify(convert) by extensions ['python_setup_py']
[0.285s] Level 1:colcon.colcon_core.package_identification:_identify(convert) by extension 'python_setup_py'
[0.285s] Level 1:colcon.colcon_core.package_identification:_identify(install) by extensions ['ignore', 'ignore_ament_install']
[0.285s] Level 1:colcon.colcon_core.package_identification:_identify(install) by extension 'ignore'
[0.285s] Level 1:colcon.colcon_core.package_identification:_identify(install) ignored
[0.285s] Level 1:colcon.colcon_core.package_identification:_identify(ldlidar_stl_ros2) by extensions ['ignore', 'ignore_ament_install']
[0.285s] Level 1:colcon.colcon_core.package_identification:_identify(ldlidar_stl_ros2) by extension 'ignore'
[0.285s] Level 1:colcon.colcon_core.package_identification:_identify(ldlidar_stl_ros2) by extension 'ignore_ament_install'
[0.285s] Level 1:colcon.colcon_core.package_identification:_identify(ldlidar_stl_ros2) by extensions ['colcon_pkg']
[0.285s] Level 1:colcon.colcon_core.package_identification:_identify(ldlidar_stl_ros2) by extension 'colcon_pkg'
[0.285s] Level 1:colcon.colcon_core.package_identification:_identify(ldlidar_stl_ros2) by extensions ['colcon_meta']
[0.285s] Level 1:colcon.colcon_core.package_identification:_identify(ldlidar_stl_ros2) by extension 'colcon_meta'
[0.285s] Level 1:colcon.colcon_core.package_identification:_identify(ldlidar_stl_ros2) by extensions ['ros']
[0.285s] Level 1:colcon.colcon_core.package_identification:_identify(ldlidar_stl_ros2) by extension 'ros'
[0.291s] DEBUG:colcon.colcon_core.package_identification:Package 'ldlidar_stl_ros2' with type 'ros.ament_cmake' and name 'ldlidar_stl_ros2'
[0.292s] Level 1:colcon.colcon_core.package_identification:_identify(log) by extensions ['ignore', 'ignore_ament_install']
[0.292s] Level 1:colcon.colcon_core.package_identification:_identify(log) by extension 'ignore'
[0.292s] Level 1:colcon.colcon_core.package_identification:_identify(log) ignored
[0.292s] Level 1:colcon.colcon_core.package_identification:_identify(models) by extensions ['ignore', 'ignore_ament_install']
[0.292s] Level 1:colcon.colcon_core.package_identification:_identify(models) by extension 'ignore'
[0.292s] Level 1:colcon.colcon_core.package_identification:_identify(models) by extension 'ignore_ament_install'
[0.292s] Level 1:colcon.colcon_core.package_identification:_identify(models) by extensions ['colcon_pkg']
[0.292s] Level 1:colcon.colcon_core.package_identification:_identify(models) by extension 'colcon_pkg'
[0.292s] Level 1:colcon.colcon_core.package_identification:_identify(models) by extensions ['colcon_meta']
[0.292s] Level 1:colcon.colcon_core.package_identification:_identify(models) by extension 'colcon_meta'
[0.292s] Level 1:colcon.colcon_core.package_identification:_identify(models) by extensions ['ros']
[0.292s] Level 1:colcon.colcon_core.package_identification:_identify(models) by extension 'ros'
[0.293s] Level 1:colcon.colcon_core.package_identification:_identify(models) by extensions ['cmake', 'python']
[0.293s] Level 1:colcon.colcon_core.package_identification:_identify(models) by extension 'cmake'
[0.293s] Level 1:colcon.colcon_core.package_identification:_identify(models) by extension 'python'
[0.293s] Level 1:colcon.colcon_core.package_identification:_identify(models) by extensions ['python_setup_py']
[0.293s] Level 1:colcon.colcon_core.package_identification:_identify(models) by extension 'python_setup_py'
[0.293s] Level 1:colcon.colcon_core.package_identification:_identify(web_interface) by extensions ['ignore', 'ignore_ament_install']
[0.293s] Level 1:colcon.colcon_core.package_identification:_identify(web_interface) by extension 'ignore'
[0.293s] Level 1:colcon.colcon_core.package_identification:_identify(web_interface) by extension 'ignore_ament_install'
[0.293s] Level 1:colcon.colcon_core.package_identification:_identify(web_interface) by extensions ['colcon_pkg']
[0.293s] Level 1:colcon.colcon_core.package_identification:_identify(web_interface) by extension 'colcon_pkg'
[0.293s] Level 1:colcon.colcon_core.package_identification:_identify(web_interface) by extensions ['colcon_meta']
[0.293s] Level 1:colcon.colcon_core.package_identification:_identify(web_interface) by extension 'colcon_meta'
[0.293s] Level 1:colcon.colcon_core.package_identification:_identify(web_interface) by extensions ['ros']
[0.293s] Level 1:colcon.colcon_core.package_identification:_identify(web_interface) by extension 'ros'
[0.294s] DEBUG:colcon.colcon_core.package_identification:Package 'web_interface' with type 'ros.ament_cmake' and name 'web_interface'
[0.295s] Level 1:colcon.colcon_core.package_identification:_identify(zrobot_bringup) by extensions ['ignore', 'ignore_ament_install']
[0.295s] Level 1:colcon.colcon_core.package_identification:_identify(zrobot_bringup) by extension 'ignore'
[0.295s] Level 1:colcon.colcon_core.package_identification:_identify(zrobot_bringup) by extension 'ignore_ament_install'
[0.295s] Level 1:colcon.colcon_core.package_identification:_identify(zrobot_bringup) by extensions ['colcon_pkg']
[0.295s] Level 1:colcon.colcon_core.package_identification:_identify(zrobot_bringup) by extension 'colcon_pkg'
[0.295s] Level 1:colcon.colcon_core.package_identification:_identify(zrobot_bringup) by extensions ['colcon_meta']
[0.295s] Level 1:colcon.colcon_core.package_identification:_identify(zrobot_bringup) by extension 'colcon_meta'
[0.295s] Level 1:colcon.colcon_core.package_identification:_identify(zrobot_bringup) by extensions ['ros']
[0.295s] Level 1:colcon.colcon_core.package_identification:_identify(zrobot_bringup) by extension 'ros'
[0.296s] DEBUG:colcon.colcon_core.package_identification:Package 'zrobot_bringup' with type 'ros.ament_cmake' and name 'zrobot_bringup'
[0.296s] Level 1:colcon.colcon_core.package_identification:_identify(zrobot_control) by extensions ['ignore', 'ignore_ament_install']
[0.296s] Level 1:colcon.colcon_core.package_identification:_identify(zrobot_control) by extension 'ignore'
[0.296s] Level 1:colcon.colcon_core.package_identification:_identify(zrobot_control) by extension 'ignore_ament_install'
[0.296s] Level 1:colcon.colcon_core.package_identification:_identify(zrobot_control) by extensions ['colcon_pkg']
[0.296s] Level 1:colcon.colcon_core.package_identification:_identify(zrobot_control) by extension 'colcon_pkg'
[0.296s] Level 1:colcon.colcon_core.package_identification:_identify(zrobot_control) by extensions ['colcon_meta']
[0.296s] Level 1:colcon.colcon_core.package_identification:_identify(zrobot_control) by extension 'colcon_meta'
[0.296s] Level 1:colcon.colcon_core.package_identification:_identify(zrobot_control) by extensions ['ros']
[0.296s] Level 1:colcon.colcon_core.package_identification:_identify(zrobot_control) by extension 'ros'
[0.297s] DEBUG:colcon.colcon_core.package_identification:Package 'zrobot_control' with type 'ros.ament_cmake' and name 'zrobot_control'
[0.297s] Level 1:colcon.colcon_core.package_identification:_identify(zrobot_interfaces) by extensions ['ignore', 'ignore_ament_install']
[0.297s] Level 1:colcon.colcon_core.package_identification:_identify(zrobot_interfaces) by extension 'ignore'
[0.297s] Level 1:colcon.colcon_core.package_identification:_identify(zrobot_interfaces) by extension 'ignore_ament_install'
[0.297s] Level 1:colcon.colcon_core.package_identification:_identify(zrobot_interfaces) by extensions ['colcon_pkg']
[0.297s] Level 1:colcon.colcon_core.package_identification:_identify(zrobot_interfaces) by extension 'colcon_pkg'
[0.297s] Level 1:colcon.colcon_core.package_identification:_identify(zrobot_interfaces) by extensions ['colcon_meta']
[0.297s] Level 1:colcon.colcon_core.package_identification:_identify(zrobot_interfaces) by extension 'colcon_meta'
[0.297s] Level 1:colcon.colcon_core.package_identification:_identify(zrobot_interfaces) by extensions ['ros']
[0.297s] Level 1:colcon.colcon_core.package_identification:_identify(zrobot_interfaces) by extension 'ros'
[0.298s] DEBUG:colcon.colcon_core.package_identification:Package 'zrobot_interfaces' with type 'ros.ament_cmake' and name 'zrobot_interfaces'
[0.298s] Level 1:colcon.colcon_core.package_identification:_identify(zrobot_obstacle_avoidance) by extensions ['ignore', 'ignore_ament_install']
[0.298s] Level 1:colcon.colcon_core.package_identification:_identify(zrobot_obstacle_avoidance) by extension 'ignore'
[0.298s] Level 1:colcon.colcon_core.package_identification:_identify(zrobot_obstacle_avoidance) by extension 'ignore_ament_install'
[0.298s] Level 1:colcon.colcon_core.package_identification:_identify(zrobot_obstacle_avoidance) by extensions ['colcon_pkg']
[0.298s] Level 1:colcon.colcon_core.package_identification:_identify(zrobot_obstacle_avoidance) by extension 'colcon_pkg'
[0.298s] Level 1:colcon.colcon_core.package_identification:_identify(zrobot_obstacle_avoidance) by extensions ['colcon_meta']
[0.298s] Level 1:colcon.colcon_core.package_identification:_identify(zrobot_obstacle_avoidance) by extension 'colcon_meta'
[0.298s] Level 1:colcon.colcon_core.package_identification:_identify(zrobot_obstacle_avoidance) by extensions ['ros']
[0.298s] Level 1:colcon.colcon_core.package_identification:_identify(zrobot_obstacle_avoidance) by extension 'ros'
[0.299s] DEBUG:colcon.colcon_core.package_identification:Package 'zrobot_obstacle_avoidance' with type 'ros.ament_cmake' and name 'zrobot_obstacle_avoidance'
[0.299s] Level 1:colcon.colcon_core.package_identification:_identify(zrobot_perception) by extensions ['ignore', 'ignore_ament_install']
[0.299s] Level 1:colcon.colcon_core.package_identification:_identify(zrobot_perception) by extension 'ignore'
[0.300s] Level 1:colcon.colcon_core.package_identification:_identify(zrobot_perception) by extension 'ignore_ament_install'
[0.300s] Level 1:colcon.colcon_core.package_identification:_identify(zrobot_perception) by extensions ['colcon_pkg']
[0.300s] Level 1:colcon.colcon_core.package_identification:_identify(zrobot_perception) by extension 'colcon_pkg'
[0.300s] Level 1:colcon.colcon_core.package_identification:_identify(zrobot_perception) by extensions ['colcon_meta']
[0.300s] Level 1:colcon.colcon_core.package_identification:_identify(zrobot_perception) by extension 'colcon_meta'
[0.300s] Level 1:colcon.colcon_core.package_identification:_identify(zrobot_perception) by extensions ['ros']
[0.300s] Level 1:colcon.colcon_core.package_identification:_identify(zrobot_perception) by extension 'ros'
[0.301s] DEBUG:colcon.colcon_core.package_identification:Package 'zrobot_perception' with type 'ros.ament_cmake' and name 'zrobot_perception'
[0.301s] Level 1:colcon.colcon_core.package_discovery:discover_packages(recursive) using defaults
[0.301s] Level 1:colcon.colcon_core.package_discovery:discover_packages(ignore) discover
[0.301s] Level 1:colcon.colcon_core.package_discovery:discover_packages(ignore) using defaults
[0.301s] Level 1:colcon.colcon_core.package_discovery:discover_packages(path) discover
[0.301s] Level 1:colcon.colcon_core.package_discovery:discover_packages(path) using defaults
[0.330s] Level 5:colcon.colcon_core.verb:set package 'ldlidar_stl_ros2' build argument 'cmake_args' from command line to 'None'
[0.330s] Level 5:colcon.colcon_core.verb:set package 'ldlidar_stl_ros2' build argument 'cmake_target' from command line to 'None'
[0.330s] Level 5:colcon.colcon_core.verb:set package 'ldlidar_stl_ros2' build argument 'cmake_target_skip_unavailable' from command line to 'False'
[0.330s] Level 5:colcon.colcon_core.verb:set package 'ldlidar_stl_ros2' build argument 'cmake_clean_cache' from command line to 'False'
[0.330s] Level 5:colcon.colcon_core.verb:set package 'ldlidar_stl_ros2' build argument 'cmake_clean_first' from command line to 'False'
[0.330s] Level 5:colcon.colcon_core.verb:set package 'ldlidar_stl_ros2' build argument 'cmake_force_configure' from command line to 'False'
[0.330s] Level 5:colcon.colcon_core.verb:set package 'ldlidar_stl_ros2' build argument 'ament_cmake_args' from command line to 'None'
[0.330s] Level 5:colcon.colcon_core.verb:set package 'ldlidar_stl_ros2' build argument 'catkin_cmake_args' from command line to 'None'
[0.330s] Level 5:colcon.colcon_core.verb:set package 'ldlidar_stl_ros2' build argument 'catkin_skip_building_tests' from command line to 'False'
[0.331s] DEBUG:colcon.colcon_core.verb:Building package 'ldlidar_stl_ros2' with the following arguments: {'ament_cmake_args': None, 'build_base': '/root/ws_ros2/ZRobot_Next/build/ldlidar_stl_ros2', 'catkin_cmake_args': None, 'catkin_skip_building_tests': False, 'cmake_args': None, 'cmake_clean_cache': False, 'cmake_clean_first': False, 'cmake_force_configure': False, 'cmake_target': None, 'cmake_target_skip_unavailable': False, 'install_base': '/root/ws_ros2/ZRobot_Next/install/ldlidar_stl_ros2', 'merge_install': False, 'path': '/root/ws_ros2/ZRobot_Next/ldlidar_stl_ros2', 'symlink_install': False, 'test_result_base': None}
[0.331s] Level 5:colcon.colcon_core.verb:set package 'web_interface' build argument 'cmake_args' from command line to 'None'
[0.331s] Level 5:colcon.colcon_core.verb:set package 'web_interface' build argument 'cmake_target' from command line to 'None'
[0.331s] Level 5:colcon.colcon_core.verb:set package 'web_interface' build argument 'cmake_target_skip_unavailable' from command line to 'False'
[0.331s] Level 5:colcon.colcon_core.verb:set package 'web_interface' build argument 'cmake_clean_cache' from command line to 'False'
[0.331s] Level 5:colcon.colcon_core.verb:set package 'web_interface' build argument 'cmake_clean_first' from command line to 'False'
[0.331s] Level 5:colcon.colcon_core.verb:set package 'web_interface' build argument 'cmake_force_configure' from command line to 'False'
[0.331s] Level 5:colcon.colcon_core.verb:set package 'web_interface' build argument 'ament_cmake_args' from command line to 'None'
[0.331s] Level 5:colcon.colcon_core.verb:set package 'web_interface' build argument 'catkin_cmake_args' from command line to 'None'
[0.331s] Level 5:colcon.colcon_core.verb:set package 'web_interface' build argument 'catkin_skip_building_tests' from command line to 'False'
[0.331s] DEBUG:colcon.colcon_core.verb:Building package 'web_interface' with the following arguments: {'ament_cmake_args': None, 'build_base': '/root/ws_ros2/ZRobot_Next/build/web_interface', 'catkin_cmake_args': None, 'catkin_skip_building_tests': False, 'cmake_args': None, 'cmake_clean_cache': False, 'cmake_clean_first': False, 'cmake_force_configure': False, 'cmake_target': None, 'cmake_target_skip_unavailable': False, 'install_base': '/root/ws_ros2/ZRobot_Next/install/web_interface', 'merge_install': False, 'path': '/root/ws_ros2/ZRobot_Next/web_interface', 'symlink_install': False, 'test_result_base': None}
[0.331s] Level 5:colcon.colcon_core.verb:set package 'zrobot_control' build argument 'cmake_args' from command line to 'None'
[0.332s] Level 5:colcon.colcon_core.verb:set package 'zrobot_control' build argument 'cmake_target' from command line to 'None'
[0.332s] Level 5:colcon.colcon_core.verb:set package 'zrobot_control' build argument 'cmake_target_skip_unavailable' from command line to 'False'
[0.332s] Level 5:colcon.colcon_core.verb:set package 'zrobot_control' build argument 'cmake_clean_cache' from command line to 'False'
[0.332s] Level 5:colcon.colcon_core.verb:set package 'zrobot_control' build argument 'cmake_clean_first' from command line to 'False'
[0.332s] Level 5:colcon.colcon_core.verb:set package 'zrobot_control' build argument 'cmake_force_configure' from command line to 'False'
[0.332s] Level 5:colcon.colcon_core.verb:set package 'zrobot_control' build argument 'ament_cmake_args' from command line to 'None'
[0.332s] Level 5:colcon.colcon_core.verb:set package 'zrobot_control' build argument 'catkin_cmake_args' from command line to 'None'
[0.332s] Level 5:colcon.colcon_core.verb:set package 'zrobot_control' build argument 'catkin_skip_building_tests' from command line to 'False'
[0.332s] DEBUG:colcon.colcon_core.verb:Building package 'zrobot_control' with the following arguments: {'ament_cmake_args': None, 'build_base': '/root/ws_ros2/ZRobot_Next/build/zrobot_control', 'catkin_cmake_args': None, 'catkin_skip_building_tests': False, 'cmake_args': None, 'cmake_clean_cache': False, 'cmake_clean_first': False, 'cmake_force_configure': False, 'cmake_target': None, 'cmake_target_skip_unavailable': False, 'install_base': '/root/ws_ros2/ZRobot_Next/install/zrobot_control', 'merge_install': False, 'path': '/root/ws_ros2/ZRobot_Next/zrobot_control', 'symlink_install': False, 'test_result_base': None}
[0.332s] Level 5:colcon.colcon_core.verb:set package 'zrobot_interfaces' build argument 'cmake_args' from command line to 'None'
[0.332s] Level 5:colcon.colcon_core.verb:set package 'zrobot_interfaces' build argument 'cmake_target' from command line to 'None'
[0.332s] Level 5:colcon.colcon_core.verb:set package 'zrobot_interfaces' build argument 'cmake_target_skip_unavailable' from command line to 'False'
[0.332s] Level 5:colcon.colcon_core.verb:set package 'zrobot_interfaces' build argument 'cmake_clean_cache' from command line to 'False'
[0.332s] Level 5:colcon.colcon_core.verb:set package 'zrobot_interfaces' build argument 'cmake_clean_first' from command line to 'False'
[0.332s] Level 5:colcon.colcon_core.verb:set package 'zrobot_interfaces' build argument 'cmake_force_configure' from command line to 'False'
[0.332s] Level 5:colcon.colcon_core.verb:set package 'zrobot_interfaces' build argument 'ament_cmake_args' from command line to 'None'
[0.332s] Level 5:colcon.colcon_core.verb:set package 'zrobot_interfaces' build argument 'catkin_cmake_args' from command line to 'None'
[0.332s] Level 5:colcon.colcon_core.verb:set package 'zrobot_interfaces' build argument 'catkin_skip_building_tests' from command line to 'False'
[0.332s] DEBUG:colcon.colcon_core.verb:Building package 'zrobot_interfaces' with the following arguments: {'ament_cmake_args': None, 'build_base': '/root/ws_ros2/ZRobot_Next/build/zrobot_interfaces', 'catkin_cmake_args': None, 'catkin_skip_building_tests': False, 'cmake_args': None, 'cmake_clean_cache': False, 'cmake_clean_first': False, 'cmake_force_configure': False, 'cmake_target': None, 'cmake_target_skip_unavailable': False, 'install_base': '/root/ws_ros2/ZRobot_Next/install/zrobot_interfaces', 'merge_install': False, 'path': '/root/ws_ros2/ZRobot_Next/zrobot_interfaces', 'symlink_install': False, 'test_result_base': None}
[0.333s] Level 5:colcon.colcon_core.verb:set package 'zrobot_obstacle_avoidance' build argument 'cmake_args' from command line to 'None'
[0.333s] Level 5:colcon.colcon_core.verb:set package 'zrobot_obstacle_avoidance' build argument 'cmake_target' from command line to 'None'
[0.333s] Level 5:colcon.colcon_core.verb:set package 'zrobot_obstacle_avoidance' build argument 'cmake_target_skip_unavailable' from command line to 'False'
[0.333s] Level 5:colcon.colcon_core.verb:set package 'zrobot_obstacle_avoidance' build argument 'cmake_clean_cache' from command line to 'False'
[0.333s] Level 5:colcon.colcon_core.verb:set package 'zrobot_obstacle_avoidance' build argument 'cmake_clean_first' from command line to 'False'
[0.333s] Level 5:colcon.colcon_core.verb:set package 'zrobot_obstacle_avoidance' build argument 'cmake_force_configure' from command line to 'False'
[0.333s] Level 5:colcon.colcon_core.verb:set package 'zrobot_obstacle_avoidance' build argument 'ament_cmake_args' from command line to 'None'
[0.333s] Level 5:colcon.colcon_core.verb:set package 'zrobot_obstacle_avoidance' build argument 'catkin_cmake_args' from command line to 'None'
[0.333s] Level 5:colcon.colcon_core.verb:set package 'zrobot_obstacle_avoidance' build argument 'catkin_skip_building_tests' from command line to 'False'
[0.333s] DEBUG:colcon.colcon_core.verb:Building package 'zrobot_obstacle_avoidance' with the following arguments: {'ament_cmake_args': None, 'build_base': '/root/ws_ros2/ZRobot_Next/build/zrobot_obstacle_avoidance', 'catkin_cmake_args': None, 'catkin_skip_building_tests': False, 'cmake_args': None, 'cmake_clean_cache': False, 'cmake_clean_first': False, 'cmake_force_configure': False, 'cmake_target': None, 'cmake_target_skip_unavailable': False, 'install_base': '/root/ws_ros2/ZRobot_Next/install/zrobot_obstacle_avoidance', 'merge_install': False, 'path': '/root/ws_ros2/ZRobot_Next/zrobot_obstacle_avoidance', 'symlink_install': False, 'test_result_base': None}
[0.333s] Level 5:colcon.colcon_core.verb:set package 'zrobot_perception' build argument 'cmake_args' from command line to 'None'
[0.333s] Level 5:colcon.colcon_core.verb:set package 'zrobot_perception' build argument 'cmake_target' from command line to 'None'
[0.333s] Level 5:colcon.colcon_core.verb:set package 'zrobot_perception' build argument 'cmake_target_skip_unavailable' from command line to 'False'
[0.333s] Level 5:colcon.colcon_core.verb:set package 'zrobot_perception' build argument 'cmake_clean_cache' from command line to 'False'
[0.333s] Level 5:colcon.colcon_core.verb:set package 'zrobot_perception' build argument 'cmake_clean_first' from command line to 'False'
[0.333s] Level 5:colcon.colcon_core.verb:set package 'zrobot_perception' build argument 'cmake_force_configure' from command line to 'False'
[0.333s] Level 5:colcon.colcon_core.verb:set package 'zrobot_perception' build argument 'ament_cmake_args' from command line to 'None'
[0.333s] Level 5:colcon.colcon_core.verb:set package 'zrobot_perception' build argument 'catkin_cmake_args' from command line to 'None'
[0.333s] Level 5:colcon.colcon_core.verb:set package 'zrobot_perception' build argument 'catkin_skip_building_tests' from command line to 'False'
[0.333s] DEBUG:colcon.colcon_core.verb:Building package 'zrobot_perception' with the following arguments: {'ament_cmake_args': None, 'build_base': '/root/ws_ros2/ZRobot_Next/build/zrobot_perception', 'catkin_cmake_args': None, 'catkin_skip_building_tests': False, 'cmake_args': None, 'cmake_clean_cache': False, 'cmake_clean_first': False, 'cmake_force_configure': False, 'cmake_target': None, 'cmake_target_skip_unavailable': False, 'install_base': '/root/ws_ros2/ZRobot_Next/install/zrobot_perception', 'merge_install': False, 'path': '/root/ws_ros2/ZRobot_Next/zrobot_perception', 'symlink_install': False, 'test_result_base': None}
[0.334s] Level 5:colcon.colcon_core.verb:set package 'zrobot_bringup' build argument 'cmake_args' from command line to 'None'
[0.334s] Level 5:colcon.colcon_core.verb:set package 'zrobot_bringup' build argument 'cmake_target' from command line to 'None'
[0.334s] Level 5:colcon.colcon_core.verb:set package 'zrobot_bringup' build argument 'cmake_target_skip_unavailable' from command line to 'False'
[0.334s] Level 5:colcon.colcon_core.verb:set package 'zrobot_bringup' build argument 'cmake_clean_cache' from command line to 'False'
[0.334s] Level 5:colcon.colcon_core.verb:set package 'zrobot_bringup' build argument 'cmake_clean_first' from command line to 'False'
[0.334s] Level 5:colcon.colcon_core.verb:set package 'zrobot_bringup' build argument 'cmake_force_configure' from command line to 'False'
[0.334s] Level 5:colcon.colcon_core.verb:set package 'zrobot_bringup' build argument 'ament_cmake_args' from command line to 'None'
[0.334s] Level 5:colcon.colcon_core.verb:set package 'zrobot_bringup' build argument 'catkin_cmake_args' from command line to 'None'
[0.334s] Level 5:colcon.colcon_core.verb:set package 'zrobot_bringup' build argument 'catkin_skip_building_tests' from command line to 'False'
[0.334s] DEBUG:colcon.colcon_core.verb:Building package 'zrobot_bringup' with the following arguments: {'ament_cmake_args': None, 'build_base': '/root/ws_ros2/ZRobot_Next/build/zrobot_bringup', 'catkin_cmake_args': None, 'catkin_skip_building_tests': False, 'cmake_args': None, 'cmake_clean_cache': False, 'cmake_clean_first': False, 'cmake_force_configure': False, 'cmake_target': None, 'cmake_target_skip_unavailable': False, 'install_base': '/root/ws_ros2/ZRobot_Next/install/zrobot_bringup', 'merge_install': False, 'path': '/root/ws_ros2/ZRobot_Next/zrobot_bringup', 'symlink_install': False, 'test_result_base': None}
[0.334s] INFO:colcon.colcon_core.executor:Executing jobs using 'parallel' executor
[0.336s] DEBUG:colcon.colcon_parallel_executor.executor.parallel:run_until_complete
[0.337s] INFO:colcon.colcon_ros.task.ament_cmake.build:Building ROS package in '/root/ws_ros2/ZRobot_Next/zrobot_control' with build type 'ament_cmake'
[0.337s] INFO:colcon.colcon_cmake.task.cmake.build:Building CMake package in '/root/ws_ros2/ZRobot_Next/zrobot_control'
[0.340s] INFO:colcon.colcon_core.plugin_system:Skipping extension 'colcon_core.shell.bat': Not used on non-Windows systems
[0.341s] INFO:colcon.colcon_core.shell:Skip shell extension 'powershell' for command environment: Not usable outside of PowerShell
[0.341s] DEBUG:colcon.colcon_core.shell:Skip shell extension 'dsv' for command environment
[0.345s] INFO:colcon.colcon_ros.task.ament_cmake.build:Building ROS package in '/root/ws_ros2/ZRobot_Next/zrobot_perception' with build type 'ament_cmake'
[0.346s] INFO:colcon.colcon_cmake.task.cmake.build:Building CMake package in '/root/ws_ros2/ZRobot_Next/zrobot_perception'
[0.346s] INFO:colcon.colcon_core.shell:Skip shell extension 'powershell' for command environment: Not usable outside of PowerShell
[0.346s] DEBUG:colcon.colcon_core.shell:Skip shell extension 'dsv' for command environment
[0.349s] INFO:colcon.colcon_ros.task.ament_cmake.build:Building ROS package in '/root/ws_ros2/ZRobot_Next/ldlidar_stl_ros2' with build type 'ament_cmake'
[0.349s] INFO:colcon.colcon_cmake.task.cmake.build:Building CMake package in '/root/ws_ros2/ZRobot_Next/ldlidar_stl_ros2'
[0.350s] INFO:colcon.colcon_core.shell:Skip shell extension 'powershell' for command environment: Not usable outside of PowerShell
[0.350s] DEBUG:colcon.colcon_core.shell:Skip shell extension 'dsv' for command environment
[0.354s] INFO:colcon.colcon_ros.task.ament_cmake.build:Building ROS package in '/root/ws_ros2/ZRobot_Next/web_interface' with build type 'ament_cmake'
[0.354s] INFO:colcon.colcon_cmake.task.cmake.build:Building CMake package in '/root/ws_ros2/ZRobot_Next/web_interface'
[0.354s] INFO:colcon.colcon_core.shell:Skip shell extension 'powershell' for command environment: Not usable outside of PowerShell
[0.354s] DEBUG:colcon.colcon_core.shell:Skip shell extension 'dsv' for command environment
[0.358s] INFO:colcon.colcon_ros.task.ament_cmake.build:Building ROS package in '/root/ws_ros2/ZRobot_Next/zrobot_interfaces' with build type 'ament_cmake'
[0.358s] INFO:colcon.colcon_cmake.task.cmake.build:Building CMake package in '/root/ws_ros2/ZRobot_Next/zrobot_interfaces'
[0.358s] INFO:colcon.colcon_core.shell:Skip shell extension 'powershell' for command environment: Not usable outside of PowerShell
[0.358s] DEBUG:colcon.colcon_core.shell:Skip shell extension 'dsv' for command environment
[0.362s] INFO:colcon.colcon_ros.task.ament_cmake.build:Building ROS package in '/root/ws_ros2/ZRobot_Next/zrobot_obstacle_avoidance' with build type 'ament_cmake'
[0.362s] INFO:colcon.colcon_cmake.task.cmake.build:Building CMake package in '/root/ws_ros2/ZRobot_Next/zrobot_obstacle_avoidance'
[0.362s] INFO:colcon.colcon_core.shell:Skip shell extension 'powershell' for command environment: Not usable outside of PowerShell
[0.362s] DEBUG:colcon.colcon_core.shell:Skip shell extension 'dsv' for command environment
[0.373s] DEBUG:colcon.colcon_core.event_handler.log_command:Invoking command in '/root/ws_ros2/ZRobot_Next/build/zrobot_control': CMAKE_PREFIX_PATH=/opt/ros/jazzy /usr/bin/cmake --build /root/ws_ros2/ZRobot_Next/build/zrobot_control -- -j8 -l8
[0.377s] DEBUG:colcon.colcon_core.event_handler.log_command:Invoking command in '/root/ws_ros2/ZRobot_Next/build/zrobot_perception': CMAKE_PREFIX_PATH=/opt/ros/jazzy /usr/bin/cmake --build /root/ws_ros2/ZRobot_Next/build/zrobot_perception -- -j8 -l8
[0.380s] DEBUG:colcon.colcon_core.event_handler.log_command:Invoking command in '/root/ws_ros2/ZRobot_Next/build/ldlidar_stl_ros2': CMAKE_PREFIX_PATH=/opt/ros/jazzy /usr/bin/cmake --build /root/ws_ros2/ZRobot_Next/build/ldlidar_stl_ros2 -- -j8 -l8
[0.383s] DEBUG:colcon.colcon_core.event_handler.log_command:Invoking command in '/root/ws_ros2/ZRobot_Next/build/web_interface': CMAKE_PREFIX_PATH=/opt/ros/jazzy /usr/bin/cmake --build /root/ws_ros2/ZRobot_Next/build/web_interface -- -j8 -l8
[0.386s] DEBUG:colcon.colcon_core.event_handler.log_command:Invoking command in '/root/ws_ros2/ZRobot_Next/build/zrobot_interfaces': CMAKE_PREFIX_PATH=/opt/ros/jazzy /usr/bin/cmake --build /root/ws_ros2/ZRobot_Next/build/zrobot_interfaces -- -j8 -l8
[0.393s] DEBUG:colcon.colcon_core.event_handler.log_command:Invoking command in '/root/ws_ros2/ZRobot_Next/build/zrobot_obstacle_avoidance': CMAKE_PREFIX_PATH=/opt/ros/jazzy /usr/bin/cmake --build /root/ws_ros2/ZRobot_Next/build/zrobot_obstacle_avoidance -- -j8 -l8
[0.462s] DEBUG:colcon.colcon_core.event_handler.log_command:Invoked command in '/root/ws_ros2/ZRobot_Next/build/web_interface' returned '0': CMAKE_PREFIX_PATH=/opt/ros/jazzy /usr/bin/cmake --build /root/ws_ros2/ZRobot_Next/build/web_interface -- -j8 -l8
[0.492s] DEBUG:colcon.colcon_core.event_handler.log_command:Invoking command in '/root/ws_ros2/ZRobot_Next/build/web_interface': CMAKE_PREFIX_PATH=/opt/ros/jazzy /usr/bin/cmake --install /root/ws_ros2/ZRobot_Next/build/web_interface
[0.523s] DEBUG:colcon.colcon_core.event_handler.log_command:Invoked command in '/root/ws_ros2/ZRobot_Next/build/ldlidar_stl_ros2' returned '0': CMAKE_PREFIX_PATH=/opt/ros/jazzy /usr/bin/cmake --build /root/ws_ros2/ZRobot_Next/build/ldlidar_stl_ros2 -- -j8 -l8
[0.525s] DEBUG:colcon.colcon_core.event_handler.log_command:Invoking command in '/root/ws_ros2/ZRobot_Next/build/ldlidar_stl_ros2': CMAKE_PREFIX_PATH=/opt/ros/jazzy /usr/bin/cmake --install /root/ws_ros2/ZRobot_Next/build/ldlidar_stl_ros2
[0.525s] Level 1:colcon.colcon_core.environment:create_environment_scripts_only(web_interface)
[0.528s] Level 1:colcon.colcon_core.environment:checking '/root/ws_ros2/ZRobot_Next/install/web_interface' for CMake module files
[0.529s] Level 1:colcon.colcon_core.environment:checking '/root/ws_ros2/ZRobot_Next/install/web_interface' for CMake config files
[0.529s] Level 1:colcon.colcon_core.shell:create_environment_hook('web_interface', 'cmake_prefix_path')
[0.529s] INFO:colcon.colcon_core.shell:Creating environment hook '/root/ws_ros2/ZRobot_Next/install/web_interface/share/web_interface/hook/cmake_prefix_path.ps1'
[0.531s] DEBUG:colcon.colcon_core.event_handler.log_command:Invoked command in '/root/ws_ros2/ZRobot_Next/build/web_interface' returned '0': CMAKE_PREFIX_PATH=/opt/ros/jazzy /usr/bin/cmake --install /root/ws_ros2/ZRobot_Next/build/web_interface
[0.531s] INFO:colcon.colcon_core.shell:Creating environment descriptor '/root/ws_ros2/ZRobot_Next/install/web_interface/share/web_interface/hook/cmake_prefix_path.dsv'
[0.532s] INFO:colcon.colcon_core.shell:Creating environment hook '/root/ws_ros2/ZRobot_Next/install/web_interface/share/web_interface/hook/cmake_prefix_path.sh'
[0.533s] Level 1:colcon.colcon_core.environment:checking '/root/ws_ros2/ZRobot_Next/install/web_interface/lib'
[0.533s] Level 1:colcon.colcon_core.environment:checking '/root/ws_ros2/ZRobot_Next/install/web_interface/bin'
[0.533s] Level 1:colcon.colcon_core.environment:checking '/root/ws_ros2/ZRobot_Next/install/web_interface/lib/pkgconfig/web_interface.pc'
[0.535s] Level 1:colcon.colcon_core.environment:checking '/root/ws_ros2/ZRobot_Next/install/web_interface/lib/python3.12/site-packages'
[0.536s] Level 1:colcon.colcon_core.environment:checking '/root/ws_ros2/ZRobot_Next/install/web_interface/bin'
[0.537s] INFO:colcon.colcon_core.shell:Creating package script '/root/ws_ros2/ZRobot_Next/install/web_interface/share/web_interface/package.ps1'
[0.538s] INFO:colcon.colcon_core.shell:Creating package descriptor '/root/ws_ros2/ZRobot_Next/install/web_interface/share/web_interface/package.dsv'
[0.539s] INFO:colcon.colcon_core.shell:Creating package script '/root/ws_ros2/ZRobot_Next/install/web_interface/share/web_interface/package.sh'
[0.540s] INFO:colcon.colcon_core.shell:Creating package script '/root/ws_ros2/ZRobot_Next/install/web_interface/share/web_interface/package.bash'
[0.541s] INFO:colcon.colcon_core.shell:Creating package script '/root/ws_ros2/ZRobot_Next/install/web_interface/share/web_interface/package.zsh'
[0.541s] Level 1:colcon.colcon_core.environment:create_file_with_runtime_dependencies(/root/ws_ros2/ZRobot_Next/install/web_interface/share/colcon-core/packages/web_interface)
[0.542s] Level 1:colcon.colcon_core.environment:create_environment_scripts_only(web_interface)
[0.543s] Level 1:colcon.colcon_core.environment:checking '/root/ws_ros2/ZRobot_Next/install/web_interface' for CMake module files
[0.543s] Level 1:colcon.colcon_core.environment:checking '/root/ws_ros2/ZRobot_Next/install/web_interface' for CMake config files
[0.544s] Level 1:colcon.colcon_core.shell:create_environment_hook('web_interface', 'cmake_prefix_path')
[0.544s] INFO:colcon.colcon_core.shell:Creating environment hook '/root/ws_ros2/ZRobot_Next/install/web_interface/share/web_interface/hook/cmake_prefix_path.ps1'
[0.545s] INFO:colcon.colcon_core.shell:Creating environment descriptor '/root/ws_ros2/ZRobot_Next/install/web_interface/share/web_interface/hook/cmake_prefix_path.dsv'
[0.545s] INFO:colcon.colcon_core.shell:Creating environment hook '/root/ws_ros2/ZRobot_Next/install/web_interface/share/web_interface/hook/cmake_prefix_path.sh'
[0.546s] Level 1:colcon.colcon_core.environment:checking '/root/ws_ros2/ZRobot_Next/install/web_interface/lib'
[0.546s] Level 1:colcon.colcon_core.environment:checking '/root/ws_ros2/ZRobot_Next/install/web_interface/bin'
[0.546s] Level 1:colcon.colcon_core.environment:checking '/root/ws_ros2/ZRobot_Next/install/web_interface/lib/pkgconfig/web_interface.pc'
[0.546s] Level 1:colcon.colcon_core.environment:checking '/root/ws_ros2/ZRobot_Next/install/web_interface/lib/python3.12/site-packages'
[0.547s] Level 1:colcon.colcon_core.environment:checking '/root/ws_ros2/ZRobot_Next/install/web_interface/bin'
[0.547s] INFO:colcon.colcon_core.shell:Creating package script '/root/ws_ros2/ZRobot_Next/install/web_interface/share/web_interface/package.ps1'
[0.548s] INFO:colcon.colcon_core.shell:Creating package descriptor '/root/ws_ros2/ZRobot_Next/install/web_interface/share/web_interface/package.dsv'
[0.549s] INFO:colcon.colcon_core.shell:Creating package script '/root/ws_ros2/ZRobot_Next/install/web_interface/share/web_interface/package.sh'
[0.550s] INFO:colcon.colcon_core.shell:Creating package script '/root/ws_ros2/ZRobot_Next/install/web_interface/share/web_interface/package.bash'
[0.550s] INFO:colcon.colcon_core.shell:Creating package script '/root/ws_ros2/ZRobot_Next/install/web_interface/share/web_interface/package.zsh'
[0.551s] Level 1:colcon.colcon_core.environment:create_file_with_runtime_dependencies(/root/ws_ros2/ZRobot_Next/install/web_interface/share/colcon-core/packages/web_interface)
[0.556s] DEBUG:colcon.colcon_core.event_handler.log_command:Invoked command in '/root/ws_ros2/ZRobot_Next/build/zrobot_obstacle_avoidance' returned '0': CMAKE_PREFIX_PATH=/opt/ros/jazzy /usr/bin/cmake --build /root/ws_ros2/ZRobot_Next/build/zrobot_obstacle_avoidance -- -j8 -l8
[0.557s] DEBUG:colcon.colcon_core.event_handler.log_command:Invoking command in '/root/ws_ros2/ZRobot_Next/build/zrobot_obstacle_avoidance': CMAKE_PREFIX_PATH=/opt/ros/jazzy /usr/bin/cmake --install /root/ws_ros2/ZRobot_Next/build/zrobot_obstacle_avoidance
[0.560s] DEBUG:colcon.colcon_core.event_handler.log_command:Invoked command in '/root/ws_ros2/ZRobot_Next/build/zrobot_control' returned '0': CMAKE_PREFIX_PATH=/opt/ros/jazzy /usr/bin/cmake --build /root/ws_ros2/ZRobot_Next/build/zrobot_control -- -j8 -l8
[0.560s] DEBUG:colcon.colcon_core.event_handler.log_command:Invoking command in '/root/ws_ros2/ZRobot_Next/build/zrobot_control': CMAKE_PREFIX_PATH=/opt/ros/jazzy /usr/bin/cmake --install /root/ws_ros2/ZRobot_Next/build/zrobot_control
[0.561s] Level 1:colcon.colcon_core.environment:create_environment_scripts_only(ldlidar_stl_ros2)
[0.562s] Level 1:colcon.colcon_core.environment:checking '/root/ws_ros2/ZRobot_Next/install/ldlidar_stl_ros2' for CMake module files
[0.562s] DEBUG:colcon.colcon_core.event_handler.log_command:Invoked command in '/root/ws_ros2/ZRobot_Next/build/ldlidar_stl_ros2' returned '0': CMAKE_PREFIX_PATH=/opt/ros/jazzy /usr/bin/cmake --install /root/ws_ros2/ZRobot_Next/build/ldlidar_stl_ros2
[0.565s] Level 1:colcon.colcon_core.environment:checking '/root/ws_ros2/ZRobot_Next/install/ldlidar_stl_ros2' for CMake config files
[0.566s] Level 1:colcon.colcon_core.shell:create_environment_hook('ldlidar_stl_ros2', 'cmake_prefix_path')
[0.566s] INFO:colcon.colcon_core.shell:Creating environment hook '/root/ws_ros2/ZRobot_Next/install/ldlidar_stl_ros2/share/ldlidar_stl_ros2/hook/cmake_prefix_path.ps1'
[0.567s] INFO:colcon.colcon_core.shell:Creating environment descriptor '/root/ws_ros2/ZRobot_Next/install/ldlidar_stl_ros2/share/ldlidar_stl_ros2/hook/cmake_prefix_path.dsv'
[0.568s] INFO:colcon.colcon_core.shell:Creating environment hook '/root/ws_ros2/ZRobot_Next/install/ldlidar_stl_ros2/share/ldlidar_stl_ros2/hook/cmake_prefix_path.sh'
[0.569s] Level 1:colcon.colcon_core.environment:checking '/root/ws_ros2/ZRobot_Next/install/ldlidar_stl_ros2/lib'
[0.569s] Level 1:colcon.colcon_core.environment:checking '/root/ws_ros2/ZRobot_Next/install/ldlidar_stl_ros2/bin'
[0.569s] Level 1:colcon.colcon_core.environment:checking '/root/ws_ros2/ZRobot_Next/install/ldlidar_stl_ros2/lib/pkgconfig/ldlidar_stl_ros2.pc'
[0.570s] Level 1:colcon.colcon_core.environment:checking '/root/ws_ros2/ZRobot_Next/install/ldlidar_stl_ros2/lib/python3.12/site-packages'
[0.570s] Level 1:colcon.colcon_core.environment:checking '/root/ws_ros2/ZRobot_Next/install/ldlidar_stl_ros2/bin'
[0.571s] INFO:colcon.colcon_core.shell:Creating package script '/root/ws_ros2/ZRobot_Next/install/ldlidar_stl_ros2/share/ldlidar_stl_ros2/package.ps1'
[0.572s] INFO:colcon.colcon_core.shell:Creating package descriptor '/root/ws_ros2/ZRobot_Next/install/ldlidar_stl_ros2/share/ldlidar_stl_ros2/package.dsv'
[0.572s] INFO:colcon.colcon_core.shell:Creating package script '/root/ws_ros2/ZRobot_Next/install/ldlidar_stl_ros2/share/ldlidar_stl_ros2/package.sh'
[0.577s] INFO:colcon.colcon_core.shell:Creating package script '/root/ws_ros2/ZRobot_Next/install/ldlidar_stl_ros2/share/ldlidar_stl_ros2/package.bash'
[0.578s] INFO:colcon.colcon_core.shell:Creating package script '/root/ws_ros2/ZRobot_Next/install/ldlidar_stl_ros2/share/ldlidar_stl_ros2/package.zsh'
[0.579s] Level 1:colcon.colcon_core.environment:create_file_with_runtime_dependencies(/root/ws_ros2/ZRobot_Next/install/ldlidar_stl_ros2/share/colcon-core/packages/ldlidar_stl_ros2)
[0.580s] Level 1:colcon.colcon_core.environment:create_environment_scripts_only(ldlidar_stl_ros2)
[0.580s] Level 1:colcon.colcon_core.environment:checking '/root/ws_ros2/ZRobot_Next/install/ldlidar_stl_ros2' for CMake module files
[0.581s] Level 1:colcon.colcon_core.environment:checking '/root/ws_ros2/ZRobot_Next/install/ldlidar_stl_ros2' for CMake config files
[0.581s] Level 1:colcon.colcon_core.shell:create_environment_hook('ldlidar_stl_ros2', 'cmake_prefix_path')
[0.582s] INFO:colcon.colcon_core.shell:Creating environment hook '/root/ws_ros2/ZRobot_Next/install/ldlidar_stl_ros2/share/ldlidar_stl_ros2/hook/cmake_prefix_path.ps1'
[0.582s] INFO:colcon.colcon_core.shell:Creating environment descriptor '/root/ws_ros2/ZRobot_Next/install/ldlidar_stl_ros2/share/ldlidar_stl_ros2/hook/cmake_prefix_path.dsv'
[0.583s] INFO:colcon.colcon_core.shell:Creating environment hook '/root/ws_ros2/ZRobot_Next/install/ldlidar_stl_ros2/share/ldlidar_stl_ros2/hook/cmake_prefix_path.sh'
[0.584s] Level 1:colcon.colcon_core.environment:checking '/root/ws_ros2/ZRobot_Next/install/ldlidar_stl_ros2/lib'
[0.584s] Level 1:colcon.colcon_core.environment:checking '/root/ws_ros2/ZRobot_Next/install/ldlidar_stl_ros2/bin'
[0.584s] Level 1:colcon.colcon_core.environment:checking '/root/ws_ros2/ZRobot_Next/install/ldlidar_stl_ros2/lib/pkgconfig/ldlidar_stl_ros2.pc'
[0.584s] Level 1:colcon.colcon_core.environment:checking '/root/ws_ros2/ZRobot_Next/install/ldlidar_stl_ros2/lib/python3.12/site-packages'
[0.585s] Level 1:colcon.colcon_core.environment:checking '/root/ws_ros2/ZRobot_Next/install/ldlidar_stl_ros2/bin'
[0.585s] INFO:colcon.colcon_core.shell:Creating package script '/root/ws_ros2/ZRobot_Next/install/ldlidar_stl_ros2/share/ldlidar_stl_ros2/package.ps1'
[0.586s] INFO:colcon.colcon_core.shell:Creating package descriptor '/root/ws_ros2/ZRobot_Next/install/ldlidar_stl_ros2/share/ldlidar_stl_ros2/package.dsv'
[0.587s] INFO:colcon.colcon_core.shell:Creating package script '/root/ws_ros2/ZRobot_Next/install/ldlidar_stl_ros2/share/ldlidar_stl_ros2/package.sh'
[0.588s] INFO:colcon.colcon_core.shell:Creating package script '/root/ws_ros2/ZRobot_Next/install/ldlidar_stl_ros2/share/ldlidar_stl_ros2/package.bash'
[0.588s] INFO:colcon.colcon_core.shell:Creating package script '/root/ws_ros2/ZRobot_Next/install/ldlidar_stl_ros2/share/ldlidar_stl_ros2/package.zsh'
[0.589s] Level 1:colcon.colcon_core.environment:create_file_with_runtime_dependencies(/root/ws_ros2/ZRobot_Next/install/ldlidar_stl_ros2/share/colcon-core/packages/ldlidar_stl_ros2)
[0.590s] Level 1:colcon.colcon_core.environment:create_environment_scripts_only(zrobot_obstacle_avoidance)
[0.591s] Level 1:colcon.colcon_core.environment:checking '/root/ws_ros2/ZRobot_Next/install/zrobot_obstacle_avoidance' for CMake module files
[0.594s] DEBUG:colcon.colcon_core.event_handler.log_command:Invoked command in '/root/ws_ros2/ZRobot_Next/build/zrobot_obstacle_avoidance' returned '0': CMAKE_PREFIX_PATH=/opt/ros/jazzy /usr/bin/cmake --install /root/ws_ros2/ZRobot_Next/build/zrobot_obstacle_avoidance
[0.595s] Level 1:colcon.colcon_core.environment:checking '/root/ws_ros2/ZRobot_Next/install/zrobot_obstacle_avoidance' for CMake config files
[0.596s] Level 1:colcon.colcon_core.shell:create_environment_hook('zrobot_obstacle_avoidance', 'cmake_prefix_path')
[0.597s] INFO:colcon.colcon_core.shell:Creating environment hook '/root/ws_ros2/ZRobot_Next/install/zrobot_obstacle_avoidance/share/zrobot_obstacle_avoidance/hook/cmake_prefix_path.ps1'
[0.598s] INFO:colcon.colcon_core.shell:Creating environment descriptor '/root/ws_ros2/ZRobot_Next/install/zrobot_obstacle_avoidance/share/zrobot_obstacle_avoidance/hook/cmake_prefix_path.dsv'
[0.601s] INFO:colcon.colcon_core.shell:Creating environment hook '/root/ws_ros2/ZRobot_Next/install/zrobot_obstacle_avoidance/share/zrobot_obstacle_avoidance/hook/cmake_prefix_path.sh'
[0.604s] Level 1:colcon.colcon_core.environment:checking '/root/ws_ros2/ZRobot_Next/install/zrobot_obstacle_avoidance/lib'
[0.604s] Level 1:colcon.colcon_core.environment:checking '/root/ws_ros2/ZRobot_Next/install/zrobot_obstacle_avoidance/bin'
[0.605s] Level 1:colcon.colcon_core.environment:checking '/root/ws_ros2/ZRobot_Next/install/zrobot_obstacle_avoidance/lib/pkgconfig/zrobot_obstacle_avoidance.pc'
[0.606s] Level 1:colcon.colcon_core.environment:checking '/root/ws_ros2/ZRobot_Next/install/zrobot_obstacle_avoidance/lib/python3.12/site-packages'
[0.608s] Level 1:colcon.colcon_core.environment:checking '/root/ws_ros2/ZRobot_Next/install/zrobot_obstacle_avoidance/bin'
[0.609s] INFO:colcon.colcon_core.shell:Creating package script '/root/ws_ros2/ZRobot_Next/install/zrobot_obstacle_avoidance/share/zrobot_obstacle_avoidance/package.ps1'
[0.612s] INFO:colcon.colcon_core.shell:Creating package descriptor '/root/ws_ros2/ZRobot_Next/install/zrobot_obstacle_avoidance/share/zrobot_obstacle_avoidance/package.dsv'
[0.615s] INFO:colcon.colcon_core.shell:Creating package script '/root/ws_ros2/ZRobot_Next/install/zrobot_obstacle_avoidance/share/zrobot_obstacle_avoidance/package.sh'
[0.617s] INFO:colcon.colcon_core.shell:Creating package script '/root/ws_ros2/ZRobot_Next/install/zrobot_obstacle_avoidance/share/zrobot_obstacle_avoidance/package.bash'
[0.618s] INFO:colcon.colcon_core.shell:Creating package script '/root/ws_ros2/ZRobot_Next/install/zrobot_obstacle_avoidance/share/zrobot_obstacle_avoidance/package.zsh'
[0.618s] Level 1:colcon.colcon_core.environment:create_file_with_runtime_dependencies(/root/ws_ros2/ZRobot_Next/install/zrobot_obstacle_avoidance/share/colcon-core/packages/zrobot_obstacle_avoidance)
[0.619s] Level 1:colcon.colcon_core.environment:create_environment_scripts_only(zrobot_obstacle_avoidance)
[0.620s] Level 1:colcon.colcon_core.environment:checking '/root/ws_ros2/ZRobot_Next/install/zrobot_obstacle_avoidance' for CMake module files
[0.620s] Level 1:colcon.colcon_core.environment:checking '/root/ws_ros2/ZRobot_Next/install/zrobot_obstacle_avoidance' for CMake config files
[0.621s] Level 1:colcon.colcon_core.shell:create_environment_hook('zrobot_obstacle_avoidance', 'cmake_prefix_path')
[0.621s] INFO:colcon.colcon_core.shell:Creating environment hook '/root/ws_ros2/ZRobot_Next/install/zrobot_obstacle_avoidance/share/zrobot_obstacle_avoidance/hook/cmake_prefix_path.ps1'
[0.622s] INFO:colcon.colcon_core.shell:Creating environment descriptor '/root/ws_ros2/ZRobot_Next/install/zrobot_obstacle_avoidance/share/zrobot_obstacle_avoidance/hook/cmake_prefix_path.dsv'
[0.623s] INFO:colcon.colcon_core.shell:Creating environment hook '/root/ws_ros2/ZRobot_Next/install/zrobot_obstacle_avoidance/share/zrobot_obstacle_avoidance/hook/cmake_prefix_path.sh'
[0.624s] Level 1:colcon.colcon_core.environment:checking '/root/ws_ros2/ZRobot_Next/install/zrobot_obstacle_avoidance/lib'
[0.624s] Level 1:colcon.colcon_core.environment:checking '/root/ws_ros2/ZRobot_Next/install/zrobot_obstacle_avoidance/bin'
[0.624s] Level 1:colcon.colcon_core.environment:checking '/root/ws_ros2/ZRobot_Next/install/zrobot_obstacle_avoidance/lib/pkgconfig/zrobot_obstacle_avoidance.pc'
[0.625s] Level 1:colcon.colcon_core.environment:checking '/root/ws_ros2/ZRobot_Next/install/zrobot_obstacle_avoidance/lib/python3.12/site-packages'
[0.625s] Level 1:colcon.colcon_core.environment:checking '/root/ws_ros2/ZRobot_Next/install/zrobot_obstacle_avoidance/bin'
[0.626s] INFO:colcon.colcon_core.shell:Creating package script '/root/ws_ros2/ZRobot_Next/install/zrobot_obstacle_avoidance/share/zrobot_obstacle_avoidance/package.ps1'
[0.626s] INFO:colcon.colcon_core.shell:Creating package descriptor '/root/ws_ros2/ZRobot_Next/install/zrobot_obstacle_avoidance/share/zrobot_obstacle_avoidance/package.dsv'
[0.627s] INFO:colcon.colcon_core.shell:Creating package script '/root/ws_ros2/ZRobot_Next/install/zrobot_obstacle_avoidance/share/zrobot_obstacle_avoidance/package.sh'
[0.628s] INFO:colcon.colcon_core.shell:Creating package script '/root/ws_ros2/ZRobot_Next/install/zrobot_obstacle_avoidance/share/zrobot_obstacle_avoidance/package.bash'
[0.629s] INFO:colcon.colcon_core.shell:Creating package script '/root/ws_ros2/ZRobot_Next/install/zrobot_obstacle_avoidance/share/zrobot_obstacle_avoidance/package.zsh'
[0.629s] Level 1:colcon.colcon_core.environment:create_file_with_runtime_dependencies(/root/ws_ros2/ZRobot_Next/install/zrobot_obstacle_avoidance/share/colcon-core/packages/zrobot_obstacle_avoidance)
[0.641s] Level 1:colcon.colcon_core.environment:create_environment_scripts_only(zrobot_control)
[0.643s] Level 1:colcon.colcon_core.environment:checking '/root/ws_ros2/ZRobot_Next/install/zrobot_control' for CMake module files
[0.646s] Level 1:colcon.colcon_core.environment:checking '/root/ws_ros2/ZRobot_Next/install/zrobot_control' for CMake config files
[0.647s] Level 1:colcon.colcon_core.shell:create_environment_hook('zrobot_control', 'cmake_prefix_path')
[0.649s] INFO:colcon.colcon_core.shell:Creating environment hook '/root/ws_ros2/ZRobot_Next/install/zrobot_control/share/zrobot_control/hook/cmake_prefix_path.ps1'
[0.642s] DEBUG:colcon.colcon_core.event_handler.log_command:Invoked command in '/root/ws_ros2/ZRobot_Next/build/zrobot_control' returned '0': CMAKE_PREFIX_PATH=/opt/ros/jazzy /usr/bin/cmake --install /root/ws_ros2/ZRobot_Next/build/zrobot_control
[0.651s] INFO:colcon.colcon_core.shell:Creating environment descriptor '/root/ws_ros2/ZRobot_Next/install/zrobot_control/share/zrobot_control/hook/cmake_prefix_path.dsv'
[0.653s] INFO:colcon.colcon_core.shell:Creating environment hook '/root/ws_ros2/ZRobot_Next/install/zrobot_control/share/zrobot_control/hook/cmake_prefix_path.sh'
[0.656s] Level 1:colcon.colcon_core.environment:checking '/root/ws_ros2/ZRobot_Next/install/zrobot_control/lib'
[0.656s] Level 1:colcon.colcon_core.environment:checking '/root/ws_ros2/ZRobot_Next/install/zrobot_control/bin'
[0.656s] Level 1:colcon.colcon_core.environment:checking '/root/ws_ros2/ZRobot_Next/install/zrobot_control/lib/pkgconfig/zrobot_control.pc'
[0.657s] Level 1:colcon.colcon_core.environment:checking '/root/ws_ros2/ZRobot_Next/install/zrobot_control/lib/python3.12/site-packages'
[0.657s] Level 1:colcon.colcon_core.environment:checking '/root/ws_ros2/ZRobot_Next/install/zrobot_control/bin'
[0.657s] INFO:colcon.colcon_core.shell:Creating package script '/root/ws_ros2/ZRobot_Next/install/zrobot_control/share/zrobot_control/package.ps1'
[0.658s] INFO:colcon.colcon_core.shell:Creating package descriptor '/root/ws_ros2/ZRobot_Next/install/zrobot_control/share/zrobot_control/package.dsv'
[0.659s] INFO:colcon.colcon_core.shell:Creating package script '/root/ws_ros2/ZRobot_Next/install/zrobot_control/share/zrobot_control/package.sh'
[0.660s] INFO:colcon.colcon_core.shell:Creating package script '/root/ws_ros2/ZRobot_Next/install/zrobot_control/share/zrobot_control/package.bash'
[0.660s] INFO:colcon.colcon_core.shell:Creating package script '/root/ws_ros2/ZRobot_Next/install/zrobot_control/share/zrobot_control/package.zsh'
[0.661s] Level 1:colcon.colcon_core.environment:create_file_with_runtime_dependencies(/root/ws_ros2/ZRobot_Next/install/zrobot_control/share/colcon-core/packages/zrobot_control)
[0.662s] Level 1:colcon.colcon_core.environment:create_environment_scripts_only(zrobot_control)
[0.662s] Level 1:colcon.colcon_core.environment:checking '/root/ws_ros2/ZRobot_Next/install/zrobot_control' for CMake module files
[0.663s] Level 1:colcon.colcon_core.environment:checking '/root/ws_ros2/ZRobot_Next/install/zrobot_control' for CMake config files
[0.663s] Level 1:colcon.colcon_core.shell:create_environment_hook('zrobot_control', 'cmake_prefix_path')
[0.664s] INFO:colcon.colcon_core.shell:Creating environment hook '/root/ws_ros2/ZRobot_Next/install/zrobot_control/share/zrobot_control/hook/cmake_prefix_path.ps1'
[0.664s] INFO:colcon.colcon_core.shell:Creating environment descriptor '/root/ws_ros2/ZRobot_Next/install/zrobot_control/share/zrobot_control/hook/cmake_prefix_path.dsv'
[0.665s] INFO:colcon.colcon_core.shell:Creating environment hook '/root/ws_ros2/ZRobot_Next/install/zrobot_control/share/zrobot_control/hook/cmake_prefix_path.sh'
[0.666s] Level 1:colcon.colcon_core.environment:checking '/root/ws_ros2/ZRobot_Next/install/zrobot_control/lib'
[0.666s] Level 1:colcon.colcon_core.environment:checking '/root/ws_ros2/ZRobot_Next/install/zrobot_control/bin'
[0.666s] Level 1:colcon.colcon_core.environment:checking '/root/ws_ros2/ZRobot_Next/install/zrobot_control/lib/pkgconfig/zrobot_control.pc'
[0.666s] Level 1:colcon.colcon_core.environment:checking '/root/ws_ros2/ZRobot_Next/install/zrobot_control/lib/python3.12/site-packages'
[0.667s] Level 1:colcon.colcon_core.environment:checking '/root/ws_ros2/ZRobot_Next/install/zrobot_control/bin'
[0.667s] INFO:colcon.colcon_core.shell:Creating package script '/root/ws_ros2/ZRobot_Next/install/zrobot_control/share/zrobot_control/package.ps1'
[0.668s] INFO:colcon.colcon_core.shell:Creating package descriptor '/root/ws_ros2/ZRobot_Next/install/zrobot_control/share/zrobot_control/package.dsv'
[0.669s] INFO:colcon.colcon_core.shell:Creating package script '/root/ws_ros2/ZRobot_Next/install/zrobot_control/share/zrobot_control/package.sh'
[0.669s] INFO:colcon.colcon_core.shell:Creating package script '/root/ws_ros2/ZRobot_Next/install/zrobot_control/share/zrobot_control/package.bash'
[0.670s] INFO:colcon.colcon_core.shell:Creating package script '/root/ws_ros2/ZRobot_Next/install/zrobot_control/share/zrobot_control/package.zsh'
[0.671s] Level 1:colcon.colcon_core.environment:create_file_with_runtime_dependencies(/root/ws_ros2/ZRobot_Next/install/zrobot_control/share/colcon-core/packages/zrobot_control)
[1.019s] DEBUG:colcon.colcon_core.event_handler.log_command:Invoked command in '/root/ws_ros2/ZRobot_Next/build/zrobot_perception' returned '0': CMAKE_PREFIX_PATH=/opt/ros/jazzy /usr/bin/cmake --build /root/ws_ros2/ZRobot_Next/build/zrobot_perception -- -j8 -l8
[1.021s] DEBUG:colcon.colcon_core.event_handler.log_command:Invoking command in '/root/ws_ros2/ZRobot_Next/build/zrobot_perception': CMAKE_PREFIX_PATH=/opt/ros/jazzy /usr/bin/cmake --install /root/ws_ros2/ZRobot_Next/build/zrobot_perception
[1.033s] DEBUG:colcon.colcon_core.event_handler.log_command:Invoked command in '/root/ws_ros2/ZRobot_Next/build/zrobot_interfaces' returned '0': CMAKE_PREFIX_PATH=/opt/ros/jazzy /usr/bin/cmake --build /root/ws_ros2/ZRobot_Next/build/zrobot_interfaces -- -j8 -l8
[1.035s] DEBUG:colcon.colcon_core.event_handler.log_command:Invoking command in '/root/ws_ros2/ZRobot_Next/build/zrobot_interfaces': CMAKE_PREFIX_PATH=/opt/ros/jazzy /usr/bin/cmake --install /root/ws_ros2/ZRobot_Next/build/zrobot_interfaces
[1.142s] Level 1:colcon.colcon_core.environment:create_environment_scripts_only(zrobot_perception)
[1.142s] Level 1:colcon.colcon_core.environment:checking '/root/ws_ros2/ZRobot_Next/install/zrobot_perception' for CMake module files
[1.145s] DEBUG:colcon.colcon_core.event_handler.log_command:Invoked command in '/root/ws_ros2/ZRobot_Next/build/zrobot_perception' returned '0': CMAKE_PREFIX_PATH=/opt/ros/jazzy /usr/bin/cmake --install /root/ws_ros2/ZRobot_Next/build/zrobot_perception
[1.146s] Level 1:colcon.colcon_core.environment:checking '/root/ws_ros2/ZRobot_Next/install/zrobot_perception' for CMake config files
[1.148s] Level 1:colcon.colcon_core.shell:create_environment_hook('zrobot_perception', 'cmake_prefix_path')
[1.149s] INFO:colcon.colcon_core.shell:Creating environment hook '/root/ws_ros2/ZRobot_Next/install/zrobot_perception/share/zrobot_perception/hook/cmake_prefix_path.ps1'
[1.151s] INFO:colcon.colcon_core.shell:Creating environment descriptor '/root/ws_ros2/ZRobot_Next/install/zrobot_perception/share/zrobot_perception/hook/cmake_prefix_path.dsv'
[1.152s] INFO:colcon.colcon_core.shell:Creating environment hook '/root/ws_ros2/ZRobot_Next/install/zrobot_perception/share/zrobot_perception/hook/cmake_prefix_path.sh'
[1.155s] Level 1:colcon.colcon_core.environment:checking '/root/ws_ros2/ZRobot_Next/install/zrobot_perception/lib'
[1.156s] Level 1:colcon.colcon_core.environment:checking '/root/ws_ros2/ZRobot_Next/install/zrobot_perception/bin'
[1.156s] Level 1:colcon.colcon_core.environment:checking '/root/ws_ros2/ZRobot_Next/install/zrobot_perception/lib/pkgconfig/zrobot_perception.pc'
[1.157s] Level 1:colcon.colcon_core.environment:checking '/root/ws_ros2/ZRobot_Next/install/zrobot_perception/lib/python3.12/site-packages'
[1.158s] Level 1:colcon.colcon_core.shell:create_environment_hook('zrobot_perception', 'pythonpath')
[1.159s] INFO:colcon.colcon_core.shell:Creating environment hook '/root/ws_ros2/ZRobot_Next/install/zrobot_perception/share/zrobot_perception/hook/pythonpath.ps1'
[1.161s] INFO:colcon.colcon_core.shell:Creating environment descriptor '/root/ws_ros2/ZRobot_Next/install/zrobot_perception/share/zrobot_perception/hook/pythonpath.dsv'
[1.163s] INFO:colcon.colcon_core.shell:Creating environment hook '/root/ws_ros2/ZRobot_Next/install/zrobot_perception/share/zrobot_perception/hook/pythonpath.sh'
[1.168s] Level 1:colcon.colcon_core.environment:checking '/root/ws_ros2/ZRobot_Next/install/zrobot_perception/bin'
[1.170s] INFO:colcon.colcon_core.shell:Creating package script '/root/ws_ros2/ZRobot_Next/install/zrobot_perception/share/zrobot_perception/package.ps1'
[1.173s] INFO:colcon.colcon_core.shell:Creating package descriptor '/root/ws_ros2/ZRobot_Next/install/zrobot_perception/share/zrobot_perception/package.dsv'
[1.175s] INFO:colcon.colcon_core.shell:Creating package script '/root/ws_ros2/ZRobot_Next/install/zrobot_perception/share/zrobot_perception/package.sh'
[1.176s] INFO:colcon.colcon_core.shell:Creating package script '/root/ws_ros2/ZRobot_Next/install/zrobot_perception/share/zrobot_perception/package.bash'
[1.177s] INFO:colcon.colcon_core.shell:Creating package script '/root/ws_ros2/ZRobot_Next/install/zrobot_perception/share/zrobot_perception/package.zsh'
[1.179s] Level 1:colcon.colcon_core.environment:create_file_with_runtime_dependencies(/root/ws_ros2/ZRobot_Next/install/zrobot_perception/share/colcon-core/packages/zrobot_perception)
[1.181s] Level 1:colcon.colcon_core.environment:create_environment_scripts_only(zrobot_perception)
[1.182s] Level 1:colcon.colcon_core.environment:checking '/root/ws_ros2/ZRobot_Next/install/zrobot_perception' for CMake module files
[1.184s] Level 1:colcon.colcon_core.environment:checking '/root/ws_ros2/ZRobot_Next/install/zrobot_perception' for CMake config files
[1.184s] Level 1:colcon.colcon_core.shell:create_environment_hook('zrobot_perception', 'cmake_prefix_path')
[1.184s] INFO:colcon.colcon_core.shell:Creating environment hook '/root/ws_ros2/ZRobot_Next/install/zrobot_perception/share/zrobot_perception/hook/cmake_prefix_path.ps1'
[1.185s] INFO:colcon.colcon_core.shell:Creating environment descriptor '/root/ws_ros2/ZRobot_Next/install/zrobot_perception/share/zrobot_perception/hook/cmake_prefix_path.dsv'
[1.185s] INFO:colcon.colcon_core.shell:Creating environment hook '/root/ws_ros2/ZRobot_Next/install/zrobot_perception/share/zrobot_perception/hook/cmake_prefix_path.sh'
[1.186s] Level 1:colcon.colcon_core.environment:checking '/root/ws_ros2/ZRobot_Next/install/zrobot_perception/lib'
[1.186s] Level 1:colcon.colcon_core.environment:checking '/root/ws_ros2/ZRobot_Next/install/zrobot_perception/bin'
[1.186s] Level 1:colcon.colcon_core.environment:checking '/root/ws_ros2/ZRobot_Next/install/zrobot_perception/lib/pkgconfig/zrobot_perception.pc'
[1.187s] Level 1:colcon.colcon_core.environment:checking '/root/ws_ros2/ZRobot_Next/install/zrobot_perception/lib/python3.12/site-packages'
[1.187s] Level 1:colcon.colcon_core.shell:create_environment_hook('zrobot_perception', 'pythonpath')
[1.187s] INFO:colcon.colcon_core.shell:Creating environment hook '/root/ws_ros2/ZRobot_Next/install/zrobot_perception/share/zrobot_perception/hook/pythonpath.ps1'
[1.188s] INFO:colcon.colcon_core.shell:Creating environment descriptor '/root/ws_ros2/ZRobot_Next/install/zrobot_perception/share/zrobot_perception/hook/pythonpath.dsv'
[1.188s] INFO:colcon.colcon_core.shell:Creating environment hook '/root/ws_ros2/ZRobot_Next/install/zrobot_perception/share/zrobot_perception/hook/pythonpath.sh'
[1.189s] Level 1:colcon.colcon_core.environment:checking '/root/ws_ros2/ZRobot_Next/install/zrobot_perception/bin'
[1.189s] INFO:colcon.colcon_core.shell:Creating package script '/root/ws_ros2/ZRobot_Next/install/zrobot_perception/share/zrobot_perception/package.ps1'
[1.190s] INFO:colcon.colcon_core.shell:Creating package descriptor '/root/ws_ros2/ZRobot_Next/install/zrobot_perception/share/zrobot_perception/package.dsv'
[1.190s] INFO:colcon.colcon_core.shell:Creating package script '/root/ws_ros2/ZRobot_Next/install/zrobot_perception/share/zrobot_perception/package.sh'
[1.191s] INFO:colcon.colcon_core.shell:Creating package script '/root/ws_ros2/ZRobot_Next/install/zrobot_perception/share/zrobot_perception/package.bash'
[1.191s] INFO:colcon.colcon_core.shell:Creating package script '/root/ws_ros2/ZRobot_Next/install/zrobot_perception/share/zrobot_perception/package.zsh'
[1.192s] Level 1:colcon.colcon_core.environment:create_file_with_runtime_dependencies(/root/ws_ros2/ZRobot_Next/install/zrobot_perception/share/colcon-core/packages/zrobot_perception)
[1.193s] INFO:colcon.colcon_ros.task.ament_cmake.build:Building ROS package in '/root/ws_ros2/ZRobot_Next/zrobot_bringup' with build type 'ament_cmake'
[1.193s] INFO:colcon.colcon_cmake.task.cmake.build:Building CMake package in '/root/ws_ros2/ZRobot_Next/zrobot_bringup'
[1.193s] INFO:colcon.colcon_core.shell:Skip shell extension 'powershell' for command environment: Not usable outside of PowerShell
[1.193s] DEBUG:colcon.colcon_core.shell:Skip shell extension 'dsv' for command environment
[1.198s] Level 1:colcon.colcon_core.environment:create_environment_scripts_only(zrobot_interfaces)
[1.199s] Level 1:colcon.colcon_core.environment:checking '/root/ws_ros2/ZRobot_Next/install/zrobot_interfaces' for CMake module files
[1.202s] Level 1:colcon.colcon_core.environment:checking '/root/ws_ros2/ZRobot_Next/install/zrobot_interfaces' for CMake config files
[1.206s] Level 1:colcon.colcon_core.shell:create_environment_hook('zrobot_interfaces', 'cmake_prefix_path')
[1.206s] INFO:colcon.colcon_core.shell:Creating environment hook '/root/ws_ros2/ZRobot_Next/install/zrobot_interfaces/share/zrobot_interfaces/hook/cmake_prefix_path.ps1'
[1.207s] INFO:colcon.colcon_core.shell:Creating environment descriptor '/root/ws_ros2/ZRobot_Next/install/zrobot_interfaces/share/zrobot_interfaces/hook/cmake_prefix_path.dsv'
[1.208s] INFO:colcon.colcon_core.shell:Creating environment hook '/root/ws_ros2/ZRobot_Next/install/zrobot_interfaces/share/zrobot_interfaces/hook/cmake_prefix_path.sh'
[1.209s] DEBUG:colcon.colcon_core.event_handler.log_command:Invoked command in '/root/ws_ros2/ZRobot_Next/build/zrobot_interfaces' returned '0': CMAKE_PREFIX_PATH=/opt/ros/jazzy /usr/bin/cmake --install /root/ws_ros2/ZRobot_Next/build/zrobot_interfaces
[1.209s] Level 1:colcon.colcon_core.environment:checking '/root/ws_ros2/ZRobot_Next/install/zrobot_interfaces/lib'
[1.209s] Level 1:colcon.colcon_core.shell:create_environment_hook('zrobot_interfaces', 'ld_library_path_lib')
[1.210s] INFO:colcon.colcon_core.shell:Creating environment hook '/root/ws_ros2/ZRobot_Next/install/zrobot_interfaces/share/zrobot_interfaces/hook/ld_library_path_lib.ps1'
[1.210s] INFO:colcon.colcon_core.shell:Creating environment descriptor '/root/ws_ros2/ZRobot_Next/install/zrobot_interfaces/share/zrobot_interfaces/hook/ld_library_path_lib.dsv'
[1.211s] INFO:colcon.colcon_core.shell:Creating environment hook '/root/ws_ros2/ZRobot_Next/install/zrobot_interfaces/share/zrobot_interfaces/hook/ld_library_path_lib.sh'
[1.211s] Level 1:colcon.colcon_core.environment:checking '/root/ws_ros2/ZRobot_Next/install/zrobot_interfaces/bin'
[1.211s] Level 1:colcon.colcon_core.environment:checking '/root/ws_ros2/ZRobot_Next/install/zrobot_interfaces/lib/pkgconfig/zrobot_interfaces.pc'
[1.212s] Level 1:colcon.colcon_core.environment:checking '/root/ws_ros2/ZRobot_Next/install/zrobot_interfaces/lib/python3.12/site-packages'
[1.212s] Level 1:colcon.colcon_core.shell:create_environment_hook('zrobot_interfaces', 'pythonpath')
[1.212s] INFO:colcon.colcon_core.shell:Creating environment hook '/root/ws_ros2/ZRobot_Next/install/zrobot_interfaces/share/zrobot_interfaces/hook/pythonpath.ps1'
[1.213s] INFO:colcon.colcon_core.shell:Creating environment descriptor '/root/ws_ros2/ZRobot_Next/install/zrobot_interfaces/share/zrobot_interfaces/hook/pythonpath.dsv'
[1.213s] INFO:colcon.colcon_core.shell:Creating environment hook '/root/ws_ros2/ZRobot_Next/install/zrobot_interfaces/share/zrobot_interfaces/hook/pythonpath.sh'
[1.214s] Level 1:colcon.colcon_core.environment:checking '/root/ws_ros2/ZRobot_Next/install/zrobot_interfaces/bin'
[1.214s] INFO:colcon.colcon_core.shell:Creating package script '/root/ws_ros2/ZRobot_Next/install/zrobot_interfaces/share/zrobot_interfaces/package.ps1'
[1.215s] INFO:colcon.colcon_core.shell:Creating package descriptor '/root/ws_ros2/ZRobot_Next/install/zrobot_interfaces/share/zrobot_interfaces/package.dsv'
[1.215s] INFO:colcon.colcon_core.shell:Creating package script '/root/ws_ros2/ZRobot_Next/install/zrobot_interfaces/share/zrobot_interfaces/package.sh'
[1.216s] INFO:colcon.colcon_core.shell:Creating package script '/root/ws_ros2/ZRobot_Next/install/zrobot_interfaces/share/zrobot_interfaces/package.bash'
[1.216s] INFO:colcon.colcon_core.shell:Creating package script '/root/ws_ros2/ZRobot_Next/install/zrobot_interfaces/share/zrobot_interfaces/package.zsh'
[1.217s] Level 1:colcon.colcon_core.environment:create_file_with_runtime_dependencies(/root/ws_ros2/ZRobot_Next/install/zrobot_interfaces/share/colcon-core/packages/zrobot_interfaces)
[1.218s] Level 1:colcon.colcon_core.environment:create_environment_scripts_only(zrobot_interfaces)
[1.218s] Level 1:colcon.colcon_core.environment:checking '/root/ws_ros2/ZRobot_Next/install/zrobot_interfaces' for CMake module files
[1.219s] Level 1:colcon.colcon_core.environment:checking '/root/ws_ros2/ZRobot_Next/install/zrobot_interfaces' for CMake config files
[1.220s] Level 1:colcon.colcon_core.shell:create_environment_hook('zrobot_interfaces', 'cmake_prefix_path')
[1.220s] INFO:colcon.colcon_core.shell:Creating environment hook '/root/ws_ros2/ZRobot_Next/install/zrobot_interfaces/share/zrobot_interfaces/hook/cmake_prefix_path.ps1'
[1.220s] INFO:colcon.colcon_core.shell:Creating environment descriptor '/root/ws_ros2/ZRobot_Next/install/zrobot_interfaces/share/zrobot_interfaces/hook/cmake_prefix_path.dsv'
[1.221s] INFO:colcon.colcon_core.shell:Creating environment hook '/root/ws_ros2/ZRobot_Next/install/zrobot_interfaces/share/zrobot_interfaces/hook/cmake_prefix_path.sh'
[1.221s] Level 1:colcon.colcon_core.environment:checking '/root/ws_ros2/ZRobot_Next/install/zrobot_interfaces/lib'
[1.221s] Level 1:colcon.colcon_core.shell:create_environment_hook('zrobot_interfaces', 'ld_library_path_lib')
[1.222s] INFO:colcon.colcon_core.shell:Creating environment hook '/root/ws_ros2/ZRobot_Next/install/zrobot_interfaces/share/zrobot_interfaces/hook/ld_library_path_lib.ps1'
[1.222s] INFO:colcon.colcon_core.shell:Creating environment descriptor '/root/ws_ros2/ZRobot_Next/install/zrobot_interfaces/share/zrobot_interfaces/hook/ld_library_path_lib.dsv'
[1.222s] INFO:colcon.colcon_core.shell:Creating environment hook '/root/ws_ros2/ZRobot_Next/install/zrobot_interfaces/share/zrobot_interfaces/hook/ld_library_path_lib.sh'
[1.223s] Level 1:colcon.colcon_core.environment:checking '/root/ws_ros2/ZRobot_Next/install/zrobot_interfaces/bin'
[1.223s] Level 1:colcon.colcon_core.environment:checking '/root/ws_ros2/ZRobot_Next/install/zrobot_interfaces/lib/pkgconfig/zrobot_interfaces.pc'
[1.223s] Level 1:colcon.colcon_core.environment:checking '/root/ws_ros2/ZRobot_Next/install/zrobot_interfaces/lib/python3.12/site-packages'
[1.224s] Level 1:colcon.colcon_core.shell:create_environment_hook('zrobot_interfaces', 'pythonpath')
[1.224s] INFO:colcon.colcon_core.shell:Creating environment hook '/root/ws_ros2/ZRobot_Next/install/zrobot_interfaces/share/zrobot_interfaces/hook/pythonpath.ps1'
[1.224s] INFO:colcon.colcon_core.shell:Creating environment descriptor '/root/ws_ros2/ZRobot_Next/install/zrobot_interfaces/share/zrobot_interfaces/hook/pythonpath.dsv'
[1.225s] INFO:colcon.colcon_core.shell:Creating environment hook '/root/ws_ros2/ZRobot_Next/install/zrobot_interfaces/share/zrobot_interfaces/hook/pythonpath.sh'
[1.226s] Level 1:colcon.colcon_core.environment:checking '/root/ws_ros2/ZRobot_Next/install/zrobot_interfaces/bin'
[1.226s] INFO:colcon.colcon_core.shell:Creating package script '/root/ws_ros2/ZRobot_Next/install/zrobot_interfaces/share/zrobot_interfaces/package.ps1'
[1.227s] INFO:colcon.colcon_core.shell:Creating package descriptor '/root/ws_ros2/ZRobot_Next/install/zrobot_interfaces/share/zrobot_interfaces/package.dsv'
[1.227s] INFO:colcon.colcon_core.shell:Creating package script '/root/ws_ros2/ZRobot_Next/install/zrobot_interfaces/share/zrobot_interfaces/package.sh'
[1.228s] INFO:colcon.colcon_core.shell:Creating package script '/root/ws_ros2/ZRobot_Next/install/zrobot_interfaces/share/zrobot_interfaces/package.bash'
[1.229s] INFO:colcon.colcon_core.shell:Creating package script '/root/ws_ros2/ZRobot_Next/install/zrobot_interfaces/share/zrobot_interfaces/package.zsh'
[1.229s] Level 1:colcon.colcon_core.environment:create_file_with_runtime_dependencies(/root/ws_ros2/ZRobot_Next/install/zrobot_interfaces/share/colcon-core/packages/zrobot_interfaces)
[1.233s] DEBUG:colcon.colcon_core.event_handler.log_command:Invoking command in '/root/ws_ros2/ZRobot_Next/build/zrobot_bringup': AMENT_PREFIX_PATH=/root/ws_ros2/ZRobot_Next/install/zrobot_perception:/root/ws_ros2/ZRobot_Next/install/zrobot_control:${AMENT_PREFIX_PATH} CMAKE_PREFIX_PATH=/root/ws_ros2/ZRobot_Next/install/zrobot_perception:/root/ws_ros2/ZRobot_Next/install/zrobot_control:/opt/ros/jazzy PYTHONPATH=/root/ws_ros2/ZRobot_Next/install/zrobot_perception/lib/python3.12/site-packages:${PYTHONPATH} /usr/bin/cmake --build /root/ws_ros2/ZRobot_Next/build/zrobot_bringup -- -j8 -l8
[1.360s] DEBUG:colcon.colcon_core.event_handler.log_command:Invoked command in '/root/ws_ros2/ZRobot_Next/build/zrobot_bringup' returned '0': AMENT_PREFIX_PATH=/root/ws_ros2/ZRobot_Next/install/zrobot_perception:/root/ws_ros2/ZRobot_Next/install/zrobot_control:${AMENT_PREFIX_PATH} CMAKE_PREFIX_PATH=/root/ws_ros2/ZRobot_Next/install/zrobot_perception:/root/ws_ros2/ZRobot_Next/install/zrobot_control:/opt/ros/jazzy PYTHONPATH=/root/ws_ros2/ZRobot_Next/install/zrobot_perception/lib/python3.12/site-packages:${PYTHONPATH} /usr/bin/cmake --build /root/ws_ros2/ZRobot_Next/build/zrobot_bringup -- -j8 -l8
[1.361s] DEBUG:colcon.colcon_core.event_handler.log_command:Invoking command in '/root/ws_ros2/ZRobot_Next/build/zrobot_bringup': AMENT_PREFIX_PATH=/root/ws_ros2/ZRobot_Next/install/zrobot_perception:/root/ws_ros2/ZRobot_Next/install/zrobot_control:${AMENT_PREFIX_PATH} CMAKE_PREFIX_PATH=/root/ws_ros2/ZRobot_Next/install/zrobot_perception:/root/ws_ros2/ZRobot_Next/install/zrobot_control:/opt/ros/jazzy PYTHONPATH=/root/ws_ros2/ZRobot_Next/install/zrobot_perception/lib/python3.12/site-packages:${PYTHONPATH} /usr/bin/cmake --install /root/ws_ros2/ZRobot_Next/build/zrobot_bringup
[1.392s] Level 1:colcon.colcon_core.environment:create_environment_scripts_only(zrobot_bringup)
[1.392s] Level 1:colcon.colcon_core.environment:checking '/root/ws_ros2/ZRobot_Next/install/zrobot_bringup' for CMake module files
[1.393s] DEBUG:colcon.colcon_core.event_handler.log_command:Invoked command in '/root/ws_ros2/ZRobot_Next/build/zrobot_bringup' returned '0': AMENT_PREFIX_PATH=/root/ws_ros2/ZRobot_Next/install/zrobot_perception:/root/ws_ros2/ZRobot_Next/install/zrobot_control:${AMENT_PREFIX_PATH} CMAKE_PREFIX_PATH=/root/ws_ros2/ZRobot_Next/install/zrobot_perception:/root/ws_ros2/ZRobot_Next/install/zrobot_control:/opt/ros/jazzy PYTHONPATH=/root/ws_ros2/ZRobot_Next/install/zrobot_perception/lib/python3.12/site-packages:${PYTHONPATH} /usr/bin/cmake --install /root/ws_ros2/ZRobot_Next/build/zrobot_bringup
[1.394s] Level 1:colcon.colcon_core.environment:checking '/root/ws_ros2/ZRobot_Next/install/zrobot_bringup' for CMake config files
[1.394s] Level 1:colcon.colcon_core.shell:create_environment_hook('zrobot_bringup', 'cmake_prefix_path')
[1.395s] INFO:colcon.colcon_core.shell:Creating environment hook '/root/ws_ros2/ZRobot_Next/install/zrobot_bringup/share/zrobot_bringup/hook/cmake_prefix_path.ps1'
[1.396s] INFO:colcon.colcon_core.shell:Creating environment descriptor '/root/ws_ros2/ZRobot_Next/install/zrobot_bringup/share/zrobot_bringup/hook/cmake_prefix_path.dsv'
[1.396s] INFO:colcon.colcon_core.shell:Creating environment hook '/root/ws_ros2/ZRobot_Next/install/zrobot_bringup/share/zrobot_bringup/hook/cmake_prefix_path.sh'
[1.397s] Level 1:colcon.colcon_core.environment:checking '/root/ws_ros2/ZRobot_Next/install/zrobot_bringup/lib'
[1.397s] Level 1:colcon.colcon_core.environment:checking '/root/ws_ros2/ZRobot_Next/install/zrobot_bringup/bin'
[1.397s] Level 1:colcon.colcon_core.environment:checking '/root/ws_ros2/ZRobot_Next/install/zrobot_bringup/lib/pkgconfig/zrobot_bringup.pc'
[1.398s] Level 1:colcon.colcon_core.environment:checking '/root/ws_ros2/ZRobot_Next/install/zrobot_bringup/lib/python3.12/site-packages'
[1.398s] Level 1:colcon.colcon_core.environment:checking '/root/ws_ros2/ZRobot_Next/install/zrobot_bringup/bin'
[1.399s] INFO:colcon.colcon_core.shell:Creating package script '/root/ws_ros2/ZRobot_Next/install/zrobot_bringup/share/zrobot_bringup/package.ps1'
[1.399s] INFO:colcon.colcon_core.shell:Creating package descriptor '/root/ws_ros2/ZRobot_Next/install/zrobot_bringup/share/zrobot_bringup/package.dsv'
[1.400s] INFO:colcon.colcon_core.shell:Creating package script '/root/ws_ros2/ZRobot_Next/install/zrobot_bringup/share/zrobot_bringup/package.sh'
[1.400s] INFO:colcon.colcon_core.shell:Creating package script '/root/ws_ros2/ZRobot_Next/install/zrobot_bringup/share/zrobot_bringup/package.bash'
[1.401s] INFO:colcon.colcon_core.shell:Creating package script '/root/ws_ros2/ZRobot_Next/install/zrobot_bringup/share/zrobot_bringup/package.zsh'
[1.401s] Level 1:colcon.colcon_core.environment:create_file_with_runtime_dependencies(/root/ws_ros2/ZRobot_Next/install/zrobot_bringup/share/colcon-core/packages/zrobot_bringup)
[1.402s] Level 1:colcon.colcon_core.environment:create_environment_scripts_only(zrobot_bringup)
[1.402s] Level 1:colcon.colcon_core.environment:checking '/root/ws_ros2/ZRobot_Next/install/zrobot_bringup' for CMake module files
[1.403s] Level 1:colcon.colcon_core.environment:checking '/root/ws_ros2/ZRobot_Next/install/zrobot_bringup' for CMake config files
[1.403s] Level 1:colcon.colcon_core.shell:create_environment_hook('zrobot_bringup', 'cmake_prefix_path')
[1.404s] INFO:colcon.colcon_core.shell:Creating environment hook '/root/ws_ros2/ZRobot_Next/install/zrobot_bringup/share/zrobot_bringup/hook/cmake_prefix_path.ps1'
[1.404s] INFO:colcon.colcon_core.shell:Creating environment descriptor '/root/ws_ros2/ZRobot_Next/install/zrobot_bringup/share/zrobot_bringup/hook/cmake_prefix_path.dsv'
[1.404s] INFO:colcon.colcon_core.shell:Creating environment hook '/root/ws_ros2/ZRobot_Next/install/zrobot_bringup/share/zrobot_bringup/hook/cmake_prefix_path.sh'
[1.405s] Level 1:colcon.colcon_core.environment:checking '/root/ws_ros2/ZRobot_Next/install/zrobot_bringup/lib'
[1.405s] Level 1:colcon.colcon_core.environment:checking '/root/ws_ros2/ZRobot_Next/install/zrobot_bringup/bin'
[1.405s] Level 1:colcon.colcon_core.environment:checking '/root/ws_ros2/ZRobot_Next/install/zrobot_bringup/lib/pkgconfig/zrobot_bringup.pc'
[1.406s] Level 1:colcon.colcon_core.environment:checking '/root/ws_ros2/ZRobot_Next/install/zrobot_bringup/lib/python3.12/site-packages'
[1.406s] Level 1:colcon.colcon_core.environment:checking '/root/ws_ros2/ZRobot_Next/install/zrobot_bringup/bin'
[1.406s] INFO:colcon.colcon_core.shell:Creating package script '/root/ws_ros2/ZRobot_Next/install/zrobot_bringup/share/zrobot_bringup/package.ps1'
[1.407s] INFO:colcon.colcon_core.shell:Creating package descriptor '/root/ws_ros2/ZRobot_Next/install/zrobot_bringup/share/zrobot_bringup/package.dsv'
[1.407s] INFO:colcon.colcon_core.shell:Creating package script '/root/ws_ros2/ZRobot_Next/install/zrobot_bringup/share/zrobot_bringup/package.sh'
[1.408s] INFO:colcon.colcon_core.shell:Creating package script '/root/ws_ros2/ZRobot_Next/install/zrobot_bringup/share/zrobot_bringup/package.bash'
[1.408s] INFO:colcon.colcon_core.shell:Creating package script '/root/ws_ros2/ZRobot_Next/install/zrobot_bringup/share/zrobot_bringup/package.zsh'
[1.409s] Level 1:colcon.colcon_core.environment:create_file_with_runtime_dependencies(/root/ws_ros2/ZRobot_Next/install/zrobot_bringup/share/colcon-core/packages/zrobot_bringup)
[1.412s] DEBUG:colcon.colcon_parallel_executor.executor.parallel:closing loop
[1.412s] DEBUG:colcon.colcon_parallel_executor.executor.parallel:loop closed
[1.412s] DEBUG:colcon.colcon_parallel_executor.executor.parallel:run_until_complete finished with '0'
[1.412s] DEBUG:colcon.colcon_core.event_reactor:joining thread
[1.423s] INFO:colcon.colcon_core.plugin_system:Skipping extension 'colcon_notification.desktop_notification.notify_send': Could not find 'notify-send'
[1.423s] INFO:colcon.colcon_core.plugin_system:Skipping extension 'colcon_notification.desktop_notification.terminal_notifier': Not used on non-Darwin systems
[1.423s] INFO:colcon.colcon_core.plugin_system:Skipping extension 'colcon_notification.desktop_notification.win32': Not used on non-Windows systems
[1.423s] INFO:colcon.colcon_notification.desktop_notification:Sending desktop notification using 'notify2'
[1.423s] DEBUG:colcon.colcon_notification.desktop_notification.notify2:Failed to initialize notify2: org.freedesktop.DBus.Error.NotSupported: Unable to autolaunch a dbus-daemon without a $DISPLAY for X11
[1.423s] DEBUG:colcon.colcon_core.event_reactor:joined thread
[1.424s] INFO:colcon.colcon_core.shell:Creating prefix script '/root/ws_ros2/ZRobot_Next/install/local_setup.ps1'
[1.425s] INFO:colcon.colcon_core.shell:Creating prefix util module '/root/ws_ros2/ZRobot_Next/install/_local_setup_util_ps1.py'
[1.427s] INFO:colcon.colcon_core.shell:Creating prefix chain script '/root/ws_ros2/ZRobot_Next/install/setup.ps1'
[1.428s] INFO:colcon.colcon_core.shell:Creating prefix script '/root/ws_ros2/ZRobot_Next/install/local_setup.sh'
[1.429s] INFO:colcon.colcon_core.shell:Creating prefix util module '/root/ws_ros2/ZRobot_Next/install/_local_setup_util_sh.py'
[1.430s] INFO:colcon.colcon_core.shell:Creating prefix chain script '/root/ws_ros2/ZRobot_Next/install/setup.sh'
[1.431s] INFO:colcon.colcon_core.shell:Creating prefix script '/root/ws_ros2/ZRobot_Next/install/local_setup.bash'
[1.431s] INFO:colcon.colcon_core.shell:Creating prefix chain script '/root/ws_ros2/ZRobot_Next/install/setup.bash'
[1.433s] INFO:colcon.colcon_core.shell:Creating prefix script '/root/ws_ros2/ZRobot_Next/install/local_setup.zsh'
[1.434s] INFO:colcon.colcon_core.shell:Creating prefix chain script '/root/ws_ros2/ZRobot_Next/install/setup.zsh'
