[0.081s] Invoking command in '/root/ws_ros2/ZRobot_Next/build/web_interface': CMAKE_PREFIX_PATH=${CMAKE_PREFIX_PATH}:/opt/ros/jazzy /usr/bin/cmake /root/ws_ros2/ZRobot_Next/web_interface -DCMAKE_INSTALL_PREFIX=/root/ws_ros2/ZRobot_Next/install/web_interface
[0.779s] -- The C compiler identification is GNU 13.3.0
[1.416s] -- The CXX compiler identification is GNU 13.3.0
[1.447s] -- Detecting C compiler ABI info
[1.752s] -- Detecting C compiler ABI info - done
[1.798s] -- Check for working C compiler: /usr/bin/cc - skipped
[1.799s] -- Detecting C compile features
[1.800s] -- Detecting C compile features - done
[1.819s] -- Detecting CXX compiler ABI info
[2.038s] -- Detecting CXX compiler ABI info - done
[2.083s] -- Check for working CXX compiler: /usr/bin/c++ - skipped
[2.084s] -- Detecting CXX compile features
[2.085s] -- Detecting CXX compile features - done
[2.089s] -- Found ament_cmake: 2.5.5 (/opt/ros/jazzy/share/ament_cmake/cmake)
[2.420s] -- Found Python3: /usr/bin/python3 (found version "3.12.3") found components: Interpreter 
[2.718s] -- Found rclpy: 7.1.9 (/opt/ros/jazzy/share/rclpy/cmake)
[2.997s] -- Configuring done (2.9s)
[3.010s] -- Generating done (0.0s)
[3.018s] -- Build files have been written to: /root/ws_ros2/ZRobot_Next/build/web_interface
[3.039s] Invoked command in '/root/ws_ros2/ZRobot_Next/build/web_interface' returned '0': CMAKE_PREFIX_PATH=${CMAKE_PREFIX_PATH}:/opt/ros/jazzy /usr/bin/cmake /root/ws_ros2/ZRobot_Next/web_interface -DCMAKE_INSTALL_PREFIX=/root/ws_ros2/ZRobot_Next/install/web_interface
[3.044s] Invoking command in '/root/ws_ros2/ZRobot_Next/build/web_interface': CMAKE_PREFIX_PATH=${CMAKE_PREFIX_PATH}:/opt/ros/jazzy /usr/bin/cmake --build /root/ws_ros2/ZRobot_Next/build/web_interface -- -j8 -l8
[3.169s] Invoked command in '/root/ws_ros2/ZRobot_Next/build/web_interface' returned '0': CMAKE_PREFIX_PATH=${CMAKE_PREFIX_PATH}:/opt/ros/jazzy /usr/bin/cmake --build /root/ws_ros2/ZRobot_Next/build/web_interface -- -j8 -l8
[3.205s] Invoking command in '/root/ws_ros2/ZRobot_Next/build/web_interface': CMAKE_PREFIX_PATH=${CMAKE_PREFIX_PATH}:/opt/ros/jazzy /usr/bin/cmake --install /root/ws_ros2/ZRobot_Next/build/web_interface
[3.231s] -- Install configuration: ""
[3.231s] -- Installing: /root/ws_ros2/ZRobot_Next/install/web_interface/lib/web_interface/web_server
[3.232s] -- Installing: /root/ws_ros2/ZRobot_Next/install/web_interface/share/web_interface
[3.232s] -- Installing: /root/ws_ros2/ZRobot_Next/install/web_interface/share/ament_index/resource_index/package_run_dependencies/web_interface
[3.232s] -- Installing: /root/ws_ros2/ZRobot_Next/install/web_interface/share/ament_index/resource_index/parent_prefix_path/web_interface
[3.232s] -- Installing: /root/ws_ros2/ZRobot_Next/install/web_interface/share/web_interface/environment/ament_prefix_path.sh
[3.232s] -- Installing: /root/ws_ros2/ZRobot_Next/install/web_interface/share/web_interface/environment/ament_prefix_path.dsv
[3.233s] -- Installing: /root/ws_ros2/ZRobot_Next/install/web_interface/share/web_interface/environment/path.sh
[3.233s] -- Installing: /root/ws_ros2/ZRobot_Next/install/web_interface/share/web_interface/environment/path.dsv
[3.233s] -- Installing: /root/ws_ros2/ZRobot_Next/install/web_interface/share/web_interface/local_setup.bash
[3.233s] -- Installing: /root/ws_ros2/ZRobot_Next/install/web_interface/share/web_interface/local_setup.sh
[3.233s] -- Installing: /root/ws_ros2/ZRobot_Next/install/web_interface/share/web_interface/local_setup.zsh
[3.233s] -- Installing: /root/ws_ros2/ZRobot_Next/install/web_interface/share/web_interface/local_setup.dsv
[3.234s] -- Installing: /root/ws_ros2/ZRobot_Next/install/web_interface/share/web_interface/package.dsv
[3.234s] -- Installing: /root/ws_ros2/ZRobot_Next/install/web_interface/share/ament_index/resource_index/packages/web_interface
[3.234s] -- Installing: /root/ws_ros2/ZRobot_Next/install/web_interface/share/web_interface/cmake/web_interfaceConfig.cmake
[3.234s] -- Installing: /root/ws_ros2/ZRobot_Next/install/web_interface/share/web_interface/cmake/web_interfaceConfig-version.cmake
[3.234s] -- Installing: /root/ws_ros2/ZRobot_Next/install/web_interface/share/web_interface/package.xml
[3.238s] Invoked command in '/root/ws_ros2/ZRobot_Next/build/web_interface' returned '0': CMAKE_PREFIX_PATH=${CMAKE_PREFIX_PATH}:/opt/ros/jazzy /usr/bin/cmake --install /root/ws_ros2/ZRobot_Next/build/web_interface
