[0.042s] Invoking command in '/root/ws_ros2/ZRobot_Next/build/web_interface': CMAKE_PREFIX_PATH=${CMAKE_PREFIX_PATH}:/opt/ros/jazzy /usr/bin/cmake --build /root/ws_ros2/ZRobot_Next/build/web_interface -- -j8 -l8
[0.200s] Invoked command in '/root/ws_ros2/ZRobot_Next/build/web_interface' returned '0': CMAKE_PREFIX_PATH=${CMAKE_PREFIX_PATH}:/opt/ros/jazzy /usr/bin/cmake --build /root/ws_ros2/ZRobot_Next/build/web_interface -- -j8 -l8
[0.217s] Invoking command in '/root/ws_ros2/ZRobot_Next/build/web_interface': CMAKE_PREFIX_PATH=${CMAKE_PREFIX_PATH}:/opt/ros/jazzy /usr/bin/cmake --install /root/ws_ros2/ZRobot_Next/build/web_interface
[0.237s] -- Install configuration: ""
[0.237s] -- Up-to-date: /root/ws_ros2/ZRobot_Next/install/web_interface/lib/web_interface/web_server
[0.238s] -- Up-to-date: /root/ws_ros2/ZRobot_Next/install/web_interface/share/web_interface
[0.238s] -- Up-to-date: /root/ws_ros2/ZRobot_Next/install/web_interface/share/ament_index/resource_index/package_run_dependencies/web_interface
[0.239s] -- Up-to-date: /root/ws_ros2/ZRobot_Next/install/web_interface/share/ament_index/resource_index/parent_prefix_path/web_interface
[0.239s] -- Up-to-date: /root/ws_ros2/ZRobot_Next/install/web_interface/share/web_interface/environment/ament_prefix_path.sh
[0.239s] -- Up-to-date: /root/ws_ros2/ZRobot_Next/install/web_interface/share/web_interface/environment/ament_prefix_path.dsv
[0.240s] -- Up-to-date: /root/ws_ros2/ZRobot_Next/install/web_interface/share/web_interface/environment/path.sh
[0.240s] -- Up-to-date: /root/ws_ros2/ZRobot_Next/install/web_interface/share/web_interface/environment/path.dsv
[0.240s] -- Up-to-date: /root/ws_ros2/ZRobot_Next/install/web_interface/share/web_interface/local_setup.bash
[0.240s] -- Up-to-date: /root/ws_ros2/ZRobot_Next/install/web_interface/share/web_interface/local_setup.sh
[0.240s] -- Up-to-date: /root/ws_ros2/ZRobot_Next/install/web_interface/share/web_interface/local_setup.zsh
[0.241s] -- Up-to-date: /root/ws_ros2/ZRobot_Next/install/web_interface/share/web_interface/local_setup.dsv
[0.241s] -- Installing: /root/ws_ros2/ZRobot_Next/install/web_interface/share/web_interface/package.dsv
[0.242s] -- Up-to-date: /root/ws_ros2/ZRobot_Next/install/web_interface/share/ament_index/resource_index/packages/web_interface
[0.242s] -- Up-to-date: /root/ws_ros2/ZRobot_Next/install/web_interface/share/web_interface/cmake/web_interfaceConfig.cmake
[0.242s] -- Up-to-date: /root/ws_ros2/ZRobot_Next/install/web_interface/share/web_interface/cmake/web_interfaceConfig-version.cmake
[0.242s] -- Up-to-date: /root/ws_ros2/ZRobot_Next/install/web_interface/share/web_interface/package.xml
[0.248s] Invoked command in '/root/ws_ros2/ZRobot_Next/build/web_interface' returned '0': CMAKE_PREFIX_PATH=${CMAKE_PREFIX_PATH}:/opt/ros/jazzy /usr/bin/cmake --install /root/ws_ros2/ZRobot_Next/build/web_interface
