[0.109s] Invoking command in '/root/ws_ros2/ZRobot_Next/build/ldlidar_stl_ros2': CMAKE_PREFIX_PATH=${CMAKE_PREFIX_PATH}:/opt/ros/jazzy /usr/bin/cmake --build /root/ws_ros2/ZRobot_Next/build/ldlidar_stl_ros2 -- -j8 -l8
[0.210s] [100%] Built target ldlidar_stl_ros2_node
[0.232s] Invoked command in '/root/ws_ros2/ZRobot_Next/build/ldlidar_stl_ros2' returned '0': CMAKE_PREFIX_PATH=${CMAKE_PREFIX_PATH}:/opt/ros/jazzy /usr/bin/cmake --build /root/ws_ros2/ZRobot_Next/build/ldlidar_stl_ros2 -- -j8 -l8
[0.238s] Invoking command in '/root/ws_ros2/ZRobot_Next/build/ldlidar_stl_ros2': CMAKE_PREFIX_PATH=${CMAKE_PREFIX_PATH}:/opt/ros/jazzy /usr/bin/cmake --install /root/ws_ros2/ZRobot_Next/build/ldlidar_stl_ros2
[0.251s] -- Install configuration: ""
[0.252s] -- Up-to-date: /root/ws_ros2/ZRobot_Next/install/ldlidar_stl_ros2/lib/ldlidar_stl_ros2/ldlidar_stl_ros2_node
[0.252s] -- Up-to-date: /root/ws_ros2/ZRobot_Next/install/ldlidar_stl_ros2/share/ldlidar_stl_ros2//launch
[0.252s] -- Up-to-date: /root/ws_ros2/ZRobot_Next/install/ldlidar_stl_ros2/share/ldlidar_stl_ros2//launch/viewer_ld06.launch.py
[0.253s] -- Up-to-date: /root/ws_ros2/ZRobot_Next/install/ldlidar_stl_ros2/share/ldlidar_stl_ros2//launch/viewer_ld19.launch.py
[0.253s] -- Up-to-date: /root/ws_ros2/ZRobot_Next/install/ldlidar_stl_ros2/share/ldlidar_stl_ros2//launch/ld06.launch.py
[0.255s] -- Up-to-date: /root/ws_ros2/ZRobot_Next/install/ldlidar_stl_ros2/share/ldlidar_stl_ros2//launch/viewer_stl27l.launch.py
[0.255s] -- Up-to-date: /root/ws_ros2/ZRobot_Next/install/ldlidar_stl_ros2/share/ldlidar_stl_ros2//launch/ld19.launch.py
[0.256s] -- Up-to-date: /root/ws_ros2/ZRobot_Next/install/ldlidar_stl_ros2/share/ldlidar_stl_ros2//launch/stl27l.launch.py
[0.257s] -- Up-to-date: /root/ws_ros2/ZRobot_Next/install/ldlidar_stl_ros2/share/ldlidar_stl_ros2//rviz2
[0.258s] -- Up-to-date: /root/ws_ros2/ZRobot_Next/install/ldlidar_stl_ros2/share/ldlidar_stl_ros2//rviz2/ldlidar.rviz
[0.259s] -- Up-to-date: /root/ws_ros2/ZRobot_Next/install/ldlidar_stl_ros2/share/ament_index/resource_index/package_run_dependencies/ldlidar_stl_ros2
[0.259s] -- Up-to-date: /root/ws_ros2/ZRobot_Next/install/ldlidar_stl_ros2/share/ament_index/resource_index/parent_prefix_path/ldlidar_stl_ros2
[0.260s] -- Up-to-date: /root/ws_ros2/ZRobot_Next/install/ldlidar_stl_ros2/share/ldlidar_stl_ros2/environment/ament_prefix_path.sh
[0.261s] -- Up-to-date: /root/ws_ros2/ZRobot_Next/install/ldlidar_stl_ros2/share/ldlidar_stl_ros2/environment/ament_prefix_path.dsv
[0.262s] -- Up-to-date: /root/ws_ros2/ZRobot_Next/install/ldlidar_stl_ros2/share/ldlidar_stl_ros2/environment/path.sh
[0.263s] -- Up-to-date: /root/ws_ros2/ZRobot_Next/install/ldlidar_stl_ros2/share/ldlidar_stl_ros2/environment/path.dsv
[0.264s] -- Up-to-date: /root/ws_ros2/ZRobot_Next/install/ldlidar_stl_ros2/share/ldlidar_stl_ros2/local_setup.bash
[0.265s] -- Up-to-date: /root/ws_ros2/ZRobot_Next/install/ldlidar_stl_ros2/share/ldlidar_stl_ros2/local_setup.sh
[0.265s] -- Up-to-date: /root/ws_ros2/ZRobot_Next/install/ldlidar_stl_ros2/share/ldlidar_stl_ros2/local_setup.zsh
[0.266s] -- Up-to-date: /root/ws_ros2/ZRobot_Next/install/ldlidar_stl_ros2/share/ldlidar_stl_ros2/local_setup.dsv
[0.267s] -- Installing: /root/ws_ros2/ZRobot_Next/install/ldlidar_stl_ros2/share/ldlidar_stl_ros2/package.dsv
[0.267s] -- Up-to-date: /root/ws_ros2/ZRobot_Next/install/ldlidar_stl_ros2/share/ament_index/resource_index/packages/ldlidar_stl_ros2
[0.268s] -- Up-to-date: /root/ws_ros2/ZRobot_Next/install/ldlidar_stl_ros2/share/ldlidar_stl_ros2/cmake/ldlidar_stl_ros2Config.cmake
[0.268s] -- Up-to-date: /root/ws_ros2/ZRobot_Next/install/ldlidar_stl_ros2/share/ldlidar_stl_ros2/cmake/ldlidar_stl_ros2Config-version.cmake
[0.270s] -- Up-to-date: /root/ws_ros2/ZRobot_Next/install/ldlidar_stl_ros2/share/ldlidar_stl_ros2/package.xml
[0.309s] Invoked command in '/root/ws_ros2/ZRobot_Next/build/ldlidar_stl_ros2' returned '0': CMAKE_PREFIX_PATH=${CMAKE_PREFIX_PATH}:/opt/ros/jazzy /usr/bin/cmake --install /root/ws_ros2/ZRobot_Next/build/ldlidar_stl_ros2
