[0.035s] Invoking command in '/root/ws_ros2/ZRobot_Next/build/zrobot_control': CMAKE_PREFIX_PATH=/opt/ros/jazzy /usr/bin/cmake --build /root/ws_ros2/ZRobot_Next/build/zrobot_control -- -j8 -l8
[0.291s] [ 33%] Building CXX object CMakeFiles/motor_controller_node.dir/src/motor_controller_node.cpp.o
[20.598s] [ 66%] Linking CXX executable motor_controller_node
[21.473s] [100%] Built target motor_controller_node
[21.507s] Invoked command in '/root/ws_ros2/ZRobot_Next/build/zrobot_control' returned '0': CMAKE_PREFIX_PATH=/opt/ros/jazzy /usr/bin/cmake --build /root/ws_ros2/ZRobot_Next/build/zrobot_control -- -j8 -l8
[21.509s] Invoking command in '/root/ws_ros2/ZRobot_Next/build/zrobot_control': CMAKE_PREFIX_PATH=/opt/ros/jazzy /usr/bin/cmake --install /root/ws_ros2/ZRobot_Next/build/zrobot_control
[21.538s] -- Install configuration: ""
[21.539s] -- Installing: /root/ws_ros2/ZRobot_Next/install/zrobot_control/lib/zrobot_control/motor_controller_node
[21.558s] -- Set non-toolchain portion of runtime path of "/root/ws_ros2/ZRobot_Next/install/zrobot_control/lib/zrobot_control/motor_controller_node" to ""
[21.559s] -- Up-to-date: /root/ws_ros2/ZRobot_Next/install/zrobot_control/share/ament_index/resource_index/package_run_dependencies/zrobot_control
[21.559s] -- Up-to-date: /root/ws_ros2/ZRobot_Next/install/zrobot_control/share/ament_index/resource_index/parent_prefix_path/zrobot_control
[21.560s] -- Up-to-date: /root/ws_ros2/ZRobot_Next/install/zrobot_control/share/zrobot_control/environment/ament_prefix_path.sh
[21.560s] -- Up-to-date: /root/ws_ros2/ZRobot_Next/install/zrobot_control/share/zrobot_control/environment/ament_prefix_path.dsv
[21.561s] -- Up-to-date: /root/ws_ros2/ZRobot_Next/install/zrobot_control/share/zrobot_control/environment/path.sh
[21.561s] -- Up-to-date: /root/ws_ros2/ZRobot_Next/install/zrobot_control/share/zrobot_control/environment/path.dsv
[21.563s] -- Up-to-date: /root/ws_ros2/ZRobot_Next/install/zrobot_control/share/zrobot_control/local_setup.bash
[21.564s] -- Up-to-date: /root/ws_ros2/ZRobot_Next/install/zrobot_control/share/zrobot_control/local_setup.sh
[21.564s] -- Up-to-date: /root/ws_ros2/ZRobot_Next/install/zrobot_control/share/zrobot_control/local_setup.zsh
[21.565s] -- Up-to-date: /root/ws_ros2/ZRobot_Next/install/zrobot_control/share/zrobot_control/local_setup.dsv
[21.565s] -- Installing: /root/ws_ros2/ZRobot_Next/install/zrobot_control/share/zrobot_control/package.dsv
[21.566s] -- Up-to-date: /root/ws_ros2/ZRobot_Next/install/zrobot_control/share/ament_index/resource_index/packages/zrobot_control
[21.566s] -- Up-to-date: /root/ws_ros2/ZRobot_Next/install/zrobot_control/share/zrobot_control/cmake/zrobot_controlConfig.cmake
[21.567s] -- Up-to-date: /root/ws_ros2/ZRobot_Next/install/zrobot_control/share/zrobot_control/cmake/zrobot_controlConfig-version.cmake
[21.567s] -- Up-to-date: /root/ws_ros2/ZRobot_Next/install/zrobot_control/share/zrobot_control/package.xml
[21.568s] Invoked command in '/root/ws_ros2/ZRobot_Next/build/zrobot_control' returned '0': CMAKE_PREFIX_PATH=/opt/ros/jazzy /usr/bin/cmake --install /root/ws_ros2/ZRobot_Next/build/zrobot_control
