[0.027s] Invoking command in '/root/ws_ros2/ZRobot_Next/build/zrobot_interfaces': CMAKE_PREFIX_PATH=/opt/ros/jazzy /usr/bin/cmake --build /root/ws_ros2/ZRobot_Next/build/zrobot_interfaces -- -j8 -l8
[0.159s] [  1%] Built target zrobot_interfaces__rosidl_generator_type_description
[0.198s] [  1%] Built target ament_cmake_python_copy_zrobot_interfaces
[0.233s] [  3%] Built target zrobot_interfaces__cpp
[0.233s] [ 25%] Built target zrobot_interfaces__rosidl_generator_c
[0.315s] [ 34%] Built target zrobot_interfaces__rosidl_typesupport_introspection_c
[0.315s] [ 43%] Built target zrobot_interfaces__rosidl_typesupport_cpp
[0.316s] [ 59%] Built target zrobot_interfaces__rosidl_typesupport_fastrtps_cpp
[0.316s] [ 62%] Built target zrobot_interfaces__rosidl_typesupport_c
[0.331s] [ 81%] Built target zrobot_interfaces__rosidl_typesupport_introspection_cpp
[0.331s] [ 81%] Built target zrobot_interfaces__rosidl_typesupport_fastrtps_c
[0.397s] [ 81%] Built target zrobot_interfaces
[0.470s] [ 82%] Built target zrobot_interfaces__py
[0.475s] running egg_info
[0.499s] writing zrobot_interfaces.egg-info/PKG-INFO
[0.500s] writing dependency_links to zrobot_interfaces.egg-info/dependency_links.txt
[0.500s] writing top-level names to zrobot_interfaces.egg-info/top_level.txt
[0.563s] [ 90%] Built target zrobot_interfaces__rosidl_generator_py
[0.568s] reading manifest file 'zrobot_interfaces.egg-info/SOURCES.txt'
[0.569s] writing manifest file 'zrobot_interfaces.egg-info/SOURCES.txt'
[0.622s] [ 93%] Built target zrobot_interfaces_s__rosidl_typesupport_introspection_c
[0.628s] [ 96%] Built target zrobot_interfaces_s__rosidl_typesupport_c
[0.638s] [ 96%] Built target ament_cmake_python_build_zrobot_interfaces_egg
[0.642s] [100%] Built target zrobot_interfaces_s__rosidl_typesupport_fastrtps_c
[0.674s] Invoked command in '/root/ws_ros2/ZRobot_Next/build/zrobot_interfaces' returned '0': CMAKE_PREFIX_PATH=/opt/ros/jazzy /usr/bin/cmake --build /root/ws_ros2/ZRobot_Next/build/zrobot_interfaces -- -j8 -l8
[0.676s] Invoking command in '/root/ws_ros2/ZRobot_Next/build/zrobot_interfaces': CMAKE_PREFIX_PATH=/opt/ros/jazzy /usr/bin/cmake --install /root/ws_ros2/ZRobot_Next/build/zrobot_interfaces
[0.708s] -- Install configuration: ""
[0.708s] -- Up-to-date: /root/ws_ros2/ZRobot_Next/install/zrobot_interfaces/share/ament_index/resource_index/rosidl_interfaces/zrobot_interfaces
[0.708s] -- Up-to-date: /root/ws_ros2/ZRobot_Next/install/zrobot_interfaces/share/zrobot_interfaces/msg/DetectionStatus.json
[0.708s] -- Up-to-date: /root/ws_ros2/ZRobot_Next/install/zrobot_interfaces/share/zrobot_interfaces/msg/MotorCommand.json
[0.708s] -- Up-to-date: /root/ws_ros2/ZRobot_Next/install/zrobot_interfaces/share/zrobot_interfaces/srv/SetTarget.json
[0.708s] -- Up-to-date: /root/ws_ros2/ZRobot_Next/install/zrobot_interfaces/share/zrobot_interfaces/srv/SetConfig.json
[0.709s] -- Up-to-date: /root/ws_ros2/ZRobot_Next/install/zrobot_interfaces/include/zrobot_interfaces/zrobot_interfaces
[0.709s] -- Up-to-date: /root/ws_ros2/ZRobot_Next/install/zrobot_interfaces/include/zrobot_interfaces/zrobot_interfaces/srv
[0.709s] -- Up-to-date: /root/ws_ros2/ZRobot_Next/install/zrobot_interfaces/include/zrobot_interfaces/zrobot_interfaces/srv/detail
[0.709s] -- Up-to-date: /root/ws_ros2/ZRobot_Next/install/zrobot_interfaces/include/zrobot_interfaces/zrobot_interfaces/srv/detail/set_target__struct.h
[0.709s] -- Up-to-date: /root/ws_ros2/ZRobot_Next/install/zrobot_interfaces/include/zrobot_interfaces/zrobot_interfaces/srv/detail/set_target__type_support.h
[0.709s] -- Up-to-date: /root/ws_ros2/ZRobot_Next/install/zrobot_interfaces/include/zrobot_interfaces/zrobot_interfaces/srv/detail/set_config__functions.h
[0.710s] -- Up-to-date: /root/ws_ros2/ZRobot_Next/install/zrobot_interfaces/include/zrobot_interfaces/zrobot_interfaces/srv/detail/set_config__description.c
[0.710s] -- Up-to-date: /root/ws_ros2/ZRobot_Next/install/zrobot_interfaces/include/zrobot_interfaces/zrobot_interfaces/srv/detail/set_config__functions.c
[0.710s] -- Up-to-date: /root/ws_ros2/ZRobot_Next/install/zrobot_interfaces/include/zrobot_interfaces/zrobot_interfaces/srv/detail/set_config__type_support.h
[0.710s] -- Up-to-date: /root/ws_ros2/ZRobot_Next/install/zrobot_interfaces/include/zrobot_interfaces/zrobot_interfaces/srv/detail/set_target__functions.h
[0.710s] -- Installing: /root/ws_ros2/ZRobot_Next/install/zrobot_interfaces/include/zrobot_interfaces/zrobot_interfaces/srv/detail/set_target__type_support.c
[0.710s] -- Up-to-date: /root/ws_ros2/ZRobot_Next/install/zrobot_interfaces/include/zrobot_interfaces/zrobot_interfaces/srv/detail/set_config__struct.h
[0.711s] -- Installing: /root/ws_ros2/ZRobot_Next/install/zrobot_interfaces/include/zrobot_interfaces/zrobot_interfaces/srv/detail/set_config__type_support.c
[0.711s] -- Up-to-date: /root/ws_ros2/ZRobot_Next/install/zrobot_interfaces/include/zrobot_interfaces/zrobot_interfaces/srv/detail/set_target__functions.c
[0.711s] -- Up-to-date: /root/ws_ros2/ZRobot_Next/install/zrobot_interfaces/include/zrobot_interfaces/zrobot_interfaces/srv/detail/set_target__description.c
[0.711s] -- Up-to-date: /root/ws_ros2/ZRobot_Next/install/zrobot_interfaces/include/zrobot_interfaces/zrobot_interfaces/srv/set_config.h
[0.711s] -- Up-to-date: /root/ws_ros2/ZRobot_Next/install/zrobot_interfaces/include/zrobot_interfaces/zrobot_interfaces/srv/set_target.h
[0.711s] -- Up-to-date: /root/ws_ros2/ZRobot_Next/install/zrobot_interfaces/include/zrobot_interfaces/zrobot_interfaces/msg
[0.711s] -- Up-to-date: /root/ws_ros2/ZRobot_Next/install/zrobot_interfaces/include/zrobot_interfaces/zrobot_interfaces/msg/detail
[0.711s] -- Installing: /root/ws_ros2/ZRobot_Next/install/zrobot_interfaces/include/zrobot_interfaces/zrobot_interfaces/msg/detail/detection_status__type_support.c
[0.711s] -- Up-to-date: /root/ws_ros2/ZRobot_Next/install/zrobot_interfaces/include/zrobot_interfaces/zrobot_interfaces/msg/detail/detection_status__type_support.h
[0.712s] -- Up-to-date: /root/ws_ros2/ZRobot_Next/install/zrobot_interfaces/include/zrobot_interfaces/zrobot_interfaces/msg/detail/detection_status__functions.c
[0.712s] -- Up-to-date: /root/ws_ros2/ZRobot_Next/install/zrobot_interfaces/include/zrobot_interfaces/zrobot_interfaces/msg/detail/motor_command__type_support.h
[0.712s] -- Up-to-date: /root/ws_ros2/ZRobot_Next/install/zrobot_interfaces/include/zrobot_interfaces/zrobot_interfaces/msg/detail/motor_command__functions.c
[0.712s] -- Installing: /root/ws_ros2/ZRobot_Next/install/zrobot_interfaces/include/zrobot_interfaces/zrobot_interfaces/msg/detail/motor_command__type_support.c
[0.712s] -- Up-to-date: /root/ws_ros2/ZRobot_Next/install/zrobot_interfaces/include/zrobot_interfaces/zrobot_interfaces/msg/detail/motor_command__struct.h
[0.712s] -- Up-to-date: /root/ws_ros2/ZRobot_Next/install/zrobot_interfaces/include/zrobot_interfaces/zrobot_interfaces/msg/detail/motor_command__description.c
[0.712s] -- Up-to-date: /root/ws_ros2/ZRobot_Next/install/zrobot_interfaces/include/zrobot_interfaces/zrobot_interfaces/msg/detail/detection_status__description.c
[0.712s] -- Up-to-date: /root/ws_ros2/ZRobot_Next/install/zrobot_interfaces/include/zrobot_interfaces/zrobot_interfaces/msg/detail/motor_command__functions.h
[0.713s] -- Up-to-date: /root/ws_ros2/ZRobot_Next/install/zrobot_interfaces/include/zrobot_interfaces/zrobot_interfaces/msg/detail/detection_status__functions.h
[0.713s] -- Up-to-date: /root/ws_ros2/ZRobot_Next/install/zrobot_interfaces/include/zrobot_interfaces/zrobot_interfaces/msg/detail/detection_status__struct.h
[0.713s] -- Up-to-date: /root/ws_ros2/ZRobot_Next/install/zrobot_interfaces/include/zrobot_interfaces/zrobot_interfaces/msg/rosidl_generator_c__visibility_control.h
[0.713s] -- Up-to-date: /root/ws_ros2/ZRobot_Next/install/zrobot_interfaces/include/zrobot_interfaces/zrobot_interfaces/msg/detection_status.h
[0.714s] -- Up-to-date: /root/ws_ros2/ZRobot_Next/install/zrobot_interfaces/include/zrobot_interfaces/zrobot_interfaces/msg/motor_command.h
[0.714s] -- Up-to-date: /root/ws_ros2/ZRobot_Next/install/zrobot_interfaces/share/zrobot_interfaces/environment/library_path.sh
[0.714s] -- Up-to-date: /root/ws_ros2/ZRobot_Next/install/zrobot_interfaces/share/zrobot_interfaces/environment/library_path.dsv
[0.714s] -- Up-to-date: /root/ws_ros2/ZRobot_Next/install/zrobot_interfaces/lib/libzrobot_interfaces__rosidl_generator_c.so
[0.715s] -- Up-to-date: /root/ws_ros2/ZRobot_Next/install/zrobot_interfaces/include/zrobot_interfaces/zrobot_interfaces
[0.715s] -- Up-to-date: /root/ws_ros2/ZRobot_Next/install/zrobot_interfaces/include/zrobot_interfaces/zrobot_interfaces/srv
[0.715s] -- Up-to-date: /root/ws_ros2/ZRobot_Next/install/zrobot_interfaces/include/zrobot_interfaces/zrobot_interfaces/srv/detail
[0.715s] -- Up-to-date: /root/ws_ros2/ZRobot_Next/install/zrobot_interfaces/include/zrobot_interfaces/zrobot_interfaces/srv/detail/set_config__rosidl_typesupport_fastrtps_c.h
[0.715s] -- Up-to-date: /root/ws_ros2/ZRobot_Next/install/zrobot_interfaces/include/zrobot_interfaces/zrobot_interfaces/srv/detail/set_target__rosidl_typesupport_fastrtps_c.h
[0.715s] -- Up-to-date: /root/ws_ros2/ZRobot_Next/install/zrobot_interfaces/include/zrobot_interfaces/zrobot_interfaces/msg
[0.716s] -- Up-to-date: /root/ws_ros2/ZRobot_Next/install/zrobot_interfaces/include/zrobot_interfaces/zrobot_interfaces/msg/detail
[0.716s] -- Up-to-date: /root/ws_ros2/ZRobot_Next/install/zrobot_interfaces/include/zrobot_interfaces/zrobot_interfaces/msg/detail/motor_command__rosidl_typesupport_fastrtps_c.h
[0.716s] -- Up-to-date: /root/ws_ros2/ZRobot_Next/install/zrobot_interfaces/include/zrobot_interfaces/zrobot_interfaces/msg/detail/detection_status__rosidl_typesupport_fastrtps_c.h
[0.716s] -- Up-to-date: /root/ws_ros2/ZRobot_Next/install/zrobot_interfaces/include/zrobot_interfaces/zrobot_interfaces/msg/rosidl_typesupport_fastrtps_c__visibility_control.h
[0.716s] -- Up-to-date: /root/ws_ros2/ZRobot_Next/install/zrobot_interfaces/lib/libzrobot_interfaces__rosidl_typesupport_fastrtps_c.so
[0.716s] -- Up-to-date: /root/ws_ros2/ZRobot_Next/install/zrobot_interfaces/include/zrobot_interfaces/zrobot_interfaces
[0.716s] -- Up-to-date: /root/ws_ros2/ZRobot_Next/install/zrobot_interfaces/include/zrobot_interfaces/zrobot_interfaces/srv
[0.716s] -- Up-to-date: /root/ws_ros2/ZRobot_Next/install/zrobot_interfaces/include/zrobot_interfaces/zrobot_interfaces/srv/detail
[0.717s] -- Up-to-date: /root/ws_ros2/ZRobot_Next/install/zrobot_interfaces/include/zrobot_interfaces/zrobot_interfaces/srv/detail/set_config__rosidl_typesupport_introspection_c.h
[0.717s] -- Up-to-date: /root/ws_ros2/ZRobot_Next/install/zrobot_interfaces/include/zrobot_interfaces/zrobot_interfaces/srv/detail/set_target__rosidl_typesupport_introspection_c.h
[0.717s] -- Installing: /root/ws_ros2/ZRobot_Next/install/zrobot_interfaces/include/zrobot_interfaces/zrobot_interfaces/srv/detail/set_target__type_support.c
[0.717s] -- Installing: /root/ws_ros2/ZRobot_Next/install/zrobot_interfaces/include/zrobot_interfaces/zrobot_interfaces/srv/detail/set_config__type_support.c
[0.717s] -- Up-to-date: /root/ws_ros2/ZRobot_Next/install/zrobot_interfaces/include/zrobot_interfaces/zrobot_interfaces/msg
[0.717s] -- Up-to-date: /root/ws_ros2/ZRobot_Next/install/zrobot_interfaces/include/zrobot_interfaces/zrobot_interfaces/msg/detail
[0.717s] -- Installing: /root/ws_ros2/ZRobot_Next/install/zrobot_interfaces/include/zrobot_interfaces/zrobot_interfaces/msg/detail/detection_status__type_support.c
[0.718s] -- Up-to-date: /root/ws_ros2/ZRobot_Next/install/zrobot_interfaces/include/zrobot_interfaces/zrobot_interfaces/msg/detail/detection_status__rosidl_typesupport_introspection_c.h
[0.718s] -- Installing: /root/ws_ros2/ZRobot_Next/install/zrobot_interfaces/include/zrobot_interfaces/zrobot_interfaces/msg/detail/motor_command__type_support.c
[0.718s] -- Up-to-date: /root/ws_ros2/ZRobot_Next/install/zrobot_interfaces/include/zrobot_interfaces/zrobot_interfaces/msg/detail/motor_command__rosidl_typesupport_introspection_c.h
[0.718s] -- Up-to-date: /root/ws_ros2/ZRobot_Next/install/zrobot_interfaces/include/zrobot_interfaces/zrobot_interfaces/msg/rosidl_typesupport_introspection_c__visibility_control.h
[0.718s] -- Up-to-date: /root/ws_ros2/ZRobot_Next/install/zrobot_interfaces/lib/libzrobot_interfaces__rosidl_typesupport_introspection_c.so
[0.718s] -- Up-to-date: /root/ws_ros2/ZRobot_Next/install/zrobot_interfaces/lib/libzrobot_interfaces__rosidl_typesupport_c.so
[0.718s] -- Up-to-date: /root/ws_ros2/ZRobot_Next/install/zrobot_interfaces/include/zrobot_interfaces/zrobot_interfaces
[0.718s] -- Up-to-date: /root/ws_ros2/ZRobot_Next/install/zrobot_interfaces/include/zrobot_interfaces/zrobot_interfaces/srv
[0.718s] -- Up-to-date: /root/ws_ros2/ZRobot_Next/install/zrobot_interfaces/include/zrobot_interfaces/zrobot_interfaces/srv/detail
[0.718s] -- Up-to-date: /root/ws_ros2/ZRobot_Next/install/zrobot_interfaces/include/zrobot_interfaces/zrobot_interfaces/srv/detail/set_target__traits.hpp
[0.718s] -- Up-to-date: /root/ws_ros2/ZRobot_Next/install/zrobot_interfaces/include/zrobot_interfaces/zrobot_interfaces/srv/detail/set_config__struct.hpp
[0.718s] -- Up-to-date: /root/ws_ros2/ZRobot_Next/install/zrobot_interfaces/include/zrobot_interfaces/zrobot_interfaces/srv/detail/set_target__struct.hpp
[0.719s] -- Up-to-date: /root/ws_ros2/ZRobot_Next/install/zrobot_interfaces/include/zrobot_interfaces/zrobot_interfaces/srv/detail/set_target__builder.hpp
[0.719s] -- Up-to-date: /root/ws_ros2/ZRobot_Next/install/zrobot_interfaces/include/zrobot_interfaces/zrobot_interfaces/srv/detail/set_config__traits.hpp
[0.719s] -- Up-to-date: /root/ws_ros2/ZRobot_Next/install/zrobot_interfaces/include/zrobot_interfaces/zrobot_interfaces/srv/detail/set_config__type_support.hpp
[0.719s] -- Up-to-date: /root/ws_ros2/ZRobot_Next/install/zrobot_interfaces/include/zrobot_interfaces/zrobot_interfaces/srv/detail/set_config__builder.hpp
[0.719s] -- Up-to-date: /root/ws_ros2/ZRobot_Next/install/zrobot_interfaces/include/zrobot_interfaces/zrobot_interfaces/srv/detail/set_target__type_support.hpp
[0.719s] -- Up-to-date: /root/ws_ros2/ZRobot_Next/install/zrobot_interfaces/include/zrobot_interfaces/zrobot_interfaces/srv/set_target.hpp
[0.719s] -- Up-to-date: /root/ws_ros2/ZRobot_Next/install/zrobot_interfaces/include/zrobot_interfaces/zrobot_interfaces/srv/set_config.hpp
[0.719s] -- Up-to-date: /root/ws_ros2/ZRobot_Next/install/zrobot_interfaces/include/zrobot_interfaces/zrobot_interfaces/msg
[0.719s] -- Up-to-date: /root/ws_ros2/ZRobot_Next/install/zrobot_interfaces/include/zrobot_interfaces/zrobot_interfaces/msg/motor_command.hpp
[0.719s] -- Up-to-date: /root/ws_ros2/ZRobot_Next/install/zrobot_interfaces/include/zrobot_interfaces/zrobot_interfaces/msg/detection_status.hpp
[0.719s] -- Up-to-date: /root/ws_ros2/ZRobot_Next/install/zrobot_interfaces/include/zrobot_interfaces/zrobot_interfaces/msg/detail
[0.720s] -- Up-to-date: /root/ws_ros2/ZRobot_Next/install/zrobot_interfaces/include/zrobot_interfaces/zrobot_interfaces/msg/detail/detection_status__struct.hpp
[0.720s] -- Up-to-date: /root/ws_ros2/ZRobot_Next/install/zrobot_interfaces/include/zrobot_interfaces/zrobot_interfaces/msg/detail/motor_command__struct.hpp
[0.720s] -- Up-to-date: /root/ws_ros2/ZRobot_Next/install/zrobot_interfaces/include/zrobot_interfaces/zrobot_interfaces/msg/detail/detection_status__traits.hpp
[0.720s] -- Up-to-date: /root/ws_ros2/ZRobot_Next/install/zrobot_interfaces/include/zrobot_interfaces/zrobot_interfaces/msg/detail/motor_command__type_support.hpp
[0.720s] -- Up-to-date: /root/ws_ros2/ZRobot_Next/install/zrobot_interfaces/include/zrobot_interfaces/zrobot_interfaces/msg/detail/detection_status__type_support.hpp
[0.720s] -- Up-to-date: /root/ws_ros2/ZRobot_Next/install/zrobot_interfaces/include/zrobot_interfaces/zrobot_interfaces/msg/detail/detection_status__builder.hpp
[0.720s] -- Up-to-date: /root/ws_ros2/ZRobot_Next/install/zrobot_interfaces/include/zrobot_interfaces/zrobot_interfaces/msg/detail/motor_command__traits.hpp
[0.720s] -- Up-to-date: /root/ws_ros2/ZRobot_Next/install/zrobot_interfaces/include/zrobot_interfaces/zrobot_interfaces/msg/detail/motor_command__builder.hpp
[0.720s] -- Up-to-date: /root/ws_ros2/ZRobot_Next/install/zrobot_interfaces/include/zrobot_interfaces/zrobot_interfaces/msg/rosidl_generator_cpp__visibility_control.hpp
[0.720s] -- Up-to-date: /root/ws_ros2/ZRobot_Next/install/zrobot_interfaces/include/zrobot_interfaces/zrobot_interfaces
[0.720s] -- Up-to-date: /root/ws_ros2/ZRobot_Next/install/zrobot_interfaces/include/zrobot_interfaces/zrobot_interfaces/srv
[0.720s] -- Up-to-date: /root/ws_ros2/ZRobot_Next/install/zrobot_interfaces/include/zrobot_interfaces/zrobot_interfaces/srv/detail
[0.721s] -- Up-to-date: /root/ws_ros2/ZRobot_Next/install/zrobot_interfaces/include/zrobot_interfaces/zrobot_interfaces/srv/detail/set_target__rosidl_typesupport_fastrtps_cpp.hpp
[0.721s] -- Up-to-date: /root/ws_ros2/ZRobot_Next/install/zrobot_interfaces/include/zrobot_interfaces/zrobot_interfaces/srv/detail/dds_fastrtps
[0.721s] -- Up-to-date: /root/ws_ros2/ZRobot_Next/install/zrobot_interfaces/include/zrobot_interfaces/zrobot_interfaces/srv/detail/set_config__rosidl_typesupport_fastrtps_cpp.hpp
[0.721s] -- Up-to-date: /root/ws_ros2/ZRobot_Next/install/zrobot_interfaces/include/zrobot_interfaces/zrobot_interfaces/msg
[0.721s] -- Up-to-date: /root/ws_ros2/ZRobot_Next/install/zrobot_interfaces/include/zrobot_interfaces/zrobot_interfaces/msg/detail
[0.721s] -- Up-to-date: /root/ws_ros2/ZRobot_Next/install/zrobot_interfaces/include/zrobot_interfaces/zrobot_interfaces/msg/detail/motor_command__rosidl_typesupport_fastrtps_cpp.hpp
[0.721s] -- Up-to-date: /root/ws_ros2/ZRobot_Next/install/zrobot_interfaces/include/zrobot_interfaces/zrobot_interfaces/msg/detail/dds_fastrtps
[0.721s] -- Up-to-date: /root/ws_ros2/ZRobot_Next/install/zrobot_interfaces/include/zrobot_interfaces/zrobot_interfaces/msg/detail/detection_status__rosidl_typesupport_fastrtps_cpp.hpp
[0.721s] -- Up-to-date: /root/ws_ros2/ZRobot_Next/install/zrobot_interfaces/include/zrobot_interfaces/zrobot_interfaces/msg/rosidl_typesupport_fastrtps_cpp__visibility_control.h
[0.721s] -- Up-to-date: /root/ws_ros2/ZRobot_Next/install/zrobot_interfaces/lib/libzrobot_interfaces__rosidl_typesupport_fastrtps_cpp.so
[0.721s] -- Up-to-date: /root/ws_ros2/ZRobot_Next/install/zrobot_interfaces/include/zrobot_interfaces/zrobot_interfaces
[0.722s] -- Up-to-date: /root/ws_ros2/ZRobot_Next/install/zrobot_interfaces/include/zrobot_interfaces/zrobot_interfaces/srv
[0.722s] -- Up-to-date: /root/ws_ros2/ZRobot_Next/install/zrobot_interfaces/include/zrobot_interfaces/zrobot_interfaces/srv/detail
[0.722s] -- Up-to-date: /root/ws_ros2/ZRobot_Next/install/zrobot_interfaces/include/zrobot_interfaces/zrobot_interfaces/srv/detail/set_config__type_support.cpp
[0.722s] -- Up-to-date: /root/ws_ros2/ZRobot_Next/install/zrobot_interfaces/include/zrobot_interfaces/zrobot_interfaces/srv/detail/set_target__rosidl_typesupport_introspection_cpp.hpp
[0.722s] -- Up-to-date: /root/ws_ros2/ZRobot_Next/install/zrobot_interfaces/include/zrobot_interfaces/zrobot_interfaces/srv/detail/set_config__rosidl_typesupport_introspection_cpp.hpp
[0.722s] -- Up-to-date: /root/ws_ros2/ZRobot_Next/install/zrobot_interfaces/include/zrobot_interfaces/zrobot_interfaces/srv/detail/set_target__type_support.cpp
[0.722s] -- Up-to-date: /root/ws_ros2/ZRobot_Next/install/zrobot_interfaces/include/zrobot_interfaces/zrobot_interfaces/msg
[0.722s] -- Up-to-date: /root/ws_ros2/ZRobot_Next/install/zrobot_interfaces/include/zrobot_interfaces/zrobot_interfaces/msg/detail
[0.722s] -- Up-to-date: /root/ws_ros2/ZRobot_Next/install/zrobot_interfaces/include/zrobot_interfaces/zrobot_interfaces/msg/detail/detection_status__type_support.cpp
[0.722s] -- Up-to-date: /root/ws_ros2/ZRobot_Next/install/zrobot_interfaces/include/zrobot_interfaces/zrobot_interfaces/msg/detail/motor_command__rosidl_typesupport_introspection_cpp.hpp
[0.722s] -- Up-to-date: /root/ws_ros2/ZRobot_Next/install/zrobot_interfaces/include/zrobot_interfaces/zrobot_interfaces/msg/detail/motor_command__type_support.cpp
[0.722s] -- Up-to-date: /root/ws_ros2/ZRobot_Next/install/zrobot_interfaces/include/zrobot_interfaces/zrobot_interfaces/msg/detail/detection_status__rosidl_typesupport_introspection_cpp.hpp
[0.723s] -- Up-to-date: /root/ws_ros2/ZRobot_Next/install/zrobot_interfaces/lib/libzrobot_interfaces__rosidl_typesupport_introspection_cpp.so
[0.723s] -- Up-to-date: /root/ws_ros2/ZRobot_Next/install/zrobot_interfaces/lib/libzrobot_interfaces__rosidl_typesupport_cpp.so
[0.723s] -- Up-to-date: /root/ws_ros2/ZRobot_Next/install/zrobot_interfaces/share/zrobot_interfaces/environment/pythonpath.sh
[0.723s] -- Up-to-date: /root/ws_ros2/ZRobot_Next/install/zrobot_interfaces/share/zrobot_interfaces/environment/pythonpath.dsv
[0.723s] -- Up-to-date: /root/ws_ros2/ZRobot_Next/install/zrobot_interfaces/lib/python3.12/site-packages/zrobot_interfaces-1.0.0-py3.12.egg-info
[0.723s] -- Installing: /root/ws_ros2/ZRobot_Next/install/zrobot_interfaces/lib/python3.12/site-packages/zrobot_interfaces-1.0.0-py3.12.egg-info/dependency_links.txt
[0.723s] -- Installing: /root/ws_ros2/ZRobot_Next/install/zrobot_interfaces/lib/python3.12/site-packages/zrobot_interfaces-1.0.0-py3.12.egg-info/PKG-INFO
[0.723s] -- Installing: /root/ws_ros2/ZRobot_Next/install/zrobot_interfaces/lib/python3.12/site-packages/zrobot_interfaces-1.0.0-py3.12.egg-info/top_level.txt
[0.723s] -- Installing: /root/ws_ros2/ZRobot_Next/install/zrobot_interfaces/lib/python3.12/site-packages/zrobot_interfaces-1.0.0-py3.12.egg-info/SOURCES.txt
[0.723s] -- Up-to-date: /root/ws_ros2/ZRobot_Next/install/zrobot_interfaces/lib/python3.12/site-packages/zrobot_interfaces
[0.723s] -- Up-to-date: /root/ws_ros2/ZRobot_Next/install/zrobot_interfaces/lib/python3.12/site-packages/zrobot_interfaces/zrobot_interfaces_s__rosidl_typesupport_c.so
[0.723s] -- Up-to-date: /root/ws_ros2/ZRobot_Next/install/zrobot_interfaces/lib/python3.12/site-packages/zrobot_interfaces/srv
[0.724s] -- Up-to-date: /root/ws_ros2/ZRobot_Next/install/zrobot_interfaces/lib/python3.12/site-packages/zrobot_interfaces/srv/_set_target_s.c
[0.724s] -- Up-to-date: /root/ws_ros2/ZRobot_Next/install/zrobot_interfaces/lib/python3.12/site-packages/zrobot_interfaces/srv/_set_config_s.c
[0.724s] -- Up-to-date: /root/ws_ros2/ZRobot_Next/install/zrobot_interfaces/lib/python3.12/site-packages/zrobot_interfaces/srv/_set_config.py
[0.724s] -- Up-to-date: /root/ws_ros2/ZRobot_Next/install/zrobot_interfaces/lib/python3.12/site-packages/zrobot_interfaces/srv/_set_target.py
[0.724s] -- Up-to-date: /root/ws_ros2/ZRobot_Next/install/zrobot_interfaces/lib/python3.12/site-packages/zrobot_interfaces/srv/__init__.py
[0.724s] -- Up-to-date: /root/ws_ros2/ZRobot_Next/install/zrobot_interfaces/lib/python3.12/site-packages/zrobot_interfaces/_zrobot_interfaces_s.ep.rosidl_typesupport_introspection_c.c
[0.724s] -- Up-to-date: /root/ws_ros2/ZRobot_Next/install/zrobot_interfaces/lib/python3.12/site-packages/zrobot_interfaces/_zrobot_interfaces_s.ep.rosidl_typesupport_fastrtps_c.c
[0.724s] -- Up-to-date: /root/ws_ros2/ZRobot_Next/install/zrobot_interfaces/lib/python3.12/site-packages/zrobot_interfaces/zrobot_interfaces_s__rosidl_typesupport_introspection_c.so
[0.724s] -- Up-to-date: /root/ws_ros2/ZRobot_Next/install/zrobot_interfaces/lib/python3.12/site-packages/zrobot_interfaces/_zrobot_interfaces_s.ep.rosidl_typesupport_c.c
[0.724s] -- Up-to-date: /root/ws_ros2/ZRobot_Next/install/zrobot_interfaces/lib/python3.12/site-packages/zrobot_interfaces/zrobot_interfaces_s__rosidl_typesupport_fastrtps_c.so
[0.724s] -- Up-to-date: /root/ws_ros2/ZRobot_Next/install/zrobot_interfaces/lib/python3.12/site-packages/zrobot_interfaces/msg
[0.725s] -- Up-to-date: /root/ws_ros2/ZRobot_Next/install/zrobot_interfaces/lib/python3.12/site-packages/zrobot_interfaces/msg/_motor_command.py
[0.725s] -- Up-to-date: /root/ws_ros2/ZRobot_Next/install/zrobot_interfaces/lib/python3.12/site-packages/zrobot_interfaces/msg/_detection_status_s.c
[0.725s] -- Up-to-date: /root/ws_ros2/ZRobot_Next/install/zrobot_interfaces/lib/python3.12/site-packages/zrobot_interfaces/msg/_detection_status.py
[0.725s] -- Up-to-date: /root/ws_ros2/ZRobot_Next/install/zrobot_interfaces/lib/python3.12/site-packages/zrobot_interfaces/msg/__init__.py
[0.725s] -- Up-to-date: /root/ws_ros2/ZRobot_Next/install/zrobot_interfaces/lib/python3.12/site-packages/zrobot_interfaces/msg/_motor_command_s.c
[0.725s] -- Up-to-date: /root/ws_ros2/ZRobot_Next/install/zrobot_interfaces/lib/python3.12/site-packages/zrobot_interfaces/__init__.py
[0.840s] Listing '/root/ws_ros2/ZRobot_Next/install/zrobot_interfaces/lib/python3.12/site-packages/zrobot_interfaces'...
[0.841s] Listing '/root/ws_ros2/ZRobot_Next/install/zrobot_interfaces/lib/python3.12/site-packages/zrobot_interfaces/msg'...
[0.841s] Listing '/root/ws_ros2/ZRobot_Next/install/zrobot_interfaces/lib/python3.12/site-packages/zrobot_interfaces/srv'...
[0.841s] -- Up-to-date: /root/ws_ros2/ZRobot_Next/install/zrobot_interfaces/lib/python3.12/site-packages/zrobot_interfaces/zrobot_interfaces_s__rosidl_typesupport_fastrtps_c.so
[0.841s] -- Up-to-date: /root/ws_ros2/ZRobot_Next/install/zrobot_interfaces/lib/python3.12/site-packages/zrobot_interfaces/zrobot_interfaces_s__rosidl_typesupport_introspection_c.so
[0.841s] -- Up-to-date: /root/ws_ros2/ZRobot_Next/install/zrobot_interfaces/lib/python3.12/site-packages/zrobot_interfaces/zrobot_interfaces_s__rosidl_typesupport_c.so
[0.842s] -- Up-to-date: /root/ws_ros2/ZRobot_Next/install/zrobot_interfaces/lib/libzrobot_interfaces__rosidl_generator_py.so
[0.842s] -- Up-to-date: /root/ws_ros2/ZRobot_Next/install/zrobot_interfaces/share/zrobot_interfaces/msg/DetectionStatus.idl
[0.842s] -- Up-to-date: /root/ws_ros2/ZRobot_Next/install/zrobot_interfaces/share/zrobot_interfaces/msg/MotorCommand.idl
[0.842s] -- Up-to-date: /root/ws_ros2/ZRobot_Next/install/zrobot_interfaces/share/zrobot_interfaces/srv/SetTarget.idl
[0.842s] -- Up-to-date: /root/ws_ros2/ZRobot_Next/install/zrobot_interfaces/share/zrobot_interfaces/srv/SetConfig.idl
[0.842s] -- Up-to-date: /root/ws_ros2/ZRobot_Next/install/zrobot_interfaces/share/zrobot_interfaces/msg/DetectionStatus.msg
[0.843s] -- Up-to-date: /root/ws_ros2/ZRobot_Next/install/zrobot_interfaces/share/zrobot_interfaces/msg/MotorCommand.msg
[0.843s] -- Up-to-date: /root/ws_ros2/ZRobot_Next/install/zrobot_interfaces/share/zrobot_interfaces/srv/SetTarget.srv
[0.843s] -- Up-to-date: /root/ws_ros2/ZRobot_Next/install/zrobot_interfaces/share/zrobot_interfaces/srv/SetConfig.srv
[0.843s] -- Up-to-date: /root/ws_ros2/ZRobot_Next/install/zrobot_interfaces/share/ament_index/resource_index/package_run_dependencies/zrobot_interfaces
[0.843s] -- Up-to-date: /root/ws_ros2/ZRobot_Next/install/zrobot_interfaces/share/ament_index/resource_index/parent_prefix_path/zrobot_interfaces
[0.843s] -- Up-to-date: /root/ws_ros2/ZRobot_Next/install/zrobot_interfaces/share/zrobot_interfaces/environment/ament_prefix_path.sh
[0.844s] -- Up-to-date: /root/ws_ros2/ZRobot_Next/install/zrobot_interfaces/share/zrobot_interfaces/environment/ament_prefix_path.dsv
[0.844s] -- Up-to-date: /root/ws_ros2/ZRobot_Next/install/zrobot_interfaces/share/zrobot_interfaces/environment/path.sh
[0.844s] -- Up-to-date: /root/ws_ros2/ZRobot_Next/install/zrobot_interfaces/share/zrobot_interfaces/environment/path.dsv
[0.844s] -- Up-to-date: /root/ws_ros2/ZRobot_Next/install/zrobot_interfaces/share/zrobot_interfaces/local_setup.bash
[0.844s] -- Up-to-date: /root/ws_ros2/ZRobot_Next/install/zrobot_interfaces/share/zrobot_interfaces/local_setup.sh
[0.844s] -- Up-to-date: /root/ws_ros2/ZRobot_Next/install/zrobot_interfaces/share/zrobot_interfaces/local_setup.zsh
[0.844s] -- Up-to-date: /root/ws_ros2/ZRobot_Next/install/zrobot_interfaces/share/zrobot_interfaces/local_setup.dsv
[0.845s] -- Installing: /root/ws_ros2/ZRobot_Next/install/zrobot_interfaces/share/zrobot_interfaces/package.dsv
[0.845s] -- Up-to-date: /root/ws_ros2/ZRobot_Next/install/zrobot_interfaces/share/ament_index/resource_index/packages/zrobot_interfaces
[0.845s] -- Up-to-date: /root/ws_ros2/ZRobot_Next/install/zrobot_interfaces/share/zrobot_interfaces/cmake/export_zrobot_interfaces__rosidl_generator_cExport.cmake
[0.845s] -- Up-to-date: /root/ws_ros2/ZRobot_Next/install/zrobot_interfaces/share/zrobot_interfaces/cmake/export_zrobot_interfaces__rosidl_generator_cExport-noconfig.cmake
[0.845s] -- Up-to-date: /root/ws_ros2/ZRobot_Next/install/zrobot_interfaces/share/zrobot_interfaces/cmake/export_zrobot_interfaces__rosidl_typesupport_fastrtps_cExport.cmake
[0.845s] -- Up-to-date: /root/ws_ros2/ZRobot_Next/install/zrobot_interfaces/share/zrobot_interfaces/cmake/export_zrobot_interfaces__rosidl_typesupport_fastrtps_cExport-noconfig.cmake
[0.845s] -- Up-to-date: /root/ws_ros2/ZRobot_Next/install/zrobot_interfaces/share/zrobot_interfaces/cmake/zrobot_interfaces__rosidl_typesupport_introspection_cExport.cmake
[0.845s] -- Up-to-date: /root/ws_ros2/ZRobot_Next/install/zrobot_interfaces/share/zrobot_interfaces/cmake/zrobot_interfaces__rosidl_typesupport_introspection_cExport-noconfig.cmake
[0.846s] -- Up-to-date: /root/ws_ros2/ZRobot_Next/install/zrobot_interfaces/share/zrobot_interfaces/cmake/zrobot_interfaces__rosidl_typesupport_cExport.cmake
[0.846s] -- Up-to-date: /root/ws_ros2/ZRobot_Next/install/zrobot_interfaces/share/zrobot_interfaces/cmake/zrobot_interfaces__rosidl_typesupport_cExport-noconfig.cmake
[0.846s] -- Up-to-date: /root/ws_ros2/ZRobot_Next/install/zrobot_interfaces/share/zrobot_interfaces/cmake/export_zrobot_interfaces__rosidl_generator_cppExport.cmake
[0.846s] -- Up-to-date: /root/ws_ros2/ZRobot_Next/install/zrobot_interfaces/share/zrobot_interfaces/cmake/export_zrobot_interfaces__rosidl_typesupport_fastrtps_cppExport.cmake
[0.846s] -- Up-to-date: /root/ws_ros2/ZRobot_Next/install/zrobot_interfaces/share/zrobot_interfaces/cmake/export_zrobot_interfaces__rosidl_typesupport_fastrtps_cppExport-noconfig.cmake
[0.846s] -- Up-to-date: /root/ws_ros2/ZRobot_Next/install/zrobot_interfaces/share/zrobot_interfaces/cmake/zrobot_interfaces__rosidl_typesupport_introspection_cppExport.cmake
[0.846s] -- Up-to-date: /root/ws_ros2/ZRobot_Next/install/zrobot_interfaces/share/zrobot_interfaces/cmake/zrobot_interfaces__rosidl_typesupport_introspection_cppExport-noconfig.cmake
[0.847s] -- Up-to-date: /root/ws_ros2/ZRobot_Next/install/zrobot_interfaces/share/zrobot_interfaces/cmake/zrobot_interfaces__rosidl_typesupport_cppExport.cmake
[0.847s] -- Up-to-date: /root/ws_ros2/ZRobot_Next/install/zrobot_interfaces/share/zrobot_interfaces/cmake/zrobot_interfaces__rosidl_typesupport_cppExport-noconfig.cmake
[0.847s] -- Up-to-date: /root/ws_ros2/ZRobot_Next/install/zrobot_interfaces/share/zrobot_interfaces/cmake/export_zrobot_interfaces__rosidl_generator_pyExport.cmake
[0.847s] -- Up-to-date: /root/ws_ros2/ZRobot_Next/install/zrobot_interfaces/share/zrobot_interfaces/cmake/export_zrobot_interfaces__rosidl_generator_pyExport-noconfig.cmake
[0.847s] -- Up-to-date: /root/ws_ros2/ZRobot_Next/install/zrobot_interfaces/share/zrobot_interfaces/cmake/rosidl_cmake-extras.cmake
[0.848s] -- Up-to-date: /root/ws_ros2/ZRobot_Next/install/zrobot_interfaces/share/zrobot_interfaces/cmake/ament_cmake_export_dependencies-extras.cmake
[0.848s] -- Up-to-date: /root/ws_ros2/ZRobot_Next/install/zrobot_interfaces/share/zrobot_interfaces/cmake/ament_cmake_export_include_directories-extras.cmake
[0.848s] -- Up-to-date: /root/ws_ros2/ZRobot_Next/install/zrobot_interfaces/share/zrobot_interfaces/cmake/ament_cmake_export_libraries-extras.cmake
[0.849s] -- Up-to-date: /root/ws_ros2/ZRobot_Next/install/zrobot_interfaces/share/zrobot_interfaces/cmake/ament_cmake_export_targets-extras.cmake
[0.849s] -- Up-to-date: /root/ws_ros2/ZRobot_Next/install/zrobot_interfaces/share/zrobot_interfaces/cmake/rosidl_cmake_export_typesupport_targets-extras.cmake
[0.849s] -- Up-to-date: /root/ws_ros2/ZRobot_Next/install/zrobot_interfaces/share/zrobot_interfaces/cmake/rosidl_cmake_export_typesupport_libraries-extras.cmake
[0.849s] -- Up-to-date: /root/ws_ros2/ZRobot_Next/install/zrobot_interfaces/share/zrobot_interfaces/cmake/zrobot_interfacesConfig.cmake
[0.849s] -- Up-to-date: /root/ws_ros2/ZRobot_Next/install/zrobot_interfaces/share/zrobot_interfaces/cmake/zrobot_interfacesConfig-version.cmake
[0.850s] -- Up-to-date: /root/ws_ros2/ZRobot_Next/install/zrobot_interfaces/share/zrobot_interfaces/package.xml
[0.850s] Invoked command in '/root/ws_ros2/ZRobot_Next/build/zrobot_interfaces' returned '0': CMAKE_PREFIX_PATH=/opt/ros/jazzy /usr/bin/cmake --install /root/ws_ros2/ZRobot_Next/build/zrobot_interfaces
