[0.165s] DEBUG:colcon:Command line arguments: ['/usr/bin/colcon', 'build']
[0.166s] DEBUG:colcon:Parsed command line arguments: Namespace(log_base=None, log_level=None, verb_name='build', build_base='build', install_base='install', merge_install=False, symlink_install=False, test_result_base=None, continue_on_error=False, executor='parallel', parallel_workers=8, event_handlers=None, ignore_user_meta=False, metas=['./colcon.meta'], base_paths=['.'], packages_ignore=None, packages_ignore_regex=None, paths=None, packages_up_to=None, packages_up_to_regex=None, packages_above=None, packages_above_and_dependencies=None, packages_above_depth=None, packages_select_by_dep=None, packages_skip_by_dep=None, packages_skip_up_to=None, packages_select_build_failed=False, packages_skip_build_finished=False, packages_select_test_failures=False, packages_skip_test_passed=False, packages_select=None, packages_skip=None, packages_select_regex=None, packages_skip_regex=None, packages_start=None, packages_end=None, cmake_args=None, cmake_target=None, cmake_target_skip_unavailable=False, cmake_clean_cache=False, cmake_clean_first=False, cmake_force_configure=False, ament_cmake_args=None, catkin_cmake_args=None, catkin_skip_building_tests=False, mixin_files=None, mixin=None, verb_parser=<colcon_mixin.mixin.mixin_argument.MixinArgumentDecorator object at 0xffffa7c632f0>, verb_extension=<colcon_core.verb.build.BuildVerb object at 0xffffa7e43260>, main=<bound method BuildVerb.main of <colcon_core.verb.build.BuildVerb object at 0xffffa7e43260>>, mixin_verb=('build',))
[0.230s] Level 1:colcon.colcon_core.package_discovery:discover_packages(colcon_meta) check parameters
[0.231s] INFO:colcon.colcon_metadata.package_discovery.colcon_meta:Using configuration from '/root/.colcon/metadata/default/Gazebo.meta'
[0.231s] INFO:colcon.colcon_metadata.package_discovery.colcon_meta:Using configuration from '/root/.colcon/metadata/default/fastdds.meta'
[0.232s] INFO:colcon.colcon_metadata.package_discovery.colcon_meta:Using configuration from '/root/.colcon/metadata/default/fastrtps.meta'
[0.232s] Level 1:colcon.colcon_core.package_discovery:discover_packages(recursive) check parameters
[0.232s] Level 1:colcon.colcon_core.package_discovery:discover_packages(ignore) check parameters
[0.232s] Level 1:colcon.colcon_core.package_discovery:discover_packages(path) check parameters
[0.232s] Level 1:colcon.colcon_core.package_discovery:discover_packages(colcon_meta) discover
[0.232s] Level 1:colcon.colcon_core.package_discovery:discover_packages(recursive) discover
[0.232s] INFO:colcon.colcon_core.package_discovery:Crawling recursively for packages in '/root/ws_ros2/ZRobot_Next'
[0.232s] Level 1:colcon.colcon_core.package_identification:_identify(.) by extensions ['ignore', 'ignore_ament_install']
[0.232s] Level 1:colcon.colcon_core.package_identification:_identify(.) by extension 'ignore'
[0.233s] Level 1:colcon.colcon_core.package_identification:_identify(.) by extension 'ignore_ament_install'
[0.233s] Level 1:colcon.colcon_core.package_identification:_identify(.) by extensions ['colcon_pkg']
[0.233s] Level 1:colcon.colcon_core.package_identification:_identify(.) by extension 'colcon_pkg'
[0.233s] Level 1:colcon.colcon_core.package_identification:_identify(.) by extensions ['colcon_meta']
[0.233s] Level 1:colcon.colcon_core.package_identification:_identify(.) by extension 'colcon_meta'
[0.233s] Level 1:colcon.colcon_core.package_identification:_identify(.) by extensions ['ros']
[0.233s] Level 1:colcon.colcon_core.package_identification:_identify(.) by extension 'ros'
[0.274s] Level 1:colcon.colcon_core.package_identification:_identify(.) by extensions ['cmake', 'python']
[0.274s] Level 1:colcon.colcon_core.package_identification:_identify(.) by extension 'cmake'
[0.275s] Level 1:colcon.colcon_core.package_identification:_identify(.) by extension 'python'
[0.275s] Level 1:colcon.colcon_core.package_identification:_identify(.) by extensions ['python_setup_py']
[0.275s] Level 1:colcon.colcon_core.package_identification:_identify(.) by extension 'python_setup_py'
[0.275s] Level 1:colcon.colcon_core.package_identification:_identify(build) by extensions ['ignore', 'ignore_ament_install']
[0.275s] Level 1:colcon.colcon_core.package_identification:_identify(build) by extension 'ignore'
[0.275s] Level 1:colcon.colcon_core.package_identification:_identify(build) ignored
[0.275s] Level 1:colcon.colcon_core.package_identification:_identify(convert) by extensions ['ignore', 'ignore_ament_install']
[0.275s] Level 1:colcon.colcon_core.package_identification:_identify(convert) by extension 'ignore'
[0.275s] Level 1:colcon.colcon_core.package_identification:_identify(convert) by extension 'ignore_ament_install'
[0.276s] Level 1:colcon.colcon_core.package_identification:_identify(convert) by extensions ['colcon_pkg']
[0.276s] Level 1:colcon.colcon_core.package_identification:_identify(convert) by extension 'colcon_pkg'
[0.276s] Level 1:colcon.colcon_core.package_identification:_identify(convert) by extensions ['colcon_meta']
[0.276s] Level 1:colcon.colcon_core.package_identification:_identify(convert) by extension 'colcon_meta'
[0.276s] Level 1:colcon.colcon_core.package_identification:_identify(convert) by extensions ['ros']
[0.276s] Level 1:colcon.colcon_core.package_identification:_identify(convert) by extension 'ros'
[0.276s] Level 1:colcon.colcon_core.package_identification:_identify(convert) by extensions ['cmake', 'python']
[0.276s] Level 1:colcon.colcon_core.package_identification:_identify(convert) by extension 'cmake'
[0.276s] Level 1:colcon.colcon_core.package_identification:_identify(convert) by extension 'python'
[0.276s] Level 1:colcon.colcon_core.package_identification:_identify(convert) by extensions ['python_setup_py']
[0.276s] Level 1:colcon.colcon_core.package_identification:_identify(convert) by extension 'python_setup_py'
[0.276s] Level 1:colcon.colcon_core.package_identification:_identify(install) by extensions ['ignore', 'ignore_ament_install']
[0.276s] Level 1:colcon.colcon_core.package_identification:_identify(install) by extension 'ignore'
[0.276s] Level 1:colcon.colcon_core.package_identification:_identify(install) ignored
[0.276s] Level 1:colcon.colcon_core.package_identification:_identify(ldlidar_stl_ros2) by extensions ['ignore', 'ignore_ament_install']
[0.277s] Level 1:colcon.colcon_core.package_identification:_identify(ldlidar_stl_ros2) by extension 'ignore'
[0.277s] Level 1:colcon.colcon_core.package_identification:_identify(ldlidar_stl_ros2) by extension 'ignore_ament_install'
[0.277s] Level 1:colcon.colcon_core.package_identification:_identify(ldlidar_stl_ros2) by extensions ['colcon_pkg']
[0.277s] Level 1:colcon.colcon_core.package_identification:_identify(ldlidar_stl_ros2) by extension 'colcon_pkg'
[0.277s] Level 1:colcon.colcon_core.package_identification:_identify(ldlidar_stl_ros2) by extensions ['colcon_meta']
[0.277s] Level 1:colcon.colcon_core.package_identification:_identify(ldlidar_stl_ros2) by extension 'colcon_meta'
[0.277s] Level 1:colcon.colcon_core.package_identification:_identify(ldlidar_stl_ros2) by extensions ['ros']
[0.277s] Level 1:colcon.colcon_core.package_identification:_identify(ldlidar_stl_ros2) by extension 'ros'
[0.283s] DEBUG:colcon.colcon_core.package_identification:Package 'ldlidar_stl_ros2' with type 'ros.ament_cmake' and name 'ldlidar_stl_ros2'
[0.283s] Level 1:colcon.colcon_core.package_identification:_identify(log) by extensions ['ignore', 'ignore_ament_install']
[0.283s] Level 1:colcon.colcon_core.package_identification:_identify(log) by extension 'ignore'
[0.283s] Level 1:colcon.colcon_core.package_identification:_identify(log) ignored
[0.284s] Level 1:colcon.colcon_core.package_identification:_identify(models) by extensions ['ignore', 'ignore_ament_install']
[0.284s] Level 1:colcon.colcon_core.package_identification:_identify(models) by extension 'ignore'
[0.284s] Level 1:colcon.colcon_core.package_identification:_identify(models) by extension 'ignore_ament_install'
[0.284s] Level 1:colcon.colcon_core.package_identification:_identify(models) by extensions ['colcon_pkg']
[0.284s] Level 1:colcon.colcon_core.package_identification:_identify(models) by extension 'colcon_pkg'
[0.284s] Level 1:colcon.colcon_core.package_identification:_identify(models) by extensions ['colcon_meta']
[0.284s] Level 1:colcon.colcon_core.package_identification:_identify(models) by extension 'colcon_meta'
[0.284s] Level 1:colcon.colcon_core.package_identification:_identify(models) by extensions ['ros']
[0.284s] Level 1:colcon.colcon_core.package_identification:_identify(models) by extension 'ros'
[0.284s] Level 1:colcon.colcon_core.package_identification:_identify(models) by extensions ['cmake', 'python']
[0.284s] Level 1:colcon.colcon_core.package_identification:_identify(models) by extension 'cmake'
[0.284s] Level 1:colcon.colcon_core.package_identification:_identify(models) by extension 'python'
[0.284s] Level 1:colcon.colcon_core.package_identification:_identify(models) by extensions ['python_setup_py']
[0.284s] Level 1:colcon.colcon_core.package_identification:_identify(models) by extension 'python_setup_py'
[0.284s] Level 1:colcon.colcon_core.package_identification:_identify(web_interface) by extensions ['ignore', 'ignore_ament_install']
[0.285s] Level 1:colcon.colcon_core.package_identification:_identify(web_interface) by extension 'ignore'
[0.285s] Level 1:colcon.colcon_core.package_identification:_identify(web_interface) by extension 'ignore_ament_install'
[0.285s] Level 1:colcon.colcon_core.package_identification:_identify(web_interface) by extensions ['colcon_pkg']
[0.285s] Level 1:colcon.colcon_core.package_identification:_identify(web_interface) by extension 'colcon_pkg'
[0.285s] Level 1:colcon.colcon_core.package_identification:_identify(web_interface) by extensions ['colcon_meta']
[0.285s] Level 1:colcon.colcon_core.package_identification:_identify(web_interface) by extension 'colcon_meta'
[0.285s] Level 1:colcon.colcon_core.package_identification:_identify(web_interface) by extensions ['ros']
[0.285s] Level 1:colcon.colcon_core.package_identification:_identify(web_interface) by extension 'ros'
[0.286s] DEBUG:colcon.colcon_core.package_identification:Package 'web_interface' with type 'ros.ament_cmake' and name 'web_interface'
[0.286s] Level 1:colcon.colcon_core.package_identification:_identify(zrobot_bringup) by extensions ['ignore', 'ignore_ament_install']
[0.286s] Level 1:colcon.colcon_core.package_identification:_identify(zrobot_bringup) by extension 'ignore'
[0.286s] Level 1:colcon.colcon_core.package_identification:_identify(zrobot_bringup) by extension 'ignore_ament_install'
[0.286s] Level 1:colcon.colcon_core.package_identification:_identify(zrobot_bringup) by extensions ['colcon_pkg']
[0.286s] Level 1:colcon.colcon_core.package_identification:_identify(zrobot_bringup) by extension 'colcon_pkg'
[0.286s] Level 1:colcon.colcon_core.package_identification:_identify(zrobot_bringup) by extensions ['colcon_meta']
[0.286s] Level 1:colcon.colcon_core.package_identification:_identify(zrobot_bringup) by extension 'colcon_meta'
[0.286s] Level 1:colcon.colcon_core.package_identification:_identify(zrobot_bringup) by extensions ['ros']
[0.287s] Level 1:colcon.colcon_core.package_identification:_identify(zrobot_bringup) by extension 'ros'
[0.287s] DEBUG:colcon.colcon_core.package_identification:Package 'zrobot_bringup' with type 'ros.ament_cmake' and name 'zrobot_bringup'
[0.287s] Level 1:colcon.colcon_core.package_identification:_identify(zrobot_control) by extensions ['ignore', 'ignore_ament_install']
[0.287s] Level 1:colcon.colcon_core.package_identification:_identify(zrobot_control) by extension 'ignore'
[0.287s] Level 1:colcon.colcon_core.package_identification:_identify(zrobot_control) by extension 'ignore_ament_install'
[0.287s] Level 1:colcon.colcon_core.package_identification:_identify(zrobot_control) by extensions ['colcon_pkg']
[0.288s] Level 1:colcon.colcon_core.package_identification:_identify(zrobot_control) by extension 'colcon_pkg'
[0.288s] Level 1:colcon.colcon_core.package_identification:_identify(zrobot_control) by extensions ['colcon_meta']
[0.288s] Level 1:colcon.colcon_core.package_identification:_identify(zrobot_control) by extension 'colcon_meta'
[0.288s] Level 1:colcon.colcon_core.package_identification:_identify(zrobot_control) by extensions ['ros']
[0.288s] Level 1:colcon.colcon_core.package_identification:_identify(zrobot_control) by extension 'ros'
[0.288s] DEBUG:colcon.colcon_core.package_identification:Package 'zrobot_control' with type 'ros.ament_cmake' and name 'zrobot_control'
[0.289s] Level 1:colcon.colcon_core.package_identification:_identify(zrobot_interfaces) by extensions ['ignore', 'ignore_ament_install']
[0.289s] Level 1:colcon.colcon_core.package_identification:_identify(zrobot_interfaces) by extension 'ignore'
[0.289s] Level 1:colcon.colcon_core.package_identification:_identify(zrobot_interfaces) by extension 'ignore_ament_install'
[0.289s] Level 1:colcon.colcon_core.package_identification:_identify(zrobot_interfaces) by extensions ['colcon_pkg']
[0.289s] Level 1:colcon.colcon_core.package_identification:_identify(zrobot_interfaces) by extension 'colcon_pkg'
[0.289s] Level 1:colcon.colcon_core.package_identification:_identify(zrobot_interfaces) by extensions ['colcon_meta']
[0.289s] Level 1:colcon.colcon_core.package_identification:_identify(zrobot_interfaces) by extension 'colcon_meta'
[0.289s] Level 1:colcon.colcon_core.package_identification:_identify(zrobot_interfaces) by extensions ['ros']
[0.289s] Level 1:colcon.colcon_core.package_identification:_identify(zrobot_interfaces) by extension 'ros'
[0.290s] DEBUG:colcon.colcon_core.package_identification:Package 'zrobot_interfaces' with type 'ros.ament_cmake' and name 'zrobot_interfaces'
[0.290s] Level 1:colcon.colcon_core.package_identification:_identify(zrobot_obstacle_avoidance) by extensions ['ignore', 'ignore_ament_install']
[0.290s] Level 1:colcon.colcon_core.package_identification:_identify(zrobot_obstacle_avoidance) by extension 'ignore'
[0.290s] Level 1:colcon.colcon_core.package_identification:_identify(zrobot_obstacle_avoidance) by extension 'ignore_ament_install'
[0.290s] Level 1:colcon.colcon_core.package_identification:_identify(zrobot_obstacle_avoidance) by extensions ['colcon_pkg']
[0.290s] Level 1:colcon.colcon_core.package_identification:_identify(zrobot_obstacle_avoidance) by extension 'colcon_pkg'
[0.290s] Level 1:colcon.colcon_core.package_identification:_identify(zrobot_obstacle_avoidance) by extensions ['colcon_meta']
[0.290s] Level 1:colcon.colcon_core.package_identification:_identify(zrobot_obstacle_avoidance) by extension 'colcon_meta'
[0.290s] Level 1:colcon.colcon_core.package_identification:_identify(zrobot_obstacle_avoidance) by extensions ['ros']
[0.290s] Level 1:colcon.colcon_core.package_identification:_identify(zrobot_obstacle_avoidance) by extension 'ros'
[0.291s] DEBUG:colcon.colcon_core.package_identification:Package 'zrobot_obstacle_avoidance' with type 'ros.ament_cmake' and name 'zrobot_obstacle_avoidance'
[0.291s] Level 1:colcon.colcon_core.package_identification:_identify(zrobot_perception) by extensions ['ignore', 'ignore_ament_install']
[0.291s] Level 1:colcon.colcon_core.package_identification:_identify(zrobot_perception) by extension 'ignore'
[0.291s] Level 1:colcon.colcon_core.package_identification:_identify(zrobot_perception) by extension 'ignore_ament_install'
[0.291s] Level 1:colcon.colcon_core.package_identification:_identify(zrobot_perception) by extensions ['colcon_pkg']
[0.291s] Level 1:colcon.colcon_core.package_identification:_identify(zrobot_perception) by extension 'colcon_pkg'
[0.291s] Level 1:colcon.colcon_core.package_identification:_identify(zrobot_perception) by extensions ['colcon_meta']
[0.291s] Level 1:colcon.colcon_core.package_identification:_identify(zrobot_perception) by extension 'colcon_meta'
[0.291s] Level 1:colcon.colcon_core.package_identification:_identify(zrobot_perception) by extensions ['ros']
[0.291s] Level 1:colcon.colcon_core.package_identification:_identify(zrobot_perception) by extension 'ros'
[0.292s] DEBUG:colcon.colcon_core.package_identification:Package 'zrobot_perception' with type 'ros.ament_cmake' and name 'zrobot_perception'
[0.292s] Level 1:colcon.colcon_core.package_discovery:discover_packages(recursive) using defaults
[0.293s] Level 1:colcon.colcon_core.package_discovery:discover_packages(ignore) discover
[0.293s] Level 1:colcon.colcon_core.package_discovery:discover_packages(ignore) using defaults
[0.293s] Level 1:colcon.colcon_core.package_discovery:discover_packages(path) discover
[0.293s] Level 1:colcon.colcon_core.package_discovery:discover_packages(path) using defaults
[0.320s] Level 5:colcon.colcon_core.verb:set package 'ldlidar_stl_ros2' build argument 'cmake_args' from command line to 'None'
[0.321s] Level 5:colcon.colcon_core.verb:set package 'ldlidar_stl_ros2' build argument 'cmake_target' from command line to 'None'
[0.321s] Level 5:colcon.colcon_core.verb:set package 'ldlidar_stl_ros2' build argument 'cmake_target_skip_unavailable' from command line to 'False'
[0.321s] Level 5:colcon.colcon_core.verb:set package 'ldlidar_stl_ros2' build argument 'cmake_clean_cache' from command line to 'False'
[0.321s] Level 5:colcon.colcon_core.verb:set package 'ldlidar_stl_ros2' build argument 'cmake_clean_first' from command line to 'False'
[0.321s] Level 5:colcon.colcon_core.verb:set package 'ldlidar_stl_ros2' build argument 'cmake_force_configure' from command line to 'False'
[0.321s] Level 5:colcon.colcon_core.verb:set package 'ldlidar_stl_ros2' build argument 'ament_cmake_args' from command line to 'None'
[0.321s] Level 5:colcon.colcon_core.verb:set package 'ldlidar_stl_ros2' build argument 'catkin_cmake_args' from command line to 'None'
[0.321s] Level 5:colcon.colcon_core.verb:set package 'ldlidar_stl_ros2' build argument 'catkin_skip_building_tests' from command line to 'False'
[0.321s] DEBUG:colcon.colcon_core.verb:Building package 'ldlidar_stl_ros2' with the following arguments: {'ament_cmake_args': None, 'build_base': '/root/ws_ros2/ZRobot_Next/build/ldlidar_stl_ros2', 'catkin_cmake_args': None, 'catkin_skip_building_tests': False, 'cmake_args': None, 'cmake_clean_cache': False, 'cmake_clean_first': False, 'cmake_force_configure': False, 'cmake_target': None, 'cmake_target_skip_unavailable': False, 'install_base': '/root/ws_ros2/ZRobot_Next/install/ldlidar_stl_ros2', 'merge_install': False, 'path': '/root/ws_ros2/ZRobot_Next/ldlidar_stl_ros2', 'symlink_install': False, 'test_result_base': None}
[0.321s] Level 5:colcon.colcon_core.verb:set package 'web_interface' build argument 'cmake_args' from command line to 'None'
[0.321s] Level 5:colcon.colcon_core.verb:set package 'web_interface' build argument 'cmake_target' from command line to 'None'
[0.321s] Level 5:colcon.colcon_core.verb:set package 'web_interface' build argument 'cmake_target_skip_unavailable' from command line to 'False'
[0.321s] Level 5:colcon.colcon_core.verb:set package 'web_interface' build argument 'cmake_clean_cache' from command line to 'False'
[0.321s] Level 5:colcon.colcon_core.verb:set package 'web_interface' build argument 'cmake_clean_first' from command line to 'False'
[0.321s] Level 5:colcon.colcon_core.verb:set package 'web_interface' build argument 'cmake_force_configure' from command line to 'False'
[0.321s] Level 5:colcon.colcon_core.verb:set package 'web_interface' build argument 'ament_cmake_args' from command line to 'None'
[0.321s] Level 5:colcon.colcon_core.verb:set package 'web_interface' build argument 'catkin_cmake_args' from command line to 'None'
[0.321s] Level 5:colcon.colcon_core.verb:set package 'web_interface' build argument 'catkin_skip_building_tests' from command line to 'False'
[0.322s] DEBUG:colcon.colcon_core.verb:Building package 'web_interface' with the following arguments: {'ament_cmake_args': None, 'build_base': '/root/ws_ros2/ZRobot_Next/build/web_interface', 'catkin_cmake_args': None, 'catkin_skip_building_tests': False, 'cmake_args': None, 'cmake_clean_cache': False, 'cmake_clean_first': False, 'cmake_force_configure': False, 'cmake_target': None, 'cmake_target_skip_unavailable': False, 'install_base': '/root/ws_ros2/ZRobot_Next/install/web_interface', 'merge_install': False, 'path': '/root/ws_ros2/ZRobot_Next/web_interface', 'symlink_install': False, 'test_result_base': None}
[0.322s] Level 5:colcon.colcon_core.verb:set package 'zrobot_control' build argument 'cmake_args' from command line to 'None'
[0.322s] Level 5:colcon.colcon_core.verb:set package 'zrobot_control' build argument 'cmake_target' from command line to 'None'
[0.322s] Level 5:colcon.colcon_core.verb:set package 'zrobot_control' build argument 'cmake_target_skip_unavailable' from command line to 'False'
[0.322s] Level 5:colcon.colcon_core.verb:set package 'zrobot_control' build argument 'cmake_clean_cache' from command line to 'False'
[0.322s] Level 5:colcon.colcon_core.verb:set package 'zrobot_control' build argument 'cmake_clean_first' from command line to 'False'
[0.322s] Level 5:colcon.colcon_core.verb:set package 'zrobot_control' build argument 'cmake_force_configure' from command line to 'False'
[0.322s] Level 5:colcon.colcon_core.verb:set package 'zrobot_control' build argument 'ament_cmake_args' from command line to 'None'
[0.322s] Level 5:colcon.colcon_core.verb:set package 'zrobot_control' build argument 'catkin_cmake_args' from command line to 'None'
[0.322s] Level 5:colcon.colcon_core.verb:set package 'zrobot_control' build argument 'catkin_skip_building_tests' from command line to 'False'
[0.322s] DEBUG:colcon.colcon_core.verb:Building package 'zrobot_control' with the following arguments: {'ament_cmake_args': None, 'build_base': '/root/ws_ros2/ZRobot_Next/build/zrobot_control', 'catkin_cmake_args': None, 'catkin_skip_building_tests': False, 'cmake_args': None, 'cmake_clean_cache': False, 'cmake_clean_first': False, 'cmake_force_configure': False, 'cmake_target': None, 'cmake_target_skip_unavailable': False, 'install_base': '/root/ws_ros2/ZRobot_Next/install/zrobot_control', 'merge_install': False, 'path': '/root/ws_ros2/ZRobot_Next/zrobot_control', 'symlink_install': False, 'test_result_base': None}
[0.322s] Level 5:colcon.colcon_core.verb:set package 'zrobot_interfaces' build argument 'cmake_args' from command line to 'None'
[0.322s] Level 5:colcon.colcon_core.verb:set package 'zrobot_interfaces' build argument 'cmake_target' from command line to 'None'
[0.322s] Level 5:colcon.colcon_core.verb:set package 'zrobot_interfaces' build argument 'cmake_target_skip_unavailable' from command line to 'False'
[0.323s] Level 5:colcon.colcon_core.verb:set package 'zrobot_interfaces' build argument 'cmake_clean_cache' from command line to 'False'
[0.323s] Level 5:colcon.colcon_core.verb:set package 'zrobot_interfaces' build argument 'cmake_clean_first' from command line to 'False'
[0.323s] Level 5:colcon.colcon_core.verb:set package 'zrobot_interfaces' build argument 'cmake_force_configure' from command line to 'False'
[0.323s] Level 5:colcon.colcon_core.verb:set package 'zrobot_interfaces' build argument 'ament_cmake_args' from command line to 'None'
[0.323s] Level 5:colcon.colcon_core.verb:set package 'zrobot_interfaces' build argument 'catkin_cmake_args' from command line to 'None'
[0.323s] Level 5:colcon.colcon_core.verb:set package 'zrobot_interfaces' build argument 'catkin_skip_building_tests' from command line to 'False'
[0.323s] DEBUG:colcon.colcon_core.verb:Building package 'zrobot_interfaces' with the following arguments: {'ament_cmake_args': None, 'build_base': '/root/ws_ros2/ZRobot_Next/build/zrobot_interfaces', 'catkin_cmake_args': None, 'catkin_skip_building_tests': False, 'cmake_args': None, 'cmake_clean_cache': False, 'cmake_clean_first': False, 'cmake_force_configure': False, 'cmake_target': None, 'cmake_target_skip_unavailable': False, 'install_base': '/root/ws_ros2/ZRobot_Next/install/zrobot_interfaces', 'merge_install': False, 'path': '/root/ws_ros2/ZRobot_Next/zrobot_interfaces', 'symlink_install': False, 'test_result_base': None}
[0.323s] Level 5:colcon.colcon_core.verb:set package 'zrobot_obstacle_avoidance' build argument 'cmake_args' from command line to 'None'
[0.323s] Level 5:colcon.colcon_core.verb:set package 'zrobot_obstacle_avoidance' build argument 'cmake_target' from command line to 'None'
[0.323s] Level 5:colcon.colcon_core.verb:set package 'zrobot_obstacle_avoidance' build argument 'cmake_target_skip_unavailable' from command line to 'False'
[0.323s] Level 5:colcon.colcon_core.verb:set package 'zrobot_obstacle_avoidance' build argument 'cmake_clean_cache' from command line to 'False'
[0.323s] Level 5:colcon.colcon_core.verb:set package 'zrobot_obstacle_avoidance' build argument 'cmake_clean_first' from command line to 'False'
[0.323s] Level 5:colcon.colcon_core.verb:set package 'zrobot_obstacle_avoidance' build argument 'cmake_force_configure' from command line to 'False'
[0.323s] Level 5:colcon.colcon_core.verb:set package 'zrobot_obstacle_avoidance' build argument 'ament_cmake_args' from command line to 'None'
[0.323s] Level 5:colcon.colcon_core.verb:set package 'zrobot_obstacle_avoidance' build argument 'catkin_cmake_args' from command line to 'None'
[0.323s] Level 5:colcon.colcon_core.verb:set package 'zrobot_obstacle_avoidance' build argument 'catkin_skip_building_tests' from command line to 'False'
[0.323s] DEBUG:colcon.colcon_core.verb:Building package 'zrobot_obstacle_avoidance' with the following arguments: {'ament_cmake_args': None, 'build_base': '/root/ws_ros2/ZRobot_Next/build/zrobot_obstacle_avoidance', 'catkin_cmake_args': None, 'catkin_skip_building_tests': False, 'cmake_args': None, 'cmake_clean_cache': False, 'cmake_clean_first': False, 'cmake_force_configure': False, 'cmake_target': None, 'cmake_target_skip_unavailable': False, 'install_base': '/root/ws_ros2/ZRobot_Next/install/zrobot_obstacle_avoidance', 'merge_install': False, 'path': '/root/ws_ros2/ZRobot_Next/zrobot_obstacle_avoidance', 'symlink_install': False, 'test_result_base': None}
[0.324s] Level 5:colcon.colcon_core.verb:set package 'zrobot_perception' build argument 'cmake_args' from command line to 'None'
[0.324s] Level 5:colcon.colcon_core.verb:set package 'zrobot_perception' build argument 'cmake_target' from command line to 'None'
[0.324s] Level 5:colcon.colcon_core.verb:set package 'zrobot_perception' build argument 'cmake_target_skip_unavailable' from command line to 'False'
[0.324s] Level 5:colcon.colcon_core.verb:set package 'zrobot_perception' build argument 'cmake_clean_cache' from command line to 'False'
[0.324s] Level 5:colcon.colcon_core.verb:set package 'zrobot_perception' build argument 'cmake_clean_first' from command line to 'False'
[0.324s] Level 5:colcon.colcon_core.verb:set package 'zrobot_perception' build argument 'cmake_force_configure' from command line to 'False'
[0.324s] Level 5:colcon.colcon_core.verb:set package 'zrobot_perception' build argument 'ament_cmake_args' from command line to 'None'
[0.324s] Level 5:colcon.colcon_core.verb:set package 'zrobot_perception' build argument 'catkin_cmake_args' from command line to 'None'
[0.324s] Level 5:colcon.colcon_core.verb:set package 'zrobot_perception' build argument 'catkin_skip_building_tests' from command line to 'False'
[0.324s] DEBUG:colcon.colcon_core.verb:Building package 'zrobot_perception' with the following arguments: {'ament_cmake_args': None, 'build_base': '/root/ws_ros2/ZRobot_Next/build/zrobot_perception', 'catkin_cmake_args': None, 'catkin_skip_building_tests': False, 'cmake_args': None, 'cmake_clean_cache': False, 'cmake_clean_first': False, 'cmake_force_configure': False, 'cmake_target': None, 'cmake_target_skip_unavailable': False, 'install_base': '/root/ws_ros2/ZRobot_Next/install/zrobot_perception', 'merge_install': False, 'path': '/root/ws_ros2/ZRobot_Next/zrobot_perception', 'symlink_install': False, 'test_result_base': None}
[0.324s] Level 5:colcon.colcon_core.verb:set package 'zrobot_bringup' build argument 'cmake_args' from command line to 'None'
[0.324s] Level 5:colcon.colcon_core.verb:set package 'zrobot_bringup' build argument 'cmake_target' from command line to 'None'
[0.324s] Level 5:colcon.colcon_core.verb:set package 'zrobot_bringup' build argument 'cmake_target_skip_unavailable' from command line to 'False'
[0.324s] Level 5:colcon.colcon_core.verb:set package 'zrobot_bringup' build argument 'cmake_clean_cache' from command line to 'False'
[0.324s] Level 5:colcon.colcon_core.verb:set package 'zrobot_bringup' build argument 'cmake_clean_first' from command line to 'False'
[0.324s] Level 5:colcon.colcon_core.verb:set package 'zrobot_bringup' build argument 'cmake_force_configure' from command line to 'False'
[0.324s] Level 5:colcon.colcon_core.verb:set package 'zrobot_bringup' build argument 'ament_cmake_args' from command line to 'None'
[0.324s] Level 5:colcon.colcon_core.verb:set package 'zrobot_bringup' build argument 'catkin_cmake_args' from command line to 'None'
[0.324s] Level 5:colcon.colcon_core.verb:set package 'zrobot_bringup' build argument 'catkin_skip_building_tests' from command line to 'False'
[0.324s] DEBUG:colcon.colcon_core.verb:Building package 'zrobot_bringup' with the following arguments: {'ament_cmake_args': None, 'build_base': '/root/ws_ros2/ZRobot_Next/build/zrobot_bringup', 'catkin_cmake_args': None, 'catkin_skip_building_tests': False, 'cmake_args': None, 'cmake_clean_cache': False, 'cmake_clean_first': False, 'cmake_force_configure': False, 'cmake_target': None, 'cmake_target_skip_unavailable': False, 'install_base': '/root/ws_ros2/ZRobot_Next/install/zrobot_bringup', 'merge_install': False, 'path': '/root/ws_ros2/ZRobot_Next/zrobot_bringup', 'symlink_install': False, 'test_result_base': None}
[0.324s] INFO:colcon.colcon_core.executor:Executing jobs using 'parallel' executor
[0.327s] DEBUG:colcon.colcon_parallel_executor.executor.parallel:run_until_complete
[0.328s] INFO:colcon.colcon_ros.task.ament_cmake.build:Building ROS package in '/root/ws_ros2/ZRobot_Next/zrobot_control' with build type 'ament_cmake'
[0.328s] INFO:colcon.colcon_cmake.task.cmake.build:Building CMake package in '/root/ws_ros2/ZRobot_Next/zrobot_control'
[0.331s] INFO:colcon.colcon_core.plugin_system:Skipping extension 'colcon_core.shell.bat': Not used on non-Windows systems
[0.331s] INFO:colcon.colcon_core.shell:Skip shell extension 'powershell' for command environment: Not usable outside of PowerShell
[0.331s] DEBUG:colcon.colcon_core.shell:Skip shell extension 'dsv' for command environment
[0.336s] INFO:colcon.colcon_ros.task.ament_cmake.build:Building ROS package in '/root/ws_ros2/ZRobot_Next/zrobot_perception' with build type 'ament_cmake'
[0.337s] INFO:colcon.colcon_cmake.task.cmake.build:Building CMake package in '/root/ws_ros2/ZRobot_Next/zrobot_perception'
[0.337s] INFO:colcon.colcon_core.shell:Skip shell extension 'powershell' for command environment: Not usable outside of PowerShell
[0.337s] DEBUG:colcon.colcon_core.shell:Skip shell extension 'dsv' for command environment
[0.341s] INFO:colcon.colcon_ros.task.ament_cmake.build:Building ROS package in '/root/ws_ros2/ZRobot_Next/ldlidar_stl_ros2' with build type 'ament_cmake'
[0.341s] INFO:colcon.colcon_cmake.task.cmake.build:Building CMake package in '/root/ws_ros2/ZRobot_Next/ldlidar_stl_ros2'
[0.341s] INFO:colcon.colcon_core.shell:Skip shell extension 'powershell' for command environment: Not usable outside of PowerShell
[0.341s] DEBUG:colcon.colcon_core.shell:Skip shell extension 'dsv' for command environment
[0.344s] INFO:colcon.colcon_ros.task.ament_cmake.build:Building ROS package in '/root/ws_ros2/ZRobot_Next/web_interface' with build type 'ament_cmake'
[0.344s] INFO:colcon.colcon_cmake.task.cmake.build:Building CMake package in '/root/ws_ros2/ZRobot_Next/web_interface'
[0.345s] INFO:colcon.colcon_core.shell:Skip shell extension 'powershell' for command environment: Not usable outside of PowerShell
[0.345s] DEBUG:colcon.colcon_core.shell:Skip shell extension 'dsv' for command environment
[0.348s] INFO:colcon.colcon_ros.task.ament_cmake.build:Building ROS package in '/root/ws_ros2/ZRobot_Next/zrobot_interfaces' with build type 'ament_cmake'
[0.348s] INFO:colcon.colcon_cmake.task.cmake.build:Building CMake package in '/root/ws_ros2/ZRobot_Next/zrobot_interfaces'
[0.348s] INFO:colcon.colcon_core.shell:Skip shell extension 'powershell' for command environment: Not usable outside of PowerShell
[0.348s] DEBUG:colcon.colcon_core.shell:Skip shell extension 'dsv' for command environment
[0.351s] INFO:colcon.colcon_ros.task.ament_cmake.build:Building ROS package in '/root/ws_ros2/ZRobot_Next/zrobot_obstacle_avoidance' with build type 'ament_cmake'
[0.351s] INFO:colcon.colcon_cmake.task.cmake.build:Building CMake package in '/root/ws_ros2/ZRobot_Next/zrobot_obstacle_avoidance'
[0.352s] INFO:colcon.colcon_core.shell:Skip shell extension 'powershell' for command environment: Not usable outside of PowerShell
[0.352s] DEBUG:colcon.colcon_core.shell:Skip shell extension 'dsv' for command environment
[0.364s] DEBUG:colcon.colcon_core.event_handler.log_command:Invoking command in '/root/ws_ros2/ZRobot_Next/build/zrobot_control': CMAKE_PREFIX_PATH=/opt/ros/jazzy /usr/bin/cmake --build /root/ws_ros2/ZRobot_Next/build/zrobot_control -- -j8 -l8
[0.368s] DEBUG:colcon.colcon_core.event_handler.log_command:Invoking command in '/root/ws_ros2/ZRobot_Next/build/zrobot_perception': CMAKE_PREFIX_PATH=/opt/ros/jazzy /usr/bin/cmake --build /root/ws_ros2/ZRobot_Next/build/zrobot_perception -- -j8 -l8
[0.374s] DEBUG:colcon.colcon_core.event_handler.log_command:Invoking command in '/root/ws_ros2/ZRobot_Next/build/ldlidar_stl_ros2': CMAKE_PREFIX_PATH=/opt/ros/jazzy /usr/bin/cmake --build /root/ws_ros2/ZRobot_Next/build/ldlidar_stl_ros2 -- -j8 -l8
[0.381s] DEBUG:colcon.colcon_core.event_handler.log_command:Invoking command in '/root/ws_ros2/ZRobot_Next/build/web_interface': CMAKE_PREFIX_PATH=/opt/ros/jazzy /usr/bin/cmake --build /root/ws_ros2/ZRobot_Next/build/web_interface -- -j8 -l8
[0.388s] DEBUG:colcon.colcon_core.event_handler.log_command:Invoking command in '/root/ws_ros2/ZRobot_Next/build/zrobot_interfaces': CMAKE_PREFIX_PATH=/opt/ros/jazzy /usr/bin/cmake --build /root/ws_ros2/ZRobot_Next/build/zrobot_interfaces -- -j8 -l8
[0.396s] DEBUG:colcon.colcon_core.event_handler.log_command:Invoking command in '/root/ws_ros2/ZRobot_Next/build/zrobot_obstacle_avoidance': CMAKE_PREFIX_PATH=/opt/ros/jazzy /usr/bin/cmake --build /root/ws_ros2/ZRobot_Next/build/zrobot_obstacle_avoidance -- -j8 -l8
[0.503s] DEBUG:colcon.colcon_core.event_handler.log_command:Invoked command in '/root/ws_ros2/ZRobot_Next/build/web_interface' returned '0': CMAKE_PREFIX_PATH=/opt/ros/jazzy /usr/bin/cmake --build /root/ws_ros2/ZRobot_Next/build/web_interface -- -j8 -l8
[0.522s] DEBUG:colcon.colcon_core.event_handler.log_command:Invoking command in '/root/ws_ros2/ZRobot_Next/build/web_interface': CMAKE_PREFIX_PATH=/opt/ros/jazzy /usr/bin/cmake --install /root/ws_ros2/ZRobot_Next/build/web_interface
[0.531s] DEBUG:colcon.colcon_core.event_handler.log_command:Invoked command in '/root/ws_ros2/ZRobot_Next/build/zrobot_obstacle_avoidance' returned '0': CMAKE_PREFIX_PATH=/opt/ros/jazzy /usr/bin/cmake --build /root/ws_ros2/ZRobot_Next/build/zrobot_obstacle_avoidance -- -j8 -l8
[0.533s] DEBUG:colcon.colcon_core.event_handler.log_command:Invoking command in '/root/ws_ros2/ZRobot_Next/build/zrobot_obstacle_avoidance': CMAKE_PREFIX_PATH=/opt/ros/jazzy /usr/bin/cmake --install /root/ws_ros2/ZRobot_Next/build/zrobot_obstacle_avoidance
[0.535s] DEBUG:colcon.colcon_core.event_handler.log_command:Invoked command in '/root/ws_ros2/ZRobot_Next/build/zrobot_control' returned '0': CMAKE_PREFIX_PATH=/opt/ros/jazzy /usr/bin/cmake --build /root/ws_ros2/ZRobot_Next/build/zrobot_control -- -j8 -l8
[0.536s] DEBUG:colcon.colcon_core.event_handler.log_command:Invoking command in '/root/ws_ros2/ZRobot_Next/build/zrobot_control': CMAKE_PREFIX_PATH=/opt/ros/jazzy /usr/bin/cmake --install /root/ws_ros2/ZRobot_Next/build/zrobot_control
[0.537s] Level 1:colcon.colcon_core.environment:create_environment_scripts_only(web_interface)
[0.540s] Level 1:colcon.colcon_core.environment:checking '/root/ws_ros2/ZRobot_Next/install/web_interface' for CMake module files
[0.542s] DEBUG:colcon.colcon_core.event_handler.log_command:Invoked command in '/root/ws_ros2/ZRobot_Next/build/web_interface' returned '0': CMAKE_PREFIX_PATH=/opt/ros/jazzy /usr/bin/cmake --install /root/ws_ros2/ZRobot_Next/build/web_interface
[0.543s] Level 1:colcon.colcon_core.environment:checking '/root/ws_ros2/ZRobot_Next/install/web_interface' for CMake config files
[0.543s] Level 1:colcon.colcon_core.shell:create_environment_hook('web_interface', 'cmake_prefix_path')
[0.543s] INFO:colcon.colcon_core.shell:Creating environment hook '/root/ws_ros2/ZRobot_Next/install/web_interface/share/web_interface/hook/cmake_prefix_path.ps1'
[0.544s] INFO:colcon.colcon_core.shell:Creating environment descriptor '/root/ws_ros2/ZRobot_Next/install/web_interface/share/web_interface/hook/cmake_prefix_path.dsv'
[0.545s] INFO:colcon.colcon_core.shell:Creating environment hook '/root/ws_ros2/ZRobot_Next/install/web_interface/share/web_interface/hook/cmake_prefix_path.sh'
[0.546s] Level 1:colcon.colcon_core.environment:checking '/root/ws_ros2/ZRobot_Next/install/web_interface/lib'
[0.547s] Level 1:colcon.colcon_core.environment:checking '/root/ws_ros2/ZRobot_Next/install/web_interface/bin'
[0.547s] Level 1:colcon.colcon_core.environment:checking '/root/ws_ros2/ZRobot_Next/install/web_interface/lib/pkgconfig/web_interface.pc'
[0.548s] Level 1:colcon.colcon_core.environment:checking '/root/ws_ros2/ZRobot_Next/install/web_interface/lib/python3.12/site-packages'
[0.549s] Level 1:colcon.colcon_core.environment:checking '/root/ws_ros2/ZRobot_Next/install/web_interface/bin'
[0.549s] INFO:colcon.colcon_core.shell:Creating package script '/root/ws_ros2/ZRobot_Next/install/web_interface/share/web_interface/package.ps1'
[0.550s] INFO:colcon.colcon_core.shell:Creating package descriptor '/root/ws_ros2/ZRobot_Next/install/web_interface/share/web_interface/package.dsv'
[0.551s] INFO:colcon.colcon_core.shell:Creating package script '/root/ws_ros2/ZRobot_Next/install/web_interface/share/web_interface/package.sh'
[0.552s] INFO:colcon.colcon_core.shell:Creating package script '/root/ws_ros2/ZRobot_Next/install/web_interface/share/web_interface/package.bash'
[0.553s] INFO:colcon.colcon_core.shell:Creating package script '/root/ws_ros2/ZRobot_Next/install/web_interface/share/web_interface/package.zsh'
[0.554s] Level 1:colcon.colcon_core.environment:create_file_with_runtime_dependencies(/root/ws_ros2/ZRobot_Next/install/web_interface/share/colcon-core/packages/web_interface)
[0.554s] Level 1:colcon.colcon_core.environment:create_environment_scripts_only(web_interface)
[0.555s] Level 1:colcon.colcon_core.environment:checking '/root/ws_ros2/ZRobot_Next/install/web_interface' for CMake module files
[0.555s] Level 1:colcon.colcon_core.environment:checking '/root/ws_ros2/ZRobot_Next/install/web_interface' for CMake config files
[0.556s] Level 1:colcon.colcon_core.shell:create_environment_hook('web_interface', 'cmake_prefix_path')
[0.556s] INFO:colcon.colcon_core.shell:Creating environment hook '/root/ws_ros2/ZRobot_Next/install/web_interface/share/web_interface/hook/cmake_prefix_path.ps1'
[0.557s] INFO:colcon.colcon_core.shell:Creating environment descriptor '/root/ws_ros2/ZRobot_Next/install/web_interface/share/web_interface/hook/cmake_prefix_path.dsv'
[0.558s] INFO:colcon.colcon_core.shell:Creating environment hook '/root/ws_ros2/ZRobot_Next/install/web_interface/share/web_interface/hook/cmake_prefix_path.sh'
[0.559s] Level 1:colcon.colcon_core.environment:checking '/root/ws_ros2/ZRobot_Next/install/web_interface/lib'
[0.559s] Level 1:colcon.colcon_core.environment:checking '/root/ws_ros2/ZRobot_Next/install/web_interface/bin'
[0.559s] Level 1:colcon.colcon_core.environment:checking '/root/ws_ros2/ZRobot_Next/install/web_interface/lib/pkgconfig/web_interface.pc'
[0.559s] Level 1:colcon.colcon_core.environment:checking '/root/ws_ros2/ZRobot_Next/install/web_interface/lib/python3.12/site-packages'
[0.560s] Level 1:colcon.colcon_core.environment:checking '/root/ws_ros2/ZRobot_Next/install/web_interface/bin'
[0.560s] INFO:colcon.colcon_core.shell:Creating package script '/root/ws_ros2/ZRobot_Next/install/web_interface/share/web_interface/package.ps1'
[0.561s] INFO:colcon.colcon_core.shell:Creating package descriptor '/root/ws_ros2/ZRobot_Next/install/web_interface/share/web_interface/package.dsv'
[0.562s] INFO:colcon.colcon_core.shell:Creating package script '/root/ws_ros2/ZRobot_Next/install/web_interface/share/web_interface/package.sh'
[0.562s] INFO:colcon.colcon_core.shell:Creating package script '/root/ws_ros2/ZRobot_Next/install/web_interface/share/web_interface/package.bash'
[0.563s] INFO:colcon.colcon_core.shell:Creating package script '/root/ws_ros2/ZRobot_Next/install/web_interface/share/web_interface/package.zsh'
[0.566s] Level 1:colcon.colcon_core.environment:create_file_with_runtime_dependencies(/root/ws_ros2/ZRobot_Next/install/web_interface/share/colcon-core/packages/web_interface)
[0.568s] Level 1:colcon.colcon_core.environment:create_environment_scripts_only(zrobot_control)
[0.568s] Level 1:colcon.colcon_core.environment:checking '/root/ws_ros2/ZRobot_Next/install/zrobot_control' for CMake module files
[0.570s] Level 1:colcon.colcon_core.environment:checking '/root/ws_ros2/ZRobot_Next/install/zrobot_control' for CMake config files
[0.572s] Level 1:colcon.colcon_core.shell:create_environment_hook('zrobot_control', 'cmake_prefix_path')
[0.572s] INFO:colcon.colcon_core.shell:Creating environment hook '/root/ws_ros2/ZRobot_Next/install/zrobot_control/share/zrobot_control/hook/cmake_prefix_path.ps1'
[0.573s] INFO:colcon.colcon_core.shell:Creating environment descriptor '/root/ws_ros2/ZRobot_Next/install/zrobot_control/share/zrobot_control/hook/cmake_prefix_path.dsv'
[0.574s] INFO:colcon.colcon_core.shell:Creating environment hook '/root/ws_ros2/ZRobot_Next/install/zrobot_control/share/zrobot_control/hook/cmake_prefix_path.sh'
[0.575s] DEBUG:colcon.colcon_core.event_handler.log_command:Invoked command in '/root/ws_ros2/ZRobot_Next/build/zrobot_control' returned '0': CMAKE_PREFIX_PATH=/opt/ros/jazzy /usr/bin/cmake --install /root/ws_ros2/ZRobot_Next/build/zrobot_control
[0.576s] Level 1:colcon.colcon_core.environment:checking '/root/ws_ros2/ZRobot_Next/install/zrobot_control/lib'
[0.576s] Level 1:colcon.colcon_core.environment:checking '/root/ws_ros2/ZRobot_Next/install/zrobot_control/bin'
[0.576s] Level 1:colcon.colcon_core.environment:checking '/root/ws_ros2/ZRobot_Next/install/zrobot_control/lib/pkgconfig/zrobot_control.pc'
[0.577s] Level 1:colcon.colcon_core.environment:checking '/root/ws_ros2/ZRobot_Next/install/zrobot_control/lib/python3.12/site-packages'
[0.577s] Level 1:colcon.colcon_core.environment:checking '/root/ws_ros2/ZRobot_Next/install/zrobot_control/bin'
[0.578s] INFO:colcon.colcon_core.shell:Creating package script '/root/ws_ros2/ZRobot_Next/install/zrobot_control/share/zrobot_control/package.ps1'
[0.578s] INFO:colcon.colcon_core.shell:Creating package descriptor '/root/ws_ros2/ZRobot_Next/install/zrobot_control/share/zrobot_control/package.dsv'
[0.579s] INFO:colcon.colcon_core.shell:Creating package script '/root/ws_ros2/ZRobot_Next/install/zrobot_control/share/zrobot_control/package.sh'
[0.580s] INFO:colcon.colcon_core.shell:Creating package script '/root/ws_ros2/ZRobot_Next/install/zrobot_control/share/zrobot_control/package.bash'
[0.580s] INFO:colcon.colcon_core.shell:Creating package script '/root/ws_ros2/ZRobot_Next/install/zrobot_control/share/zrobot_control/package.zsh'
[0.581s] Level 1:colcon.colcon_core.environment:create_file_with_runtime_dependencies(/root/ws_ros2/ZRobot_Next/install/zrobot_control/share/colcon-core/packages/zrobot_control)
[0.582s] Level 1:colcon.colcon_core.environment:create_environment_scripts_only(zrobot_control)
[0.582s] Level 1:colcon.colcon_core.environment:checking '/root/ws_ros2/ZRobot_Next/install/zrobot_control' for CMake module files
[0.582s] Level 1:colcon.colcon_core.environment:checking '/root/ws_ros2/ZRobot_Next/install/zrobot_control' for CMake config files
[0.583s] Level 1:colcon.colcon_core.shell:create_environment_hook('zrobot_control', 'cmake_prefix_path')
[0.583s] INFO:colcon.colcon_core.shell:Creating environment hook '/root/ws_ros2/ZRobot_Next/install/zrobot_control/share/zrobot_control/hook/cmake_prefix_path.ps1'
[0.584s] INFO:colcon.colcon_core.shell:Creating environment descriptor '/root/ws_ros2/ZRobot_Next/install/zrobot_control/share/zrobot_control/hook/cmake_prefix_path.dsv'
[0.584s] INFO:colcon.colcon_core.shell:Creating environment hook '/root/ws_ros2/ZRobot_Next/install/zrobot_control/share/zrobot_control/hook/cmake_prefix_path.sh'
[0.585s] Level 1:colcon.colcon_core.environment:checking '/root/ws_ros2/ZRobot_Next/install/zrobot_control/lib'
[0.585s] Level 1:colcon.colcon_core.environment:checking '/root/ws_ros2/ZRobot_Next/install/zrobot_control/bin'
[0.585s] Level 1:colcon.colcon_core.environment:checking '/root/ws_ros2/ZRobot_Next/install/zrobot_control/lib/pkgconfig/zrobot_control.pc'
[0.586s] Level 1:colcon.colcon_core.environment:checking '/root/ws_ros2/ZRobot_Next/install/zrobot_control/lib/python3.12/site-packages'
[0.586s] Level 1:colcon.colcon_core.environment:checking '/root/ws_ros2/ZRobot_Next/install/zrobot_control/bin'
[0.587s] INFO:colcon.colcon_core.shell:Creating package script '/root/ws_ros2/ZRobot_Next/install/zrobot_control/share/zrobot_control/package.ps1'
[0.587s] INFO:colcon.colcon_core.shell:Creating package descriptor '/root/ws_ros2/ZRobot_Next/install/zrobot_control/share/zrobot_control/package.dsv'
[0.588s] INFO:colcon.colcon_core.shell:Creating package script '/root/ws_ros2/ZRobot_Next/install/zrobot_control/share/zrobot_control/package.sh'
[0.589s] INFO:colcon.colcon_core.shell:Creating package script '/root/ws_ros2/ZRobot_Next/install/zrobot_control/share/zrobot_control/package.bash'
[0.589s] INFO:colcon.colcon_core.shell:Creating package script '/root/ws_ros2/ZRobot_Next/install/zrobot_control/share/zrobot_control/package.zsh'
[0.590s] Level 1:colcon.colcon_core.environment:create_file_with_runtime_dependencies(/root/ws_ros2/ZRobot_Next/install/zrobot_control/share/colcon-core/packages/zrobot_control)
[0.592s] DEBUG:colcon.colcon_core.event_handler.log_command:Invoked command in '/root/ws_ros2/ZRobot_Next/build/ldlidar_stl_ros2' returned '0': CMAKE_PREFIX_PATH=/opt/ros/jazzy /usr/bin/cmake --build /root/ws_ros2/ZRobot_Next/build/ldlidar_stl_ros2 -- -j8 -l8
[0.592s] DEBUG:colcon.colcon_core.event_handler.log_command:Invoking command in '/root/ws_ros2/ZRobot_Next/build/ldlidar_stl_ros2': CMAKE_PREFIX_PATH=/opt/ros/jazzy /usr/bin/cmake --install /root/ws_ros2/ZRobot_Next/build/ldlidar_stl_ros2
[0.593s] Level 1:colcon.colcon_core.environment:create_environment_scripts_only(zrobot_obstacle_avoidance)
[0.593s] Level 1:colcon.colcon_core.environment:checking '/root/ws_ros2/ZRobot_Next/install/zrobot_obstacle_avoidance' for CMake module files
[0.594s] DEBUG:colcon.colcon_core.event_handler.log_command:Invoked command in '/root/ws_ros2/ZRobot_Next/build/zrobot_obstacle_avoidance' returned '0': CMAKE_PREFIX_PATH=/opt/ros/jazzy /usr/bin/cmake --install /root/ws_ros2/ZRobot_Next/build/zrobot_obstacle_avoidance
[0.594s] Level 1:colcon.colcon_core.environment:checking '/root/ws_ros2/ZRobot_Next/install/zrobot_obstacle_avoidance' for CMake config files
[0.594s] Level 1:colcon.colcon_core.shell:create_environment_hook('zrobot_obstacle_avoidance', 'cmake_prefix_path')
[0.595s] INFO:colcon.colcon_core.shell:Creating environment hook '/root/ws_ros2/ZRobot_Next/install/zrobot_obstacle_avoidance/share/zrobot_obstacle_avoidance/hook/cmake_prefix_path.ps1'
[0.595s] INFO:colcon.colcon_core.shell:Creating environment descriptor '/root/ws_ros2/ZRobot_Next/install/zrobot_obstacle_avoidance/share/zrobot_obstacle_avoidance/hook/cmake_prefix_path.dsv'
[0.596s] INFO:colcon.colcon_core.shell:Creating environment hook '/root/ws_ros2/ZRobot_Next/install/zrobot_obstacle_avoidance/share/zrobot_obstacle_avoidance/hook/cmake_prefix_path.sh'
[0.597s] Level 1:colcon.colcon_core.environment:checking '/root/ws_ros2/ZRobot_Next/install/zrobot_obstacle_avoidance/lib'
[0.597s] Level 1:colcon.colcon_core.environment:checking '/root/ws_ros2/ZRobot_Next/install/zrobot_obstacle_avoidance/bin'
[0.597s] Level 1:colcon.colcon_core.environment:checking '/root/ws_ros2/ZRobot_Next/install/zrobot_obstacle_avoidance/lib/pkgconfig/zrobot_obstacle_avoidance.pc'
[0.597s] Level 1:colcon.colcon_core.environment:checking '/root/ws_ros2/ZRobot_Next/install/zrobot_obstacle_avoidance/lib/python3.12/site-packages'
[0.598s] Level 1:colcon.colcon_core.environment:checking '/root/ws_ros2/ZRobot_Next/install/zrobot_obstacle_avoidance/bin'
[0.598s] INFO:colcon.colcon_core.shell:Creating package script '/root/ws_ros2/ZRobot_Next/install/zrobot_obstacle_avoidance/share/zrobot_obstacle_avoidance/package.ps1'
[0.599s] INFO:colcon.colcon_core.shell:Creating package descriptor '/root/ws_ros2/ZRobot_Next/install/zrobot_obstacle_avoidance/share/zrobot_obstacle_avoidance/package.dsv'
[0.600s] INFO:colcon.colcon_core.shell:Creating package script '/root/ws_ros2/ZRobot_Next/install/zrobot_obstacle_avoidance/share/zrobot_obstacle_avoidance/package.sh'
[0.600s] INFO:colcon.colcon_core.shell:Creating package script '/root/ws_ros2/ZRobot_Next/install/zrobot_obstacle_avoidance/share/zrobot_obstacle_avoidance/package.bash'
[0.601s] INFO:colcon.colcon_core.shell:Creating package script '/root/ws_ros2/ZRobot_Next/install/zrobot_obstacle_avoidance/share/zrobot_obstacle_avoidance/package.zsh'
[0.601s] Level 1:colcon.colcon_core.environment:create_file_with_runtime_dependencies(/root/ws_ros2/ZRobot_Next/install/zrobot_obstacle_avoidance/share/colcon-core/packages/zrobot_obstacle_avoidance)
[0.602s] Level 1:colcon.colcon_core.environment:create_environment_scripts_only(zrobot_obstacle_avoidance)
[0.603s] Level 1:colcon.colcon_core.environment:checking '/root/ws_ros2/ZRobot_Next/install/zrobot_obstacle_avoidance' for CMake module files
[0.603s] Level 1:colcon.colcon_core.environment:checking '/root/ws_ros2/ZRobot_Next/install/zrobot_obstacle_avoidance' for CMake config files
[0.604s] Level 1:colcon.colcon_core.shell:create_environment_hook('zrobot_obstacle_avoidance', 'cmake_prefix_path')
[0.604s] INFO:colcon.colcon_core.shell:Creating environment hook '/root/ws_ros2/ZRobot_Next/install/zrobot_obstacle_avoidance/share/zrobot_obstacle_avoidance/hook/cmake_prefix_path.ps1'
[0.605s] INFO:colcon.colcon_core.shell:Creating environment descriptor '/root/ws_ros2/ZRobot_Next/install/zrobot_obstacle_avoidance/share/zrobot_obstacle_avoidance/hook/cmake_prefix_path.dsv'
[0.606s] INFO:colcon.colcon_core.shell:Creating environment hook '/root/ws_ros2/ZRobot_Next/install/zrobot_obstacle_avoidance/share/zrobot_obstacle_avoidance/hook/cmake_prefix_path.sh'
[0.607s] Level 1:colcon.colcon_core.environment:checking '/root/ws_ros2/ZRobot_Next/install/zrobot_obstacle_avoidance/lib'
[0.607s] Level 1:colcon.colcon_core.environment:checking '/root/ws_ros2/ZRobot_Next/install/zrobot_obstacle_avoidance/bin'
[0.607s] Level 1:colcon.colcon_core.environment:checking '/root/ws_ros2/ZRobot_Next/install/zrobot_obstacle_avoidance/lib/pkgconfig/zrobot_obstacle_avoidance.pc'
[0.607s] Level 1:colcon.colcon_core.environment:checking '/root/ws_ros2/ZRobot_Next/install/zrobot_obstacle_avoidance/lib/python3.12/site-packages'
[0.608s] Level 1:colcon.colcon_core.environment:checking '/root/ws_ros2/ZRobot_Next/install/zrobot_obstacle_avoidance/bin'
[0.608s] INFO:colcon.colcon_core.shell:Creating package script '/root/ws_ros2/ZRobot_Next/install/zrobot_obstacle_avoidance/share/zrobot_obstacle_avoidance/package.ps1'
[0.609s] INFO:colcon.colcon_core.shell:Creating package descriptor '/root/ws_ros2/ZRobot_Next/install/zrobot_obstacle_avoidance/share/zrobot_obstacle_avoidance/package.dsv'
[0.610s] INFO:colcon.colcon_core.shell:Creating package script '/root/ws_ros2/ZRobot_Next/install/zrobot_obstacle_avoidance/share/zrobot_obstacle_avoidance/package.sh'
[0.611s] INFO:colcon.colcon_core.shell:Creating package script '/root/ws_ros2/ZRobot_Next/install/zrobot_obstacle_avoidance/share/zrobot_obstacle_avoidance/package.bash'
[0.612s] INFO:colcon.colcon_core.shell:Creating package script '/root/ws_ros2/ZRobot_Next/install/zrobot_obstacle_avoidance/share/zrobot_obstacle_avoidance/package.zsh'
[0.612s] Level 1:colcon.colcon_core.environment:create_file_with_runtime_dependencies(/root/ws_ros2/ZRobot_Next/install/zrobot_obstacle_avoidance/share/colcon-core/packages/zrobot_obstacle_avoidance)
[0.614s] Level 1:colcon.colcon_core.environment:create_environment_scripts_only(ldlidar_stl_ros2)
[0.614s] Level 1:colcon.colcon_core.environment:checking '/root/ws_ros2/ZRobot_Next/install/ldlidar_stl_ros2' for CMake module files
[0.616s] Level 1:colcon.colcon_core.environment:checking '/root/ws_ros2/ZRobot_Next/install/ldlidar_stl_ros2' for CMake config files
[0.618s] Level 1:colcon.colcon_core.shell:create_environment_hook('ldlidar_stl_ros2', 'cmake_prefix_path')
[0.618s] INFO:colcon.colcon_core.shell:Creating environment hook '/root/ws_ros2/ZRobot_Next/install/ldlidar_stl_ros2/share/ldlidar_stl_ros2/hook/cmake_prefix_path.ps1'
[0.619s] DEBUG:colcon.colcon_core.event_handler.log_command:Invoked command in '/root/ws_ros2/ZRobot_Next/build/ldlidar_stl_ros2' returned '0': CMAKE_PREFIX_PATH=/opt/ros/jazzy /usr/bin/cmake --install /root/ws_ros2/ZRobot_Next/build/ldlidar_stl_ros2
[0.620s] INFO:colcon.colcon_core.shell:Creating environment descriptor '/root/ws_ros2/ZRobot_Next/install/ldlidar_stl_ros2/share/ldlidar_stl_ros2/hook/cmake_prefix_path.dsv'
[0.621s] INFO:colcon.colcon_core.shell:Creating environment hook '/root/ws_ros2/ZRobot_Next/install/ldlidar_stl_ros2/share/ldlidar_stl_ros2/hook/cmake_prefix_path.sh'
[0.622s] Level 1:colcon.colcon_core.environment:checking '/root/ws_ros2/ZRobot_Next/install/ldlidar_stl_ros2/lib'
[0.622s] Level 1:colcon.colcon_core.environment:checking '/root/ws_ros2/ZRobot_Next/install/ldlidar_stl_ros2/bin'
[0.622s] Level 1:colcon.colcon_core.environment:checking '/root/ws_ros2/ZRobot_Next/install/ldlidar_stl_ros2/lib/pkgconfig/ldlidar_stl_ros2.pc'
[0.622s] Level 1:colcon.colcon_core.environment:checking '/root/ws_ros2/ZRobot_Next/install/ldlidar_stl_ros2/lib/python3.12/site-packages'
[0.623s] Level 1:colcon.colcon_core.environment:checking '/root/ws_ros2/ZRobot_Next/install/ldlidar_stl_ros2/bin'
[0.623s] INFO:colcon.colcon_core.shell:Creating package script '/root/ws_ros2/ZRobot_Next/install/ldlidar_stl_ros2/share/ldlidar_stl_ros2/package.ps1'
[0.624s] INFO:colcon.colcon_core.shell:Creating package descriptor '/root/ws_ros2/ZRobot_Next/install/ldlidar_stl_ros2/share/ldlidar_stl_ros2/package.dsv'
[0.625s] INFO:colcon.colcon_core.shell:Creating package script '/root/ws_ros2/ZRobot_Next/install/ldlidar_stl_ros2/share/ldlidar_stl_ros2/package.sh'
[0.626s] INFO:colcon.colcon_core.shell:Creating package script '/root/ws_ros2/ZRobot_Next/install/ldlidar_stl_ros2/share/ldlidar_stl_ros2/package.bash'
[0.626s] INFO:colcon.colcon_core.shell:Creating package script '/root/ws_ros2/ZRobot_Next/install/ldlidar_stl_ros2/share/ldlidar_stl_ros2/package.zsh'
[0.627s] Level 1:colcon.colcon_core.environment:create_file_with_runtime_dependencies(/root/ws_ros2/ZRobot_Next/install/ldlidar_stl_ros2/share/colcon-core/packages/ldlidar_stl_ros2)
[0.628s] Level 1:colcon.colcon_core.environment:create_environment_scripts_only(ldlidar_stl_ros2)
[0.628s] Level 1:colcon.colcon_core.environment:checking '/root/ws_ros2/ZRobot_Next/install/ldlidar_stl_ros2' for CMake module files
[0.629s] Level 1:colcon.colcon_core.environment:checking '/root/ws_ros2/ZRobot_Next/install/ldlidar_stl_ros2' for CMake config files
[0.629s] Level 1:colcon.colcon_core.shell:create_environment_hook('ldlidar_stl_ros2', 'cmake_prefix_path')
[0.630s] INFO:colcon.colcon_core.shell:Creating environment hook '/root/ws_ros2/ZRobot_Next/install/ldlidar_stl_ros2/share/ldlidar_stl_ros2/hook/cmake_prefix_path.ps1'
[0.630s] INFO:colcon.colcon_core.shell:Creating environment descriptor '/root/ws_ros2/ZRobot_Next/install/ldlidar_stl_ros2/share/ldlidar_stl_ros2/hook/cmake_prefix_path.dsv'
[0.631s] INFO:colcon.colcon_core.shell:Creating environment hook '/root/ws_ros2/ZRobot_Next/install/ldlidar_stl_ros2/share/ldlidar_stl_ros2/hook/cmake_prefix_path.sh'
[0.632s] Level 1:colcon.colcon_core.environment:checking '/root/ws_ros2/ZRobot_Next/install/ldlidar_stl_ros2/lib'
[0.632s] Level 1:colcon.colcon_core.environment:checking '/root/ws_ros2/ZRobot_Next/install/ldlidar_stl_ros2/bin'
[0.632s] Level 1:colcon.colcon_core.environment:checking '/root/ws_ros2/ZRobot_Next/install/ldlidar_stl_ros2/lib/pkgconfig/ldlidar_stl_ros2.pc'
[0.633s] Level 1:colcon.colcon_core.environment:checking '/root/ws_ros2/ZRobot_Next/install/ldlidar_stl_ros2/lib/python3.12/site-packages'
[0.633s] Level 1:colcon.colcon_core.environment:checking '/root/ws_ros2/ZRobot_Next/install/ldlidar_stl_ros2/bin'
[0.634s] INFO:colcon.colcon_core.shell:Creating package script '/root/ws_ros2/ZRobot_Next/install/ldlidar_stl_ros2/share/ldlidar_stl_ros2/package.ps1'
[0.634s] INFO:colcon.colcon_core.shell:Creating package descriptor '/root/ws_ros2/ZRobot_Next/install/ldlidar_stl_ros2/share/ldlidar_stl_ros2/package.dsv'
[0.635s] INFO:colcon.colcon_core.shell:Creating package script '/root/ws_ros2/ZRobot_Next/install/ldlidar_stl_ros2/share/ldlidar_stl_ros2/package.sh'
[0.636s] INFO:colcon.colcon_core.shell:Creating package script '/root/ws_ros2/ZRobot_Next/install/ldlidar_stl_ros2/share/ldlidar_stl_ros2/package.bash'
[0.637s] INFO:colcon.colcon_core.shell:Creating package script '/root/ws_ros2/ZRobot_Next/install/ldlidar_stl_ros2/share/ldlidar_stl_ros2/package.zsh'
[0.637s] Level 1:colcon.colcon_core.environment:create_file_with_runtime_dependencies(/root/ws_ros2/ZRobot_Next/install/ldlidar_stl_ros2/share/colcon-core/packages/ldlidar_stl_ros2)
[1.078s] DEBUG:colcon.colcon_core.event_handler.log_command:Invoked command in '/root/ws_ros2/ZRobot_Next/build/zrobot_interfaces' returned '0': CMAKE_PREFIX_PATH=/opt/ros/jazzy /usr/bin/cmake --build /root/ws_ros2/ZRobot_Next/build/zrobot_interfaces -- -j8 -l8
[1.080s] DEBUG:colcon.colcon_core.event_handler.log_command:Invoking command in '/root/ws_ros2/ZRobot_Next/build/zrobot_interfaces': CMAKE_PREFIX_PATH=/opt/ros/jazzy /usr/bin/cmake --install /root/ws_ros2/ZRobot_Next/build/zrobot_interfaces
[1.084s] DEBUG:colcon.colcon_core.event_handler.log_command:Invoked command in '/root/ws_ros2/ZRobot_Next/build/zrobot_perception' returned '0': CMAKE_PREFIX_PATH=/opt/ros/jazzy /usr/bin/cmake --build /root/ws_ros2/ZRobot_Next/build/zrobot_perception -- -j8 -l8
[1.086s] DEBUG:colcon.colcon_core.event_handler.log_command:Invoking command in '/root/ws_ros2/ZRobot_Next/build/zrobot_perception': CMAKE_PREFIX_PATH=/opt/ros/jazzy /usr/bin/cmake --install /root/ws_ros2/ZRobot_Next/build/zrobot_perception
[1.197s] Level 1:colcon.colcon_core.environment:create_environment_scripts_only(zrobot_perception)
[1.198s] Level 1:colcon.colcon_core.environment:checking '/root/ws_ros2/ZRobot_Next/install/zrobot_perception' for CMake module files
[1.204s] Level 1:colcon.colcon_core.environment:checking '/root/ws_ros2/ZRobot_Next/install/zrobot_perception' for CMake config files
[1.207s] Level 1:colcon.colcon_core.shell:create_environment_hook('zrobot_perception', 'cmake_prefix_path')
[1.207s] INFO:colcon.colcon_core.shell:Creating environment hook '/root/ws_ros2/ZRobot_Next/install/zrobot_perception/share/zrobot_perception/hook/cmake_prefix_path.ps1'
[1.209s] INFO:colcon.colcon_core.shell:Creating environment descriptor '/root/ws_ros2/ZRobot_Next/install/zrobot_perception/share/zrobot_perception/hook/cmake_prefix_path.dsv'
[1.211s] INFO:colcon.colcon_core.shell:Creating environment hook '/root/ws_ros2/ZRobot_Next/install/zrobot_perception/share/zrobot_perception/hook/cmake_prefix_path.sh'
[1.213s] Level 1:colcon.colcon_core.environment:checking '/root/ws_ros2/ZRobot_Next/install/zrobot_perception/lib'
[1.213s] Level 1:colcon.colcon_core.environment:checking '/root/ws_ros2/ZRobot_Next/install/zrobot_perception/bin'
[1.214s] Level 1:colcon.colcon_core.environment:checking '/root/ws_ros2/ZRobot_Next/install/zrobot_perception/lib/pkgconfig/zrobot_perception.pc'
[1.214s] DEBUG:colcon.colcon_core.event_handler.log_command:Invoked command in '/root/ws_ros2/ZRobot_Next/build/zrobot_perception' returned '0': CMAKE_PREFIX_PATH=/opt/ros/jazzy /usr/bin/cmake --install /root/ws_ros2/ZRobot_Next/build/zrobot_perception
[1.214s] Level 1:colcon.colcon_core.environment:checking '/root/ws_ros2/ZRobot_Next/install/zrobot_perception/lib/python3.12/site-packages'
[1.214s] Level 1:colcon.colcon_core.shell:create_environment_hook('zrobot_perception', 'pythonpath')
[1.215s] INFO:colcon.colcon_core.shell:Creating environment hook '/root/ws_ros2/ZRobot_Next/install/zrobot_perception/share/zrobot_perception/hook/pythonpath.ps1'
[1.215s] INFO:colcon.colcon_core.shell:Creating environment descriptor '/root/ws_ros2/ZRobot_Next/install/zrobot_perception/share/zrobot_perception/hook/pythonpath.dsv'
[1.216s] INFO:colcon.colcon_core.shell:Creating environment hook '/root/ws_ros2/ZRobot_Next/install/zrobot_perception/share/zrobot_perception/hook/pythonpath.sh'
[1.217s] Level 1:colcon.colcon_core.environment:checking '/root/ws_ros2/ZRobot_Next/install/zrobot_perception/bin'
[1.217s] INFO:colcon.colcon_core.shell:Creating package script '/root/ws_ros2/ZRobot_Next/install/zrobot_perception/share/zrobot_perception/package.ps1'
[1.218s] INFO:colcon.colcon_core.shell:Creating package descriptor '/root/ws_ros2/ZRobot_Next/install/zrobot_perception/share/zrobot_perception/package.dsv'
[1.219s] INFO:colcon.colcon_core.shell:Creating package script '/root/ws_ros2/ZRobot_Next/install/zrobot_perception/share/zrobot_perception/package.sh'
[1.219s] INFO:colcon.colcon_core.shell:Creating package script '/root/ws_ros2/ZRobot_Next/install/zrobot_perception/share/zrobot_perception/package.bash'
[1.219s] INFO:colcon.colcon_core.shell:Creating package script '/root/ws_ros2/ZRobot_Next/install/zrobot_perception/share/zrobot_perception/package.zsh'
[1.220s] Level 1:colcon.colcon_core.environment:create_file_with_runtime_dependencies(/root/ws_ros2/ZRobot_Next/install/zrobot_perception/share/colcon-core/packages/zrobot_perception)
[1.221s] Level 1:colcon.colcon_core.environment:create_environment_scripts_only(zrobot_perception)
[1.221s] Level 1:colcon.colcon_core.environment:checking '/root/ws_ros2/ZRobot_Next/install/zrobot_perception' for CMake module files
[1.221s] Level 1:colcon.colcon_core.environment:checking '/root/ws_ros2/ZRobot_Next/install/zrobot_perception' for CMake config files
[1.222s] Level 1:colcon.colcon_core.shell:create_environment_hook('zrobot_perception', 'cmake_prefix_path')
[1.222s] INFO:colcon.colcon_core.shell:Creating environment hook '/root/ws_ros2/ZRobot_Next/install/zrobot_perception/share/zrobot_perception/hook/cmake_prefix_path.ps1'
[1.223s] INFO:colcon.colcon_core.shell:Creating environment descriptor '/root/ws_ros2/ZRobot_Next/install/zrobot_perception/share/zrobot_perception/hook/cmake_prefix_path.dsv'
[1.223s] INFO:colcon.colcon_core.shell:Creating environment hook '/root/ws_ros2/ZRobot_Next/install/zrobot_perception/share/zrobot_perception/hook/cmake_prefix_path.sh'
[1.224s] Level 1:colcon.colcon_core.environment:checking '/root/ws_ros2/ZRobot_Next/install/zrobot_perception/lib'
[1.224s] Level 1:colcon.colcon_core.environment:checking '/root/ws_ros2/ZRobot_Next/install/zrobot_perception/bin'
[1.224s] Level 1:colcon.colcon_core.environment:checking '/root/ws_ros2/ZRobot_Next/install/zrobot_perception/lib/pkgconfig/zrobot_perception.pc'
[1.224s] Level 1:colcon.colcon_core.environment:checking '/root/ws_ros2/ZRobot_Next/install/zrobot_perception/lib/python3.12/site-packages'
[1.224s] Level 1:colcon.colcon_core.shell:create_environment_hook('zrobot_perception', 'pythonpath')
[1.225s] INFO:colcon.colcon_core.shell:Creating environment hook '/root/ws_ros2/ZRobot_Next/install/zrobot_perception/share/zrobot_perception/hook/pythonpath.ps1'
[1.225s] INFO:colcon.colcon_core.shell:Creating environment descriptor '/root/ws_ros2/ZRobot_Next/install/zrobot_perception/share/zrobot_perception/hook/pythonpath.dsv'
[1.225s] INFO:colcon.colcon_core.shell:Creating environment hook '/root/ws_ros2/ZRobot_Next/install/zrobot_perception/share/zrobot_perception/hook/pythonpath.sh'
[1.227s] Level 1:colcon.colcon_core.environment:checking '/root/ws_ros2/ZRobot_Next/install/zrobot_perception/bin'
[1.227s] INFO:colcon.colcon_core.shell:Creating package script '/root/ws_ros2/ZRobot_Next/install/zrobot_perception/share/zrobot_perception/package.ps1'
[1.228s] INFO:colcon.colcon_core.shell:Creating package descriptor '/root/ws_ros2/ZRobot_Next/install/zrobot_perception/share/zrobot_perception/package.dsv'
[1.228s] INFO:colcon.colcon_core.shell:Creating package script '/root/ws_ros2/ZRobot_Next/install/zrobot_perception/share/zrobot_perception/package.sh'
[1.229s] INFO:colcon.colcon_core.shell:Creating package script '/root/ws_ros2/ZRobot_Next/install/zrobot_perception/share/zrobot_perception/package.bash'
[1.229s] INFO:colcon.colcon_core.shell:Creating package script '/root/ws_ros2/ZRobot_Next/install/zrobot_perception/share/zrobot_perception/package.zsh'
[1.230s] Level 1:colcon.colcon_core.environment:create_file_with_runtime_dependencies(/root/ws_ros2/ZRobot_Next/install/zrobot_perception/share/colcon-core/packages/zrobot_perception)
[1.231s] INFO:colcon.colcon_ros.task.ament_cmake.build:Building ROS package in '/root/ws_ros2/ZRobot_Next/zrobot_bringup' with build type 'ament_cmake'
[1.231s] INFO:colcon.colcon_cmake.task.cmake.build:Building CMake package in '/root/ws_ros2/ZRobot_Next/zrobot_bringup'
[1.231s] INFO:colcon.colcon_core.shell:Skip shell extension 'powershell' for command environment: Not usable outside of PowerShell
[1.231s] DEBUG:colcon.colcon_core.shell:Skip shell extension 'dsv' for command environment
[1.235s] Level 1:colcon.colcon_core.environment:create_environment_scripts_only(zrobot_interfaces)
[1.236s] Level 1:colcon.colcon_core.environment:checking '/root/ws_ros2/ZRobot_Next/install/zrobot_interfaces' for CMake module files
[1.239s] Level 1:colcon.colcon_core.environment:checking '/root/ws_ros2/ZRobot_Next/install/zrobot_interfaces' for CMake config files
[1.243s] Level 1:colcon.colcon_core.shell:create_environment_hook('zrobot_interfaces', 'cmake_prefix_path')
[1.243s] INFO:colcon.colcon_core.shell:Creating environment hook '/root/ws_ros2/ZRobot_Next/install/zrobot_interfaces/share/zrobot_interfaces/hook/cmake_prefix_path.ps1'
[1.245s] INFO:colcon.colcon_core.shell:Creating environment descriptor '/root/ws_ros2/ZRobot_Next/install/zrobot_interfaces/share/zrobot_interfaces/hook/cmake_prefix_path.dsv'
[1.246s] INFO:colcon.colcon_core.shell:Creating environment hook '/root/ws_ros2/ZRobot_Next/install/zrobot_interfaces/share/zrobot_interfaces/hook/cmake_prefix_path.sh'
[1.247s] DEBUG:colcon.colcon_core.event_handler.log_command:Invoked command in '/root/ws_ros2/ZRobot_Next/build/zrobot_interfaces' returned '0': CMAKE_PREFIX_PATH=/opt/ros/jazzy /usr/bin/cmake --install /root/ws_ros2/ZRobot_Next/build/zrobot_interfaces
[1.248s] Level 1:colcon.colcon_core.environment:checking '/root/ws_ros2/ZRobot_Next/install/zrobot_interfaces/lib'
[1.248s] Level 1:colcon.colcon_core.shell:create_environment_hook('zrobot_interfaces', 'ld_library_path_lib')
[1.248s] INFO:colcon.colcon_core.shell:Creating environment hook '/root/ws_ros2/ZRobot_Next/install/zrobot_interfaces/share/zrobot_interfaces/hook/ld_library_path_lib.ps1'
[1.249s] INFO:colcon.colcon_core.shell:Creating environment descriptor '/root/ws_ros2/ZRobot_Next/install/zrobot_interfaces/share/zrobot_interfaces/hook/ld_library_path_lib.dsv'
[1.249s] INFO:colcon.colcon_core.shell:Creating environment hook '/root/ws_ros2/ZRobot_Next/install/zrobot_interfaces/share/zrobot_interfaces/hook/ld_library_path_lib.sh'
[1.250s] Level 1:colcon.colcon_core.environment:checking '/root/ws_ros2/ZRobot_Next/install/zrobot_interfaces/bin'
[1.250s] Level 1:colcon.colcon_core.environment:checking '/root/ws_ros2/ZRobot_Next/install/zrobot_interfaces/lib/pkgconfig/zrobot_interfaces.pc'
[1.250s] Level 1:colcon.colcon_core.environment:checking '/root/ws_ros2/ZRobot_Next/install/zrobot_interfaces/lib/python3.12/site-packages'
[1.250s] Level 1:colcon.colcon_core.shell:create_environment_hook('zrobot_interfaces', 'pythonpath')
[1.251s] INFO:colcon.colcon_core.shell:Creating environment hook '/root/ws_ros2/ZRobot_Next/install/zrobot_interfaces/share/zrobot_interfaces/hook/pythonpath.ps1'
[1.251s] INFO:colcon.colcon_core.shell:Creating environment descriptor '/root/ws_ros2/ZRobot_Next/install/zrobot_interfaces/share/zrobot_interfaces/hook/pythonpath.dsv'
[1.252s] INFO:colcon.colcon_core.shell:Creating environment hook '/root/ws_ros2/ZRobot_Next/install/zrobot_interfaces/share/zrobot_interfaces/hook/pythonpath.sh'
[1.253s] Level 1:colcon.colcon_core.environment:checking '/root/ws_ros2/ZRobot_Next/install/zrobot_interfaces/bin'
[1.254s] INFO:colcon.colcon_core.shell:Creating package script '/root/ws_ros2/ZRobot_Next/install/zrobot_interfaces/share/zrobot_interfaces/package.ps1'
[1.255s] INFO:colcon.colcon_core.shell:Creating package descriptor '/root/ws_ros2/ZRobot_Next/install/zrobot_interfaces/share/zrobot_interfaces/package.dsv'
[1.255s] INFO:colcon.colcon_core.shell:Creating package script '/root/ws_ros2/ZRobot_Next/install/zrobot_interfaces/share/zrobot_interfaces/package.sh'
[1.256s] INFO:colcon.colcon_core.shell:Creating package script '/root/ws_ros2/ZRobot_Next/install/zrobot_interfaces/share/zrobot_interfaces/package.bash'
[1.257s] INFO:colcon.colcon_core.shell:Creating package script '/root/ws_ros2/ZRobot_Next/install/zrobot_interfaces/share/zrobot_interfaces/package.zsh'
[1.257s] Level 1:colcon.colcon_core.environment:create_file_with_runtime_dependencies(/root/ws_ros2/ZRobot_Next/install/zrobot_interfaces/share/colcon-core/packages/zrobot_interfaces)
[1.258s] Level 1:colcon.colcon_core.environment:create_environment_scripts_only(zrobot_interfaces)
[1.258s] Level 1:colcon.colcon_core.environment:checking '/root/ws_ros2/ZRobot_Next/install/zrobot_interfaces' for CMake module files
[1.259s] Level 1:colcon.colcon_core.environment:checking '/root/ws_ros2/ZRobot_Next/install/zrobot_interfaces' for CMake config files
[1.260s] Level 1:colcon.colcon_core.shell:create_environment_hook('zrobot_interfaces', 'cmake_prefix_path')
[1.260s] INFO:colcon.colcon_core.shell:Creating environment hook '/root/ws_ros2/ZRobot_Next/install/zrobot_interfaces/share/zrobot_interfaces/hook/cmake_prefix_path.ps1'
[1.261s] INFO:colcon.colcon_core.shell:Creating environment descriptor '/root/ws_ros2/ZRobot_Next/install/zrobot_interfaces/share/zrobot_interfaces/hook/cmake_prefix_path.dsv'
[1.261s] INFO:colcon.colcon_core.shell:Creating environment hook '/root/ws_ros2/ZRobot_Next/install/zrobot_interfaces/share/zrobot_interfaces/hook/cmake_prefix_path.sh'
[1.262s] Level 1:colcon.colcon_core.environment:checking '/root/ws_ros2/ZRobot_Next/install/zrobot_interfaces/lib'
[1.262s] Level 1:colcon.colcon_core.shell:create_environment_hook('zrobot_interfaces', 'ld_library_path_lib')
[1.263s] INFO:colcon.colcon_core.shell:Creating environment hook '/root/ws_ros2/ZRobot_Next/install/zrobot_interfaces/share/zrobot_interfaces/hook/ld_library_path_lib.ps1'
[1.263s] INFO:colcon.colcon_core.shell:Creating environment descriptor '/root/ws_ros2/ZRobot_Next/install/zrobot_interfaces/share/zrobot_interfaces/hook/ld_library_path_lib.dsv'
[1.264s] INFO:colcon.colcon_core.shell:Creating environment hook '/root/ws_ros2/ZRobot_Next/install/zrobot_interfaces/share/zrobot_interfaces/hook/ld_library_path_lib.sh'
[1.264s] Level 1:colcon.colcon_core.environment:checking '/root/ws_ros2/ZRobot_Next/install/zrobot_interfaces/bin'
[1.264s] Level 1:colcon.colcon_core.environment:checking '/root/ws_ros2/ZRobot_Next/install/zrobot_interfaces/lib/pkgconfig/zrobot_interfaces.pc'
[1.265s] Level 1:colcon.colcon_core.environment:checking '/root/ws_ros2/ZRobot_Next/install/zrobot_interfaces/lib/python3.12/site-packages'
[1.265s] Level 1:colcon.colcon_core.shell:create_environment_hook('zrobot_interfaces', 'pythonpath')
[1.265s] INFO:colcon.colcon_core.shell:Creating environment hook '/root/ws_ros2/ZRobot_Next/install/zrobot_interfaces/share/zrobot_interfaces/hook/pythonpath.ps1'
[1.266s] INFO:colcon.colcon_core.shell:Creating environment descriptor '/root/ws_ros2/ZRobot_Next/install/zrobot_interfaces/share/zrobot_interfaces/hook/pythonpath.dsv'
[1.266s] INFO:colcon.colcon_core.shell:Creating environment hook '/root/ws_ros2/ZRobot_Next/install/zrobot_interfaces/share/zrobot_interfaces/hook/pythonpath.sh'
[1.267s] Level 1:colcon.colcon_core.environment:checking '/root/ws_ros2/ZRobot_Next/install/zrobot_interfaces/bin'
[1.267s] INFO:colcon.colcon_core.shell:Creating package script '/root/ws_ros2/ZRobot_Next/install/zrobot_interfaces/share/zrobot_interfaces/package.ps1'
[1.268s] INFO:colcon.colcon_core.shell:Creating package descriptor '/root/ws_ros2/ZRobot_Next/install/zrobot_interfaces/share/zrobot_interfaces/package.dsv'
[1.273s] INFO:colcon.colcon_core.shell:Creating package script '/root/ws_ros2/ZRobot_Next/install/zrobot_interfaces/share/zrobot_interfaces/package.sh'
[1.274s] INFO:colcon.colcon_core.shell:Creating package script '/root/ws_ros2/ZRobot_Next/install/zrobot_interfaces/share/zrobot_interfaces/package.bash'
[1.275s] INFO:colcon.colcon_core.shell:Creating package script '/root/ws_ros2/ZRobot_Next/install/zrobot_interfaces/share/zrobot_interfaces/package.zsh'
[1.283s] Level 1:colcon.colcon_core.environment:create_file_with_runtime_dependencies(/root/ws_ros2/ZRobot_Next/install/zrobot_interfaces/share/colcon-core/packages/zrobot_interfaces)
[1.287s] DEBUG:colcon.colcon_core.event_handler.log_command:Invoking command in '/root/ws_ros2/ZRobot_Next/build/zrobot_bringup': AMENT_PREFIX_PATH=/root/ws_ros2/ZRobot_Next/install/zrobot_perception:/root/ws_ros2/ZRobot_Next/install/zrobot_control:${AMENT_PREFIX_PATH} CMAKE_PREFIX_PATH=/root/ws_ros2/ZRobot_Next/install/zrobot_perception:/root/ws_ros2/ZRobot_Next/install/zrobot_control:/opt/ros/jazzy PYTHONPATH=/root/ws_ros2/ZRobot_Next/install/zrobot_perception/lib/python3.12/site-packages:${PYTHONPATH} /usr/bin/cmake --build /root/ws_ros2/ZRobot_Next/build/zrobot_bringup -- -j8 -l8
[1.401s] DEBUG:colcon.colcon_core.event_handler.log_command:Invoked command in '/root/ws_ros2/ZRobot_Next/build/zrobot_bringup' returned '0': AMENT_PREFIX_PATH=/root/ws_ros2/ZRobot_Next/install/zrobot_perception:/root/ws_ros2/ZRobot_Next/install/zrobot_control:${AMENT_PREFIX_PATH} CMAKE_PREFIX_PATH=/root/ws_ros2/ZRobot_Next/install/zrobot_perception:/root/ws_ros2/ZRobot_Next/install/zrobot_control:/opt/ros/jazzy PYTHONPATH=/root/ws_ros2/ZRobot_Next/install/zrobot_perception/lib/python3.12/site-packages:${PYTHONPATH} /usr/bin/cmake --build /root/ws_ros2/ZRobot_Next/build/zrobot_bringup -- -j8 -l8
[1.403s] DEBUG:colcon.colcon_core.event_handler.log_command:Invoking command in '/root/ws_ros2/ZRobot_Next/build/zrobot_bringup': AMENT_PREFIX_PATH=/root/ws_ros2/ZRobot_Next/install/zrobot_perception:/root/ws_ros2/ZRobot_Next/install/zrobot_control:${AMENT_PREFIX_PATH} CMAKE_PREFIX_PATH=/root/ws_ros2/ZRobot_Next/install/zrobot_perception:/root/ws_ros2/ZRobot_Next/install/zrobot_control:/opt/ros/jazzy PYTHONPATH=/root/ws_ros2/ZRobot_Next/install/zrobot_perception/lib/python3.12/site-packages:${PYTHONPATH} /usr/bin/cmake --install /root/ws_ros2/ZRobot_Next/build/zrobot_bringup
[1.435s] Level 1:colcon.colcon_core.environment:create_environment_scripts_only(zrobot_bringup)
[1.435s] Level 1:colcon.colcon_core.environment:checking '/root/ws_ros2/ZRobot_Next/install/zrobot_bringup' for CMake module files
[1.437s] Level 1:colcon.colcon_core.environment:checking '/root/ws_ros2/ZRobot_Next/install/zrobot_bringup' for CMake config files
[1.438s] DEBUG:colcon.colcon_core.event_handler.log_command:Invoked command in '/root/ws_ros2/ZRobot_Next/build/zrobot_bringup' returned '0': AMENT_PREFIX_PATH=/root/ws_ros2/ZRobot_Next/install/zrobot_perception:/root/ws_ros2/ZRobot_Next/install/zrobot_control:${AMENT_PREFIX_PATH} CMAKE_PREFIX_PATH=/root/ws_ros2/ZRobot_Next/install/zrobot_perception:/root/ws_ros2/ZRobot_Next/install/zrobot_control:/opt/ros/jazzy PYTHONPATH=/root/ws_ros2/ZRobot_Next/install/zrobot_perception/lib/python3.12/site-packages:${PYTHONPATH} /usr/bin/cmake --install /root/ws_ros2/ZRobot_Next/build/zrobot_bringup
[1.438s] Level 1:colcon.colcon_core.shell:create_environment_hook('zrobot_bringup', 'cmake_prefix_path')
[1.438s] INFO:colcon.colcon_core.shell:Creating environment hook '/root/ws_ros2/ZRobot_Next/install/zrobot_bringup/share/zrobot_bringup/hook/cmake_prefix_path.ps1'
[1.439s] INFO:colcon.colcon_core.shell:Creating environment descriptor '/root/ws_ros2/ZRobot_Next/install/zrobot_bringup/share/zrobot_bringup/hook/cmake_prefix_path.dsv'
[1.440s] INFO:colcon.colcon_core.shell:Creating environment hook '/root/ws_ros2/ZRobot_Next/install/zrobot_bringup/share/zrobot_bringup/hook/cmake_prefix_path.sh'
[1.441s] Level 1:colcon.colcon_core.environment:checking '/root/ws_ros2/ZRobot_Next/install/zrobot_bringup/lib'
[1.441s] Level 1:colcon.colcon_core.environment:checking '/root/ws_ros2/ZRobot_Next/install/zrobot_bringup/bin'
[1.441s] Level 1:colcon.colcon_core.environment:checking '/root/ws_ros2/ZRobot_Next/install/zrobot_bringup/lib/pkgconfig/zrobot_bringup.pc'
[1.442s] Level 1:colcon.colcon_core.environment:checking '/root/ws_ros2/ZRobot_Next/install/zrobot_bringup/lib/python3.12/site-packages'
[1.442s] Level 1:colcon.colcon_core.environment:checking '/root/ws_ros2/ZRobot_Next/install/zrobot_bringup/bin'
[1.442s] INFO:colcon.colcon_core.shell:Creating package script '/root/ws_ros2/ZRobot_Next/install/zrobot_bringup/share/zrobot_bringup/package.ps1'
[1.443s] INFO:colcon.colcon_core.shell:Creating package descriptor '/root/ws_ros2/ZRobot_Next/install/zrobot_bringup/share/zrobot_bringup/package.dsv'
[1.444s] INFO:colcon.colcon_core.shell:Creating package script '/root/ws_ros2/ZRobot_Next/install/zrobot_bringup/share/zrobot_bringup/package.sh'
[1.444s] INFO:colcon.colcon_core.shell:Creating package script '/root/ws_ros2/ZRobot_Next/install/zrobot_bringup/share/zrobot_bringup/package.bash'
[1.445s] INFO:colcon.colcon_core.shell:Creating package script '/root/ws_ros2/ZRobot_Next/install/zrobot_bringup/share/zrobot_bringup/package.zsh'
[1.445s] Level 1:colcon.colcon_core.environment:create_file_with_runtime_dependencies(/root/ws_ros2/ZRobot_Next/install/zrobot_bringup/share/colcon-core/packages/zrobot_bringup)
[1.446s] Level 1:colcon.colcon_core.environment:create_environment_scripts_only(zrobot_bringup)
[1.446s] Level 1:colcon.colcon_core.environment:checking '/root/ws_ros2/ZRobot_Next/install/zrobot_bringup' for CMake module files
[1.447s] Level 1:colcon.colcon_core.environment:checking '/root/ws_ros2/ZRobot_Next/install/zrobot_bringup' for CMake config files
[1.447s] Level 1:colcon.colcon_core.shell:create_environment_hook('zrobot_bringup', 'cmake_prefix_path')
[1.447s] INFO:colcon.colcon_core.shell:Creating environment hook '/root/ws_ros2/ZRobot_Next/install/zrobot_bringup/share/zrobot_bringup/hook/cmake_prefix_path.ps1'
[1.448s] INFO:colcon.colcon_core.shell:Creating environment descriptor '/root/ws_ros2/ZRobot_Next/install/zrobot_bringup/share/zrobot_bringup/hook/cmake_prefix_path.dsv'
[1.448s] INFO:colcon.colcon_core.shell:Creating environment hook '/root/ws_ros2/ZRobot_Next/install/zrobot_bringup/share/zrobot_bringup/hook/cmake_prefix_path.sh'
[1.449s] Level 1:colcon.colcon_core.environment:checking '/root/ws_ros2/ZRobot_Next/install/zrobot_bringup/lib'
[1.449s] Level 1:colcon.colcon_core.environment:checking '/root/ws_ros2/ZRobot_Next/install/zrobot_bringup/bin'
[1.449s] Level 1:colcon.colcon_core.environment:checking '/root/ws_ros2/ZRobot_Next/install/zrobot_bringup/lib/pkgconfig/zrobot_bringup.pc'
[1.450s] Level 1:colcon.colcon_core.environment:checking '/root/ws_ros2/ZRobot_Next/install/zrobot_bringup/lib/python3.12/site-packages'
[1.450s] Level 1:colcon.colcon_core.environment:checking '/root/ws_ros2/ZRobot_Next/install/zrobot_bringup/bin'
[1.451s] INFO:colcon.colcon_core.shell:Creating package script '/root/ws_ros2/ZRobot_Next/install/zrobot_bringup/share/zrobot_bringup/package.ps1'
[1.451s] INFO:colcon.colcon_core.shell:Creating package descriptor '/root/ws_ros2/ZRobot_Next/install/zrobot_bringup/share/zrobot_bringup/package.dsv'
[1.452s] INFO:colcon.colcon_core.shell:Creating package script '/root/ws_ros2/ZRobot_Next/install/zrobot_bringup/share/zrobot_bringup/package.sh'
[1.453s] INFO:colcon.colcon_core.shell:Creating package script '/root/ws_ros2/ZRobot_Next/install/zrobot_bringup/share/zrobot_bringup/package.bash'
[1.453s] INFO:colcon.colcon_core.shell:Creating package script '/root/ws_ros2/ZRobot_Next/install/zrobot_bringup/share/zrobot_bringup/package.zsh'
[1.454s] Level 1:colcon.colcon_core.environment:create_file_with_runtime_dependencies(/root/ws_ros2/ZRobot_Next/install/zrobot_bringup/share/colcon-core/packages/zrobot_bringup)
[1.454s] DEBUG:colcon.colcon_parallel_executor.executor.parallel:closing loop
[1.455s] DEBUG:colcon.colcon_parallel_executor.executor.parallel:loop closed
[1.455s] DEBUG:colcon.colcon_parallel_executor.executor.parallel:run_until_complete finished with '0'
[1.455s] DEBUG:colcon.colcon_core.event_reactor:joining thread
[1.466s] INFO:colcon.colcon_core.plugin_system:Skipping extension 'colcon_notification.desktop_notification.notify_send': Could not find 'notify-send'
[1.466s] INFO:colcon.colcon_core.plugin_system:Skipping extension 'colcon_notification.desktop_notification.terminal_notifier': Not used on non-Darwin systems
[1.466s] INFO:colcon.colcon_core.plugin_system:Skipping extension 'colcon_notification.desktop_notification.win32': Not used on non-Windows systems
[1.467s] INFO:colcon.colcon_notification.desktop_notification:Sending desktop notification using 'notify2'
[1.467s] DEBUG:colcon.colcon_notification.desktop_notification.notify2:Failed to initialize notify2: org.freedesktop.DBus.Error.NotSupported: Unable to autolaunch a dbus-daemon without a $DISPLAY for X11
[1.467s] DEBUG:colcon.colcon_core.event_reactor:joined thread
[1.467s] INFO:colcon.colcon_core.shell:Creating prefix script '/root/ws_ros2/ZRobot_Next/install/local_setup.ps1'
[1.469s] INFO:colcon.colcon_core.shell:Creating prefix util module '/root/ws_ros2/ZRobot_Next/install/_local_setup_util_ps1.py'
[1.471s] INFO:colcon.colcon_core.shell:Creating prefix chain script '/root/ws_ros2/ZRobot_Next/install/setup.ps1'
[1.473s] INFO:colcon.colcon_core.shell:Creating prefix script '/root/ws_ros2/ZRobot_Next/install/local_setup.sh'
[1.473s] INFO:colcon.colcon_core.shell:Creating prefix util module '/root/ws_ros2/ZRobot_Next/install/_local_setup_util_sh.py'
[1.474s] INFO:colcon.colcon_core.shell:Creating prefix chain script '/root/ws_ros2/ZRobot_Next/install/setup.sh'
[1.476s] INFO:colcon.colcon_core.shell:Creating prefix script '/root/ws_ros2/ZRobot_Next/install/local_setup.bash'
[1.476s] INFO:colcon.colcon_core.shell:Creating prefix chain script '/root/ws_ros2/ZRobot_Next/install/setup.bash'
[1.477s] INFO:colcon.colcon_core.shell:Creating prefix script '/root/ws_ros2/ZRobot_Next/install/local_setup.zsh'
[1.478s] INFO:colcon.colcon_core.shell:Creating prefix chain script '/root/ws_ros2/ZRobot_Next/install/setup.zsh'
