[0.045s] Invoking command in '/root/ws_ros2/ZRobot_Next/build/zrobot_control': CMAKE_PREFIX_PATH=/opt/ros/jazzy /usr/bin/cmake --build /root/ws_ros2/ZRobot_Next/build/zrobot_control -- -j8 -l8
[0.185s] [ 33%] Building CXX object CMakeFiles/motor_controller_node.dir/src/motor_controller_node.cpp.o
[21.347s] [ 66%] Linking CXX executable motor_controller_node
[22.358s] [100%] Built target motor_controller_node
[22.393s] Invoked command in '/root/ws_ros2/ZRobot_Next/build/zrobot_control' returned '0': CMAKE_PREFIX_PATH=/opt/ros/jazzy /usr/bin/cmake --build /root/ws_ros2/ZRobot_Next/build/zrobot_control -- -j8 -l8
[22.396s] Invoking command in '/root/ws_ros2/ZRobot_Next/build/zrobot_control': CMAKE_PREFIX_PATH=/opt/ros/jazzy /usr/bin/cmake --install /root/ws_ros2/ZRobot_Next/build/zrobot_control
[22.427s] -- Install configuration: ""
[22.428s] -- Installing: /root/ws_ros2/ZRobot_Next/install/zrobot_control/lib/zrobot_control/motor_controller_node
[22.446s] -- Set non-toolchain portion of runtime path of "/root/ws_ros2/ZRobot_Next/install/zrobot_control/lib/zrobot_control/motor_controller_node" to ""
[22.446s] -- Up-to-date: /root/ws_ros2/ZRobot_Next/install/zrobot_control/share/ament_index/resource_index/package_run_dependencies/zrobot_control
[22.447s] -- Up-to-date: /root/ws_ros2/ZRobot_Next/install/zrobot_control/share/ament_index/resource_index/parent_prefix_path/zrobot_control
[22.447s] -- Up-to-date: /root/ws_ros2/ZRobot_Next/install/zrobot_control/share/zrobot_control/environment/ament_prefix_path.sh
[22.448s] -- Up-to-date: /root/ws_ros2/ZRobot_Next/install/zrobot_control/share/zrobot_control/environment/ament_prefix_path.dsv
[22.448s] -- Up-to-date: /root/ws_ros2/ZRobot_Next/install/zrobot_control/share/zrobot_control/environment/path.sh
[22.449s] -- Up-to-date: /root/ws_ros2/ZRobot_Next/install/zrobot_control/share/zrobot_control/environment/path.dsv
[22.450s] -- Up-to-date: /root/ws_ros2/ZRobot_Next/install/zrobot_control/share/zrobot_control/local_setup.bash
[22.451s] -- Up-to-date: /root/ws_ros2/ZRobot_Next/install/zrobot_control/share/zrobot_control/local_setup.sh
[22.451s] -- Up-to-date: /root/ws_ros2/ZRobot_Next/install/zrobot_control/share/zrobot_control/local_setup.zsh
[22.452s] -- Up-to-date: /root/ws_ros2/ZRobot_Next/install/zrobot_control/share/zrobot_control/local_setup.dsv
[22.453s] -- Installing: /root/ws_ros2/ZRobot_Next/install/zrobot_control/share/zrobot_control/package.dsv
[22.453s] -- Up-to-date: /root/ws_ros2/ZRobot_Next/install/zrobot_control/share/ament_index/resource_index/packages/zrobot_control
[22.454s] -- Up-to-date: /root/ws_ros2/ZRobot_Next/install/zrobot_control/share/zrobot_control/cmake/zrobot_controlConfig.cmake
[22.454s] -- Up-to-date: /root/ws_ros2/ZRobot_Next/install/zrobot_control/share/zrobot_control/cmake/zrobot_controlConfig-version.cmake
[22.455s] -- Up-to-date: /root/ws_ros2/ZRobot_Next/install/zrobot_control/share/zrobot_control/package.xml
[22.455s] Invoked command in '/root/ws_ros2/ZRobot_Next/build/zrobot_control' returned '0': CMAKE_PREFIX_PATH=/opt/ros/jazzy /usr/bin/cmake --install /root/ws_ros2/ZRobot_Next/build/zrobot_control
