[0.026s] Invoking command in '/root/ws_ros2/ZRobot_Next/build/zrobot_perception': CMAKE_PREFIX_PATH=/opt/ros/jazzy /usr/bin/cmake --build /root/ws_ros2/ZRobot_Next/build/zrobot_perception -- -j8 -l8
[0.204s] Built target ament_cmake_python_copy_zrobot_perception_setup
[0.204s] Built target ament_cmake_python_copy_zrobot_perception
[0.561s] running egg_info
[0.584s] writing zrobot_perception.egg-info/PKG-INFO
[0.584s] writing dependency_links to zrobot_perception.egg-info/dependency_links.txt
[0.585s] writing top-level names to zrobot_perception.egg-info/top_level.txt
[0.652s] reading manifest file 'zrobot_perception.egg-info/SOURCES.txt'
[0.653s] writing manifest file 'zrobot_perception.egg-info/SOURCES.txt'
[0.734s] Built target ament_cmake_python_build_zrobot_perception_egg
[0.765s] Invoked command in '/root/ws_ros2/ZRobot_Next/build/zrobot_perception' returned '0': CMAKE_PREFIX_PATH=/opt/ros/jazzy /usr/bin/cmake --build /root/ws_ros2/ZRobot_Next/build/zrobot_perception -- -j8 -l8
[0.767s] Invoking command in '/root/ws_ros2/ZRobot_Next/build/zrobot_perception': CMAKE_PREFIX_PATH=/opt/ros/jazzy /usr/bin/cmake --install /root/ws_ros2/ZRobot_Next/build/zrobot_perception
[0.795s] -- Install configuration: ""
[0.795s] -- Up-to-date: /root/ws_ros2/ZRobot_Next/install/zrobot_perception/share/zrobot_perception/environment/pythonpath.sh
[0.795s] -- Up-to-date: /root/ws_ros2/ZRobot_Next/install/zrobot_perception/share/zrobot_perception/environment/pythonpath.dsv
[0.795s] -- Up-to-date: /root/ws_ros2/ZRobot_Next/install/zrobot_perception/lib/python3.12/site-packages/zrobot_perception-1.0.0-py3.12.egg-info
[0.796s] -- Installing: /root/ws_ros2/ZRobot_Next/install/zrobot_perception/lib/python3.12/site-packages/zrobot_perception-1.0.0-py3.12.egg-info/dependency_links.txt
[0.796s] -- Installing: /root/ws_ros2/ZRobot_Next/install/zrobot_perception/lib/python3.12/site-packages/zrobot_perception-1.0.0-py3.12.egg-info/PKG-INFO
[0.796s] -- Installing: /root/ws_ros2/ZRobot_Next/install/zrobot_perception/lib/python3.12/site-packages/zrobot_perception-1.0.0-py3.12.egg-info/top_level.txt
[0.796s] -- Installing: /root/ws_ros2/ZRobot_Next/install/zrobot_perception/lib/python3.12/site-packages/zrobot_perception-1.0.0-py3.12.egg-info/SOURCES.txt
[0.796s] -- Up-to-date: /root/ws_ros2/ZRobot_Next/install/zrobot_perception/lib/python3.12/site-packages/zrobot_perception
[0.797s] -- Up-to-date: /root/ws_ros2/ZRobot_Next/install/zrobot_perception/lib/python3.12/site-packages/zrobot_perception/yolo_detector_node.py
[0.797s] -- Up-to-date: /root/ws_ros2/ZRobot_Next/install/zrobot_perception/lib/python3.12/site-packages/zrobot_perception/__init__.py
[0.908s] Listing '/root/ws_ros2/ZRobot_Next/install/zrobot_perception/lib/python3.12/site-packages/zrobot_perception'...
[0.909s] -- Up-to-date: /root/ws_ros2/ZRobot_Next/install/zrobot_perception/lib/zrobot_perception/yolo_detector_node
[0.909s] -- Up-to-date: /root/ws_ros2/ZRobot_Next/install/zrobot_perception/share/zrobot_perception/launch
[0.910s] -- Up-to-date: /root/ws_ros2/ZRobot_Next/install/zrobot_perception/share/zrobot_perception/launch/yolo_detector.launch.py
[0.910s] -- Up-to-date: /root/ws_ros2/ZRobot_Next/install/zrobot_perception/share/zrobot_perception/config
[0.911s] -- Up-to-date: /root/ws_ros2/ZRobot_Next/install/zrobot_perception/share/zrobot_perception/config/yolo_detector.yaml
[0.912s] -- Up-to-date: /root/ws_ros2/ZRobot_Next/install/zrobot_perception/share/zrobot_perception/resource
[0.913s] -- Up-to-date: /root/ws_ros2/ZRobot_Next/install/zrobot_perception/share/zrobot_perception/resource/zrobot_perception
[0.914s] -- Up-to-date: /root/ws_ros2/ZRobot_Next/install/zrobot_perception/share/ament_index/resource_index/package_run_dependencies/zrobot_perception
[0.915s] -- Up-to-date: /root/ws_ros2/ZRobot_Next/install/zrobot_perception/share/ament_index/resource_index/parent_prefix_path/zrobot_perception
[0.916s] -- Up-to-date: /root/ws_ros2/ZRobot_Next/install/zrobot_perception/share/zrobot_perception/environment/ament_prefix_path.sh
[0.918s] -- Up-to-date: /root/ws_ros2/ZRobot_Next/install/zrobot_perception/share/zrobot_perception/environment/ament_prefix_path.dsv
[0.919s] -- Up-to-date: /root/ws_ros2/ZRobot_Next/install/zrobot_perception/share/zrobot_perception/environment/path.sh
[0.919s] -- Up-to-date: /root/ws_ros2/ZRobot_Next/install/zrobot_perception/share/zrobot_perception/environment/path.dsv
[0.920s] -- Up-to-date: /root/ws_ros2/ZRobot_Next/install/zrobot_perception/share/zrobot_perception/local_setup.bash
[0.922s] -- Up-to-date: /root/ws_ros2/ZRobot_Next/install/zrobot_perception/share/zrobot_perception/local_setup.sh
[0.923s] -- Up-to-date: /root/ws_ros2/ZRobot_Next/install/zrobot_perception/share/zrobot_perception/local_setup.zsh
[0.925s] -- Up-to-date: /root/ws_ros2/ZRobot_Next/install/zrobot_perception/share/zrobot_perception/local_setup.dsv
[0.926s] -- Installing: /root/ws_ros2/ZRobot_Next/install/zrobot_perception/share/zrobot_perception/package.dsv
[0.927s] -- Up-to-date: /root/ws_ros2/ZRobot_Next/install/zrobot_perception/share/ament_index/resource_index/packages/zrobot_perception
[0.928s] -- Up-to-date: /root/ws_ros2/ZRobot_Next/install/zrobot_perception/share/zrobot_perception/cmake/zrobot_perceptionConfig.cmake
[0.928s] -- Up-to-date: /root/ws_ros2/ZRobot_Next/install/zrobot_perception/share/zrobot_perception/cmake/zrobot_perceptionConfig-version.cmake
[0.929s] -- Up-to-date: /root/ws_ros2/ZRobot_Next/install/zrobot_perception/share/zrobot_perception/package.xml
[0.930s] Invoked command in '/root/ws_ros2/ZRobot_Next/build/zrobot_perception' returned '0': CMAKE_PREFIX_PATH=/opt/ros/jazzy /usr/bin/cmake --install /root/ws_ros2/ZRobot_Next/build/zrobot_perception
