[0.166s] DEBUG:colcon:Command line arguments: ['/usr/bin/colcon', 'build']
[0.166s] DEBUG:colcon:Parsed command line arguments: Namespace(log_base=None, log_level=None, verb_name='build', build_base='build', install_base='install', merge_install=False, symlink_install=False, test_result_base=None, continue_on_error=False, executor='parallel', parallel_workers=8, event_handlers=None, ignore_user_meta=False, metas=['./colcon.meta'], base_paths=['.'], packages_ignore=None, packages_ignore_regex=None, paths=None, packages_up_to=None, packages_up_to_regex=None, packages_above=None, packages_above_and_dependencies=None, packages_above_depth=None, packages_select_by_dep=None, packages_skip_by_dep=None, packages_skip_up_to=None, packages_select_build_failed=False, packages_skip_build_finished=False, packages_select_test_failures=False, packages_skip_test_passed=False, packages_select=None, packages_skip=None, packages_select_regex=None, packages_skip_regex=None, packages_start=None, packages_end=None, cmake_args=None, cmake_target=None, cmake_target_skip_unavailable=False, cmake_clean_cache=False, cmake_clean_first=False, cmake_force_configure=False, ament_cmake_args=None, catkin_cmake_args=None, catkin_skip_building_tests=False, mixin_files=None, mixin=None, verb_parser=<colcon_mixin.mixin.mixin_argument.MixinArgumentDecorator object at 0xffffb4d63110>, verb_extension=<colcon_core.verb.build.BuildVerb object at 0xffffb4f43380>, main=<bound method BuildVerb.main of <colcon_core.verb.build.BuildVerb object at 0xffffb4f43380>>, mixin_verb=('build',))
[0.231s] Level 1:colcon.colcon_core.package_discovery:discover_packages(colcon_meta) check parameters
[0.232s] INFO:colcon.colcon_metadata.package_discovery.colcon_meta:Using configuration from '/root/.colcon/metadata/default/Gazebo.meta'
[0.233s] INFO:colcon.colcon_metadata.package_discovery.colcon_meta:Using configuration from '/root/.colcon/metadata/default/fastdds.meta'
[0.233s] INFO:colcon.colcon_metadata.package_discovery.colcon_meta:Using configuration from '/root/.colcon/metadata/default/fastrtps.meta'
[0.233s] Level 1:colcon.colcon_core.package_discovery:discover_packages(recursive) check parameters
[0.233s] Level 1:colcon.colcon_core.package_discovery:discover_packages(ignore) check parameters
[0.233s] Level 1:colcon.colcon_core.package_discovery:discover_packages(path) check parameters
[0.233s] Level 1:colcon.colcon_core.package_discovery:discover_packages(colcon_meta) discover
[0.234s] Level 1:colcon.colcon_core.package_discovery:discover_packages(recursive) discover
[0.234s] INFO:colcon.colcon_core.package_discovery:Crawling recursively for packages in '/root/ws_ros2/ZRobot_Next'
[0.234s] Level 1:colcon.colcon_core.package_identification:_identify(.) by extensions ['ignore', 'ignore_ament_install']
[0.234s] Level 1:colcon.colcon_core.package_identification:_identify(.) by extension 'ignore'
[0.234s] Level 1:colcon.colcon_core.package_identification:_identify(.) by extension 'ignore_ament_install'
[0.234s] Level 1:colcon.colcon_core.package_identification:_identify(.) by extensions ['colcon_pkg']
[0.234s] Level 1:colcon.colcon_core.package_identification:_identify(.) by extension 'colcon_pkg'
[0.234s] Level 1:colcon.colcon_core.package_identification:_identify(.) by extensions ['colcon_meta']
[0.234s] Level 1:colcon.colcon_core.package_identification:_identify(.) by extension 'colcon_meta'
[0.234s] Level 1:colcon.colcon_core.package_identification:_identify(.) by extensions ['ros']
[0.234s] Level 1:colcon.colcon_core.package_identification:_identify(.) by extension 'ros'
[0.276s] Level 1:colcon.colcon_core.package_identification:_identify(.) by extensions ['cmake', 'python']
[0.276s] Level 1:colcon.colcon_core.package_identification:_identify(.) by extension 'cmake'
[0.276s] Level 1:colcon.colcon_core.package_identification:_identify(.) by extension 'python'
[0.276s] Level 1:colcon.colcon_core.package_identification:_identify(.) by extensions ['python_setup_py']
[0.276s] Level 1:colcon.colcon_core.package_identification:_identify(.) by extension 'python_setup_py'
[0.277s] Level 1:colcon.colcon_core.package_identification:_identify(build) by extensions ['ignore', 'ignore_ament_install']
[0.277s] Level 1:colcon.colcon_core.package_identification:_identify(build) by extension 'ignore'
[0.277s] Level 1:colcon.colcon_core.package_identification:_identify(build) ignored
[0.277s] Level 1:colcon.colcon_core.package_identification:_identify(convert) by extensions ['ignore', 'ignore_ament_install']
[0.277s] Level 1:colcon.colcon_core.package_identification:_identify(convert) by extension 'ignore'
[0.277s] Level 1:colcon.colcon_core.package_identification:_identify(convert) by extension 'ignore_ament_install'
[0.277s] Level 1:colcon.colcon_core.package_identification:_identify(convert) by extensions ['colcon_pkg']
[0.277s] Level 1:colcon.colcon_core.package_identification:_identify(convert) by extension 'colcon_pkg'
[0.278s] Level 1:colcon.colcon_core.package_identification:_identify(convert) by extensions ['colcon_meta']
[0.278s] Level 1:colcon.colcon_core.package_identification:_identify(convert) by extension 'colcon_meta'
[0.278s] Level 1:colcon.colcon_core.package_identification:_identify(convert) by extensions ['ros']
[0.278s] Level 1:colcon.colcon_core.package_identification:_identify(convert) by extension 'ros'
[0.278s] Level 1:colcon.colcon_core.package_identification:_identify(convert) by extensions ['cmake', 'python']
[0.278s] Level 1:colcon.colcon_core.package_identification:_identify(convert) by extension 'cmake'
[0.278s] Level 1:colcon.colcon_core.package_identification:_identify(convert) by extension 'python'
[0.278s] Level 1:colcon.colcon_core.package_identification:_identify(convert) by extensions ['python_setup_py']
[0.278s] Level 1:colcon.colcon_core.package_identification:_identify(convert) by extension 'python_setup_py'
[0.278s] Level 1:colcon.colcon_core.package_identification:_identify(install) by extensions ['ignore', 'ignore_ament_install']
[0.278s] Level 1:colcon.colcon_core.package_identification:_identify(install) by extension 'ignore'
[0.278s] Level 1:colcon.colcon_core.package_identification:_identify(install) ignored
[0.278s] Level 1:colcon.colcon_core.package_identification:_identify(ldlidar_stl_ros2) by extensions ['ignore', 'ignore_ament_install']
[0.278s] Level 1:colcon.colcon_core.package_identification:_identify(ldlidar_stl_ros2) by extension 'ignore'
[0.278s] Level 1:colcon.colcon_core.package_identification:_identify(ldlidar_stl_ros2) by extension 'ignore_ament_install'
[0.279s] Level 1:colcon.colcon_core.package_identification:_identify(ldlidar_stl_ros2) by extensions ['colcon_pkg']
[0.279s] Level 1:colcon.colcon_core.package_identification:_identify(ldlidar_stl_ros2) by extension 'colcon_pkg'
[0.279s] Level 1:colcon.colcon_core.package_identification:_identify(ldlidar_stl_ros2) by extensions ['colcon_meta']
[0.279s] Level 1:colcon.colcon_core.package_identification:_identify(ldlidar_stl_ros2) by extension 'colcon_meta'
[0.279s] Level 1:colcon.colcon_core.package_identification:_identify(ldlidar_stl_ros2) by extensions ['ros']
[0.279s] Level 1:colcon.colcon_core.package_identification:_identify(ldlidar_stl_ros2) by extension 'ros'
[0.285s] DEBUG:colcon.colcon_core.package_identification:Package 'ldlidar_stl_ros2' with type 'ros.ament_cmake' and name 'ldlidar_stl_ros2'
[0.286s] Level 1:colcon.colcon_core.package_identification:_identify(log) by extensions ['ignore', 'ignore_ament_install']
[0.286s] Level 1:colcon.colcon_core.package_identification:_identify(log) by extension 'ignore'
[0.286s] Level 1:colcon.colcon_core.package_identification:_identify(log) ignored
[0.286s] Level 1:colcon.colcon_core.package_identification:_identify(models) by extensions ['ignore', 'ignore_ament_install']
[0.286s] Level 1:colcon.colcon_core.package_identification:_identify(models) by extension 'ignore'
[0.286s] Level 1:colcon.colcon_core.package_identification:_identify(models) by extension 'ignore_ament_install'
[0.286s] Level 1:colcon.colcon_core.package_identification:_identify(models) by extensions ['colcon_pkg']
[0.286s] Level 1:colcon.colcon_core.package_identification:_identify(models) by extension 'colcon_pkg'
[0.286s] Level 1:colcon.colcon_core.package_identification:_identify(models) by extensions ['colcon_meta']
[0.286s] Level 1:colcon.colcon_core.package_identification:_identify(models) by extension 'colcon_meta'
[0.287s] Level 1:colcon.colcon_core.package_identification:_identify(models) by extensions ['ros']
[0.287s] Level 1:colcon.colcon_core.package_identification:_identify(models) by extension 'ros'
[0.287s] Level 1:colcon.colcon_core.package_identification:_identify(models) by extensions ['cmake', 'python']
[0.287s] Level 1:colcon.colcon_core.package_identification:_identify(models) by extension 'cmake'
[0.287s] Level 1:colcon.colcon_core.package_identification:_identify(models) by extension 'python'
[0.287s] Level 1:colcon.colcon_core.package_identification:_identify(models) by extensions ['python_setup_py']
[0.287s] Level 1:colcon.colcon_core.package_identification:_identify(models) by extension 'python_setup_py'
[0.287s] Level 1:colcon.colcon_core.package_identification:_identify(web_interface) by extensions ['ignore', 'ignore_ament_install']
[0.287s] Level 1:colcon.colcon_core.package_identification:_identify(web_interface) by extension 'ignore'
[0.287s] Level 1:colcon.colcon_core.package_identification:_identify(web_interface) by extension 'ignore_ament_install'
[0.287s] Level 1:colcon.colcon_core.package_identification:_identify(web_interface) by extensions ['colcon_pkg']
[0.287s] Level 1:colcon.colcon_core.package_identification:_identify(web_interface) by extension 'colcon_pkg'
[0.287s] Level 1:colcon.colcon_core.package_identification:_identify(web_interface) by extensions ['colcon_meta']
[0.287s] Level 1:colcon.colcon_core.package_identification:_identify(web_interface) by extension 'colcon_meta'
[0.287s] Level 1:colcon.colcon_core.package_identification:_identify(web_interface) by extensions ['ros']
[0.287s] Level 1:colcon.colcon_core.package_identification:_identify(web_interface) by extension 'ros'
[0.289s] DEBUG:colcon.colcon_core.package_identification:Package 'web_interface' with type 'ros.ament_cmake' and name 'web_interface'
[0.289s] Level 1:colcon.colcon_core.package_identification:_identify(zrobot_bringup) by extensions ['ignore', 'ignore_ament_install']
[0.289s] Level 1:colcon.colcon_core.package_identification:_identify(zrobot_bringup) by extension 'ignore'
[0.289s] Level 1:colcon.colcon_core.package_identification:_identify(zrobot_bringup) by extension 'ignore_ament_install'
[0.289s] Level 1:colcon.colcon_core.package_identification:_identify(zrobot_bringup) by extensions ['colcon_pkg']
[0.289s] Level 1:colcon.colcon_core.package_identification:_identify(zrobot_bringup) by extension 'colcon_pkg'
[0.289s] Level 1:colcon.colcon_core.package_identification:_identify(zrobot_bringup) by extensions ['colcon_meta']
[0.289s] Level 1:colcon.colcon_core.package_identification:_identify(zrobot_bringup) by extension 'colcon_meta'
[0.289s] Level 1:colcon.colcon_core.package_identification:_identify(zrobot_bringup) by extensions ['ros']
[0.289s] Level 1:colcon.colcon_core.package_identification:_identify(zrobot_bringup) by extension 'ros'
[0.290s] DEBUG:colcon.colcon_core.package_identification:Package 'zrobot_bringup' with type 'ros.ament_cmake' and name 'zrobot_bringup'
[0.290s] Level 1:colcon.colcon_core.package_identification:_identify(zrobot_control) by extensions ['ignore', 'ignore_ament_install']
[0.290s] Level 1:colcon.colcon_core.package_identification:_identify(zrobot_control) by extension 'ignore'
[0.290s] Level 1:colcon.colcon_core.package_identification:_identify(zrobot_control) by extension 'ignore_ament_install'
[0.290s] Level 1:colcon.colcon_core.package_identification:_identify(zrobot_control) by extensions ['colcon_pkg']
[0.290s] Level 1:colcon.colcon_core.package_identification:_identify(zrobot_control) by extension 'colcon_pkg'
[0.290s] Level 1:colcon.colcon_core.package_identification:_identify(zrobot_control) by extensions ['colcon_meta']
[0.290s] Level 1:colcon.colcon_core.package_identification:_identify(zrobot_control) by extension 'colcon_meta'
[0.290s] Level 1:colcon.colcon_core.package_identification:_identify(zrobot_control) by extensions ['ros']
[0.290s] Level 1:colcon.colcon_core.package_identification:_identify(zrobot_control) by extension 'ros'
[0.291s] DEBUG:colcon.colcon_core.package_identification:Package 'zrobot_control' with type 'ros.ament_cmake' and name 'zrobot_control'
[0.291s] Level 1:colcon.colcon_core.package_identification:_identify(zrobot_interfaces) by extensions ['ignore', 'ignore_ament_install']
[0.291s] Level 1:colcon.colcon_core.package_identification:_identify(zrobot_interfaces) by extension 'ignore'
[0.291s] Level 1:colcon.colcon_core.package_identification:_identify(zrobot_interfaces) by extension 'ignore_ament_install'
[0.291s] Level 1:colcon.colcon_core.package_identification:_identify(zrobot_interfaces) by extensions ['colcon_pkg']
[0.291s] Level 1:colcon.colcon_core.package_identification:_identify(zrobot_interfaces) by extension 'colcon_pkg'
[0.291s] Level 1:colcon.colcon_core.package_identification:_identify(zrobot_interfaces) by extensions ['colcon_meta']
[0.291s] Level 1:colcon.colcon_core.package_identification:_identify(zrobot_interfaces) by extension 'colcon_meta'
[0.291s] Level 1:colcon.colcon_core.package_identification:_identify(zrobot_interfaces) by extensions ['ros']
[0.292s] Level 1:colcon.colcon_core.package_identification:_identify(zrobot_interfaces) by extension 'ros'
[0.292s] DEBUG:colcon.colcon_core.package_identification:Package 'zrobot_interfaces' with type 'ros.ament_cmake' and name 'zrobot_interfaces'
[0.292s] Level 1:colcon.colcon_core.package_identification:_identify(zrobot_obstacle_avoidance) by extensions ['ignore', 'ignore_ament_install']
[0.292s] Level 1:colcon.colcon_core.package_identification:_identify(zrobot_obstacle_avoidance) by extension 'ignore'
[0.292s] Level 1:colcon.colcon_core.package_identification:_identify(zrobot_obstacle_avoidance) by extension 'ignore_ament_install'
[0.292s] Level 1:colcon.colcon_core.package_identification:_identify(zrobot_obstacle_avoidance) by extensions ['colcon_pkg']
[0.292s] Level 1:colcon.colcon_core.package_identification:_identify(zrobot_obstacle_avoidance) by extension 'colcon_pkg'
[0.292s] Level 1:colcon.colcon_core.package_identification:_identify(zrobot_obstacle_avoidance) by extensions ['colcon_meta']
[0.292s] Level 1:colcon.colcon_core.package_identification:_identify(zrobot_obstacle_avoidance) by extension 'colcon_meta'
[0.293s] Level 1:colcon.colcon_core.package_identification:_identify(zrobot_obstacle_avoidance) by extensions ['ros']
[0.293s] Level 1:colcon.colcon_core.package_identification:_identify(zrobot_obstacle_avoidance) by extension 'ros'
[0.293s] DEBUG:colcon.colcon_core.package_identification:Package 'zrobot_obstacle_avoidance' with type 'ros.ament_cmake' and name 'zrobot_obstacle_avoidance'
[0.293s] Level 1:colcon.colcon_core.package_identification:_identify(zrobot_perception) by extensions ['ignore', 'ignore_ament_install']
[0.293s] Level 1:colcon.colcon_core.package_identification:_identify(zrobot_perception) by extension 'ignore'
[0.294s] Level 1:colcon.colcon_core.package_identification:_identify(zrobot_perception) by extension 'ignore_ament_install'
[0.294s] Level 1:colcon.colcon_core.package_identification:_identify(zrobot_perception) by extensions ['colcon_pkg']
[0.294s] Level 1:colcon.colcon_core.package_identification:_identify(zrobot_perception) by extension 'colcon_pkg'
[0.294s] Level 1:colcon.colcon_core.package_identification:_identify(zrobot_perception) by extensions ['colcon_meta']
[0.294s] Level 1:colcon.colcon_core.package_identification:_identify(zrobot_perception) by extension 'colcon_meta'
[0.294s] Level 1:colcon.colcon_core.package_identification:_identify(zrobot_perception) by extensions ['ros']
[0.294s] Level 1:colcon.colcon_core.package_identification:_identify(zrobot_perception) by extension 'ros'
[0.295s] DEBUG:colcon.colcon_core.package_identification:Package 'zrobot_perception' with type 'ros.ament_cmake' and name 'zrobot_perception'
[0.295s] Level 1:colcon.colcon_core.package_discovery:discover_packages(recursive) using defaults
[0.295s] Level 1:colcon.colcon_core.package_discovery:discover_packages(ignore) discover
[0.295s] Level 1:colcon.colcon_core.package_discovery:discover_packages(ignore) using defaults
[0.295s] Level 1:colcon.colcon_core.package_discovery:discover_packages(path) discover
[0.295s] Level 1:colcon.colcon_core.package_discovery:discover_packages(path) using defaults
[0.322s] Level 5:colcon.colcon_core.verb:set package 'ldlidar_stl_ros2' build argument 'cmake_args' from command line to 'None'
[0.322s] Level 5:colcon.colcon_core.verb:set package 'ldlidar_stl_ros2' build argument 'cmake_target' from command line to 'None'
[0.322s] Level 5:colcon.colcon_core.verb:set package 'ldlidar_stl_ros2' build argument 'cmake_target_skip_unavailable' from command line to 'False'
[0.322s] Level 5:colcon.colcon_core.verb:set package 'ldlidar_stl_ros2' build argument 'cmake_clean_cache' from command line to 'False'
[0.322s] Level 5:colcon.colcon_core.verb:set package 'ldlidar_stl_ros2' build argument 'cmake_clean_first' from command line to 'False'
[0.322s] Level 5:colcon.colcon_core.verb:set package 'ldlidar_stl_ros2' build argument 'cmake_force_configure' from command line to 'False'
[0.322s] Level 5:colcon.colcon_core.verb:set package 'ldlidar_stl_ros2' build argument 'ament_cmake_args' from command line to 'None'
[0.322s] Level 5:colcon.colcon_core.verb:set package 'ldlidar_stl_ros2' build argument 'catkin_cmake_args' from command line to 'None'
[0.322s] Level 5:colcon.colcon_core.verb:set package 'ldlidar_stl_ros2' build argument 'catkin_skip_building_tests' from command line to 'False'
[0.322s] DEBUG:colcon.colcon_core.verb:Building package 'ldlidar_stl_ros2' with the following arguments: {'ament_cmake_args': None, 'build_base': '/root/ws_ros2/ZRobot_Next/build/ldlidar_stl_ros2', 'catkin_cmake_args': None, 'catkin_skip_building_tests': False, 'cmake_args': None, 'cmake_clean_cache': False, 'cmake_clean_first': False, 'cmake_force_configure': False, 'cmake_target': None, 'cmake_target_skip_unavailable': False, 'install_base': '/root/ws_ros2/ZRobot_Next/install/ldlidar_stl_ros2', 'merge_install': False, 'path': '/root/ws_ros2/ZRobot_Next/ldlidar_stl_ros2', 'symlink_install': False, 'test_result_base': None}
[0.323s] Level 5:colcon.colcon_core.verb:set package 'web_interface' build argument 'cmake_args' from command line to 'None'
[0.323s] Level 5:colcon.colcon_core.verb:set package 'web_interface' build argument 'cmake_target' from command line to 'None'
[0.323s] Level 5:colcon.colcon_core.verb:set package 'web_interface' build argument 'cmake_target_skip_unavailable' from command line to 'False'
[0.323s] Level 5:colcon.colcon_core.verb:set package 'web_interface' build argument 'cmake_clean_cache' from command line to 'False'
[0.323s] Level 5:colcon.colcon_core.verb:set package 'web_interface' build argument 'cmake_clean_first' from command line to 'False'
[0.323s] Level 5:colcon.colcon_core.verb:set package 'web_interface' build argument 'cmake_force_configure' from command line to 'False'
[0.323s] Level 5:colcon.colcon_core.verb:set package 'web_interface' build argument 'ament_cmake_args' from command line to 'None'
[0.323s] Level 5:colcon.colcon_core.verb:set package 'web_interface' build argument 'catkin_cmake_args' from command line to 'None'
[0.323s] Level 5:colcon.colcon_core.verb:set package 'web_interface' build argument 'catkin_skip_building_tests' from command line to 'False'
[0.323s] DEBUG:colcon.colcon_core.verb:Building package 'web_interface' with the following arguments: {'ament_cmake_args': None, 'build_base': '/root/ws_ros2/ZRobot_Next/build/web_interface', 'catkin_cmake_args': None, 'catkin_skip_building_tests': False, 'cmake_args': None, 'cmake_clean_cache': False, 'cmake_clean_first': False, 'cmake_force_configure': False, 'cmake_target': None, 'cmake_target_skip_unavailable': False, 'install_base': '/root/ws_ros2/ZRobot_Next/install/web_interface', 'merge_install': False, 'path': '/root/ws_ros2/ZRobot_Next/web_interface', 'symlink_install': False, 'test_result_base': None}
[0.323s] Level 5:colcon.colcon_core.verb:set package 'zrobot_control' build argument 'cmake_args' from command line to 'None'
[0.323s] Level 5:colcon.colcon_core.verb:set package 'zrobot_control' build argument 'cmake_target' from command line to 'None'
[0.323s] Level 5:colcon.colcon_core.verb:set package 'zrobot_control' build argument 'cmake_target_skip_unavailable' from command line to 'False'
[0.324s] Level 5:colcon.colcon_core.verb:set package 'zrobot_control' build argument 'cmake_clean_cache' from command line to 'False'
[0.324s] Level 5:colcon.colcon_core.verb:set package 'zrobot_control' build argument 'cmake_clean_first' from command line to 'False'
[0.324s] Level 5:colcon.colcon_core.verb:set package 'zrobot_control' build argument 'cmake_force_configure' from command line to 'False'
[0.324s] Level 5:colcon.colcon_core.verb:set package 'zrobot_control' build argument 'ament_cmake_args' from command line to 'None'
[0.324s] Level 5:colcon.colcon_core.verb:set package 'zrobot_control' build argument 'catkin_cmake_args' from command line to 'None'
[0.324s] Level 5:colcon.colcon_core.verb:set package 'zrobot_control' build argument 'catkin_skip_building_tests' from command line to 'False'
[0.324s] DEBUG:colcon.colcon_core.verb:Building package 'zrobot_control' with the following arguments: {'ament_cmake_args': None, 'build_base': '/root/ws_ros2/ZRobot_Next/build/zrobot_control', 'catkin_cmake_args': None, 'catkin_skip_building_tests': False, 'cmake_args': None, 'cmake_clean_cache': False, 'cmake_clean_first': False, 'cmake_force_configure': False, 'cmake_target': None, 'cmake_target_skip_unavailable': False, 'install_base': '/root/ws_ros2/ZRobot_Next/install/zrobot_control', 'merge_install': False, 'path': '/root/ws_ros2/ZRobot_Next/zrobot_control', 'symlink_install': False, 'test_result_base': None}
[0.324s] Level 5:colcon.colcon_core.verb:set package 'zrobot_interfaces' build argument 'cmake_args' from command line to 'None'
[0.324s] Level 5:colcon.colcon_core.verb:set package 'zrobot_interfaces' build argument 'cmake_target' from command line to 'None'
[0.324s] Level 5:colcon.colcon_core.verb:set package 'zrobot_interfaces' build argument 'cmake_target_skip_unavailable' from command line to 'False'
[0.324s] Level 5:colcon.colcon_core.verb:set package 'zrobot_interfaces' build argument 'cmake_clean_cache' from command line to 'False'
[0.324s] Level 5:colcon.colcon_core.verb:set package 'zrobot_interfaces' build argument 'cmake_clean_first' from command line to 'False'
[0.324s] Level 5:colcon.colcon_core.verb:set package 'zrobot_interfaces' build argument 'cmake_force_configure' from command line to 'False'
[0.324s] Level 5:colcon.colcon_core.verb:set package 'zrobot_interfaces' build argument 'ament_cmake_args' from command line to 'None'
[0.324s] Level 5:colcon.colcon_core.verb:set package 'zrobot_interfaces' build argument 'catkin_cmake_args' from command line to 'None'
[0.324s] Level 5:colcon.colcon_core.verb:set package 'zrobot_interfaces' build argument 'catkin_skip_building_tests' from command line to 'False'
[0.324s] DEBUG:colcon.colcon_core.verb:Building package 'zrobot_interfaces' with the following arguments: {'ament_cmake_args': None, 'build_base': '/root/ws_ros2/ZRobot_Next/build/zrobot_interfaces', 'catkin_cmake_args': None, 'catkin_skip_building_tests': False, 'cmake_args': None, 'cmake_clean_cache': False, 'cmake_clean_first': False, 'cmake_force_configure': False, 'cmake_target': None, 'cmake_target_skip_unavailable': False, 'install_base': '/root/ws_ros2/ZRobot_Next/install/zrobot_interfaces', 'merge_install': False, 'path': '/root/ws_ros2/ZRobot_Next/zrobot_interfaces', 'symlink_install': False, 'test_result_base': None}
[0.325s] Level 5:colcon.colcon_core.verb:set package 'zrobot_obstacle_avoidance' build argument 'cmake_args' from command line to 'None'
[0.325s] Level 5:colcon.colcon_core.verb:set package 'zrobot_obstacle_avoidance' build argument 'cmake_target' from command line to 'None'
[0.325s] Level 5:colcon.colcon_core.verb:set package 'zrobot_obstacle_avoidance' build argument 'cmake_target_skip_unavailable' from command line to 'False'
[0.325s] Level 5:colcon.colcon_core.verb:set package 'zrobot_obstacle_avoidance' build argument 'cmake_clean_cache' from command line to 'False'
[0.325s] Level 5:colcon.colcon_core.verb:set package 'zrobot_obstacle_avoidance' build argument 'cmake_clean_first' from command line to 'False'
[0.325s] Level 5:colcon.colcon_core.verb:set package 'zrobot_obstacle_avoidance' build argument 'cmake_force_configure' from command line to 'False'
[0.325s] Level 5:colcon.colcon_core.verb:set package 'zrobot_obstacle_avoidance' build argument 'ament_cmake_args' from command line to 'None'
[0.325s] Level 5:colcon.colcon_core.verb:set package 'zrobot_obstacle_avoidance' build argument 'catkin_cmake_args' from command line to 'None'
[0.325s] Level 5:colcon.colcon_core.verb:set package 'zrobot_obstacle_avoidance' build argument 'catkin_skip_building_tests' from command line to 'False'
[0.325s] DEBUG:colcon.colcon_core.verb:Building package 'zrobot_obstacle_avoidance' with the following arguments: {'ament_cmake_args': None, 'build_base': '/root/ws_ros2/ZRobot_Next/build/zrobot_obstacle_avoidance', 'catkin_cmake_args': None, 'catkin_skip_building_tests': False, 'cmake_args': None, 'cmake_clean_cache': False, 'cmake_clean_first': False, 'cmake_force_configure': False, 'cmake_target': None, 'cmake_target_skip_unavailable': False, 'install_base': '/root/ws_ros2/ZRobot_Next/install/zrobot_obstacle_avoidance', 'merge_install': False, 'path': '/root/ws_ros2/ZRobot_Next/zrobot_obstacle_avoidance', 'symlink_install': False, 'test_result_base': None}
[0.325s] Level 5:colcon.colcon_core.verb:set package 'zrobot_perception' build argument 'cmake_args' from command line to 'None'
[0.325s] Level 5:colcon.colcon_core.verb:set package 'zrobot_perception' build argument 'cmake_target' from command line to 'None'
[0.325s] Level 5:colcon.colcon_core.verb:set package 'zrobot_perception' build argument 'cmake_target_skip_unavailable' from command line to 'False'
[0.325s] Level 5:colcon.colcon_core.verb:set package 'zrobot_perception' build argument 'cmake_clean_cache' from command line to 'False'
[0.325s] Level 5:colcon.colcon_core.verb:set package 'zrobot_perception' build argument 'cmake_clean_first' from command line to 'False'
[0.325s] Level 5:colcon.colcon_core.verb:set package 'zrobot_perception' build argument 'cmake_force_configure' from command line to 'False'
[0.325s] Level 5:colcon.colcon_core.verb:set package 'zrobot_perception' build argument 'ament_cmake_args' from command line to 'None'
[0.325s] Level 5:colcon.colcon_core.verb:set package 'zrobot_perception' build argument 'catkin_cmake_args' from command line to 'None'
[0.325s] Level 5:colcon.colcon_core.verb:set package 'zrobot_perception' build argument 'catkin_skip_building_tests' from command line to 'False'
[0.325s] DEBUG:colcon.colcon_core.verb:Building package 'zrobot_perception' with the following arguments: {'ament_cmake_args': None, 'build_base': '/root/ws_ros2/ZRobot_Next/build/zrobot_perception', 'catkin_cmake_args': None, 'catkin_skip_building_tests': False, 'cmake_args': None, 'cmake_clean_cache': False, 'cmake_clean_first': False, 'cmake_force_configure': False, 'cmake_target': None, 'cmake_target_skip_unavailable': False, 'install_base': '/root/ws_ros2/ZRobot_Next/install/zrobot_perception', 'merge_install': False, 'path': '/root/ws_ros2/ZRobot_Next/zrobot_perception', 'symlink_install': False, 'test_result_base': None}
[0.326s] Level 5:colcon.colcon_core.verb:set package 'zrobot_bringup' build argument 'cmake_args' from command line to 'None'
[0.326s] Level 5:colcon.colcon_core.verb:set package 'zrobot_bringup' build argument 'cmake_target' from command line to 'None'
[0.326s] Level 5:colcon.colcon_core.verb:set package 'zrobot_bringup' build argument 'cmake_target_skip_unavailable' from command line to 'False'
[0.326s] Level 5:colcon.colcon_core.verb:set package 'zrobot_bringup' build argument 'cmake_clean_cache' from command line to 'False'
[0.326s] Level 5:colcon.colcon_core.verb:set package 'zrobot_bringup' build argument 'cmake_clean_first' from command line to 'False'
[0.326s] Level 5:colcon.colcon_core.verb:set package 'zrobot_bringup' build argument 'cmake_force_configure' from command line to 'False'
[0.326s] Level 5:colcon.colcon_core.verb:set package 'zrobot_bringup' build argument 'ament_cmake_args' from command line to 'None'
[0.326s] Level 5:colcon.colcon_core.verb:set package 'zrobot_bringup' build argument 'catkin_cmake_args' from command line to 'None'
[0.326s] Level 5:colcon.colcon_core.verb:set package 'zrobot_bringup' build argument 'catkin_skip_building_tests' from command line to 'False'
[0.326s] DEBUG:colcon.colcon_core.verb:Building package 'zrobot_bringup' with the following arguments: {'ament_cmake_args': None, 'build_base': '/root/ws_ros2/ZRobot_Next/build/zrobot_bringup', 'catkin_cmake_args': None, 'catkin_skip_building_tests': False, 'cmake_args': None, 'cmake_clean_cache': False, 'cmake_clean_first': False, 'cmake_force_configure': False, 'cmake_target': None, 'cmake_target_skip_unavailable': False, 'install_base': '/root/ws_ros2/ZRobot_Next/install/zrobot_bringup', 'merge_install': False, 'path': '/root/ws_ros2/ZRobot_Next/zrobot_bringup', 'symlink_install': False, 'test_result_base': None}
[0.326s] INFO:colcon.colcon_core.executor:Executing jobs using 'parallel' executor
[0.328s] DEBUG:colcon.colcon_parallel_executor.executor.parallel:run_until_complete
[0.329s] INFO:colcon.colcon_ros.task.ament_cmake.build:Building ROS package in '/root/ws_ros2/ZRobot_Next/zrobot_control' with build type 'ament_cmake'
[0.329s] INFO:colcon.colcon_cmake.task.cmake.build:Building CMake package in '/root/ws_ros2/ZRobot_Next/zrobot_control'
[0.332s] INFO:colcon.colcon_core.plugin_system:Skipping extension 'colcon_core.shell.bat': Not used on non-Windows systems
[0.332s] INFO:colcon.colcon_core.shell:Skip shell extension 'powershell' for command environment: Not usable outside of PowerShell
[0.332s] DEBUG:colcon.colcon_core.shell:Skip shell extension 'dsv' for command environment
[0.338s] INFO:colcon.colcon_ros.task.ament_cmake.build:Building ROS package in '/root/ws_ros2/ZRobot_Next/zrobot_perception' with build type 'ament_cmake'
[0.338s] INFO:colcon.colcon_cmake.task.cmake.build:Building CMake package in '/root/ws_ros2/ZRobot_Next/zrobot_perception'
[0.338s] INFO:colcon.colcon_core.shell:Skip shell extension 'powershell' for command environment: Not usable outside of PowerShell
[0.338s] DEBUG:colcon.colcon_core.shell:Skip shell extension 'dsv' for command environment
[0.341s] INFO:colcon.colcon_ros.task.ament_cmake.build:Building ROS package in '/root/ws_ros2/ZRobot_Next/ldlidar_stl_ros2' with build type 'ament_cmake'
[0.342s] INFO:colcon.colcon_cmake.task.cmake.build:Building CMake package in '/root/ws_ros2/ZRobot_Next/ldlidar_stl_ros2'
[0.342s] INFO:colcon.colcon_core.shell:Skip shell extension 'powershell' for command environment: Not usable outside of PowerShell
[0.342s] DEBUG:colcon.colcon_core.shell:Skip shell extension 'dsv' for command environment
[0.345s] INFO:colcon.colcon_ros.task.ament_cmake.build:Building ROS package in '/root/ws_ros2/ZRobot_Next/web_interface' with build type 'ament_cmake'
[0.345s] INFO:colcon.colcon_cmake.task.cmake.build:Building CMake package in '/root/ws_ros2/ZRobot_Next/web_interface'
[0.345s] INFO:colcon.colcon_core.shell:Skip shell extension 'powershell' for command environment: Not usable outside of PowerShell
[0.346s] DEBUG:colcon.colcon_core.shell:Skip shell extension 'dsv' for command environment
[0.349s] INFO:colcon.colcon_ros.task.ament_cmake.build:Building ROS package in '/root/ws_ros2/ZRobot_Next/zrobot_interfaces' with build type 'ament_cmake'
[0.349s] INFO:colcon.colcon_cmake.task.cmake.build:Building CMake package in '/root/ws_ros2/ZRobot_Next/zrobot_interfaces'
[0.349s] INFO:colcon.colcon_core.shell:Skip shell extension 'powershell' for command environment: Not usable outside of PowerShell
[0.349s] DEBUG:colcon.colcon_core.shell:Skip shell extension 'dsv' for command environment
[0.352s] INFO:colcon.colcon_ros.task.ament_cmake.build:Building ROS package in '/root/ws_ros2/ZRobot_Next/zrobot_obstacle_avoidance' with build type 'ament_cmake'
[0.353s] INFO:colcon.colcon_cmake.task.cmake.build:Building CMake package in '/root/ws_ros2/ZRobot_Next/zrobot_obstacle_avoidance'
[0.353s] INFO:colcon.colcon_core.shell:Skip shell extension 'powershell' for command environment: Not usable outside of PowerShell
[0.353s] DEBUG:colcon.colcon_core.shell:Skip shell extension 'dsv' for command environment
[0.362s] DEBUG:colcon.colcon_core.event_handler.log_command:Invoking command in '/root/ws_ros2/ZRobot_Next/build/zrobot_control': CMAKE_PREFIX_PATH=/opt/ros/jazzy /usr/bin/cmake --build /root/ws_ros2/ZRobot_Next/build/zrobot_control -- -j8 -l8
[0.364s] DEBUG:colcon.colcon_core.event_handler.log_command:Invoking command in '/root/ws_ros2/ZRobot_Next/build/zrobot_perception': CMAKE_PREFIX_PATH=/opt/ros/jazzy /usr/bin/cmake --build /root/ws_ros2/ZRobot_Next/build/zrobot_perception -- -j8 -l8
[0.367s] DEBUG:colcon.colcon_core.event_handler.log_command:Invoking command in '/root/ws_ros2/ZRobot_Next/build/ldlidar_stl_ros2': CMAKE_PREFIX_PATH=/opt/ros/jazzy /usr/bin/cmake --build /root/ws_ros2/ZRobot_Next/build/ldlidar_stl_ros2 -- -j8 -l8
[0.370s] DEBUG:colcon.colcon_core.event_handler.log_command:Invoking command in '/root/ws_ros2/ZRobot_Next/build/web_interface': CMAKE_PREFIX_PATH=/opt/ros/jazzy /usr/bin/cmake --build /root/ws_ros2/ZRobot_Next/build/web_interface -- -j8 -l8
[0.373s] DEBUG:colcon.colcon_core.event_handler.log_command:Invoking command in '/root/ws_ros2/ZRobot_Next/build/zrobot_interfaces': CMAKE_PREFIX_PATH=/opt/ros/jazzy /usr/bin/cmake --build /root/ws_ros2/ZRobot_Next/build/zrobot_interfaces -- -j8 -l8
[0.380s] DEBUG:colcon.colcon_core.event_handler.log_command:Invoking command in '/root/ws_ros2/ZRobot_Next/build/zrobot_obstacle_avoidance': CMAKE_PREFIX_PATH=/opt/ros/jazzy /usr/bin/cmake --build /root/ws_ros2/ZRobot_Next/build/zrobot_obstacle_avoidance -- -j8 -l8
[0.478s] DEBUG:colcon.colcon_core.event_handler.log_command:Invoked command in '/root/ws_ros2/ZRobot_Next/build/zrobot_obstacle_avoidance' returned '0': CMAKE_PREFIX_PATH=/opt/ros/jazzy /usr/bin/cmake --build /root/ws_ros2/ZRobot_Next/build/zrobot_obstacle_avoidance -- -j8 -l8
[0.492s] DEBUG:colcon.colcon_core.event_handler.log_command:Invoking command in '/root/ws_ros2/ZRobot_Next/build/zrobot_obstacle_avoidance': CMAKE_PREFIX_PATH=/opt/ros/jazzy /usr/bin/cmake --install /root/ws_ros2/ZRobot_Next/build/zrobot_obstacle_avoidance
[0.495s] DEBUG:colcon.colcon_core.event_handler.log_command:Invoked command in '/root/ws_ros2/ZRobot_Next/build/web_interface' returned '0': CMAKE_PREFIX_PATH=/opt/ros/jazzy /usr/bin/cmake --build /root/ws_ros2/ZRobot_Next/build/web_interface -- -j8 -l8
[0.495s] DEBUG:colcon.colcon_core.event_handler.log_command:Invoking command in '/root/ws_ros2/ZRobot_Next/build/web_interface': CMAKE_PREFIX_PATH=/opt/ros/jazzy /usr/bin/cmake --install /root/ws_ros2/ZRobot_Next/build/web_interface
[0.511s] Level 1:colcon.colcon_core.environment:create_environment_scripts_only(web_interface)
[0.514s] Level 1:colcon.colcon_core.environment:checking '/root/ws_ros2/ZRobot_Next/install/web_interface' for CMake module files
[0.515s] Level 1:colcon.colcon_core.environment:checking '/root/ws_ros2/ZRobot_Next/install/web_interface' for CMake config files
[0.515s] Level 1:colcon.colcon_core.shell:create_environment_hook('web_interface', 'cmake_prefix_path')
[0.515s] INFO:colcon.colcon_core.shell:Creating environment hook '/root/ws_ros2/ZRobot_Next/install/web_interface/share/web_interface/hook/cmake_prefix_path.ps1'
[0.517s] DEBUG:colcon.colcon_core.event_handler.log_command:Invoked command in '/root/ws_ros2/ZRobot_Next/build/web_interface' returned '0': CMAKE_PREFIX_PATH=/opt/ros/jazzy /usr/bin/cmake --install /root/ws_ros2/ZRobot_Next/build/web_interface
[0.517s] INFO:colcon.colcon_core.shell:Creating environment descriptor '/root/ws_ros2/ZRobot_Next/install/web_interface/share/web_interface/hook/cmake_prefix_path.dsv'
[0.517s] INFO:colcon.colcon_core.shell:Creating environment hook '/root/ws_ros2/ZRobot_Next/install/web_interface/share/web_interface/hook/cmake_prefix_path.sh'
[0.520s] Level 1:colcon.colcon_core.environment:checking '/root/ws_ros2/ZRobot_Next/install/web_interface/lib'
[0.520s] Level 1:colcon.colcon_core.environment:checking '/root/ws_ros2/ZRobot_Next/install/web_interface/bin'
[0.520s] Level 1:colcon.colcon_core.environment:checking '/root/ws_ros2/ZRobot_Next/install/web_interface/lib/pkgconfig/web_interface.pc'
[0.522s] Level 1:colcon.colcon_core.environment:checking '/root/ws_ros2/ZRobot_Next/install/web_interface/lib/python3.12/site-packages'
[0.523s] Level 1:colcon.colcon_core.environment:checking '/root/ws_ros2/ZRobot_Next/install/web_interface/bin'
[0.523s] INFO:colcon.colcon_core.shell:Creating package script '/root/ws_ros2/ZRobot_Next/install/web_interface/share/web_interface/package.ps1'
[0.524s] INFO:colcon.colcon_core.shell:Creating package descriptor '/root/ws_ros2/ZRobot_Next/install/web_interface/share/web_interface/package.dsv'
[0.525s] INFO:colcon.colcon_core.shell:Creating package script '/root/ws_ros2/ZRobot_Next/install/web_interface/share/web_interface/package.sh'
[0.526s] INFO:colcon.colcon_core.shell:Creating package script '/root/ws_ros2/ZRobot_Next/install/web_interface/share/web_interface/package.bash'
[0.527s] INFO:colcon.colcon_core.shell:Creating package script '/root/ws_ros2/ZRobot_Next/install/web_interface/share/web_interface/package.zsh'
[0.528s] Level 1:colcon.colcon_core.environment:create_file_with_runtime_dependencies(/root/ws_ros2/ZRobot_Next/install/web_interface/share/colcon-core/packages/web_interface)
[0.529s] Level 1:colcon.colcon_core.environment:create_environment_scripts_only(web_interface)
[0.529s] Level 1:colcon.colcon_core.environment:checking '/root/ws_ros2/ZRobot_Next/install/web_interface' for CMake module files
[0.530s] Level 1:colcon.colcon_core.environment:checking '/root/ws_ros2/ZRobot_Next/install/web_interface' for CMake config files
[0.530s] Level 1:colcon.colcon_core.shell:create_environment_hook('web_interface', 'cmake_prefix_path')
[0.531s] INFO:colcon.colcon_core.shell:Creating environment hook '/root/ws_ros2/ZRobot_Next/install/web_interface/share/web_interface/hook/cmake_prefix_path.ps1'
[0.531s] INFO:colcon.colcon_core.shell:Creating environment descriptor '/root/ws_ros2/ZRobot_Next/install/web_interface/share/web_interface/hook/cmake_prefix_path.dsv'
[0.532s] INFO:colcon.colcon_core.shell:Creating environment hook '/root/ws_ros2/ZRobot_Next/install/web_interface/share/web_interface/hook/cmake_prefix_path.sh'
[0.533s] Level 1:colcon.colcon_core.environment:checking '/root/ws_ros2/ZRobot_Next/install/web_interface/lib'
[0.533s] Level 1:colcon.colcon_core.environment:checking '/root/ws_ros2/ZRobot_Next/install/web_interface/bin'
[0.533s] Level 1:colcon.colcon_core.environment:checking '/root/ws_ros2/ZRobot_Next/install/web_interface/lib/pkgconfig/web_interface.pc'
[0.534s] Level 1:colcon.colcon_core.environment:checking '/root/ws_ros2/ZRobot_Next/install/web_interface/lib/python3.12/site-packages'
[0.534s] Level 1:colcon.colcon_core.environment:checking '/root/ws_ros2/ZRobot_Next/install/web_interface/bin'
[0.535s] INFO:colcon.colcon_core.shell:Creating package script '/root/ws_ros2/ZRobot_Next/install/web_interface/share/web_interface/package.ps1'
[0.535s] INFO:colcon.colcon_core.shell:Creating package descriptor '/root/ws_ros2/ZRobot_Next/install/web_interface/share/web_interface/package.dsv'
[0.536s] INFO:colcon.colcon_core.shell:Creating package script '/root/ws_ros2/ZRobot_Next/install/web_interface/share/web_interface/package.sh'
[0.537s] INFO:colcon.colcon_core.shell:Creating package script '/root/ws_ros2/ZRobot_Next/install/web_interface/share/web_interface/package.bash'
[0.537s] INFO:colcon.colcon_core.shell:Creating package script '/root/ws_ros2/ZRobot_Next/install/web_interface/share/web_interface/package.zsh'
[0.541s] Level 1:colcon.colcon_core.environment:create_file_with_runtime_dependencies(/root/ws_ros2/ZRobot_Next/install/web_interface/share/colcon-core/packages/web_interface)
[0.543s] Level 1:colcon.colcon_core.environment:create_environment_scripts_only(zrobot_obstacle_avoidance)
[0.543s] DEBUG:colcon.colcon_core.event_handler.log_command:Invoked command in '/root/ws_ros2/ZRobot_Next/build/zrobot_obstacle_avoidance' returned '0': CMAKE_PREFIX_PATH=/opt/ros/jazzy /usr/bin/cmake --install /root/ws_ros2/ZRobot_Next/build/zrobot_obstacle_avoidance
[0.544s] Level 1:colcon.colcon_core.environment:checking '/root/ws_ros2/ZRobot_Next/install/zrobot_obstacle_avoidance' for CMake module files
[0.544s] Level 1:colcon.colcon_core.environment:checking '/root/ws_ros2/ZRobot_Next/install/zrobot_obstacle_avoidance' for CMake config files
[0.545s] Level 1:colcon.colcon_core.shell:create_environment_hook('zrobot_obstacle_avoidance', 'cmake_prefix_path')
[0.545s] INFO:colcon.colcon_core.shell:Creating environment hook '/root/ws_ros2/ZRobot_Next/install/zrobot_obstacle_avoidance/share/zrobot_obstacle_avoidance/hook/cmake_prefix_path.ps1'
[0.546s] INFO:colcon.colcon_core.shell:Creating environment descriptor '/root/ws_ros2/ZRobot_Next/install/zrobot_obstacle_avoidance/share/zrobot_obstacle_avoidance/hook/cmake_prefix_path.dsv'
[0.546s] INFO:colcon.colcon_core.shell:Creating environment hook '/root/ws_ros2/ZRobot_Next/install/zrobot_obstacle_avoidance/share/zrobot_obstacle_avoidance/hook/cmake_prefix_path.sh'
[0.547s] Level 1:colcon.colcon_core.environment:checking '/root/ws_ros2/ZRobot_Next/install/zrobot_obstacle_avoidance/lib'
[0.547s] Level 1:colcon.colcon_core.environment:checking '/root/ws_ros2/ZRobot_Next/install/zrobot_obstacle_avoidance/bin'
[0.547s] Level 1:colcon.colcon_core.environment:checking '/root/ws_ros2/ZRobot_Next/install/zrobot_obstacle_avoidance/lib/pkgconfig/zrobot_obstacle_avoidance.pc'
[0.548s] Level 1:colcon.colcon_core.environment:checking '/root/ws_ros2/ZRobot_Next/install/zrobot_obstacle_avoidance/lib/python3.12/site-packages'
[0.548s] Level 1:colcon.colcon_core.environment:checking '/root/ws_ros2/ZRobot_Next/install/zrobot_obstacle_avoidance/bin'
[0.549s] INFO:colcon.colcon_core.shell:Creating package script '/root/ws_ros2/ZRobot_Next/install/zrobot_obstacle_avoidance/share/zrobot_obstacle_avoidance/package.ps1'
[0.549s] INFO:colcon.colcon_core.shell:Creating package descriptor '/root/ws_ros2/ZRobot_Next/install/zrobot_obstacle_avoidance/share/zrobot_obstacle_avoidance/package.dsv'
[0.550s] INFO:colcon.colcon_core.shell:Creating package script '/root/ws_ros2/ZRobot_Next/install/zrobot_obstacle_avoidance/share/zrobot_obstacle_avoidance/package.sh'
[0.550s] INFO:colcon.colcon_core.shell:Creating package script '/root/ws_ros2/ZRobot_Next/install/zrobot_obstacle_avoidance/share/zrobot_obstacle_avoidance/package.bash'
[0.551s] INFO:colcon.colcon_core.shell:Creating package script '/root/ws_ros2/ZRobot_Next/install/zrobot_obstacle_avoidance/share/zrobot_obstacle_avoidance/package.zsh'
[0.551s] Level 1:colcon.colcon_core.environment:create_file_with_runtime_dependencies(/root/ws_ros2/ZRobot_Next/install/zrobot_obstacle_avoidance/share/colcon-core/packages/zrobot_obstacle_avoidance)
[0.552s] Level 1:colcon.colcon_core.environment:create_environment_scripts_only(zrobot_obstacle_avoidance)
[0.552s] Level 1:colcon.colcon_core.environment:checking '/root/ws_ros2/ZRobot_Next/install/zrobot_obstacle_avoidance' for CMake module files
[0.553s] Level 1:colcon.colcon_core.environment:checking '/root/ws_ros2/ZRobot_Next/install/zrobot_obstacle_avoidance' for CMake config files
[0.553s] Level 1:colcon.colcon_core.shell:create_environment_hook('zrobot_obstacle_avoidance', 'cmake_prefix_path')
[0.554s] INFO:colcon.colcon_core.shell:Creating environment hook '/root/ws_ros2/ZRobot_Next/install/zrobot_obstacle_avoidance/share/zrobot_obstacle_avoidance/hook/cmake_prefix_path.ps1'
[0.559s] INFO:colcon.colcon_core.shell:Creating environment descriptor '/root/ws_ros2/ZRobot_Next/install/zrobot_obstacle_avoidance/share/zrobot_obstacle_avoidance/hook/cmake_prefix_path.dsv'
[0.560s] INFO:colcon.colcon_core.shell:Creating environment hook '/root/ws_ros2/ZRobot_Next/install/zrobot_obstacle_avoidance/share/zrobot_obstacle_avoidance/hook/cmake_prefix_path.sh'
[0.561s] Level 1:colcon.colcon_core.environment:checking '/root/ws_ros2/ZRobot_Next/install/zrobot_obstacle_avoidance/lib'
[0.562s] Level 1:colcon.colcon_core.environment:checking '/root/ws_ros2/ZRobot_Next/install/zrobot_obstacle_avoidance/bin'
[0.562s] Level 1:colcon.colcon_core.environment:checking '/root/ws_ros2/ZRobot_Next/install/zrobot_obstacle_avoidance/lib/pkgconfig/zrobot_obstacle_avoidance.pc'
[0.562s] Level 1:colcon.colcon_core.environment:checking '/root/ws_ros2/ZRobot_Next/install/zrobot_obstacle_avoidance/lib/python3.12/site-packages'
[0.563s] Level 1:colcon.colcon_core.environment:checking '/root/ws_ros2/ZRobot_Next/install/zrobot_obstacle_avoidance/bin'
[0.563s] INFO:colcon.colcon_core.shell:Creating package script '/root/ws_ros2/ZRobot_Next/install/zrobot_obstacle_avoidance/share/zrobot_obstacle_avoidance/package.ps1'
[0.564s] INFO:colcon.colcon_core.shell:Creating package descriptor '/root/ws_ros2/ZRobot_Next/install/zrobot_obstacle_avoidance/share/zrobot_obstacle_avoidance/package.dsv'
[0.565s] INFO:colcon.colcon_core.shell:Creating package script '/root/ws_ros2/ZRobot_Next/install/zrobot_obstacle_avoidance/share/zrobot_obstacle_avoidance/package.sh'
[0.566s] INFO:colcon.colcon_core.shell:Creating package script '/root/ws_ros2/ZRobot_Next/install/zrobot_obstacle_avoidance/share/zrobot_obstacle_avoidance/package.bash'
[0.566s] INFO:colcon.colcon_core.shell:Creating package script '/root/ws_ros2/ZRobot_Next/install/zrobot_obstacle_avoidance/share/zrobot_obstacle_avoidance/package.zsh'
[0.567s] Level 1:colcon.colcon_core.environment:create_file_with_runtime_dependencies(/root/ws_ros2/ZRobot_Next/install/zrobot_obstacle_avoidance/share/colcon-core/packages/zrobot_obstacle_avoidance)
[0.634s] DEBUG:colcon.colcon_core.event_handler.log_command:Invoked command in '/root/ws_ros2/ZRobot_Next/build/ldlidar_stl_ros2' returned '0': CMAKE_PREFIX_PATH=/opt/ros/jazzy /usr/bin/cmake --build /root/ws_ros2/ZRobot_Next/build/ldlidar_stl_ros2 -- -j8 -l8
[0.636s] DEBUG:colcon.colcon_core.event_handler.log_command:Invoking command in '/root/ws_ros2/ZRobot_Next/build/ldlidar_stl_ros2': CMAKE_PREFIX_PATH=/opt/ros/jazzy /usr/bin/cmake --install /root/ws_ros2/ZRobot_Next/build/ldlidar_stl_ros2
[0.681s] Level 1:colcon.colcon_core.environment:create_environment_scripts_only(ldlidar_stl_ros2)
[0.682s] Level 1:colcon.colcon_core.environment:checking '/root/ws_ros2/ZRobot_Next/install/ldlidar_stl_ros2' for CMake module files
[0.688s] DEBUG:colcon.colcon_core.event_handler.log_command:Invoked command in '/root/ws_ros2/ZRobot_Next/build/ldlidar_stl_ros2' returned '0': CMAKE_PREFIX_PATH=/opt/ros/jazzy /usr/bin/cmake --install /root/ws_ros2/ZRobot_Next/build/ldlidar_stl_ros2
[0.689s] Level 1:colcon.colcon_core.environment:checking '/root/ws_ros2/ZRobot_Next/install/ldlidar_stl_ros2' for CMake config files
[0.690s] Level 1:colcon.colcon_core.shell:create_environment_hook('ldlidar_stl_ros2', 'cmake_prefix_path')
[0.691s] INFO:colcon.colcon_core.shell:Creating environment hook '/root/ws_ros2/ZRobot_Next/install/ldlidar_stl_ros2/share/ldlidar_stl_ros2/hook/cmake_prefix_path.ps1'
[0.693s] INFO:colcon.colcon_core.shell:Creating environment descriptor '/root/ws_ros2/ZRobot_Next/install/ldlidar_stl_ros2/share/ldlidar_stl_ros2/hook/cmake_prefix_path.dsv'
[0.694s] INFO:colcon.colcon_core.shell:Creating environment hook '/root/ws_ros2/ZRobot_Next/install/ldlidar_stl_ros2/share/ldlidar_stl_ros2/hook/cmake_prefix_path.sh'
[0.697s] Level 1:colcon.colcon_core.environment:checking '/root/ws_ros2/ZRobot_Next/install/ldlidar_stl_ros2/lib'
[0.698s] Level 1:colcon.colcon_core.environment:checking '/root/ws_ros2/ZRobot_Next/install/ldlidar_stl_ros2/bin'
[0.698s] Level 1:colcon.colcon_core.environment:checking '/root/ws_ros2/ZRobot_Next/install/ldlidar_stl_ros2/lib/pkgconfig/ldlidar_stl_ros2.pc'
[0.699s] Level 1:colcon.colcon_core.environment:checking '/root/ws_ros2/ZRobot_Next/install/ldlidar_stl_ros2/lib/python3.12/site-packages'
[0.701s] Level 1:colcon.colcon_core.environment:checking '/root/ws_ros2/ZRobot_Next/install/ldlidar_stl_ros2/bin'
[0.702s] INFO:colcon.colcon_core.shell:Creating package script '/root/ws_ros2/ZRobot_Next/install/ldlidar_stl_ros2/share/ldlidar_stl_ros2/package.ps1'
[0.704s] INFO:colcon.colcon_core.shell:Creating package descriptor '/root/ws_ros2/ZRobot_Next/install/ldlidar_stl_ros2/share/ldlidar_stl_ros2/package.dsv'
[0.705s] INFO:colcon.colcon_core.shell:Creating package script '/root/ws_ros2/ZRobot_Next/install/ldlidar_stl_ros2/share/ldlidar_stl_ros2/package.sh'
[0.707s] INFO:colcon.colcon_core.shell:Creating package script '/root/ws_ros2/ZRobot_Next/install/ldlidar_stl_ros2/share/ldlidar_stl_ros2/package.bash'
[0.709s] INFO:colcon.colcon_core.shell:Creating package script '/root/ws_ros2/ZRobot_Next/install/ldlidar_stl_ros2/share/ldlidar_stl_ros2/package.zsh'
[0.710s] Level 1:colcon.colcon_core.environment:create_file_with_runtime_dependencies(/root/ws_ros2/ZRobot_Next/install/ldlidar_stl_ros2/share/colcon-core/packages/ldlidar_stl_ros2)
[0.711s] Level 1:colcon.colcon_core.environment:create_environment_scripts_only(ldlidar_stl_ros2)
[0.712s] Level 1:colcon.colcon_core.environment:checking '/root/ws_ros2/ZRobot_Next/install/ldlidar_stl_ros2' for CMake module files
[0.712s] Level 1:colcon.colcon_core.environment:checking '/root/ws_ros2/ZRobot_Next/install/ldlidar_stl_ros2' for CMake config files
[0.713s] Level 1:colcon.colcon_core.shell:create_environment_hook('ldlidar_stl_ros2', 'cmake_prefix_path')
[0.713s] INFO:colcon.colcon_core.shell:Creating environment hook '/root/ws_ros2/ZRobot_Next/install/ldlidar_stl_ros2/share/ldlidar_stl_ros2/hook/cmake_prefix_path.ps1'
[0.714s] INFO:colcon.colcon_core.shell:Creating environment descriptor '/root/ws_ros2/ZRobot_Next/install/ldlidar_stl_ros2/share/ldlidar_stl_ros2/hook/cmake_prefix_path.dsv'
[0.714s] INFO:colcon.colcon_core.shell:Creating environment hook '/root/ws_ros2/ZRobot_Next/install/ldlidar_stl_ros2/share/ldlidar_stl_ros2/hook/cmake_prefix_path.sh'
[0.715s] Level 1:colcon.colcon_core.environment:checking '/root/ws_ros2/ZRobot_Next/install/ldlidar_stl_ros2/lib'
[0.716s] Level 1:colcon.colcon_core.environment:checking '/root/ws_ros2/ZRobot_Next/install/ldlidar_stl_ros2/bin'
[0.716s] Level 1:colcon.colcon_core.environment:checking '/root/ws_ros2/ZRobot_Next/install/ldlidar_stl_ros2/lib/pkgconfig/ldlidar_stl_ros2.pc'
[0.716s] Level 1:colcon.colcon_core.environment:checking '/root/ws_ros2/ZRobot_Next/install/ldlidar_stl_ros2/lib/python3.12/site-packages'
[0.716s] Level 1:colcon.colcon_core.environment:checking '/root/ws_ros2/ZRobot_Next/install/ldlidar_stl_ros2/bin'
[0.717s] INFO:colcon.colcon_core.shell:Creating package script '/root/ws_ros2/ZRobot_Next/install/ldlidar_stl_ros2/share/ldlidar_stl_ros2/package.ps1'
[0.718s] INFO:colcon.colcon_core.shell:Creating package descriptor '/root/ws_ros2/ZRobot_Next/install/ldlidar_stl_ros2/share/ldlidar_stl_ros2/package.dsv'
[0.718s] INFO:colcon.colcon_core.shell:Creating package script '/root/ws_ros2/ZRobot_Next/install/ldlidar_stl_ros2/share/ldlidar_stl_ros2/package.sh'
[0.719s] INFO:colcon.colcon_core.shell:Creating package script '/root/ws_ros2/ZRobot_Next/install/ldlidar_stl_ros2/share/ldlidar_stl_ros2/package.bash'
[0.720s] INFO:colcon.colcon_core.shell:Creating package script '/root/ws_ros2/ZRobot_Next/install/ldlidar_stl_ros2/share/ldlidar_stl_ros2/package.zsh'
[0.720s] Level 1:colcon.colcon_core.environment:create_file_with_runtime_dependencies(/root/ws_ros2/ZRobot_Next/install/ldlidar_stl_ros2/share/colcon-core/packages/ldlidar_stl_ros2)
[1.045s] DEBUG:colcon.colcon_core.event_handler.log_command:Invoked command in '/root/ws_ros2/ZRobot_Next/build/zrobot_interfaces' returned '0': CMAKE_PREFIX_PATH=/opt/ros/jazzy /usr/bin/cmake --build /root/ws_ros2/ZRobot_Next/build/zrobot_interfaces -- -j8 -l8
[1.048s] DEBUG:colcon.colcon_core.event_handler.log_command:Invoking command in '/root/ws_ros2/ZRobot_Next/build/zrobot_interfaces': CMAKE_PREFIX_PATH=/opt/ros/jazzy /usr/bin/cmake --install /root/ws_ros2/ZRobot_Next/build/zrobot_interfaces
[1.103s] DEBUG:colcon.colcon_core.event_handler.log_command:Invoked command in '/root/ws_ros2/ZRobot_Next/build/zrobot_perception' returned '0': CMAKE_PREFIX_PATH=/opt/ros/jazzy /usr/bin/cmake --build /root/ws_ros2/ZRobot_Next/build/zrobot_perception -- -j8 -l8
[1.106s] DEBUG:colcon.colcon_core.event_handler.log_command:Invoking command in '/root/ws_ros2/ZRobot_Next/build/zrobot_perception': CMAKE_PREFIX_PATH=/opt/ros/jazzy /usr/bin/cmake --install /root/ws_ros2/ZRobot_Next/build/zrobot_perception
[1.176s] Level 1:colcon.colcon_core.environment:create_environment_scripts_only(zrobot_interfaces)
[1.177s] Level 1:colcon.colcon_core.environment:checking '/root/ws_ros2/ZRobot_Next/install/zrobot_interfaces' for CMake module files
[1.186s] DEBUG:colcon.colcon_core.event_handler.log_command:Invoked command in '/root/ws_ros2/ZRobot_Next/build/zrobot_interfaces' returned '0': CMAKE_PREFIX_PATH=/opt/ros/jazzy /usr/bin/cmake --install /root/ws_ros2/ZRobot_Next/build/zrobot_interfaces
[1.187s] Level 1:colcon.colcon_core.environment:checking '/root/ws_ros2/ZRobot_Next/install/zrobot_interfaces' for CMake config files
[1.190s] Level 1:colcon.colcon_core.shell:create_environment_hook('zrobot_interfaces', 'cmake_prefix_path')
[1.191s] INFO:colcon.colcon_core.shell:Creating environment hook '/root/ws_ros2/ZRobot_Next/install/zrobot_interfaces/share/zrobot_interfaces/hook/cmake_prefix_path.ps1'
[1.193s] INFO:colcon.colcon_core.shell:Creating environment descriptor '/root/ws_ros2/ZRobot_Next/install/zrobot_interfaces/share/zrobot_interfaces/hook/cmake_prefix_path.dsv'
[1.195s] INFO:colcon.colcon_core.shell:Creating environment hook '/root/ws_ros2/ZRobot_Next/install/zrobot_interfaces/share/zrobot_interfaces/hook/cmake_prefix_path.sh'
[1.198s] Level 1:colcon.colcon_core.environment:checking '/root/ws_ros2/ZRobot_Next/install/zrobot_interfaces/lib'
[1.199s] Level 1:colcon.colcon_core.shell:create_environment_hook('zrobot_interfaces', 'ld_library_path_lib')
[1.200s] INFO:colcon.colcon_core.shell:Creating environment hook '/root/ws_ros2/ZRobot_Next/install/zrobot_interfaces/share/zrobot_interfaces/hook/ld_library_path_lib.ps1'
[1.202s] INFO:colcon.colcon_core.shell:Creating environment descriptor '/root/ws_ros2/ZRobot_Next/install/zrobot_interfaces/share/zrobot_interfaces/hook/ld_library_path_lib.dsv'
[1.204s] INFO:colcon.colcon_core.shell:Creating environment hook '/root/ws_ros2/ZRobot_Next/install/zrobot_interfaces/share/zrobot_interfaces/hook/ld_library_path_lib.sh'
[1.207s] Level 1:colcon.colcon_core.environment:checking '/root/ws_ros2/ZRobot_Next/install/zrobot_interfaces/bin'
[1.207s] Level 1:colcon.colcon_core.environment:checking '/root/ws_ros2/ZRobot_Next/install/zrobot_interfaces/lib/pkgconfig/zrobot_interfaces.pc'
[1.209s] Level 1:colcon.colcon_core.environment:checking '/root/ws_ros2/ZRobot_Next/install/zrobot_interfaces/lib/python3.12/site-packages'
[1.209s] Level 1:colcon.colcon_core.shell:create_environment_hook('zrobot_interfaces', 'pythonpath')
[1.210s] INFO:colcon.colcon_core.shell:Creating environment hook '/root/ws_ros2/ZRobot_Next/install/zrobot_interfaces/share/zrobot_interfaces/hook/pythonpath.ps1'
[1.213s] INFO:colcon.colcon_core.shell:Creating environment descriptor '/root/ws_ros2/ZRobot_Next/install/zrobot_interfaces/share/zrobot_interfaces/hook/pythonpath.dsv'
[1.215s] INFO:colcon.colcon_core.shell:Creating environment hook '/root/ws_ros2/ZRobot_Next/install/zrobot_interfaces/share/zrobot_interfaces/hook/pythonpath.sh'
[1.219s] Level 1:colcon.colcon_core.environment:checking '/root/ws_ros2/ZRobot_Next/install/zrobot_interfaces/bin'
[1.221s] INFO:colcon.colcon_core.shell:Creating package script '/root/ws_ros2/ZRobot_Next/install/zrobot_interfaces/share/zrobot_interfaces/package.ps1'
[1.224s] INFO:colcon.colcon_core.shell:Creating package descriptor '/root/ws_ros2/ZRobot_Next/install/zrobot_interfaces/share/zrobot_interfaces/package.dsv'
[1.225s] INFO:colcon.colcon_core.shell:Creating package script '/root/ws_ros2/ZRobot_Next/install/zrobot_interfaces/share/zrobot_interfaces/package.sh'
[1.226s] INFO:colcon.colcon_core.shell:Creating package script '/root/ws_ros2/ZRobot_Next/install/zrobot_interfaces/share/zrobot_interfaces/package.bash'
[1.226s] INFO:colcon.colcon_core.shell:Creating package script '/root/ws_ros2/ZRobot_Next/install/zrobot_interfaces/share/zrobot_interfaces/package.zsh'
[1.227s] Level 1:colcon.colcon_core.environment:create_file_with_runtime_dependencies(/root/ws_ros2/ZRobot_Next/install/zrobot_interfaces/share/colcon-core/packages/zrobot_interfaces)
[1.228s] Level 1:colcon.colcon_core.environment:create_environment_scripts_only(zrobot_interfaces)
[1.228s] Level 1:colcon.colcon_core.environment:checking '/root/ws_ros2/ZRobot_Next/install/zrobot_interfaces' for CMake module files
[1.229s] Level 1:colcon.colcon_core.environment:checking '/root/ws_ros2/ZRobot_Next/install/zrobot_interfaces' for CMake config files
[1.230s] Level 1:colcon.colcon_core.shell:create_environment_hook('zrobot_interfaces', 'cmake_prefix_path')
[1.231s] INFO:colcon.colcon_core.shell:Creating environment hook '/root/ws_ros2/ZRobot_Next/install/zrobot_interfaces/share/zrobot_interfaces/hook/cmake_prefix_path.ps1'
[1.231s] INFO:colcon.colcon_core.shell:Creating environment descriptor '/root/ws_ros2/ZRobot_Next/install/zrobot_interfaces/share/zrobot_interfaces/hook/cmake_prefix_path.dsv'
[1.232s] INFO:colcon.colcon_core.shell:Creating environment hook '/root/ws_ros2/ZRobot_Next/install/zrobot_interfaces/share/zrobot_interfaces/hook/cmake_prefix_path.sh'
[1.233s] Level 1:colcon.colcon_core.environment:checking '/root/ws_ros2/ZRobot_Next/install/zrobot_interfaces/lib'
[1.233s] Level 1:colcon.colcon_core.shell:create_environment_hook('zrobot_interfaces', 'ld_library_path_lib')
[1.233s] INFO:colcon.colcon_core.shell:Creating environment hook '/root/ws_ros2/ZRobot_Next/install/zrobot_interfaces/share/zrobot_interfaces/hook/ld_library_path_lib.ps1'
[1.234s] INFO:colcon.colcon_core.shell:Creating environment descriptor '/root/ws_ros2/ZRobot_Next/install/zrobot_interfaces/share/zrobot_interfaces/hook/ld_library_path_lib.dsv'
[1.234s] INFO:colcon.colcon_core.shell:Creating environment hook '/root/ws_ros2/ZRobot_Next/install/zrobot_interfaces/share/zrobot_interfaces/hook/ld_library_path_lib.sh'
[1.235s] Level 1:colcon.colcon_core.environment:checking '/root/ws_ros2/ZRobot_Next/install/zrobot_interfaces/bin'
[1.235s] Level 1:colcon.colcon_core.environment:checking '/root/ws_ros2/ZRobot_Next/install/zrobot_interfaces/lib/pkgconfig/zrobot_interfaces.pc'
[1.235s] Level 1:colcon.colcon_core.environment:checking '/root/ws_ros2/ZRobot_Next/install/zrobot_interfaces/lib/python3.12/site-packages'
[1.235s] Level 1:colcon.colcon_core.shell:create_environment_hook('zrobot_interfaces', 'pythonpath')
[1.236s] INFO:colcon.colcon_core.shell:Creating environment hook '/root/ws_ros2/ZRobot_Next/install/zrobot_interfaces/share/zrobot_interfaces/hook/pythonpath.ps1'
[1.236s] INFO:colcon.colcon_core.shell:Creating environment descriptor '/root/ws_ros2/ZRobot_Next/install/zrobot_interfaces/share/zrobot_interfaces/hook/pythonpath.dsv'
[1.237s] INFO:colcon.colcon_core.shell:Creating environment hook '/root/ws_ros2/ZRobot_Next/install/zrobot_interfaces/share/zrobot_interfaces/hook/pythonpath.sh'
[1.238s] Level 1:colcon.colcon_core.environment:checking '/root/ws_ros2/ZRobot_Next/install/zrobot_interfaces/bin'
[1.238s] INFO:colcon.colcon_core.shell:Creating package script '/root/ws_ros2/ZRobot_Next/install/zrobot_interfaces/share/zrobot_interfaces/package.ps1'
[1.239s] INFO:colcon.colcon_core.shell:Creating package descriptor '/root/ws_ros2/ZRobot_Next/install/zrobot_interfaces/share/zrobot_interfaces/package.dsv'
[1.240s] INFO:colcon.colcon_core.shell:Creating package script '/root/ws_ros2/ZRobot_Next/install/zrobot_interfaces/share/zrobot_interfaces/package.sh'
[1.241s] INFO:colcon.colcon_core.shell:Creating package script '/root/ws_ros2/ZRobot_Next/install/zrobot_interfaces/share/zrobot_interfaces/package.bash'
[1.241s] INFO:colcon.colcon_core.shell:Creating package script '/root/ws_ros2/ZRobot_Next/install/zrobot_interfaces/share/zrobot_interfaces/package.zsh'
[1.242s] Level 1:colcon.colcon_core.environment:create_file_with_runtime_dependencies(/root/ws_ros2/ZRobot_Next/install/zrobot_interfaces/share/colcon-core/packages/zrobot_interfaces)
[1.244s] Level 1:colcon.colcon_core.environment:create_environment_scripts_only(zrobot_perception)
[1.244s] Level 1:colcon.colcon_core.environment:checking '/root/ws_ros2/ZRobot_Next/install/zrobot_perception' for CMake module files
[1.246s] Level 1:colcon.colcon_core.environment:checking '/root/ws_ros2/ZRobot_Next/install/zrobot_perception' for CMake config files
[1.249s] Level 1:colcon.colcon_core.shell:create_environment_hook('zrobot_perception', 'cmake_prefix_path')
[1.250s] INFO:colcon.colcon_core.shell:Creating environment hook '/root/ws_ros2/ZRobot_Next/install/zrobot_perception/share/zrobot_perception/hook/cmake_prefix_path.ps1'
[1.251s] INFO:colcon.colcon_core.shell:Creating environment descriptor '/root/ws_ros2/ZRobot_Next/install/zrobot_perception/share/zrobot_perception/hook/cmake_prefix_path.dsv'
[1.252s] INFO:colcon.colcon_core.shell:Creating environment hook '/root/ws_ros2/ZRobot_Next/install/zrobot_perception/share/zrobot_perception/hook/cmake_prefix_path.sh'
[1.254s] Level 1:colcon.colcon_core.environment:checking '/root/ws_ros2/ZRobot_Next/install/zrobot_perception/lib'
[1.255s] Level 1:colcon.colcon_core.environment:checking '/root/ws_ros2/ZRobot_Next/install/zrobot_perception/bin'
[1.255s] Level 1:colcon.colcon_core.environment:checking '/root/ws_ros2/ZRobot_Next/install/zrobot_perception/lib/pkgconfig/zrobot_perception.pc'
[1.255s] Level 1:colcon.colcon_core.environment:checking '/root/ws_ros2/ZRobot_Next/install/zrobot_perception/lib/python3.12/site-packages'
[1.255s] Level 1:colcon.colcon_core.shell:create_environment_hook('zrobot_perception', 'pythonpath')
[1.255s] INFO:colcon.colcon_core.shell:Creating environment hook '/root/ws_ros2/ZRobot_Next/install/zrobot_perception/share/zrobot_perception/hook/pythonpath.ps1'
[1.257s] INFO:colcon.colcon_core.shell:Creating environment descriptor '/root/ws_ros2/ZRobot_Next/install/zrobot_perception/share/zrobot_perception/hook/pythonpath.dsv'
[1.258s] INFO:colcon.colcon_core.shell:Creating environment hook '/root/ws_ros2/ZRobot_Next/install/zrobot_perception/share/zrobot_perception/hook/pythonpath.sh'
[1.260s] Level 1:colcon.colcon_core.environment:checking '/root/ws_ros2/ZRobot_Next/install/zrobot_perception/bin'
[1.260s] INFO:colcon.colcon_core.shell:Creating package script '/root/ws_ros2/ZRobot_Next/install/zrobot_perception/share/zrobot_perception/package.ps1'
[1.262s] INFO:colcon.colcon_core.shell:Creating package descriptor '/root/ws_ros2/ZRobot_Next/install/zrobot_perception/share/zrobot_perception/package.dsv'
[1.263s] INFO:colcon.colcon_core.shell:Creating package script '/root/ws_ros2/ZRobot_Next/install/zrobot_perception/share/zrobot_perception/package.sh'
[1.264s] INFO:colcon.colcon_core.shell:Creating package script '/root/ws_ros2/ZRobot_Next/install/zrobot_perception/share/zrobot_perception/package.bash'
[1.266s] INFO:colcon.colcon_core.shell:Creating package script '/root/ws_ros2/ZRobot_Next/install/zrobot_perception/share/zrobot_perception/package.zsh'
[1.267s] Level 1:colcon.colcon_core.environment:create_file_with_runtime_dependencies(/root/ws_ros2/ZRobot_Next/install/zrobot_perception/share/colcon-core/packages/zrobot_perception)
[1.268s] DEBUG:colcon.colcon_core.event_handler.log_command:Invoked command in '/root/ws_ros2/ZRobot_Next/build/zrobot_perception' returned '0': CMAKE_PREFIX_PATH=/opt/ros/jazzy /usr/bin/cmake --install /root/ws_ros2/ZRobot_Next/build/zrobot_perception
[1.269s] Level 1:colcon.colcon_core.environment:create_environment_scripts_only(zrobot_perception)
[1.270s] Level 1:colcon.colcon_core.environment:checking '/root/ws_ros2/ZRobot_Next/install/zrobot_perception' for CMake module files
[1.270s] Level 1:colcon.colcon_core.environment:checking '/root/ws_ros2/ZRobot_Next/install/zrobot_perception' for CMake config files
[1.271s] Level 1:colcon.colcon_core.shell:create_environment_hook('zrobot_perception', 'cmake_prefix_path')
[1.271s] INFO:colcon.colcon_core.shell:Creating environment hook '/root/ws_ros2/ZRobot_Next/install/zrobot_perception/share/zrobot_perception/hook/cmake_prefix_path.ps1'
[1.272s] INFO:colcon.colcon_core.shell:Creating environment descriptor '/root/ws_ros2/ZRobot_Next/install/zrobot_perception/share/zrobot_perception/hook/cmake_prefix_path.dsv'
[1.272s] INFO:colcon.colcon_core.shell:Creating environment hook '/root/ws_ros2/ZRobot_Next/install/zrobot_perception/share/zrobot_perception/hook/cmake_prefix_path.sh'
[1.273s] Level 1:colcon.colcon_core.environment:checking '/root/ws_ros2/ZRobot_Next/install/zrobot_perception/lib'
[1.273s] Level 1:colcon.colcon_core.environment:checking '/root/ws_ros2/ZRobot_Next/install/zrobot_perception/bin'
[1.274s] Level 1:colcon.colcon_core.environment:checking '/root/ws_ros2/ZRobot_Next/install/zrobot_perception/lib/pkgconfig/zrobot_perception.pc'
[1.274s] Level 1:colcon.colcon_core.environment:checking '/root/ws_ros2/ZRobot_Next/install/zrobot_perception/lib/python3.12/site-packages'
[1.274s] Level 1:colcon.colcon_core.shell:create_environment_hook('zrobot_perception', 'pythonpath')
[1.274s] INFO:colcon.colcon_core.shell:Creating environment hook '/root/ws_ros2/ZRobot_Next/install/zrobot_perception/share/zrobot_perception/hook/pythonpath.ps1'
[1.275s] INFO:colcon.colcon_core.shell:Creating environment descriptor '/root/ws_ros2/ZRobot_Next/install/zrobot_perception/share/zrobot_perception/hook/pythonpath.dsv'
[1.275s] INFO:colcon.colcon_core.shell:Creating environment hook '/root/ws_ros2/ZRobot_Next/install/zrobot_perception/share/zrobot_perception/hook/pythonpath.sh'
[1.276s] Level 1:colcon.colcon_core.environment:checking '/root/ws_ros2/ZRobot_Next/install/zrobot_perception/bin'
[1.277s] INFO:colcon.colcon_core.shell:Creating package script '/root/ws_ros2/ZRobot_Next/install/zrobot_perception/share/zrobot_perception/package.ps1'
[1.278s] INFO:colcon.colcon_core.shell:Creating package descriptor '/root/ws_ros2/ZRobot_Next/install/zrobot_perception/share/zrobot_perception/package.dsv'
[1.278s] INFO:colcon.colcon_core.shell:Creating package script '/root/ws_ros2/ZRobot_Next/install/zrobot_perception/share/zrobot_perception/package.sh'
[1.279s] INFO:colcon.colcon_core.shell:Creating package script '/root/ws_ros2/ZRobot_Next/install/zrobot_perception/share/zrobot_perception/package.bash'
[1.279s] INFO:colcon.colcon_core.shell:Creating package script '/root/ws_ros2/ZRobot_Next/install/zrobot_perception/share/zrobot_perception/package.zsh'
[1.280s] Level 1:colcon.colcon_core.environment:create_file_with_runtime_dependencies(/root/ws_ros2/ZRobot_Next/install/zrobot_perception/share/colcon-core/packages/zrobot_perception)
[21.596s] DEBUG:colcon.colcon_core.event_handler.log_command:Invoked command in '/root/ws_ros2/ZRobot_Next/build/zrobot_control' returned '0': CMAKE_PREFIX_PATH=/opt/ros/jazzy /usr/bin/cmake --build /root/ws_ros2/ZRobot_Next/build/zrobot_control -- -j8 -l8
[21.598s] DEBUG:colcon.colcon_core.event_handler.log_command:Invoking command in '/root/ws_ros2/ZRobot_Next/build/zrobot_control': CMAKE_PREFIX_PATH=/opt/ros/jazzy /usr/bin/cmake --install /root/ws_ros2/ZRobot_Next/build/zrobot_control
[21.650s] Level 1:colcon.colcon_core.environment:create_environment_scripts_only(zrobot_control)
[21.650s] Level 1:colcon.colcon_core.environment:checking '/root/ws_ros2/ZRobot_Next/install/zrobot_control' for CMake module files
[21.653s] Level 1:colcon.colcon_core.environment:checking '/root/ws_ros2/ZRobot_Next/install/zrobot_control' for CMake config files
[21.656s] DEBUG:colcon.colcon_core.event_handler.log_command:Invoked command in '/root/ws_ros2/ZRobot_Next/build/zrobot_control' returned '0': CMAKE_PREFIX_PATH=/opt/ros/jazzy /usr/bin/cmake --install /root/ws_ros2/ZRobot_Next/build/zrobot_control
[21.656s] Level 1:colcon.colcon_core.shell:create_environment_hook('zrobot_control', 'cmake_prefix_path')
[21.657s] INFO:colcon.colcon_core.shell:Creating environment hook '/root/ws_ros2/ZRobot_Next/install/zrobot_control/share/zrobot_control/hook/cmake_prefix_path.ps1'
[21.658s] INFO:colcon.colcon_core.shell:Creating environment descriptor '/root/ws_ros2/ZRobot_Next/install/zrobot_control/share/zrobot_control/hook/cmake_prefix_path.dsv'
[21.658s] INFO:colcon.colcon_core.shell:Creating environment hook '/root/ws_ros2/ZRobot_Next/install/zrobot_control/share/zrobot_control/hook/cmake_prefix_path.sh'
[21.659s] Level 1:colcon.colcon_core.environment:checking '/root/ws_ros2/ZRobot_Next/install/zrobot_control/lib'
[21.660s] Level 1:colcon.colcon_core.environment:checking '/root/ws_ros2/ZRobot_Next/install/zrobot_control/bin'
[21.660s] Level 1:colcon.colcon_core.environment:checking '/root/ws_ros2/ZRobot_Next/install/zrobot_control/lib/pkgconfig/zrobot_control.pc'
[21.660s] Level 1:colcon.colcon_core.environment:checking '/root/ws_ros2/ZRobot_Next/install/zrobot_control/lib/python3.12/site-packages'
[21.661s] Level 1:colcon.colcon_core.environment:checking '/root/ws_ros2/ZRobot_Next/install/zrobot_control/bin'
[21.661s] INFO:colcon.colcon_core.shell:Creating package script '/root/ws_ros2/ZRobot_Next/install/zrobot_control/share/zrobot_control/package.ps1'
[21.662s] INFO:colcon.colcon_core.shell:Creating package descriptor '/root/ws_ros2/ZRobot_Next/install/zrobot_control/share/zrobot_control/package.dsv'
[21.662s] INFO:colcon.colcon_core.shell:Creating package script '/root/ws_ros2/ZRobot_Next/install/zrobot_control/share/zrobot_control/package.sh'
[21.663s] INFO:colcon.colcon_core.shell:Creating package script '/root/ws_ros2/ZRobot_Next/install/zrobot_control/share/zrobot_control/package.bash'
[21.663s] INFO:colcon.colcon_core.shell:Creating package script '/root/ws_ros2/ZRobot_Next/install/zrobot_control/share/zrobot_control/package.zsh'
[21.664s] Level 1:colcon.colcon_core.environment:create_file_with_runtime_dependencies(/root/ws_ros2/ZRobot_Next/install/zrobot_control/share/colcon-core/packages/zrobot_control)
[21.665s] Level 1:colcon.colcon_core.environment:create_environment_scripts_only(zrobot_control)
[21.665s] Level 1:colcon.colcon_core.environment:checking '/root/ws_ros2/ZRobot_Next/install/zrobot_control' for CMake module files
[21.666s] Level 1:colcon.colcon_core.environment:checking '/root/ws_ros2/ZRobot_Next/install/zrobot_control' for CMake config files
[21.666s] Level 1:colcon.colcon_core.shell:create_environment_hook('zrobot_control', 'cmake_prefix_path')
[21.666s] INFO:colcon.colcon_core.shell:Creating environment hook '/root/ws_ros2/ZRobot_Next/install/zrobot_control/share/zrobot_control/hook/cmake_prefix_path.ps1'
[21.667s] INFO:colcon.colcon_core.shell:Creating environment descriptor '/root/ws_ros2/ZRobot_Next/install/zrobot_control/share/zrobot_control/hook/cmake_prefix_path.dsv'
[21.667s] INFO:colcon.colcon_core.shell:Creating environment hook '/root/ws_ros2/ZRobot_Next/install/zrobot_control/share/zrobot_control/hook/cmake_prefix_path.sh'
[21.668s] Level 1:colcon.colcon_core.environment:checking '/root/ws_ros2/ZRobot_Next/install/zrobot_control/lib'
[21.668s] Level 1:colcon.colcon_core.environment:checking '/root/ws_ros2/ZRobot_Next/install/zrobot_control/bin'
[21.668s] Level 1:colcon.colcon_core.environment:checking '/root/ws_ros2/ZRobot_Next/install/zrobot_control/lib/pkgconfig/zrobot_control.pc'
[21.668s] Level 1:colcon.colcon_core.environment:checking '/root/ws_ros2/ZRobot_Next/install/zrobot_control/lib/python3.12/site-packages'
[21.669s] Level 1:colcon.colcon_core.environment:checking '/root/ws_ros2/ZRobot_Next/install/zrobot_control/bin'
[21.669s] INFO:colcon.colcon_core.shell:Creating package script '/root/ws_ros2/ZRobot_Next/install/zrobot_control/share/zrobot_control/package.ps1'
[21.670s] INFO:colcon.colcon_core.shell:Creating package descriptor '/root/ws_ros2/ZRobot_Next/install/zrobot_control/share/zrobot_control/package.dsv'
[21.670s] INFO:colcon.colcon_core.shell:Creating package script '/root/ws_ros2/ZRobot_Next/install/zrobot_control/share/zrobot_control/package.sh'
[21.671s] INFO:colcon.colcon_core.shell:Creating package script '/root/ws_ros2/ZRobot_Next/install/zrobot_control/share/zrobot_control/package.bash'
[21.671s] INFO:colcon.colcon_core.shell:Creating package script '/root/ws_ros2/ZRobot_Next/install/zrobot_control/share/zrobot_control/package.zsh'
[21.672s] Level 1:colcon.colcon_core.environment:create_file_with_runtime_dependencies(/root/ws_ros2/ZRobot_Next/install/zrobot_control/share/colcon-core/packages/zrobot_control)
[21.672s] INFO:colcon.colcon_ros.task.ament_cmake.build:Building ROS package in '/root/ws_ros2/ZRobot_Next/zrobot_bringup' with build type 'ament_cmake'
[21.673s] INFO:colcon.colcon_cmake.task.cmake.build:Building CMake package in '/root/ws_ros2/ZRobot_Next/zrobot_bringup'
[21.673s] INFO:colcon.colcon_core.shell:Skip shell extension 'powershell' for command environment: Not usable outside of PowerShell
[21.673s] DEBUG:colcon.colcon_core.shell:Skip shell extension 'dsv' for command environment
[21.691s] DEBUG:colcon.colcon_core.event_handler.log_command:Invoking command in '/root/ws_ros2/ZRobot_Next/build/zrobot_bringup': AMENT_PREFIX_PATH=/root/ws_ros2/ZRobot_Next/install/zrobot_perception:/root/ws_ros2/ZRobot_Next/install/zrobot_control:${AMENT_PREFIX_PATH} CMAKE_PREFIX_PATH=/root/ws_ros2/ZRobot_Next/install/zrobot_perception:/root/ws_ros2/ZRobot_Next/install/zrobot_control:/opt/ros/jazzy PYTHONPATH=/root/ws_ros2/ZRobot_Next/install/zrobot_perception/lib/python3.12/site-packages:${PYTHONPATH} /usr/bin/cmake --build /root/ws_ros2/ZRobot_Next/build/zrobot_bringup -- -j8 -l8
[21.817s] DEBUG:colcon.colcon_core.event_handler.log_command:Invoked command in '/root/ws_ros2/ZRobot_Next/build/zrobot_bringup' returned '0': AMENT_PREFIX_PATH=/root/ws_ros2/ZRobot_Next/install/zrobot_perception:/root/ws_ros2/ZRobot_Next/install/zrobot_control:${AMENT_PREFIX_PATH} CMAKE_PREFIX_PATH=/root/ws_ros2/ZRobot_Next/install/zrobot_perception:/root/ws_ros2/ZRobot_Next/install/zrobot_control:/opt/ros/jazzy PYTHONPATH=/root/ws_ros2/ZRobot_Next/install/zrobot_perception/lib/python3.12/site-packages:${PYTHONPATH} /usr/bin/cmake --build /root/ws_ros2/ZRobot_Next/build/zrobot_bringup -- -j8 -l8
[21.818s] DEBUG:colcon.colcon_core.event_handler.log_command:Invoking command in '/root/ws_ros2/ZRobot_Next/build/zrobot_bringup': AMENT_PREFIX_PATH=/root/ws_ros2/ZRobot_Next/install/zrobot_perception:/root/ws_ros2/ZRobot_Next/install/zrobot_control:${AMENT_PREFIX_PATH} CMAKE_PREFIX_PATH=/root/ws_ros2/ZRobot_Next/install/zrobot_perception:/root/ws_ros2/ZRobot_Next/install/zrobot_control:/opt/ros/jazzy PYTHONPATH=/root/ws_ros2/ZRobot_Next/install/zrobot_perception/lib/python3.12/site-packages:${PYTHONPATH} /usr/bin/cmake --install /root/ws_ros2/ZRobot_Next/build/zrobot_bringup
[21.850s] Level 1:colcon.colcon_core.environment:create_environment_scripts_only(zrobot_bringup)
[21.850s] Level 1:colcon.colcon_core.environment:checking '/root/ws_ros2/ZRobot_Next/install/zrobot_bringup' for CMake module files
[21.851s] DEBUG:colcon.colcon_core.event_handler.log_command:Invoked command in '/root/ws_ros2/ZRobot_Next/build/zrobot_bringup' returned '0': AMENT_PREFIX_PATH=/root/ws_ros2/ZRobot_Next/install/zrobot_perception:/root/ws_ros2/ZRobot_Next/install/zrobot_control:${AMENT_PREFIX_PATH} CMAKE_PREFIX_PATH=/root/ws_ros2/ZRobot_Next/install/zrobot_perception:/root/ws_ros2/ZRobot_Next/install/zrobot_control:/opt/ros/jazzy PYTHONPATH=/root/ws_ros2/ZRobot_Next/install/zrobot_perception/lib/python3.12/site-packages:${PYTHONPATH} /usr/bin/cmake --install /root/ws_ros2/ZRobot_Next/build/zrobot_bringup
[21.852s] Level 1:colcon.colcon_core.environment:checking '/root/ws_ros2/ZRobot_Next/install/zrobot_bringup' for CMake config files
[21.852s] Level 1:colcon.colcon_core.shell:create_environment_hook('zrobot_bringup', 'cmake_prefix_path')
[21.853s] INFO:colcon.colcon_core.shell:Creating environment hook '/root/ws_ros2/ZRobot_Next/install/zrobot_bringup/share/zrobot_bringup/hook/cmake_prefix_path.ps1'
[21.854s] INFO:colcon.colcon_core.shell:Creating environment descriptor '/root/ws_ros2/ZRobot_Next/install/zrobot_bringup/share/zrobot_bringup/hook/cmake_prefix_path.dsv'
[21.854s] INFO:colcon.colcon_core.shell:Creating environment hook '/root/ws_ros2/ZRobot_Next/install/zrobot_bringup/share/zrobot_bringup/hook/cmake_prefix_path.sh'
[21.856s] Level 1:colcon.colcon_core.environment:checking '/root/ws_ros2/ZRobot_Next/install/zrobot_bringup/lib'
[21.856s] Level 1:colcon.colcon_core.environment:checking '/root/ws_ros2/ZRobot_Next/install/zrobot_bringup/bin'
[21.856s] Level 1:colcon.colcon_core.environment:checking '/root/ws_ros2/ZRobot_Next/install/zrobot_bringup/lib/pkgconfig/zrobot_bringup.pc'
[21.856s] Level 1:colcon.colcon_core.environment:checking '/root/ws_ros2/ZRobot_Next/install/zrobot_bringup/lib/python3.12/site-packages'
[21.857s] Level 1:colcon.colcon_core.environment:checking '/root/ws_ros2/ZRobot_Next/install/zrobot_bringup/bin'
[21.857s] INFO:colcon.colcon_core.shell:Creating package script '/root/ws_ros2/ZRobot_Next/install/zrobot_bringup/share/zrobot_bringup/package.ps1'
[21.858s] INFO:colcon.colcon_core.shell:Creating package descriptor '/root/ws_ros2/ZRobot_Next/install/zrobot_bringup/share/zrobot_bringup/package.dsv'
[21.859s] INFO:colcon.colcon_core.shell:Creating package script '/root/ws_ros2/ZRobot_Next/install/zrobot_bringup/share/zrobot_bringup/package.sh'
[21.859s] INFO:colcon.colcon_core.shell:Creating package script '/root/ws_ros2/ZRobot_Next/install/zrobot_bringup/share/zrobot_bringup/package.bash'
[21.860s] INFO:colcon.colcon_core.shell:Creating package script '/root/ws_ros2/ZRobot_Next/install/zrobot_bringup/share/zrobot_bringup/package.zsh'
[21.861s] Level 1:colcon.colcon_core.environment:create_file_with_runtime_dependencies(/root/ws_ros2/ZRobot_Next/install/zrobot_bringup/share/colcon-core/packages/zrobot_bringup)
[21.861s] Level 1:colcon.colcon_core.environment:create_environment_scripts_only(zrobot_bringup)
[21.862s] Level 1:colcon.colcon_core.environment:checking '/root/ws_ros2/ZRobot_Next/install/zrobot_bringup' for CMake module files
[21.862s] Level 1:colcon.colcon_core.environment:checking '/root/ws_ros2/ZRobot_Next/install/zrobot_bringup' for CMake config files
[21.863s] Level 1:colcon.colcon_core.shell:create_environment_hook('zrobot_bringup', 'cmake_prefix_path')
[21.863s] INFO:colcon.colcon_core.shell:Creating environment hook '/root/ws_ros2/ZRobot_Next/install/zrobot_bringup/share/zrobot_bringup/hook/cmake_prefix_path.ps1'
[21.864s] INFO:colcon.colcon_core.shell:Creating environment descriptor '/root/ws_ros2/ZRobot_Next/install/zrobot_bringup/share/zrobot_bringup/hook/cmake_prefix_path.dsv'
[21.864s] INFO:colcon.colcon_core.shell:Creating environment hook '/root/ws_ros2/ZRobot_Next/install/zrobot_bringup/share/zrobot_bringup/hook/cmake_prefix_path.sh'
[21.865s] Level 1:colcon.colcon_core.environment:checking '/root/ws_ros2/ZRobot_Next/install/zrobot_bringup/lib'
[21.865s] Level 1:colcon.colcon_core.environment:checking '/root/ws_ros2/ZRobot_Next/install/zrobot_bringup/bin'
[21.865s] Level 1:colcon.colcon_core.environment:checking '/root/ws_ros2/ZRobot_Next/install/zrobot_bringup/lib/pkgconfig/zrobot_bringup.pc'
[21.865s] Level 1:colcon.colcon_core.environment:checking '/root/ws_ros2/ZRobot_Next/install/zrobot_bringup/lib/python3.12/site-packages'
[21.866s] Level 1:colcon.colcon_core.environment:checking '/root/ws_ros2/ZRobot_Next/install/zrobot_bringup/bin'
[21.866s] INFO:colcon.colcon_core.shell:Creating package script '/root/ws_ros2/ZRobot_Next/install/zrobot_bringup/share/zrobot_bringup/package.ps1'
[21.867s] INFO:colcon.colcon_core.shell:Creating package descriptor '/root/ws_ros2/ZRobot_Next/install/zrobot_bringup/share/zrobot_bringup/package.dsv'
[21.868s] INFO:colcon.colcon_core.shell:Creating package script '/root/ws_ros2/ZRobot_Next/install/zrobot_bringup/share/zrobot_bringup/package.sh'
[21.868s] INFO:colcon.colcon_core.shell:Creating package script '/root/ws_ros2/ZRobot_Next/install/zrobot_bringup/share/zrobot_bringup/package.bash'
[21.869s] INFO:colcon.colcon_core.shell:Creating package script '/root/ws_ros2/ZRobot_Next/install/zrobot_bringup/share/zrobot_bringup/package.zsh'
[21.870s] Level 1:colcon.colcon_core.environment:create_file_with_runtime_dependencies(/root/ws_ros2/ZRobot_Next/install/zrobot_bringup/share/colcon-core/packages/zrobot_bringup)
[21.870s] DEBUG:colcon.colcon_parallel_executor.executor.parallel:closing loop
[21.871s] DEBUG:colcon.colcon_parallel_executor.executor.parallel:loop closed
[21.871s] DEBUG:colcon.colcon_parallel_executor.executor.parallel:run_until_complete finished with '0'
[21.871s] DEBUG:colcon.colcon_core.event_reactor:joining thread
[21.882s] INFO:colcon.colcon_core.plugin_system:Skipping extension 'colcon_notification.desktop_notification.notify_send': Could not find 'notify-send'
[21.882s] INFO:colcon.colcon_core.plugin_system:Skipping extension 'colcon_notification.desktop_notification.terminal_notifier': Not used on non-Darwin systems
[21.882s] INFO:colcon.colcon_core.plugin_system:Skipping extension 'colcon_notification.desktop_notification.win32': Not used on non-Windows systems
[21.882s] INFO:colcon.colcon_notification.desktop_notification:Sending desktop notification using 'notify2'
[21.882s] DEBUG:colcon.colcon_notification.desktop_notification.notify2:Failed to initialize notify2: org.freedesktop.DBus.Error.NotSupported: Unable to autolaunch a dbus-daemon without a $DISPLAY for X11
[21.883s] DEBUG:colcon.colcon_core.event_reactor:joined thread
[21.883s] INFO:colcon.colcon_core.shell:Creating prefix script '/root/ws_ros2/ZRobot_Next/install/local_setup.ps1'
[21.884s] INFO:colcon.colcon_core.shell:Creating prefix util module '/root/ws_ros2/ZRobot_Next/install/_local_setup_util_ps1.py'
[21.886s] INFO:colcon.colcon_core.shell:Creating prefix chain script '/root/ws_ros2/ZRobot_Next/install/setup.ps1'
[21.887s] INFO:colcon.colcon_core.shell:Creating prefix script '/root/ws_ros2/ZRobot_Next/install/local_setup.sh'
[21.888s] INFO:colcon.colcon_core.shell:Creating prefix util module '/root/ws_ros2/ZRobot_Next/install/_local_setup_util_sh.py'
[21.888s] INFO:colcon.colcon_core.shell:Creating prefix chain script '/root/ws_ros2/ZRobot_Next/install/setup.sh'
[21.889s] INFO:colcon.colcon_core.shell:Creating prefix script '/root/ws_ros2/ZRobot_Next/install/local_setup.bash'
[21.890s] INFO:colcon.colcon_core.shell:Creating prefix chain script '/root/ws_ros2/ZRobot_Next/install/setup.bash'
[21.891s] INFO:colcon.colcon_core.shell:Creating prefix script '/root/ws_ros2/ZRobot_Next/install/local_setup.zsh'
[21.891s] INFO:colcon.colcon_core.shell:Creating prefix chain script '/root/ws_ros2/ZRobot_Next/install/setup.zsh'
