[0.046s] Invoking command in '/root/ws_ros2/ZRobot_Next/build/zrobot_interfaces': CMAKE_PREFIX_PATH=${CMAKE_PREFIX_PATH}:/opt/ros/jazzy /usr/bin/cmake --build /root/ws_ros2/ZRobot_Next/build/zrobot_interfaces -- -j8 -l8
[0.237s] [  1%] Built target zrobot_interfaces__rosidl_generator_type_description
[0.255s] [  1%] Built target ament_cmake_python_copy_zrobot_interfaces
[0.261s] [  3%] Built target zrobot_interfaces__cpp
[0.298s] [ 25%] Built target zrobot_interfaces__rosidl_generator_c
[0.338s] [ 34%] Built target zrobot_interfaces__rosidl_typesupport_introspection_c
[0.339s] [ 43%] Built target zrobot_interfaces__rosidl_typesupport_fastrtps_cpp
[0.375s] [ 53%] Built target zrobot_interfaces__rosidl_typesupport_cpp
[0.390s] [ 62%] Built target zrobot_interfaces__rosidl_typesupport_introspection_cpp
[0.393s] [ 71%] Built target zrobot_interfaces__rosidl_typesupport_c
[0.399s] [ 81%] Built target zrobot_interfaces__rosidl_typesupport_fastrtps_c
[0.476s] [ 81%] Built target zrobot_interfaces
[0.552s] [ 82%] Built target zrobot_interfaces__py
[0.600s] running egg_info
[0.624s] writing zrobot_interfaces.egg-info/PKG-INFO
[0.624s] writing dependency_links to zrobot_interfaces.egg-info/dependency_links.txt
[0.625s] writing top-level names to zrobot_interfaces.egg-info/top_level.txt
[0.642s] [ 90%] Built target zrobot_interfaces__rosidl_generator_py
[0.694s] reading manifest file 'zrobot_interfaces.egg-info/SOURCES.txt'
[0.695s] writing manifest file 'zrobot_interfaces.egg-info/SOURCES.txt'
[0.716s] [ 93%] Built target zrobot_interfaces_s__rosidl_typesupport_fastrtps_c
[0.740s] [100%] Built target zrobot_interfaces_s__rosidl_typesupport_c
[0.740s] [100%] Built target zrobot_interfaces_s__rosidl_typesupport_introspection_c
[0.777s] [100%] Built target ament_cmake_python_build_zrobot_interfaces_egg
[0.811s] Invoked command in '/root/ws_ros2/ZRobot_Next/build/zrobot_interfaces' returned '0': CMAKE_PREFIX_PATH=${CMAKE_PREFIX_PATH}:/opt/ros/jazzy /usr/bin/cmake --build /root/ws_ros2/ZRobot_Next/build/zrobot_interfaces -- -j8 -l8
[0.814s] Invoking command in '/root/ws_ros2/ZRobot_Next/build/zrobot_interfaces': CMAKE_PREFIX_PATH=${CMAKE_PREFIX_PATH}:/opt/ros/jazzy /usr/bin/cmake --install /root/ws_ros2/ZRobot_Next/build/zrobot_interfaces
[0.843s] -- Install configuration: ""
[0.844s] -- Up-to-date: /root/ws_ros2/ZRobot_Next/install/zrobot_interfaces/share/ament_index/resource_index/rosidl_interfaces/zrobot_interfaces
[0.845s] -- Up-to-date: /root/ws_ros2/ZRobot_Next/install/zrobot_interfaces/share/zrobot_interfaces/msg/DetectionStatus.json
[0.846s] -- Up-to-date: /root/ws_ros2/ZRobot_Next/install/zrobot_interfaces/share/zrobot_interfaces/msg/MotorCommand.json
[0.847s] -- Up-to-date: /root/ws_ros2/ZRobot_Next/install/zrobot_interfaces/share/zrobot_interfaces/srv/SetTarget.json
[0.848s] -- Up-to-date: /root/ws_ros2/ZRobot_Next/install/zrobot_interfaces/share/zrobot_interfaces/srv/SetConfig.json
[0.849s] -- Up-to-date: /root/ws_ros2/ZRobot_Next/install/zrobot_interfaces/include/zrobot_interfaces/zrobot_interfaces
[0.850s] -- Up-to-date: /root/ws_ros2/ZRobot_Next/install/zrobot_interfaces/include/zrobot_interfaces/zrobot_interfaces/srv
[0.851s] -- Up-to-date: /root/ws_ros2/ZRobot_Next/install/zrobot_interfaces/include/zrobot_interfaces/zrobot_interfaces/srv/detail
[0.852s] -- Up-to-date: /root/ws_ros2/ZRobot_Next/install/zrobot_interfaces/include/zrobot_interfaces/zrobot_interfaces/srv/detail/set_target__struct.h
[0.853s] -- Up-to-date: /root/ws_ros2/ZRobot_Next/install/zrobot_interfaces/include/zrobot_interfaces/zrobot_interfaces/srv/detail/set_target__type_support.h
[0.854s] -- Up-to-date: /root/ws_ros2/ZRobot_Next/install/zrobot_interfaces/include/zrobot_interfaces/zrobot_interfaces/srv/detail/set_config__functions.h
[0.854s] -- Up-to-date: /root/ws_ros2/ZRobot_Next/install/zrobot_interfaces/include/zrobot_interfaces/zrobot_interfaces/srv/detail/set_config__description.c
[0.855s] -- Up-to-date: /root/ws_ros2/ZRobot_Next/install/zrobot_interfaces/include/zrobot_interfaces/zrobot_interfaces/srv/detail/set_config__functions.c
[0.855s] -- Up-to-date: /root/ws_ros2/ZRobot_Next/install/zrobot_interfaces/include/zrobot_interfaces/zrobot_interfaces/srv/detail/set_config__type_support.h
[0.855s] -- Up-to-date: /root/ws_ros2/ZRobot_Next/install/zrobot_interfaces/include/zrobot_interfaces/zrobot_interfaces/srv/detail/set_target__functions.h
[0.856s] -- Installing: /root/ws_ros2/ZRobot_Next/install/zrobot_interfaces/include/zrobot_interfaces/zrobot_interfaces/srv/detail/set_target__type_support.c
[0.856s] -- Up-to-date: /root/ws_ros2/ZRobot_Next/install/zrobot_interfaces/include/zrobot_interfaces/zrobot_interfaces/srv/detail/set_config__struct.h
[0.857s] -- Installing: /root/ws_ros2/ZRobot_Next/install/zrobot_interfaces/include/zrobot_interfaces/zrobot_interfaces/srv/detail/set_config__type_support.c
[0.857s] -- Up-to-date: /root/ws_ros2/ZRobot_Next/install/zrobot_interfaces/include/zrobot_interfaces/zrobot_interfaces/srv/detail/set_target__functions.c
[0.858s] -- Up-to-date: /root/ws_ros2/ZRobot_Next/install/zrobot_interfaces/include/zrobot_interfaces/zrobot_interfaces/srv/detail/set_target__description.c
[0.858s] -- Up-to-date: /root/ws_ros2/ZRobot_Next/install/zrobot_interfaces/include/zrobot_interfaces/zrobot_interfaces/srv/set_config.h
[0.858s] -- Up-to-date: /root/ws_ros2/ZRobot_Next/install/zrobot_interfaces/include/zrobot_interfaces/zrobot_interfaces/srv/set_target.h
[0.859s] -- Up-to-date: /root/ws_ros2/ZRobot_Next/install/zrobot_interfaces/include/zrobot_interfaces/zrobot_interfaces/msg
[0.862s] -- Up-to-date: /root/ws_ros2/ZRobot_Next/install/zrobot_interfaces/include/zrobot_interfaces/zrobot_interfaces/msg/detail
[0.862s] -- Installing: /root/ws_ros2/ZRobot_Next/install/zrobot_interfaces/include/zrobot_interfaces/zrobot_interfaces/msg/detail/detection_status__type_support.c
[0.863s] -- Up-to-date: /root/ws_ros2/ZRobot_Next/install/zrobot_interfaces/include/zrobot_interfaces/zrobot_interfaces/msg/detail/detection_status__type_support.h
[0.863s] -- Up-to-date: /root/ws_ros2/ZRobot_Next/install/zrobot_interfaces/include/zrobot_interfaces/zrobot_interfaces/msg/detail/detection_status__functions.c
[0.864s] -- Up-to-date: /root/ws_ros2/ZRobot_Next/install/zrobot_interfaces/include/zrobot_interfaces/zrobot_interfaces/msg/detail/motor_command__type_support.h
[0.865s] -- Up-to-date: /root/ws_ros2/ZRobot_Next/install/zrobot_interfaces/include/zrobot_interfaces/zrobot_interfaces/msg/detail/motor_command__functions.c
[0.865s] -- Installing: /root/ws_ros2/ZRobot_Next/install/zrobot_interfaces/include/zrobot_interfaces/zrobot_interfaces/msg/detail/motor_command__type_support.c
[0.869s] -- Up-to-date: /root/ws_ros2/ZRobot_Next/install/zrobot_interfaces/include/zrobot_interfaces/zrobot_interfaces/msg/detail/motor_command__struct.h
[0.869s] -- Up-to-date: /root/ws_ros2/ZRobot_Next/install/zrobot_interfaces/include/zrobot_interfaces/zrobot_interfaces/msg/detail/motor_command__description.c
[0.870s] -- Up-to-date: /root/ws_ros2/ZRobot_Next/install/zrobot_interfaces/include/zrobot_interfaces/zrobot_interfaces/msg/detail/detection_status__description.c
[0.871s] -- Up-to-date: /root/ws_ros2/ZRobot_Next/install/zrobot_interfaces/include/zrobot_interfaces/zrobot_interfaces/msg/detail/motor_command__functions.h
[0.871s] -- Up-to-date: /root/ws_ros2/ZRobot_Next/install/zrobot_interfaces/include/zrobot_interfaces/zrobot_interfaces/msg/detail/detection_status__functions.h
[0.873s] -- Up-to-date: /root/ws_ros2/ZRobot_Next/install/zrobot_interfaces/include/zrobot_interfaces/zrobot_interfaces/msg/detail/detection_status__struct.h
[0.874s] -- Up-to-date: /root/ws_ros2/ZRobot_Next/install/zrobot_interfaces/include/zrobot_interfaces/zrobot_interfaces/msg/rosidl_generator_c__visibility_control.h
[0.875s] -- Up-to-date: /root/ws_ros2/ZRobot_Next/install/zrobot_interfaces/include/zrobot_interfaces/zrobot_interfaces/msg/detection_status.h
[0.875s] -- Up-to-date: /root/ws_ros2/ZRobot_Next/install/zrobot_interfaces/include/zrobot_interfaces/zrobot_interfaces/msg/motor_command.h
[0.876s] -- Up-to-date: /root/ws_ros2/ZRobot_Next/install/zrobot_interfaces/share/zrobot_interfaces/environment/library_path.sh
[0.876s] -- Up-to-date: /root/ws_ros2/ZRobot_Next/install/zrobot_interfaces/share/zrobot_interfaces/environment/library_path.dsv
[0.878s] -- Up-to-date: /root/ws_ros2/ZRobot_Next/install/zrobot_interfaces/lib/libzrobot_interfaces__rosidl_generator_c.so
[0.878s] -- Up-to-date: /root/ws_ros2/ZRobot_Next/install/zrobot_interfaces/include/zrobot_interfaces/zrobot_interfaces
[0.879s] -- Up-to-date: /root/ws_ros2/ZRobot_Next/install/zrobot_interfaces/include/zrobot_interfaces/zrobot_interfaces/srv
[0.879s] -- Up-to-date: /root/ws_ros2/ZRobot_Next/install/zrobot_interfaces/include/zrobot_interfaces/zrobot_interfaces/srv/detail
[0.880s] -- Up-to-date: /root/ws_ros2/ZRobot_Next/install/zrobot_interfaces/include/zrobot_interfaces/zrobot_interfaces/srv/detail/set_config__rosidl_typesupport_fastrtps_c.h
[0.880s] -- Up-to-date: /root/ws_ros2/ZRobot_Next/install/zrobot_interfaces/include/zrobot_interfaces/zrobot_interfaces/srv/detail/set_target__rosidl_typesupport_fastrtps_c.h
[0.881s] -- Up-to-date: /root/ws_ros2/ZRobot_Next/install/zrobot_interfaces/include/zrobot_interfaces/zrobot_interfaces/msg
[0.881s] -- Up-to-date: /root/ws_ros2/ZRobot_Next/install/zrobot_interfaces/include/zrobot_interfaces/zrobot_interfaces/msg/detail
[0.883s] -- Up-to-date: /root/ws_ros2/ZRobot_Next/install/zrobot_interfaces/include/zrobot_interfaces/zrobot_interfaces/msg/detail/motor_command__rosidl_typesupport_fastrtps_c.h
[0.885s] -- Up-to-date: /root/ws_ros2/ZRobot_Next/install/zrobot_interfaces/include/zrobot_interfaces/zrobot_interfaces/msg/detail/detection_status__rosidl_typesupport_fastrtps_c.h
[0.885s] -- Up-to-date: /root/ws_ros2/ZRobot_Next/install/zrobot_interfaces/include/zrobot_interfaces/zrobot_interfaces/msg/rosidl_typesupport_fastrtps_c__visibility_control.h
[0.887s] -- Up-to-date: /root/ws_ros2/ZRobot_Next/install/zrobot_interfaces/lib/libzrobot_interfaces__rosidl_typesupport_fastrtps_c.so
[0.888s] -- Up-to-date: /root/ws_ros2/ZRobot_Next/install/zrobot_interfaces/include/zrobot_interfaces/zrobot_interfaces
[0.888s] -- Up-to-date: /root/ws_ros2/ZRobot_Next/install/zrobot_interfaces/include/zrobot_interfaces/zrobot_interfaces/srv
[0.890s] -- Up-to-date: /root/ws_ros2/ZRobot_Next/install/zrobot_interfaces/include/zrobot_interfaces/zrobot_interfaces/srv/detail
[0.891s] -- Up-to-date: /root/ws_ros2/ZRobot_Next/install/zrobot_interfaces/include/zrobot_interfaces/zrobot_interfaces/srv/detail/set_config__rosidl_typesupport_introspection_c.h
[0.892s] -- Up-to-date: /root/ws_ros2/ZRobot_Next/install/zrobot_interfaces/include/zrobot_interfaces/zrobot_interfaces/srv/detail/set_target__rosidl_typesupport_introspection_c.h
[0.893s] -- Installing: /root/ws_ros2/ZRobot_Next/install/zrobot_interfaces/include/zrobot_interfaces/zrobot_interfaces/srv/detail/set_target__type_support.c
[0.894s] -- Installing: /root/ws_ros2/ZRobot_Next/install/zrobot_interfaces/include/zrobot_interfaces/zrobot_interfaces/srv/detail/set_config__type_support.c
[0.895s] -- Up-to-date: /root/ws_ros2/ZRobot_Next/install/zrobot_interfaces/include/zrobot_interfaces/zrobot_interfaces/msg
[0.899s] -- Up-to-date: /root/ws_ros2/ZRobot_Next/install/zrobot_interfaces/include/zrobot_interfaces/zrobot_interfaces/msg/detail
[0.900s] -- Installing: /root/ws_ros2/ZRobot_Next/install/zrobot_interfaces/include/zrobot_interfaces/zrobot_interfaces/msg/detail/detection_status__type_support.c
[0.901s] -- Up-to-date: /root/ws_ros2/ZRobot_Next/install/zrobot_interfaces/include/zrobot_interfaces/zrobot_interfaces/msg/detail/detection_status__rosidl_typesupport_introspection_c.h
[0.901s] -- Installing: /root/ws_ros2/ZRobot_Next/install/zrobot_interfaces/include/zrobot_interfaces/zrobot_interfaces/msg/detail/motor_command__type_support.c
[0.902s] -- Up-to-date: /root/ws_ros2/ZRobot_Next/install/zrobot_interfaces/include/zrobot_interfaces/zrobot_interfaces/msg/detail/motor_command__rosidl_typesupport_introspection_c.h
[0.904s] -- Up-to-date: /root/ws_ros2/ZRobot_Next/install/zrobot_interfaces/include/zrobot_interfaces/zrobot_interfaces/msg/rosidl_typesupport_introspection_c__visibility_control.h
[0.904s] -- Up-to-date: /root/ws_ros2/ZRobot_Next/install/zrobot_interfaces/lib/libzrobot_interfaces__rosidl_typesupport_introspection_c.so
[0.906s] -- Up-to-date: /root/ws_ros2/ZRobot_Next/install/zrobot_interfaces/lib/libzrobot_interfaces__rosidl_typesupport_c.so
[0.907s] -- Up-to-date: /root/ws_ros2/ZRobot_Next/install/zrobot_interfaces/include/zrobot_interfaces/zrobot_interfaces
[0.909s] -- Up-to-date: /root/ws_ros2/ZRobot_Next/install/zrobot_interfaces/include/zrobot_interfaces/zrobot_interfaces/srv
[0.910s] -- Up-to-date: /root/ws_ros2/ZRobot_Next/install/zrobot_interfaces/include/zrobot_interfaces/zrobot_interfaces/srv/detail
[0.911s] -- Up-to-date: /root/ws_ros2/ZRobot_Next/install/zrobot_interfaces/include/zrobot_interfaces/zrobot_interfaces/srv/detail/set_target__traits.hpp
[0.912s] -- Up-to-date: /root/ws_ros2/ZRobot_Next/install/zrobot_interfaces/include/zrobot_interfaces/zrobot_interfaces/srv/detail/set_config__struct.hpp
[0.914s] -- Up-to-date: /root/ws_ros2/ZRobot_Next/install/zrobot_interfaces/include/zrobot_interfaces/zrobot_interfaces/srv/detail/set_target__struct.hpp
[0.914s] -- Up-to-date: /root/ws_ros2/ZRobot_Next/install/zrobot_interfaces/include/zrobot_interfaces/zrobot_interfaces/srv/detail/set_target__builder.hpp
[0.916s] -- Up-to-date: /root/ws_ros2/ZRobot_Next/install/zrobot_interfaces/include/zrobot_interfaces/zrobot_interfaces/srv/detail/set_config__traits.hpp
[0.917s] -- Up-to-date: /root/ws_ros2/ZRobot_Next/install/zrobot_interfaces/include/zrobot_interfaces/zrobot_interfaces/srv/detail/set_config__type_support.hpp
[0.917s] -- Up-to-date: /root/ws_ros2/ZRobot_Next/install/zrobot_interfaces/include/zrobot_interfaces/zrobot_interfaces/srv/detail/set_config__builder.hpp
[0.918s] -- Up-to-date: /root/ws_ros2/ZRobot_Next/install/zrobot_interfaces/include/zrobot_interfaces/zrobot_interfaces/srv/detail/set_target__type_support.hpp
[0.919s] -- Up-to-date: /root/ws_ros2/ZRobot_Next/install/zrobot_interfaces/include/zrobot_interfaces/zrobot_interfaces/srv/set_target.hpp
[0.919s] -- Up-to-date: /root/ws_ros2/ZRobot_Next/install/zrobot_interfaces/include/zrobot_interfaces/zrobot_interfaces/srv/set_config.hpp
[0.920s] -- Up-to-date: /root/ws_ros2/ZRobot_Next/install/zrobot_interfaces/include/zrobot_interfaces/zrobot_interfaces/msg
[0.921s] -- Up-to-date: /root/ws_ros2/ZRobot_Next/install/zrobot_interfaces/include/zrobot_interfaces/zrobot_interfaces/msg/motor_command.hpp
[0.923s] -- Up-to-date: /root/ws_ros2/ZRobot_Next/install/zrobot_interfaces/include/zrobot_interfaces/zrobot_interfaces/msg/detection_status.hpp
[0.926s] -- Up-to-date: /root/ws_ros2/ZRobot_Next/install/zrobot_interfaces/include/zrobot_interfaces/zrobot_interfaces/msg/detail
[0.927s] -- Up-to-date: /root/ws_ros2/ZRobot_Next/install/zrobot_interfaces/include/zrobot_interfaces/zrobot_interfaces/msg/detail/detection_status__struct.hpp
[0.927s] -- Up-to-date: /root/ws_ros2/ZRobot_Next/install/zrobot_interfaces/include/zrobot_interfaces/zrobot_interfaces/msg/detail/motor_command__struct.hpp
[0.928s] -- Up-to-date: /root/ws_ros2/ZRobot_Next/install/zrobot_interfaces/include/zrobot_interfaces/zrobot_interfaces/msg/detail/detection_status__traits.hpp
[0.929s] -- Up-to-date: /root/ws_ros2/ZRobot_Next/install/zrobot_interfaces/include/zrobot_interfaces/zrobot_interfaces/msg/detail/motor_command__type_support.hpp
[0.930s] -- Up-to-date: /root/ws_ros2/ZRobot_Next/install/zrobot_interfaces/include/zrobot_interfaces/zrobot_interfaces/msg/detail/detection_status__type_support.hpp
[0.931s] -- Up-to-date: /root/ws_ros2/ZRobot_Next/install/zrobot_interfaces/include/zrobot_interfaces/zrobot_interfaces/msg/detail/detection_status__builder.hpp
[0.932s] -- Up-to-date: /root/ws_ros2/ZRobot_Next/install/zrobot_interfaces/include/zrobot_interfaces/zrobot_interfaces/msg/detail/motor_command__traits.hpp
[0.932s] -- Up-to-date: /root/ws_ros2/ZRobot_Next/install/zrobot_interfaces/include/zrobot_interfaces/zrobot_interfaces/msg/detail/motor_command__builder.hpp
[0.933s] -- Up-to-date: /root/ws_ros2/ZRobot_Next/install/zrobot_interfaces/include/zrobot_interfaces/zrobot_interfaces/msg/rosidl_generator_cpp__visibility_control.hpp
[0.933s] -- Up-to-date: /root/ws_ros2/ZRobot_Next/install/zrobot_interfaces/include/zrobot_interfaces/zrobot_interfaces
[0.934s] -- Up-to-date: /root/ws_ros2/ZRobot_Next/install/zrobot_interfaces/include/zrobot_interfaces/zrobot_interfaces/srv
[0.934s] -- Up-to-date: /root/ws_ros2/ZRobot_Next/install/zrobot_interfaces/include/zrobot_interfaces/zrobot_interfaces/srv/detail
[0.935s] -- Up-to-date: /root/ws_ros2/ZRobot_Next/install/zrobot_interfaces/include/zrobot_interfaces/zrobot_interfaces/srv/detail/set_target__rosidl_typesupport_fastrtps_cpp.hpp
[0.935s] -- Up-to-date: /root/ws_ros2/ZRobot_Next/install/zrobot_interfaces/include/zrobot_interfaces/zrobot_interfaces/srv/detail/dds_fastrtps
[0.936s] -- Up-to-date: /root/ws_ros2/ZRobot_Next/install/zrobot_interfaces/include/zrobot_interfaces/zrobot_interfaces/srv/detail/set_config__rosidl_typesupport_fastrtps_cpp.hpp
[0.937s] -- Up-to-date: /root/ws_ros2/ZRobot_Next/install/zrobot_interfaces/include/zrobot_interfaces/zrobot_interfaces/msg
[0.937s] -- Up-to-date: /root/ws_ros2/ZRobot_Next/install/zrobot_interfaces/include/zrobot_interfaces/zrobot_interfaces/msg/detail
[0.938s] -- Up-to-date: /root/ws_ros2/ZRobot_Next/install/zrobot_interfaces/include/zrobot_interfaces/zrobot_interfaces/msg/detail/motor_command__rosidl_typesupport_fastrtps_cpp.hpp
[0.938s] -- Up-to-date: /root/ws_ros2/ZRobot_Next/install/zrobot_interfaces/include/zrobot_interfaces/zrobot_interfaces/msg/detail/dds_fastrtps
[0.939s] -- Up-to-date: /root/ws_ros2/ZRobot_Next/install/zrobot_interfaces/include/zrobot_interfaces/zrobot_interfaces/msg/detail/detection_status__rosidl_typesupport_fastrtps_cpp.hpp
[0.940s] -- Up-to-date: /root/ws_ros2/ZRobot_Next/install/zrobot_interfaces/include/zrobot_interfaces/zrobot_interfaces/msg/rosidl_typesupport_fastrtps_cpp__visibility_control.h
[0.940s] -- Up-to-date: /root/ws_ros2/ZRobot_Next/install/zrobot_interfaces/lib/libzrobot_interfaces__rosidl_typesupport_fastrtps_cpp.so
[0.941s] -- Up-to-date: /root/ws_ros2/ZRobot_Next/install/zrobot_interfaces/include/zrobot_interfaces/zrobot_interfaces
[0.941s] -- Up-to-date: /root/ws_ros2/ZRobot_Next/install/zrobot_interfaces/include/zrobot_interfaces/zrobot_interfaces/srv
[0.944s] -- Up-to-date: /root/ws_ros2/ZRobot_Next/install/zrobot_interfaces/include/zrobot_interfaces/zrobot_interfaces/srv/detail
[0.945s] -- Up-to-date: /root/ws_ros2/ZRobot_Next/install/zrobot_interfaces/include/zrobot_interfaces/zrobot_interfaces/srv/detail/set_config__type_support.cpp
[0.946s] -- Up-to-date: /root/ws_ros2/ZRobot_Next/install/zrobot_interfaces/include/zrobot_interfaces/zrobot_interfaces/srv/detail/set_target__rosidl_typesupport_introspection_cpp.hpp
[0.947s] -- Up-to-date: /root/ws_ros2/ZRobot_Next/install/zrobot_interfaces/include/zrobot_interfaces/zrobot_interfaces/srv/detail/set_config__rosidl_typesupport_introspection_cpp.hpp
[0.948s] -- Up-to-date: /root/ws_ros2/ZRobot_Next/install/zrobot_interfaces/include/zrobot_interfaces/zrobot_interfaces/srv/detail/set_target__type_support.cpp
[0.948s] -- Up-to-date: /root/ws_ros2/ZRobot_Next/install/zrobot_interfaces/include/zrobot_interfaces/zrobot_interfaces/msg
[0.949s] -- Up-to-date: /root/ws_ros2/ZRobot_Next/install/zrobot_interfaces/include/zrobot_interfaces/zrobot_interfaces/msg/detail
[0.951s] -- Up-to-date: /root/ws_ros2/ZRobot_Next/install/zrobot_interfaces/include/zrobot_interfaces/zrobot_interfaces/msg/detail/detection_status__type_support.cpp
[0.951s] -- Up-to-date: /root/ws_ros2/ZRobot_Next/install/zrobot_interfaces/include/zrobot_interfaces/zrobot_interfaces/msg/detail/motor_command__rosidl_typesupport_introspection_cpp.hpp
[0.952s] -- Up-to-date: /root/ws_ros2/ZRobot_Next/install/zrobot_interfaces/include/zrobot_interfaces/zrobot_interfaces/msg/detail/motor_command__type_support.cpp
[0.953s] -- Up-to-date: /root/ws_ros2/ZRobot_Next/install/zrobot_interfaces/include/zrobot_interfaces/zrobot_interfaces/msg/detail/detection_status__rosidl_typesupport_introspection_cpp.hpp
[0.954s] -- Up-to-date: /root/ws_ros2/ZRobot_Next/install/zrobot_interfaces/lib/libzrobot_interfaces__rosidl_typesupport_introspection_cpp.so
[0.956s] -- Up-to-date: /root/ws_ros2/ZRobot_Next/install/zrobot_interfaces/lib/libzrobot_interfaces__rosidl_typesupport_cpp.so
[0.958s] -- Up-to-date: /root/ws_ros2/ZRobot_Next/install/zrobot_interfaces/share/zrobot_interfaces/environment/pythonpath.sh
[0.959s] -- Up-to-date: /root/ws_ros2/ZRobot_Next/install/zrobot_interfaces/share/zrobot_interfaces/environment/pythonpath.dsv
[0.960s] -- Up-to-date: /root/ws_ros2/ZRobot_Next/install/zrobot_interfaces/lib/python3.12/site-packages/zrobot_interfaces-1.0.0-py3.12.egg-info
[0.961s] -- Installing: /root/ws_ros2/ZRobot_Next/install/zrobot_interfaces/lib/python3.12/site-packages/zrobot_interfaces-1.0.0-py3.12.egg-info/dependency_links.txt
[0.962s] -- Installing: /root/ws_ros2/ZRobot_Next/install/zrobot_interfaces/lib/python3.12/site-packages/zrobot_interfaces-1.0.0-py3.12.egg-info/PKG-INFO
[0.963s] -- Installing: /root/ws_ros2/ZRobot_Next/install/zrobot_interfaces/lib/python3.12/site-packages/zrobot_interfaces-1.0.0-py3.12.egg-info/top_level.txt
[0.964s] -- Installing: /root/ws_ros2/ZRobot_Next/install/zrobot_interfaces/lib/python3.12/site-packages/zrobot_interfaces-1.0.0-py3.12.egg-info/SOURCES.txt
[0.967s] -- Up-to-date: /root/ws_ros2/ZRobot_Next/install/zrobot_interfaces/lib/python3.12/site-packages/zrobot_interfaces
[0.969s] -- Up-to-date: /root/ws_ros2/ZRobot_Next/install/zrobot_interfaces/lib/python3.12/site-packages/zrobot_interfaces/zrobot_interfaces_s__rosidl_typesupport_c.so
[0.970s] -- Up-to-date: /root/ws_ros2/ZRobot_Next/install/zrobot_interfaces/lib/python3.12/site-packages/zrobot_interfaces/srv
[0.971s] -- Up-to-date: /root/ws_ros2/ZRobot_Next/install/zrobot_interfaces/lib/python3.12/site-packages/zrobot_interfaces/srv/_set_target_s.c
[0.972s] -- Up-to-date: /root/ws_ros2/ZRobot_Next/install/zrobot_interfaces/lib/python3.12/site-packages/zrobot_interfaces/srv/_set_config_s.c
[0.973s] -- Up-to-date: /root/ws_ros2/ZRobot_Next/install/zrobot_interfaces/lib/python3.12/site-packages/zrobot_interfaces/srv/_set_config.py
[0.974s] -- Up-to-date: /root/ws_ros2/ZRobot_Next/install/zrobot_interfaces/lib/python3.12/site-packages/zrobot_interfaces/srv/_set_target.py
[0.975s] -- Up-to-date: /root/ws_ros2/ZRobot_Next/install/zrobot_interfaces/lib/python3.12/site-packages/zrobot_interfaces/srv/__init__.py
[0.976s] -- Up-to-date: /root/ws_ros2/ZRobot_Next/install/zrobot_interfaces/lib/python3.12/site-packages/zrobot_interfaces/_zrobot_interfaces_s.ep.rosidl_typesupport_introspection_c.c
[0.977s] -- Up-to-date: /root/ws_ros2/ZRobot_Next/install/zrobot_interfaces/lib/python3.12/site-packages/zrobot_interfaces/_zrobot_interfaces_s.ep.rosidl_typesupport_fastrtps_c.c
[0.978s] -- Up-to-date: /root/ws_ros2/ZRobot_Next/install/zrobot_interfaces/lib/python3.12/site-packages/zrobot_interfaces/zrobot_interfaces_s__rosidl_typesupport_introspection_c.so
[0.978s] -- Up-to-date: /root/ws_ros2/ZRobot_Next/install/zrobot_interfaces/lib/python3.12/site-packages/zrobot_interfaces/_zrobot_interfaces_s.ep.rosidl_typesupport_c.c
[0.979s] -- Up-to-date: /root/ws_ros2/ZRobot_Next/install/zrobot_interfaces/lib/python3.12/site-packages/zrobot_interfaces/zrobot_interfaces_s__rosidl_typesupport_fastrtps_c.so
[0.979s] -- Up-to-date: /root/ws_ros2/ZRobot_Next/install/zrobot_interfaces/lib/python3.12/site-packages/zrobot_interfaces/msg
[0.980s] -- Up-to-date: /root/ws_ros2/ZRobot_Next/install/zrobot_interfaces/lib/python3.12/site-packages/zrobot_interfaces/msg/_motor_command.py
[0.980s] -- Up-to-date: /root/ws_ros2/ZRobot_Next/install/zrobot_interfaces/lib/python3.12/site-packages/zrobot_interfaces/msg/_detection_status_s.c
[0.981s] -- Up-to-date: /root/ws_ros2/ZRobot_Next/install/zrobot_interfaces/lib/python3.12/site-packages/zrobot_interfaces/msg/_detection_status.py
[0.981s] -- Up-to-date: /root/ws_ros2/ZRobot_Next/install/zrobot_interfaces/lib/python3.12/site-packages/zrobot_interfaces/msg/__init__.py
[0.981s] -- Up-to-date: /root/ws_ros2/ZRobot_Next/install/zrobot_interfaces/lib/python3.12/site-packages/zrobot_interfaces/msg/_motor_command_s.c
[0.981s] -- Up-to-date: /root/ws_ros2/ZRobot_Next/install/zrobot_interfaces/lib/python3.12/site-packages/zrobot_interfaces/__init__.py
[0.985s] Listing '/root/ws_ros2/ZRobot_Next/install/zrobot_interfaces/lib/python3.12/site-packages/zrobot_interfaces'...
[0.985s] Listing '/root/ws_ros2/ZRobot_Next/install/zrobot_interfaces/lib/python3.12/site-packages/zrobot_interfaces/msg'...
[0.985s] Listing '/root/ws_ros2/ZRobot_Next/install/zrobot_interfaces/lib/python3.12/site-packages/zrobot_interfaces/srv'...
[0.986s] -- Up-to-date: /root/ws_ros2/ZRobot_Next/install/zrobot_interfaces/lib/python3.12/site-packages/zrobot_interfaces/zrobot_interfaces_s__rosidl_typesupport_fastrtps_c.so
[0.986s] -- Up-to-date: /root/ws_ros2/ZRobot_Next/install/zrobot_interfaces/lib/python3.12/site-packages/zrobot_interfaces/zrobot_interfaces_s__rosidl_typesupport_introspection_c.so
[0.986s] -- Up-to-date: /root/ws_ros2/ZRobot_Next/install/zrobot_interfaces/lib/python3.12/site-packages/zrobot_interfaces/zrobot_interfaces_s__rosidl_typesupport_c.so
[0.986s] -- Up-to-date: /root/ws_ros2/ZRobot_Next/install/zrobot_interfaces/lib/libzrobot_interfaces__rosidl_generator_py.so
[0.986s] -- Up-to-date: /root/ws_ros2/ZRobot_Next/install/zrobot_interfaces/share/zrobot_interfaces/msg/DetectionStatus.idl
[0.986s] -- Up-to-date: /root/ws_ros2/ZRobot_Next/install/zrobot_interfaces/share/zrobot_interfaces/msg/MotorCommand.idl
[0.986s] -- Up-to-date: /root/ws_ros2/ZRobot_Next/install/zrobot_interfaces/share/zrobot_interfaces/srv/SetTarget.idl
[0.986s] -- Up-to-date: /root/ws_ros2/ZRobot_Next/install/zrobot_interfaces/share/zrobot_interfaces/srv/SetConfig.idl
[0.987s] -- Up-to-date: /root/ws_ros2/ZRobot_Next/install/zrobot_interfaces/share/zrobot_interfaces/msg/DetectionStatus.msg
[0.987s] -- Up-to-date: /root/ws_ros2/ZRobot_Next/install/zrobot_interfaces/share/zrobot_interfaces/msg/MotorCommand.msg
[0.987s] -- Up-to-date: /root/ws_ros2/ZRobot_Next/install/zrobot_interfaces/share/zrobot_interfaces/srv/SetTarget.srv
[0.987s] -- Up-to-date: /root/ws_ros2/ZRobot_Next/install/zrobot_interfaces/share/zrobot_interfaces/srv/SetConfig.srv
[0.988s] -- Up-to-date: /root/ws_ros2/ZRobot_Next/install/zrobot_interfaces/share/ament_index/resource_index/package_run_dependencies/zrobot_interfaces
[0.988s] -- Up-to-date: /root/ws_ros2/ZRobot_Next/install/zrobot_interfaces/share/ament_index/resource_index/parent_prefix_path/zrobot_interfaces
[0.988s] -- Up-to-date: /root/ws_ros2/ZRobot_Next/install/zrobot_interfaces/share/zrobot_interfaces/environment/ament_prefix_path.sh
[0.988s] -- Up-to-date: /root/ws_ros2/ZRobot_Next/install/zrobot_interfaces/share/zrobot_interfaces/environment/ament_prefix_path.dsv
[0.988s] -- Up-to-date: /root/ws_ros2/ZRobot_Next/install/zrobot_interfaces/share/zrobot_interfaces/environment/path.sh
[0.988s] -- Up-to-date: /root/ws_ros2/ZRobot_Next/install/zrobot_interfaces/share/zrobot_interfaces/environment/path.dsv
[0.989s] -- Up-to-date: /root/ws_ros2/ZRobot_Next/install/zrobot_interfaces/share/zrobot_interfaces/local_setup.bash
[0.989s] -- Up-to-date: /root/ws_ros2/ZRobot_Next/install/zrobot_interfaces/share/zrobot_interfaces/local_setup.sh
[0.989s] -- Up-to-date: /root/ws_ros2/ZRobot_Next/install/zrobot_interfaces/share/zrobot_interfaces/local_setup.zsh
[0.989s] -- Up-to-date: /root/ws_ros2/ZRobot_Next/install/zrobot_interfaces/share/zrobot_interfaces/local_setup.dsv
[0.989s] -- Installing: /root/ws_ros2/ZRobot_Next/install/zrobot_interfaces/share/zrobot_interfaces/package.dsv
[0.989s] -- Up-to-date: /root/ws_ros2/ZRobot_Next/install/zrobot_interfaces/share/ament_index/resource_index/packages/zrobot_interfaces
[0.989s] -- Up-to-date: /root/ws_ros2/ZRobot_Next/install/zrobot_interfaces/share/zrobot_interfaces/cmake/export_zrobot_interfaces__rosidl_generator_cExport.cmake
[0.990s] -- Up-to-date: /root/ws_ros2/ZRobot_Next/install/zrobot_interfaces/share/zrobot_interfaces/cmake/export_zrobot_interfaces__rosidl_generator_cExport-noconfig.cmake
[0.990s] -- Up-to-date: /root/ws_ros2/ZRobot_Next/install/zrobot_interfaces/share/zrobot_interfaces/cmake/export_zrobot_interfaces__rosidl_typesupport_fastrtps_cExport.cmake
[0.990s] -- Up-to-date: /root/ws_ros2/ZRobot_Next/install/zrobot_interfaces/share/zrobot_interfaces/cmake/export_zrobot_interfaces__rosidl_typesupport_fastrtps_cExport-noconfig.cmake
[0.990s] -- Up-to-date: /root/ws_ros2/ZRobot_Next/install/zrobot_interfaces/share/zrobot_interfaces/cmake/zrobot_interfaces__rosidl_typesupport_introspection_cExport.cmake
[0.990s] -- Up-to-date: /root/ws_ros2/ZRobot_Next/install/zrobot_interfaces/share/zrobot_interfaces/cmake/zrobot_interfaces__rosidl_typesupport_introspection_cExport-noconfig.cmake
[0.990s] -- Up-to-date: /root/ws_ros2/ZRobot_Next/install/zrobot_interfaces/share/zrobot_interfaces/cmake/zrobot_interfaces__rosidl_typesupport_cExport.cmake
[0.990s] -- Up-to-date: /root/ws_ros2/ZRobot_Next/install/zrobot_interfaces/share/zrobot_interfaces/cmake/zrobot_interfaces__rosidl_typesupport_cExport-noconfig.cmake
[0.991s] -- Up-to-date: /root/ws_ros2/ZRobot_Next/install/zrobot_interfaces/share/zrobot_interfaces/cmake/export_zrobot_interfaces__rosidl_generator_cppExport.cmake
[0.991s] -- Up-to-date: /root/ws_ros2/ZRobot_Next/install/zrobot_interfaces/share/zrobot_interfaces/cmake/export_zrobot_interfaces__rosidl_typesupport_fastrtps_cppExport.cmake
[0.992s] -- Up-to-date: /root/ws_ros2/ZRobot_Next/install/zrobot_interfaces/share/zrobot_interfaces/cmake/export_zrobot_interfaces__rosidl_typesupport_fastrtps_cppExport-noconfig.cmake
[0.992s] -- Up-to-date: /root/ws_ros2/ZRobot_Next/install/zrobot_interfaces/share/zrobot_interfaces/cmake/zrobot_interfaces__rosidl_typesupport_introspection_cppExport.cmake
[0.992s] -- Up-to-date: /root/ws_ros2/ZRobot_Next/install/zrobot_interfaces/share/zrobot_interfaces/cmake/zrobot_interfaces__rosidl_typesupport_introspection_cppExport-noconfig.cmake
[0.992s] -- Up-to-date: /root/ws_ros2/ZRobot_Next/install/zrobot_interfaces/share/zrobot_interfaces/cmake/zrobot_interfaces__rosidl_typesupport_cppExport.cmake
[0.992s] -- Up-to-date: /root/ws_ros2/ZRobot_Next/install/zrobot_interfaces/share/zrobot_interfaces/cmake/zrobot_interfaces__rosidl_typesupport_cppExport-noconfig.cmake
[0.993s] -- Up-to-date: /root/ws_ros2/ZRobot_Next/install/zrobot_interfaces/share/zrobot_interfaces/cmake/export_zrobot_interfaces__rosidl_generator_pyExport.cmake
[0.993s] -- Up-to-date: /root/ws_ros2/ZRobot_Next/install/zrobot_interfaces/share/zrobot_interfaces/cmake/export_zrobot_interfaces__rosidl_generator_pyExport-noconfig.cmake
[0.993s] -- Up-to-date: /root/ws_ros2/ZRobot_Next/install/zrobot_interfaces/share/zrobot_interfaces/cmake/rosidl_cmake-extras.cmake
[0.993s] -- Up-to-date: /root/ws_ros2/ZRobot_Next/install/zrobot_interfaces/share/zrobot_interfaces/cmake/ament_cmake_export_dependencies-extras.cmake
[0.993s] -- Up-to-date: /root/ws_ros2/ZRobot_Next/install/zrobot_interfaces/share/zrobot_interfaces/cmake/ament_cmake_export_include_directories-extras.cmake
[0.994s] -- Up-to-date: /root/ws_ros2/ZRobot_Next/install/zrobot_interfaces/share/zrobot_interfaces/cmake/ament_cmake_export_libraries-extras.cmake
[0.994s] -- Up-to-date: /root/ws_ros2/ZRobot_Next/install/zrobot_interfaces/share/zrobot_interfaces/cmake/ament_cmake_export_targets-extras.cmake
[0.994s] -- Up-to-date: /root/ws_ros2/ZRobot_Next/install/zrobot_interfaces/share/zrobot_interfaces/cmake/rosidl_cmake_export_typesupport_targets-extras.cmake
[0.995s] -- Up-to-date: /root/ws_ros2/ZRobot_Next/install/zrobot_interfaces/share/zrobot_interfaces/cmake/rosidl_cmake_export_typesupport_libraries-extras.cmake
[0.995s] -- Up-to-date: /root/ws_ros2/ZRobot_Next/install/zrobot_interfaces/share/zrobot_interfaces/cmake/zrobot_interfacesConfig.cmake
[0.996s] -- Up-to-date: /root/ws_ros2/ZRobot_Next/install/zrobot_interfaces/share/zrobot_interfaces/cmake/zrobot_interfacesConfig-version.cmake
[0.996s] -- Up-to-date: /root/ws_ros2/ZRobot_Next/install/zrobot_interfaces/share/zrobot_interfaces/package.xml
[0.997s] Invoked command in '/root/ws_ros2/ZRobot_Next/build/zrobot_interfaces' returned '0': CMAKE_PREFIX_PATH=${CMAKE_PREFIX_PATH}:/opt/ros/jazzy /usr/bin/cmake --install /root/ws_ros2/ZRobot_Next/build/zrobot_interfaces
