[0.021s] Invoking command in '/root/ws_ros2/ZRobot_Next/build/zrobot_bringup': CMAKE_PREFIX_PATH=/root/ws_ros2/ZRobot_Next/install/zrobot_perception:/root/ws_ros2/ZRobot_Next/install/zrobot_control:/root/ws_ros2/ZRobot_Next/install/zrobot_bringup:/root/ws_ros2/ZRobot_Next/install/zrobot_obstacle_avoidance:/root/ws_ros2/ZRobot_Next/install/zrobot_interfaces:/root/ws_ros2/ZRobot_Next/install/web_interface:/root/ws_ros2/ZRobot_Next/install/ldlidar_stl_ros2:/opt/ros/jazzy /usr/bin/cmake --build /root/ws_ros2/ZRobot_Next/build/zrobot_bringup -- -j8 -l8
[0.100s] Invoked command in '/root/ws_ros2/ZRobot_Next/build/zrobot_bringup' returned '0': CMAKE_PREFIX_PATH=/root/ws_ros2/ZRobot_Next/install/zrobot_perception:/root/ws_ros2/ZRobot_Next/install/zrobot_control:/root/ws_ros2/ZRobot_Next/install/zrobot_bringup:/root/ws_ros2/ZRobot_Next/install/zrobot_obstacle_avoidance:/root/ws_ros2/ZRobot_Next/install/zrobot_interfaces:/root/ws_ros2/ZRobot_Next/install/web_interface:/root/ws_ros2/ZRobot_Next/install/ldlidar_stl_ros2:/opt/ros/jazzy /usr/bin/cmake --build /root/ws_ros2/ZRobot_Next/build/zrobot_bringup -- -j8 -l8
[0.103s] Invoking command in '/root/ws_ros2/ZRobot_Next/build/zrobot_bringup': CMAKE_PREFIX_PATH=/root/ws_ros2/ZRobot_Next/install/zrobot_perception:/root/ws_ros2/ZRobot_Next/install/zrobot_control:/root/ws_ros2/ZRobot_Next/install/zrobot_bringup:/root/ws_ros2/ZRobot_Next/install/zrobot_obstacle_avoidance:/root/ws_ros2/ZRobot_Next/install/zrobot_interfaces:/root/ws_ros2/ZRobot_Next/install/web_interface:/root/ws_ros2/ZRobot_Next/install/ldlidar_stl_ros2:/opt/ros/jazzy /usr/bin/cmake --install /root/ws_ros2/ZRobot_Next/build/zrobot_bringup
[0.116s] -- Install configuration: ""
[0.117s] -- Up-to-date: /root/ws_ros2/ZRobot_Next/install/zrobot_bringup/share/zrobot_bringup//launch
[0.117s] -- Up-to-date: /root/ws_ros2/ZRobot_Next/install/zrobot_bringup/share/zrobot_bringup//launch/zrobot_launch.py
[0.118s] -- Up-to-date: /root/ws_ros2/ZRobot_Next/install/zrobot_bringup/share/zrobot_bringup//config
[0.118s] -- Up-to-date: /root/ws_ros2/ZRobot_Next/install/zrobot_bringup/share/zrobot_bringup//config/zrobot_config.yaml
[0.119s] -- Up-to-date: /root/ws_ros2/ZRobot_Next/install/zrobot_bringup/lib/zrobot_bringup/zrobot_launch.py
[0.119s] -- Up-to-date: /root/ws_ros2/ZRobot_Next/install/zrobot_bringup/share/ament_index/resource_index/package_run_dependencies/zrobot_bringup
[0.120s] -- Up-to-date: /root/ws_ros2/ZRobot_Next/install/zrobot_bringup/share/ament_index/resource_index/parent_prefix_path/zrobot_bringup
[0.121s] -- Up-to-date: /root/ws_ros2/ZRobot_Next/install/zrobot_bringup/share/zrobot_bringup/environment/ament_prefix_path.sh
[0.122s] -- Up-to-date: /root/ws_ros2/ZRobot_Next/install/zrobot_bringup/share/zrobot_bringup/environment/ament_prefix_path.dsv
[0.122s] -- Up-to-date: /root/ws_ros2/ZRobot_Next/install/zrobot_bringup/share/zrobot_bringup/environment/path.sh
[0.123s] -- Up-to-date: /root/ws_ros2/ZRobot_Next/install/zrobot_bringup/share/zrobot_bringup/environment/path.dsv
[0.124s] -- Up-to-date: /root/ws_ros2/ZRobot_Next/install/zrobot_bringup/share/zrobot_bringup/local_setup.bash
[0.124s] -- Up-to-date: /root/ws_ros2/ZRobot_Next/install/zrobot_bringup/share/zrobot_bringup/local_setup.sh
[0.125s] -- Up-to-date: /root/ws_ros2/ZRobot_Next/install/zrobot_bringup/share/zrobot_bringup/local_setup.zsh
[0.126s] -- Up-to-date: /root/ws_ros2/ZRobot_Next/install/zrobot_bringup/share/zrobot_bringup/local_setup.dsv
[0.127s] -- Installing: /root/ws_ros2/ZRobot_Next/install/zrobot_bringup/share/zrobot_bringup/package.dsv
[0.127s] -- Up-to-date: /root/ws_ros2/ZRobot_Next/install/zrobot_bringup/share/ament_index/resource_index/packages/zrobot_bringup
[0.128s] -- Up-to-date: /root/ws_ros2/ZRobot_Next/install/zrobot_bringup/share/zrobot_bringup/cmake/zrobot_bringupConfig.cmake
[0.129s] -- Up-to-date: /root/ws_ros2/ZRobot_Next/install/zrobot_bringup/share/zrobot_bringup/cmake/zrobot_bringupConfig-version.cmake
[0.130s] -- Up-to-date: /root/ws_ros2/ZRobot_Next/install/zrobot_bringup/share/zrobot_bringup/package.xml
[0.132s] Invoked command in '/root/ws_ros2/ZRobot_Next/build/zrobot_bringup' returned '0': CMAKE_PREFIX_PATH=/root/ws_ros2/ZRobot_Next/install/zrobot_perception:/root/ws_ros2/ZRobot_Next/install/zrobot_control:/root/ws_ros2/ZRobot_Next/install/zrobot_bringup:/root/ws_ros2/ZRobot_Next/install/zrobot_obstacle_avoidance:/root/ws_ros2/ZRobot_Next/install/zrobot_interfaces:/root/ws_ros2/ZRobot_Next/install/web_interface:/root/ws_ros2/ZRobot_Next/install/ldlidar_stl_ros2:/opt/ros/jazzy /usr/bin/cmake --install /root/ws_ros2/ZRobot_Next/build/zrobot_bringup
