-- The C compiler identification is GNU 13.3.0
-- The CXX compiler identification is GNU 13.3.0
-- Detecting C compiler ABI info
-- Detecting C compiler ABI info - done
-- Check for working C compiler: /usr/bin/cc - skipped
-- Detecting C compile features
-- Detecting C compile features - done
-- Detecting CXX compiler ABI info
-- Detecting CXX compiler ABI info - done
-- Check for working CXX compiler: /usr/bin/c++ - skipped
-- Detecting CXX compile features
-- Detecting CXX compile features - done
-- Found ament_cmake: 2.5.5 (/opt/ros/jazzy/share/ament_cmake/cmake)
-- Found Python3: /usr/bin/python3 (found version "3.12.3") found components: Interpreter 
-- Found rclcpp: 28.1.16 (/opt/ros/jazzy/share/rclcpp/cmake)
-- Found rosidl_generator_c: 4.6.7 (/opt/ros/jazzy/share/rosidl_generator_c/cmake)
-- Found rosidl_generator_cpp: 4.6.7 (/opt/ros/jazzy/share/rosidl_generator_cpp/cmake)
-- Using all available rosidl_typesupport_c: rosidl_typesupport_fastrtps_c;rosidl_typesupport_introspection_c
-- Using all available rosidl_typesupport_cpp: rosidl_typesupport_fastrtps_cpp;rosidl_typesupport_introspection_cpp
-- Found rmw_implementation_cmake: 7.3.3 (/opt/ros/jazzy/share/rmw_implementation_cmake/cmake)
-- Found rmw_fastrtps_cpp: 8.4.3 (/opt/ros/jazzy/share/rmw_fastrtps_cpp/cmake)
-- Found OpenSSL: /usr/lib/aarch64-linux-gnu/libcrypto.so (found version "3.0.13")  
-- Found FastRTPS: /opt/ros/jazzy/include (Required is at least version "2.13") 
-- Using RMW implementation 'rmw_fastrtps_cpp' as default
-- Found std_msgs: 5.3.6 (/opt/ros/jazzy/share/std_msgs/cmake)
-- Found geometry_msgs: 5.3.6 (/opt/ros/jazzy/share/geometry_msgs/cmake)
-- Configuring done (3.8s)
-- Generating done (0.0s)
-- Build files have been written to: /root/ws_ros2/ZRobot_Next/build/zrobot_control
[ 33%] [32mBuilding CXX object CMakeFiles/motor_controller_node.dir/src/motor_controller_node.cpp.o[0m
[ 66%] [32mBuilding CXX object CMakeFiles/motor_controller_node.dir/src/colors.cpp.o[0m
[100%] [32m[1mLinking CXX executable motor_controller_node[0m
[100%] Built target motor_controller_node
-- Install configuration: ""
-- Installing: /root/ws_ros2/ZRobot_Next/install/zrobot_control/lib/zrobot_control/motor_controller_node
-- Set non-toolchain portion of runtime path of "/root/ws_ros2/ZRobot_Next/install/zrobot_control/lib/zrobot_control/motor_controller_node" to ""
-- Installing: /root/ws_ros2/ZRobot_Next/install/zrobot_control/share/ament_index/resource_index/package_run_dependencies/zrobot_control
-- Installing: /root/ws_ros2/ZRobot_Next/install/zrobot_control/share/ament_index/resource_index/parent_prefix_path/zrobot_control
-- Installing: /root/ws_ros2/ZRobot_Next/install/zrobot_control/share/zrobot_control/environment/ament_prefix_path.sh
-- Installing: /root/ws_ros2/ZRobot_Next/install/zrobot_control/share/zrobot_control/environment/ament_prefix_path.dsv
-- Installing: /root/ws_ros2/ZRobot_Next/install/zrobot_control/share/zrobot_control/environment/path.sh
-- Installing: /root/ws_ros2/ZRobot_Next/install/zrobot_control/share/zrobot_control/environment/path.dsv
-- Installing: /root/ws_ros2/ZRobot_Next/install/zrobot_control/share/zrobot_control/local_setup.bash
-- Installing: /root/ws_ros2/ZRobot_Next/install/zrobot_control/share/zrobot_control/local_setup.sh
-- Installing: /root/ws_ros2/ZRobot_Next/install/zrobot_control/share/zrobot_control/local_setup.zsh
-- Installing: /root/ws_ros2/ZRobot_Next/install/zrobot_control/share/zrobot_control/local_setup.dsv
-- Installing: /root/ws_ros2/ZRobot_Next/install/zrobot_control/share/zrobot_control/package.dsv
-- Installing: /root/ws_ros2/ZRobot_Next/install/zrobot_control/share/ament_index/resource_index/packages/zrobot_control
-- Installing: /root/ws_ros2/ZRobot_Next/install/zrobot_control/share/zrobot_control/cmake/zrobot_controlConfig.cmake
-- Installing: /root/ws_ros2/ZRobot_Next/install/zrobot_control/share/zrobot_control/cmake/zrobot_controlConfig-version.cmake
-- Installing: /root/ws_ros2/ZRobot_Next/install/zrobot_control/share/zrobot_control/package.xml
