[0.082s] Invoking command in '/root/ws_ros2/ZRobot_Next/build/ldlidar_stl_ros2': CMAKE_PREFIX_PATH=${CMAKE_PREFIX_PATH}:/opt/ros/jazzy /usr/bin/cmake /root/ws_ros2/ZRobot_Next/ldlidar_stl_ros2 -DCMAKE_INSTALL_PREFIX=/root/ws_ros2/ZRobot_Next/install/ldlidar_stl_ros2
[0.770s] -- The C compiler identification is GNU 13.3.0
[1.398s] -- The CXX compiler identification is GNU 13.3.0
[1.438s] -- Detecting C compiler ABI info
[1.620s] -- Detecting C compiler ABI info - done
[1.636s] -- Check for working C compiler: /usr/bin/cc - skipped
[1.639s] -- Detecting C compile features
[1.641s] -- Detecting C compile features - done
[1.665s] -- Detecting CXX compiler ABI info
[1.872s] -- Detecting CXX compiler ABI info - done
[1.917s] -- Check for working CXX compiler: /usr/bin/c++ - skipped
[1.918s] -- Detecting CXX compile features
[1.920s] -- Detecting CXX compile features - done
[1.922s] -- Found ament_cmake: 2.5.5 (/opt/ros/jazzy/share/ament_cmake/cmake)
[2.230s] -- Found Python3: /usr/bin/python3 (found version "3.12.3") found components: Interpreter 
[2.737s] -- Found rclcpp: 28.1.16 (/opt/ros/jazzy/share/rclcpp/cmake)
[2.830s] -- Found rosidl_generator_c: 4.6.7 (/opt/ros/jazzy/share/rosidl_generator_c/cmake)
[2.865s] -- Found rosidl_generator_cpp: 4.6.7 (/opt/ros/jazzy/share/rosidl_generator_cpp/cmake)
[2.916s] -- Using all available rosidl_typesupport_c: rosidl_typesupport_fastrtps_c;rosidl_typesupport_introspection_c
[2.947s] -- Using all available rosidl_typesupport_cpp: rosidl_typesupport_fastrtps_cpp;rosidl_typesupport_introspection_cpp
[3.150s] -- Found rmw_implementation_cmake: 7.3.3 (/opt/ros/jazzy/share/rmw_implementation_cmake/cmake)
[3.159s] -- Found rmw_fastrtps_cpp: 8.4.3 (/opt/ros/jazzy/share/rmw_fastrtps_cpp/cmake)
[3.354s] -- Found OpenSSL: /usr/lib/aarch64-linux-gnu/libcrypto.so (found version "3.0.13")  
[3.381s] -- Found FastRTPS: /opt/ros/jazzy/include (Required is at least version "2.13") 
[3.421s] -- Using RMW implementation 'rmw_fastrtps_cpp' as default
[3.590s] -- Found sensor_msgs: 5.3.6 (/opt/ros/jazzy/share/sensor_msgs/cmake)
[3.709s] -- Found ament_lint_auto: 0.17.4 (/opt/ros/jazzy/share/ament_lint_auto/cmake)
[4.054s] -- Added test 'copyright' to check source files copyright and LICENSE
[4.059s] -- Added test 'cppcheck' to perform static code analysis on C / C++ code
[4.061s] -- Configured cppcheck include dirs: /root/ws_ros2/ZRobot_Next/ldlidar_stl_ros2/include;/root/ws_ros2/ZRobot_Next/ldlidar_stl_ros2/ldlidar_driver/include/core;/root/ws_ros2/ZRobot_Next/ldlidar_stl_ros2/ldlidar_driver/include/dataprocess;/root/ws_ros2/ZRobot_Next/ldlidar_stl_ros2/ldlidar_driver/include/filter;/root/ws_ros2/ZRobot_Next/ldlidar_stl_ros2/ldlidar_driver/include/logger;/root/ws_ros2/ZRobot_Next/ldlidar_stl_ros2/ldlidar_driver/include/networkcom;/root/ws_ros2/ZRobot_Next/ldlidar_stl_ros2/ldlidar_driver/include/serialcom
[4.062s] -- Configured cppcheck exclude dirs and/or files: 
[4.065s] -- Added test 'cpplint' to check C / C++ code against the Google style
[4.066s] -- Configured cpplint exclude dirs and/or files: 
[4.067s] -- Added test 'flake8' to check Python code syntax and style conventions
[4.067s] -- Configured 'flake8' exclude dirs and/or files: 
[4.070s] -- Added test 'lint_cmake' to check CMake code style
[4.072s] -- Added test 'pep257' to check Python code against some of the docstring style conventions in PEP 257
[4.077s] -- Added test 'uncrustify' to check C / C++ code style
[4.077s] -- Configured uncrustify additional arguments: 
[4.079s] -- Added test 'xmllint' to check XML markup files
[4.082s] -- Configuring done (4.0s)
[4.105s] -- Generating done (0.0s)
[4.112s] -- Build files have been written to: /root/ws_ros2/ZRobot_Next/build/ldlidar_stl_ros2
[4.190s] Invoked command in '/root/ws_ros2/ZRobot_Next/build/ldlidar_stl_ros2' returned '0': CMAKE_PREFIX_PATH=${CMAKE_PREFIX_PATH}:/opt/ros/jazzy /usr/bin/cmake /root/ws_ros2/ZRobot_Next/ldlidar_stl_ros2 -DCMAKE_INSTALL_PREFIX=/root/ws_ros2/ZRobot_Next/install/ldlidar_stl_ros2
[4.191s] Invoking command in '/root/ws_ros2/ZRobot_Next/build/ldlidar_stl_ros2': CMAKE_PREFIX_PATH=${CMAKE_PREFIX_PATH}:/opt/ros/jazzy /usr/bin/cmake --build /root/ws_ros2/ZRobot_Next/build/ldlidar_stl_ros2 -- -j8 -l8
[4.343s] [ 25%] [32mBuilding CXX object CMakeFiles/ldlidar_stl_ros2_node.dir/ldlidar_driver/src/logger/log_module.cpp.o[0m
[4.344s] [ 25%] [32mBuilding CXX object CMakeFiles/ldlidar_stl_ros2_node.dir/ldlidar_driver/src/dataprocess/lipkg.cpp.o[0m
[4.364s] [ 37%] [32mBuilding CXX object CMakeFiles/ldlidar_stl_ros2_node.dir/src/demo.cpp.o[0m
[4.364s] [ 50%] [32mBuilding CXX object CMakeFiles/ldlidar_stl_ros2_node.dir/ldlidar_driver/src/filter/tofbf.cpp.o[0m
[4.367s] [ 62%] [32mBuilding CXX object CMakeFiles/ldlidar_stl_ros2_node.dir/ldlidar_driver/src/networkcom/network_socket_interface_linux.cpp.o[0m
[4.367s] [ 75%] [32mBuilding CXX object CMakeFiles/ldlidar_stl_ros2_node.dir/ldlidar_driver/src/core/ldlidar_driver.cpp.o[0m
[4.370s] [ 87%] [32mBuilding CXX object CMakeFiles/ldlidar_stl_ros2_node.dir/ldlidar_driver/src/serialcom/serial_interface_linux.cpp.o[0m
[17.626s] [100%] [32m[1mLinking CXX executable ldlidar_stl_ros2_node[0m
[18.136s] [100%] Built target ldlidar_stl_ros2_node
[18.169s] Invoked command in '/root/ws_ros2/ZRobot_Next/build/ldlidar_stl_ros2' returned '0': CMAKE_PREFIX_PATH=${CMAKE_PREFIX_PATH}:/opt/ros/jazzy /usr/bin/cmake --build /root/ws_ros2/ZRobot_Next/build/ldlidar_stl_ros2 -- -j8 -l8
[18.171s] Invoking command in '/root/ws_ros2/ZRobot_Next/build/ldlidar_stl_ros2': CMAKE_PREFIX_PATH=${CMAKE_PREFIX_PATH}:/opt/ros/jazzy /usr/bin/cmake --install /root/ws_ros2/ZRobot_Next/build/ldlidar_stl_ros2
[18.197s] -- Install configuration: ""
[18.198s] -- Installing: /root/ws_ros2/ZRobot_Next/install/ldlidar_stl_ros2/lib/ldlidar_stl_ros2/ldlidar_stl_ros2_node
[18.200s] -- Set non-toolchain portion of runtime path of "/root/ws_ros2/ZRobot_Next/install/ldlidar_stl_ros2/lib/ldlidar_stl_ros2/ldlidar_stl_ros2_node" to ""
[18.201s] -- Installing: /root/ws_ros2/ZRobot_Next/install/ldlidar_stl_ros2/share/ldlidar_stl_ros2//launch
[18.201s] -- Installing: /root/ws_ros2/ZRobot_Next/install/ldlidar_stl_ros2/share/ldlidar_stl_ros2//launch/viewer_ld06.launch.py
[18.202s] -- Installing: /root/ws_ros2/ZRobot_Next/install/ldlidar_stl_ros2/share/ldlidar_stl_ros2//launch/viewer_ld19.launch.py
[18.203s] -- Installing: /root/ws_ros2/ZRobot_Next/install/ldlidar_stl_ros2/share/ldlidar_stl_ros2//launch/ld06.launch.py
[18.203s] -- Installing: /root/ws_ros2/ZRobot_Next/install/ldlidar_stl_ros2/share/ldlidar_stl_ros2//launch/viewer_stl27l.launch.py
[18.204s] -- Installing: /root/ws_ros2/ZRobot_Next/install/ldlidar_stl_ros2/share/ldlidar_stl_ros2//launch/ld19.launch.py
[18.204s] -- Installing: /root/ws_ros2/ZRobot_Next/install/ldlidar_stl_ros2/share/ldlidar_stl_ros2//launch/stl27l.launch.py
[18.205s] -- Installing: /root/ws_ros2/ZRobot_Next/install/ldlidar_stl_ros2/share/ldlidar_stl_ros2//rviz2
[18.206s] -- Installing: /root/ws_ros2/ZRobot_Next/install/ldlidar_stl_ros2/share/ldlidar_stl_ros2//rviz2/ldlidar.rviz
[18.207s] -- Installing: /root/ws_ros2/ZRobot_Next/install/ldlidar_stl_ros2/share/ament_index/resource_index/package_run_dependencies/ldlidar_stl_ros2
[18.208s] -- Installing: /root/ws_ros2/ZRobot_Next/install/ldlidar_stl_ros2/share/ament_index/resource_index/parent_prefix_path/ldlidar_stl_ros2
[18.208s] -- Installing: /root/ws_ros2/ZRobot_Next/install/ldlidar_stl_ros2/share/ldlidar_stl_ros2/environment/ament_prefix_path.sh
[18.209s] -- Installing: /root/ws_ros2/ZRobot_Next/install/ldlidar_stl_ros2/share/ldlidar_stl_ros2/environment/ament_prefix_path.dsv
[18.209s] -- Installing: /root/ws_ros2/ZRobot_Next/install/ldlidar_stl_ros2/share/ldlidar_stl_ros2/environment/path.sh
[18.210s] -- Installing: /root/ws_ros2/ZRobot_Next/install/ldlidar_stl_ros2/share/ldlidar_stl_ros2/environment/path.dsv
[18.210s] -- Installing: /root/ws_ros2/ZRobot_Next/install/ldlidar_stl_ros2/share/ldlidar_stl_ros2/local_setup.bash
[18.211s] -- Installing: /root/ws_ros2/ZRobot_Next/install/ldlidar_stl_ros2/share/ldlidar_stl_ros2/local_setup.sh
[18.211s] -- Installing: /root/ws_ros2/ZRobot_Next/install/ldlidar_stl_ros2/share/ldlidar_stl_ros2/local_setup.zsh
[18.213s] -- Installing: /root/ws_ros2/ZRobot_Next/install/ldlidar_stl_ros2/share/ldlidar_stl_ros2/local_setup.dsv
[18.214s] -- Installing: /root/ws_ros2/ZRobot_Next/install/ldlidar_stl_ros2/share/ldlidar_stl_ros2/package.dsv
[18.214s] -- Installing: /root/ws_ros2/ZRobot_Next/install/ldlidar_stl_ros2/share/ament_index/resource_index/packages/ldlidar_stl_ros2
[18.215s] -- Installing: /root/ws_ros2/ZRobot_Next/install/ldlidar_stl_ros2/share/ldlidar_stl_ros2/cmake/ldlidar_stl_ros2Config.cmake
[18.217s] -- Installing: /root/ws_ros2/ZRobot_Next/install/ldlidar_stl_ros2/share/ldlidar_stl_ros2/cmake/ldlidar_stl_ros2Config-version.cmake
[18.218s] -- Installing: /root/ws_ros2/ZRobot_Next/install/ldlidar_stl_ros2/share/ldlidar_stl_ros2/package.xml
[18.219s] Invoked command in '/root/ws_ros2/ZRobot_Next/build/ldlidar_stl_ros2' returned '0': CMAKE_PREFIX_PATH=${CMAKE_PREFIX_PATH}:/opt/ros/jazzy /usr/bin/cmake --install /root/ws_ros2/ZRobot_Next/build/ldlidar_stl_ros2
