[  1%] Built target zrobot_interfaces__rosidl_generator_type_description
[  1%] Built target ament_cmake_python_copy_zrobot_interfaces
[ 23%] Built target zrobot_interfaces__rosidl_generator_c
[ 25%] Built target zrobot_interfaces__cpp
[ 34%] Built target zrobot_interfaces__rosidl_typesupport_introspection_c
[ 43%] Built target zrobot_interfaces__rosidl_typesupport_introspection_cpp
[ 53%] Built target zrobot_interfaces__rosidl_typesupport_c
[ 62%] Built target zrobot_interfaces__rosidl_typesupport_fastrtps_cpp
[ 71%] Built target zrobot_interfaces__rosidl_typesupport_fastrtps_c
[ 81%] Built target zrobot_interfaces__rosidl_typesupport_cpp
[ 81%] Built target zrobot_interfaces
[ 82%] Built target zrobot_interfaces__py
[ 90%] Built target zrobot_interfaces__rosidl_generator_py
running egg_info
[ 93%] Built target zrobot_interfaces_s__rosidl_typesupport_fastrtps_c
writing zrobot_interfaces.egg-info/PKG-INFO
writing dependency_links to zrobot_interfaces.egg-info/dependency_links.txt
writing top-level names to zrobot_interfaces.egg-info/top_level.txt
[ 96%] Built target zrobot_interfaces_s__rosidl_typesupport_introspection_c
[100%] Built target zrobot_interfaces_s__rosidl_typesupport_c
reading manifest file 'zrobot_interfaces.egg-info/SOURCES.txt'
writing manifest file 'zrobot_interfaces.egg-info/SOURCES.txt'
[100%] Built target ament_cmake_python_build_zrobot_interfaces_egg
-- Install configuration: ""
-- Up-to-date: /root/ws_ros2/ZRobot_Next/install/zrobot_interfaces/share/ament_index/resource_index/rosidl_interfaces/zrobot_interfaces
-- Up-to-date: /root/ws_ros2/ZRobot_Next/install/zrobot_interfaces/share/zrobot_interfaces/msg/DetectionStatus.json
-- Up-to-date: /root/ws_ros2/ZRobot_Next/install/zrobot_interfaces/share/zrobot_interfaces/msg/MotorCommand.json
-- Up-to-date: /root/ws_ros2/ZRobot_Next/install/zrobot_interfaces/share/zrobot_interfaces/srv/SetTarget.json
-- Up-to-date: /root/ws_ros2/ZRobot_Next/install/zrobot_interfaces/share/zrobot_interfaces/srv/SetConfig.json
-- Up-to-date: /root/ws_ros2/ZRobot_Next/install/zrobot_interfaces/include/zrobot_interfaces/zrobot_interfaces
-- Up-to-date: /root/ws_ros2/ZRobot_Next/install/zrobot_interfaces/include/zrobot_interfaces/zrobot_interfaces/srv
-- Up-to-date: /root/ws_ros2/ZRobot_Next/install/zrobot_interfaces/include/zrobot_interfaces/zrobot_interfaces/srv/detail
-- Up-to-date: /root/ws_ros2/ZRobot_Next/install/zrobot_interfaces/include/zrobot_interfaces/zrobot_interfaces/srv/detail/set_target__struct.h
-- Up-to-date: /root/ws_ros2/ZRobot_Next/install/zrobot_interfaces/include/zrobot_interfaces/zrobot_interfaces/srv/detail/set_target__type_support.h
-- Up-to-date: /root/ws_ros2/ZRobot_Next/install/zrobot_interfaces/include/zrobot_interfaces/zrobot_interfaces/srv/detail/set_config__functions.h
-- Up-to-date: /root/ws_ros2/ZRobot_Next/install/zrobot_interfaces/include/zrobot_interfaces/zrobot_interfaces/srv/detail/set_config__description.c
-- Up-to-date: /root/ws_ros2/ZRobot_Next/install/zrobot_interfaces/include/zrobot_interfaces/zrobot_interfaces/srv/detail/set_config__functions.c
-- Up-to-date: /root/ws_ros2/ZRobot_Next/install/zrobot_interfaces/include/zrobot_interfaces/zrobot_interfaces/srv/detail/set_config__type_support.h
-- Up-to-date: /root/ws_ros2/ZRobot_Next/install/zrobot_interfaces/include/zrobot_interfaces/zrobot_interfaces/srv/detail/set_target__functions.h
-- Installing: /root/ws_ros2/ZRobot_Next/install/zrobot_interfaces/include/zrobot_interfaces/zrobot_interfaces/srv/detail/set_target__type_support.c
-- Up-to-date: /root/ws_ros2/ZRobot_Next/install/zrobot_interfaces/include/zrobot_interfaces/zrobot_interfaces/srv/detail/set_config__struct.h
-- Installing: /root/ws_ros2/ZRobot_Next/install/zrobot_interfaces/include/zrobot_interfaces/zrobot_interfaces/srv/detail/set_config__type_support.c
-- Up-to-date: /root/ws_ros2/ZRobot_Next/install/zrobot_interfaces/include/zrobot_interfaces/zrobot_interfaces/srv/detail/set_target__functions.c
-- Up-to-date: /root/ws_ros2/ZRobot_Next/install/zrobot_interfaces/include/zrobot_interfaces/zrobot_interfaces/srv/detail/set_target__description.c
-- Up-to-date: /root/ws_ros2/ZRobot_Next/install/zrobot_interfaces/include/zrobot_interfaces/zrobot_interfaces/srv/set_config.h
-- Up-to-date: /root/ws_ros2/ZRobot_Next/install/zrobot_interfaces/include/zrobot_interfaces/zrobot_interfaces/srv/set_target.h
-- Up-to-date: /root/ws_ros2/ZRobot_Next/install/zrobot_interfaces/include/zrobot_interfaces/zrobot_interfaces/msg
-- Up-to-date: /root/ws_ros2/ZRobot_Next/install/zrobot_interfaces/include/zrobot_interfaces/zrobot_interfaces/msg/detail
-- Installing: /root/ws_ros2/ZRobot_Next/install/zrobot_interfaces/include/zrobot_interfaces/zrobot_interfaces/msg/detail/detection_status__type_support.c
-- Up-to-date: /root/ws_ros2/ZRobot_Next/install/zrobot_interfaces/include/zrobot_interfaces/zrobot_interfaces/msg/detail/detection_status__type_support.h
-- Up-to-date: /root/ws_ros2/ZRobot_Next/install/zrobot_interfaces/include/zrobot_interfaces/zrobot_interfaces/msg/detail/detection_status__functions.c
-- Up-to-date: /root/ws_ros2/ZRobot_Next/install/zrobot_interfaces/include/zrobot_interfaces/zrobot_interfaces/msg/detail/motor_command__type_support.h
-- Up-to-date: /root/ws_ros2/ZRobot_Next/install/zrobot_interfaces/include/zrobot_interfaces/zrobot_interfaces/msg/detail/motor_command__functions.c
-- Installing: /root/ws_ros2/ZRobot_Next/install/zrobot_interfaces/include/zrobot_interfaces/zrobot_interfaces/msg/detail/motor_command__type_support.c
-- Up-to-date: /root/ws_ros2/ZRobot_Next/install/zrobot_interfaces/include/zrobot_interfaces/zrobot_interfaces/msg/detail/motor_command__struct.h
-- Up-to-date: /root/ws_ros2/ZRobot_Next/install/zrobot_interfaces/include/zrobot_interfaces/zrobot_interfaces/msg/detail/motor_command__description.c
-- Up-to-date: /root/ws_ros2/ZRobot_Next/install/zrobot_interfaces/include/zrobot_interfaces/zrobot_interfaces/msg/detail/detection_status__description.c
-- Up-to-date: /root/ws_ros2/ZRobot_Next/install/zrobot_interfaces/include/zrobot_interfaces/zrobot_interfaces/msg/detail/motor_command__functions.h
-- Up-to-date: /root/ws_ros2/ZRobot_Next/install/zrobot_interfaces/include/zrobot_interfaces/zrobot_interfaces/msg/detail/detection_status__functions.h
-- Up-to-date: /root/ws_ros2/ZRobot_Next/install/zrobot_interfaces/include/zrobot_interfaces/zrobot_interfaces/msg/detail/detection_status__struct.h
-- Up-to-date: /root/ws_ros2/ZRobot_Next/install/zrobot_interfaces/include/zrobot_interfaces/zrobot_interfaces/msg/rosidl_generator_c__visibility_control.h
-- Up-to-date: /root/ws_ros2/ZRobot_Next/install/zrobot_interfaces/include/zrobot_interfaces/zrobot_interfaces/msg/detection_status.h
-- Up-to-date: /root/ws_ros2/ZRobot_Next/install/zrobot_interfaces/include/zrobot_interfaces/zrobot_interfaces/msg/motor_command.h
-- Up-to-date: /root/ws_ros2/ZRobot_Next/install/zrobot_interfaces/share/zrobot_interfaces/environment/library_path.sh
-- Up-to-date: /root/ws_ros2/ZRobot_Next/install/zrobot_interfaces/share/zrobot_interfaces/environment/library_path.dsv
-- Up-to-date: /root/ws_ros2/ZRobot_Next/install/zrobot_interfaces/lib/libzrobot_interfaces__rosidl_generator_c.so
-- Up-to-date: /root/ws_ros2/ZRobot_Next/install/zrobot_interfaces/include/zrobot_interfaces/zrobot_interfaces
-- Up-to-date: /root/ws_ros2/ZRobot_Next/install/zrobot_interfaces/include/zrobot_interfaces/zrobot_interfaces/srv
-- Up-to-date: /root/ws_ros2/ZRobot_Next/install/zrobot_interfaces/include/zrobot_interfaces/zrobot_interfaces/srv/detail
-- Up-to-date: /root/ws_ros2/ZRobot_Next/install/zrobot_interfaces/include/zrobot_interfaces/zrobot_interfaces/srv/detail/set_config__rosidl_typesupport_fastrtps_c.h
-- Up-to-date: /root/ws_ros2/ZRobot_Next/install/zrobot_interfaces/include/zrobot_interfaces/zrobot_interfaces/srv/detail/set_target__rosidl_typesupport_fastrtps_c.h
-- Up-to-date: /root/ws_ros2/ZRobot_Next/install/zrobot_interfaces/include/zrobot_interfaces/zrobot_interfaces/msg
-- Up-to-date: /root/ws_ros2/ZRobot_Next/install/zrobot_interfaces/include/zrobot_interfaces/zrobot_interfaces/msg/detail
-- Up-to-date: /root/ws_ros2/ZRobot_Next/install/zrobot_interfaces/include/zrobot_interfaces/zrobot_interfaces/msg/detail/motor_command__rosidl_typesupport_fastrtps_c.h
-- Up-to-date: /root/ws_ros2/ZRobot_Next/install/zrobot_interfaces/include/zrobot_interfaces/zrobot_interfaces/msg/detail/detection_status__rosidl_typesupport_fastrtps_c.h
-- Up-to-date: /root/ws_ros2/ZRobot_Next/install/zrobot_interfaces/include/zrobot_interfaces/zrobot_interfaces/msg/rosidl_typesupport_fastrtps_c__visibility_control.h
-- Up-to-date: /root/ws_ros2/ZRobot_Next/install/zrobot_interfaces/lib/libzrobot_interfaces__rosidl_typesupport_fastrtps_c.so
-- Up-to-date: /root/ws_ros2/ZRobot_Next/install/zrobot_interfaces/include/zrobot_interfaces/zrobot_interfaces
-- Up-to-date: /root/ws_ros2/ZRobot_Next/install/zrobot_interfaces/include/zrobot_interfaces/zrobot_interfaces/srv
-- Up-to-date: /root/ws_ros2/ZRobot_Next/install/zrobot_interfaces/include/zrobot_interfaces/zrobot_interfaces/srv/detail
-- Up-to-date: /root/ws_ros2/ZRobot_Next/install/zrobot_interfaces/include/zrobot_interfaces/zrobot_interfaces/srv/detail/set_config__rosidl_typesupport_introspection_c.h
-- Up-to-date: /root/ws_ros2/ZRobot_Next/install/zrobot_interfaces/include/zrobot_interfaces/zrobot_interfaces/srv/detail/set_target__rosidl_typesupport_introspection_c.h
-- Installing: /root/ws_ros2/ZRobot_Next/install/zrobot_interfaces/include/zrobot_interfaces/zrobot_interfaces/srv/detail/set_target__type_support.c
-- Installing: /root/ws_ros2/ZRobot_Next/install/zrobot_interfaces/include/zrobot_interfaces/zrobot_interfaces/srv/detail/set_config__type_support.c
-- Up-to-date: /root/ws_ros2/ZRobot_Next/install/zrobot_interfaces/include/zrobot_interfaces/zrobot_interfaces/msg
-- Up-to-date: /root/ws_ros2/ZRobot_Next/install/zrobot_interfaces/include/zrobot_interfaces/zrobot_interfaces/msg/detail
-- Installing: /root/ws_ros2/ZRobot_Next/install/zrobot_interfaces/include/zrobot_interfaces/zrobot_interfaces/msg/detail/detection_status__type_support.c
-- Up-to-date: /root/ws_ros2/ZRobot_Next/install/zrobot_interfaces/include/zrobot_interfaces/zrobot_interfaces/msg/detail/detection_status__rosidl_typesupport_introspection_c.h
-- Installing: /root/ws_ros2/ZRobot_Next/install/zrobot_interfaces/include/zrobot_interfaces/zrobot_interfaces/msg/detail/motor_command__type_support.c
-- Up-to-date: /root/ws_ros2/ZRobot_Next/install/zrobot_interfaces/include/zrobot_interfaces/zrobot_interfaces/msg/detail/motor_command__rosidl_typesupport_introspection_c.h
-- Up-to-date: /root/ws_ros2/ZRobot_Next/install/zrobot_interfaces/include/zrobot_interfaces/zrobot_interfaces/msg/rosidl_typesupport_introspection_c__visibility_control.h
-- Up-to-date: /root/ws_ros2/ZRobot_Next/install/zrobot_interfaces/lib/libzrobot_interfaces__rosidl_typesupport_introspection_c.so
-- Up-to-date: /root/ws_ros2/ZRobot_Next/install/zrobot_interfaces/lib/libzrobot_interfaces__rosidl_typesupport_c.so
-- Up-to-date: /root/ws_ros2/ZRobot_Next/install/zrobot_interfaces/include/zrobot_interfaces/zrobot_interfaces
-- Up-to-date: /root/ws_ros2/ZRobot_Next/install/zrobot_interfaces/include/zrobot_interfaces/zrobot_interfaces/srv
-- Up-to-date: /root/ws_ros2/ZRobot_Next/install/zrobot_interfaces/include/zrobot_interfaces/zrobot_interfaces/srv/detail
-- Up-to-date: /root/ws_ros2/ZRobot_Next/install/zrobot_interfaces/include/zrobot_interfaces/zrobot_interfaces/srv/detail/set_target__traits.hpp
-- Up-to-date: /root/ws_ros2/ZRobot_Next/install/zrobot_interfaces/include/zrobot_interfaces/zrobot_interfaces/srv/detail/set_config__struct.hpp
-- Up-to-date: /root/ws_ros2/ZRobot_Next/install/zrobot_interfaces/include/zrobot_interfaces/zrobot_interfaces/srv/detail/set_target__struct.hpp
-- Up-to-date: /root/ws_ros2/ZRobot_Next/install/zrobot_interfaces/include/zrobot_interfaces/zrobot_interfaces/srv/detail/set_target__builder.hpp
-- Up-to-date: /root/ws_ros2/ZRobot_Next/install/zrobot_interfaces/include/zrobot_interfaces/zrobot_interfaces/srv/detail/set_config__traits.hpp
-- Up-to-date: /root/ws_ros2/ZRobot_Next/install/zrobot_interfaces/include/zrobot_interfaces/zrobot_interfaces/srv/detail/set_config__type_support.hpp
-- Up-to-date: /root/ws_ros2/ZRobot_Next/install/zrobot_interfaces/include/zrobot_interfaces/zrobot_interfaces/srv/detail/set_config__builder.hpp
-- Up-to-date: /root/ws_ros2/ZRobot_Next/install/zrobot_interfaces/include/zrobot_interfaces/zrobot_interfaces/srv/detail/set_target__type_support.hpp
-- Up-to-date: /root/ws_ros2/ZRobot_Next/install/zrobot_interfaces/include/zrobot_interfaces/zrobot_interfaces/srv/set_target.hpp
-- Up-to-date: /root/ws_ros2/ZRobot_Next/install/zrobot_interfaces/include/zrobot_interfaces/zrobot_interfaces/srv/set_config.hpp
-- Up-to-date: /root/ws_ros2/ZRobot_Next/install/zrobot_interfaces/include/zrobot_interfaces/zrobot_interfaces/msg
-- Up-to-date: /root/ws_ros2/ZRobot_Next/install/zrobot_interfaces/include/zrobot_interfaces/zrobot_interfaces/msg/motor_command.hpp
-- Up-to-date: /root/ws_ros2/ZRobot_Next/install/zrobot_interfaces/include/zrobot_interfaces/zrobot_interfaces/msg/detection_status.hpp
-- Up-to-date: /root/ws_ros2/ZRobot_Next/install/zrobot_interfaces/include/zrobot_interfaces/zrobot_interfaces/msg/detail
-- Up-to-date: /root/ws_ros2/ZRobot_Next/install/zrobot_interfaces/include/zrobot_interfaces/zrobot_interfaces/msg/detail/detection_status__struct.hpp
-- Up-to-date: /root/ws_ros2/ZRobot_Next/install/zrobot_interfaces/include/zrobot_interfaces/zrobot_interfaces/msg/detail/motor_command__struct.hpp
-- Up-to-date: /root/ws_ros2/ZRobot_Next/install/zrobot_interfaces/include/zrobot_interfaces/zrobot_interfaces/msg/detail/detection_status__traits.hpp
-- Up-to-date: /root/ws_ros2/ZRobot_Next/install/zrobot_interfaces/include/zrobot_interfaces/zrobot_interfaces/msg/detail/motor_command__type_support.hpp
-- Up-to-date: /root/ws_ros2/ZRobot_Next/install/zrobot_interfaces/include/zrobot_interfaces/zrobot_interfaces/msg/detail/detection_status__type_support.hpp
-- Up-to-date: /root/ws_ros2/ZRobot_Next/install/zrobot_interfaces/include/zrobot_interfaces/zrobot_interfaces/msg/detail/detection_status__builder.hpp
-- Up-to-date: /root/ws_ros2/ZRobot_Next/install/zrobot_interfaces/include/zrobot_interfaces/zrobot_interfaces/msg/detail/motor_command__traits.hpp
-- Up-to-date: /root/ws_ros2/ZRobot_Next/install/zrobot_interfaces/include/zrobot_interfaces/zrobot_interfaces/msg/detail/motor_command__builder.hpp
-- Up-to-date: /root/ws_ros2/ZRobot_Next/install/zrobot_interfaces/include/zrobot_interfaces/zrobot_interfaces/msg/rosidl_generator_cpp__visibility_control.hpp
-- Up-to-date: /root/ws_ros2/ZRobot_Next/install/zrobot_interfaces/include/zrobot_interfaces/zrobot_interfaces
-- Up-to-date: /root/ws_ros2/ZRobot_Next/install/zrobot_interfaces/include/zrobot_interfaces/zrobot_interfaces/srv
-- Up-to-date: /root/ws_ros2/ZRobot_Next/install/zrobot_interfaces/include/zrobot_interfaces/zrobot_interfaces/srv/detail
-- Up-to-date: /root/ws_ros2/ZRobot_Next/install/zrobot_interfaces/include/zrobot_interfaces/zrobot_interfaces/srv/detail/set_target__rosidl_typesupport_fastrtps_cpp.hpp
-- Up-to-date: /root/ws_ros2/ZRobot_Next/install/zrobot_interfaces/include/zrobot_interfaces/zrobot_interfaces/srv/detail/dds_fastrtps
-- Up-to-date: /root/ws_ros2/ZRobot_Next/install/zrobot_interfaces/include/zrobot_interfaces/zrobot_interfaces/srv/detail/set_config__rosidl_typesupport_fastrtps_cpp.hpp
-- Up-to-date: /root/ws_ros2/ZRobot_Next/install/zrobot_interfaces/include/zrobot_interfaces/zrobot_interfaces/msg
-- Up-to-date: /root/ws_ros2/ZRobot_Next/install/zrobot_interfaces/include/zrobot_interfaces/zrobot_interfaces/msg/detail
-- Up-to-date: /root/ws_ros2/ZRobot_Next/install/zrobot_interfaces/include/zrobot_interfaces/zrobot_interfaces/msg/detail/motor_command__rosidl_typesupport_fastrtps_cpp.hpp
-- Up-to-date: /root/ws_ros2/ZRobot_Next/install/zrobot_interfaces/include/zrobot_interfaces/zrobot_interfaces/msg/detail/dds_fastrtps
-- Up-to-date: /root/ws_ros2/ZRobot_Next/install/zrobot_interfaces/include/zrobot_interfaces/zrobot_interfaces/msg/detail/detection_status__rosidl_typesupport_fastrtps_cpp.hpp
-- Up-to-date: /root/ws_ros2/ZRobot_Next/install/zrobot_interfaces/include/zrobot_interfaces/zrobot_interfaces/msg/rosidl_typesupport_fastrtps_cpp__visibility_control.h
-- Up-to-date: /root/ws_ros2/ZRobot_Next/install/zrobot_interfaces/lib/libzrobot_interfaces__rosidl_typesupport_fastrtps_cpp.so
-- Up-to-date: /root/ws_ros2/ZRobot_Next/install/zrobot_interfaces/include/zrobot_interfaces/zrobot_interfaces
-- Up-to-date: /root/ws_ros2/ZRobot_Next/install/zrobot_interfaces/include/zrobot_interfaces/zrobot_interfaces/srv
-- Up-to-date: /root/ws_ros2/ZRobot_Next/install/zrobot_interfaces/include/zrobot_interfaces/zrobot_interfaces/srv/detail
-- Up-to-date: /root/ws_ros2/ZRobot_Next/install/zrobot_interfaces/include/zrobot_interfaces/zrobot_interfaces/srv/detail/set_config__type_support.cpp
-- Up-to-date: /root/ws_ros2/ZRobot_Next/install/zrobot_interfaces/include/zrobot_interfaces/zrobot_interfaces/srv/detail/set_target__rosidl_typesupport_introspection_cpp.hpp
-- Up-to-date: /root/ws_ros2/ZRobot_Next/install/zrobot_interfaces/include/zrobot_interfaces/zrobot_interfaces/srv/detail/set_config__rosidl_typesupport_introspection_cpp.hpp
-- Up-to-date: /root/ws_ros2/ZRobot_Next/install/zrobot_interfaces/include/zrobot_interfaces/zrobot_interfaces/srv/detail/set_target__type_support.cpp
-- Up-to-date: /root/ws_ros2/ZRobot_Next/install/zrobot_interfaces/include/zrobot_interfaces/zrobot_interfaces/msg
-- Up-to-date: /root/ws_ros2/ZRobot_Next/install/zrobot_interfaces/include/zrobot_interfaces/zrobot_interfaces/msg/detail
-- Up-to-date: /root/ws_ros2/ZRobot_Next/install/zrobot_interfaces/include/zrobot_interfaces/zrobot_interfaces/msg/detail/detection_status__type_support.cpp
-- Up-to-date: /root/ws_ros2/ZRobot_Next/install/zrobot_interfaces/include/zrobot_interfaces/zrobot_interfaces/msg/detail/motor_command__rosidl_typesupport_introspection_cpp.hpp
-- Up-to-date: /root/ws_ros2/ZRobot_Next/install/zrobot_interfaces/include/zrobot_interfaces/zrobot_interfaces/msg/detail/motor_command__type_support.cpp
-- Up-to-date: /root/ws_ros2/ZRobot_Next/install/zrobot_interfaces/include/zrobot_interfaces/zrobot_interfaces/msg/detail/detection_status__rosidl_typesupport_introspection_cpp.hpp
-- Up-to-date: /root/ws_ros2/ZRobot_Next/install/zrobot_interfaces/lib/libzrobot_interfaces__rosidl_typesupport_introspection_cpp.so
-- Up-to-date: /root/ws_ros2/ZRobot_Next/install/zrobot_interfaces/lib/libzrobot_interfaces__rosidl_typesupport_cpp.so
-- Up-to-date: /root/ws_ros2/ZRobot_Next/install/zrobot_interfaces/share/zrobot_interfaces/environment/pythonpath.sh
-- Up-to-date: /root/ws_ros2/ZRobot_Next/install/zrobot_interfaces/share/zrobot_interfaces/environment/pythonpath.dsv
-- Up-to-date: /root/ws_ros2/ZRobot_Next/install/zrobot_interfaces/lib/python3.12/site-packages/zrobot_interfaces-1.0.0-py3.12.egg-info
-- Installing: /root/ws_ros2/ZRobot_Next/install/zrobot_interfaces/lib/python3.12/site-packages/zrobot_interfaces-1.0.0-py3.12.egg-info/dependency_links.txt
-- Installing: /root/ws_ros2/ZRobot_Next/install/zrobot_interfaces/lib/python3.12/site-packages/zrobot_interfaces-1.0.0-py3.12.egg-info/PKG-INFO
-- Installing: /root/ws_ros2/ZRobot_Next/install/zrobot_interfaces/lib/python3.12/site-packages/zrobot_interfaces-1.0.0-py3.12.egg-info/top_level.txt
-- Installing: /root/ws_ros2/ZRobot_Next/install/zrobot_interfaces/lib/python3.12/site-packages/zrobot_interfaces-1.0.0-py3.12.egg-info/SOURCES.txt
-- Up-to-date: /root/ws_ros2/ZRobot_Next/install/zrobot_interfaces/lib/python3.12/site-packages/zrobot_interfaces
-- Up-to-date: /root/ws_ros2/ZRobot_Next/install/zrobot_interfaces/lib/python3.12/site-packages/zrobot_interfaces/zrobot_interfaces_s__rosidl_typesupport_c.so
-- Up-to-date: /root/ws_ros2/ZRobot_Next/install/zrobot_interfaces/lib/python3.12/site-packages/zrobot_interfaces/srv
-- Up-to-date: /root/ws_ros2/ZRobot_Next/install/zrobot_interfaces/lib/python3.12/site-packages/zrobot_interfaces/srv/_set_target_s.c
-- Up-to-date: /root/ws_ros2/ZRobot_Next/install/zrobot_interfaces/lib/python3.12/site-packages/zrobot_interfaces/srv/_set_config_s.c
-- Up-to-date: /root/ws_ros2/ZRobot_Next/install/zrobot_interfaces/lib/python3.12/site-packages/zrobot_interfaces/srv/_set_config.py
-- Up-to-date: /root/ws_ros2/ZRobot_Next/install/zrobot_interfaces/lib/python3.12/site-packages/zrobot_interfaces/srv/_set_target.py
-- Up-to-date: /root/ws_ros2/ZRobot_Next/install/zrobot_interfaces/lib/python3.12/site-packages/zrobot_interfaces/srv/__init__.py
-- Up-to-date: /root/ws_ros2/ZRobot_Next/install/zrobot_interfaces/lib/python3.12/site-packages/zrobot_interfaces/_zrobot_interfaces_s.ep.rosidl_typesupport_introspection_c.c
-- Up-to-date: /root/ws_ros2/ZRobot_Next/install/zrobot_interfaces/lib/python3.12/site-packages/zrobot_interfaces/_zrobot_interfaces_s.ep.rosidl_typesupport_fastrtps_c.c
-- Up-to-date: /root/ws_ros2/ZRobot_Next/install/zrobot_interfaces/lib/python3.12/site-packages/zrobot_interfaces/zrobot_interfaces_s__rosidl_typesupport_introspection_c.so
-- Up-to-date: /root/ws_ros2/ZRobot_Next/install/zrobot_interfaces/lib/python3.12/site-packages/zrobot_interfaces/_zrobot_interfaces_s.ep.rosidl_typesupport_c.c
-- Up-to-date: /root/ws_ros2/ZRobot_Next/install/zrobot_interfaces/lib/python3.12/site-packages/zrobot_interfaces/zrobot_interfaces_s__rosidl_typesupport_fastrtps_c.so
-- Up-to-date: /root/ws_ros2/ZRobot_Next/install/zrobot_interfaces/lib/python3.12/site-packages/zrobot_interfaces/msg
-- Up-to-date: /root/ws_ros2/ZRobot_Next/install/zrobot_interfaces/lib/python3.12/site-packages/zrobot_interfaces/msg/_motor_command.py
-- Up-to-date: /root/ws_ros2/ZRobot_Next/install/zrobot_interfaces/lib/python3.12/site-packages/zrobot_interfaces/msg/_detection_status_s.c
-- Up-to-date: /root/ws_ros2/ZRobot_Next/install/zrobot_interfaces/lib/python3.12/site-packages/zrobot_interfaces/msg/_detection_status.py
-- Up-to-date: /root/ws_ros2/ZRobot_Next/install/zrobot_interfaces/lib/python3.12/site-packages/zrobot_interfaces/msg/__init__.py
-- Up-to-date: /root/ws_ros2/ZRobot_Next/install/zrobot_interfaces/lib/python3.12/site-packages/zrobot_interfaces/msg/_motor_command_s.c
-- Up-to-date: /root/ws_ros2/ZRobot_Next/install/zrobot_interfaces/lib/python3.12/site-packages/zrobot_interfaces/__init__.py
Listing '/root/ws_ros2/ZRobot_Next/install/zrobot_interfaces/lib/python3.12/site-packages/zrobot_interfaces'...
Listing '/root/ws_ros2/ZRobot_Next/install/zrobot_interfaces/lib/python3.12/site-packages/zrobot_interfaces/msg'...
Listing '/root/ws_ros2/ZRobot_Next/install/zrobot_interfaces/lib/python3.12/site-packages/zrobot_interfaces/srv'...
-- Up-to-date: /root/ws_ros2/ZRobot_Next/install/zrobot_interfaces/lib/python3.12/site-packages/zrobot_interfaces/zrobot_interfaces_s__rosidl_typesupport_fastrtps_c.so
-- Up-to-date: /root/ws_ros2/ZRobot_Next/install/zrobot_interfaces/lib/python3.12/site-packages/zrobot_interfaces/zrobot_interfaces_s__rosidl_typesupport_introspection_c.so
-- Up-to-date: /root/ws_ros2/ZRobot_Next/install/zrobot_interfaces/lib/python3.12/site-packages/zrobot_interfaces/zrobot_interfaces_s__rosidl_typesupport_c.so
-- Up-to-date: /root/ws_ros2/ZRobot_Next/install/zrobot_interfaces/lib/libzrobot_interfaces__rosidl_generator_py.so
-- Up-to-date: /root/ws_ros2/ZRobot_Next/install/zrobot_interfaces/share/zrobot_interfaces/msg/DetectionStatus.idl
-- Up-to-date: /root/ws_ros2/ZRobot_Next/install/zrobot_interfaces/share/zrobot_interfaces/msg/MotorCommand.idl
-- Up-to-date: /root/ws_ros2/ZRobot_Next/install/zrobot_interfaces/share/zrobot_interfaces/srv/SetTarget.idl
-- Up-to-date: /root/ws_ros2/ZRobot_Next/install/zrobot_interfaces/share/zrobot_interfaces/srv/SetConfig.idl
-- Up-to-date: /root/ws_ros2/ZRobot_Next/install/zrobot_interfaces/share/zrobot_interfaces/msg/DetectionStatus.msg
-- Up-to-date: /root/ws_ros2/ZRobot_Next/install/zrobot_interfaces/share/zrobot_interfaces/msg/MotorCommand.msg
-- Up-to-date: /root/ws_ros2/ZRobot_Next/install/zrobot_interfaces/share/zrobot_interfaces/srv/SetTarget.srv
-- Up-to-date: /root/ws_ros2/ZRobot_Next/install/zrobot_interfaces/share/zrobot_interfaces/srv/SetConfig.srv
-- Up-to-date: /root/ws_ros2/ZRobot_Next/install/zrobot_interfaces/share/ament_index/resource_index/package_run_dependencies/zrobot_interfaces
-- Up-to-date: /root/ws_ros2/ZRobot_Next/install/zrobot_interfaces/share/ament_index/resource_index/parent_prefix_path/zrobot_interfaces
-- Up-to-date: /root/ws_ros2/ZRobot_Next/install/zrobot_interfaces/share/zrobot_interfaces/environment/ament_prefix_path.sh
-- Up-to-date: /root/ws_ros2/ZRobot_Next/install/zrobot_interfaces/share/zrobot_interfaces/environment/ament_prefix_path.dsv
-- Up-to-date: /root/ws_ros2/ZRobot_Next/install/zrobot_interfaces/share/zrobot_interfaces/environment/path.sh
-- Up-to-date: /root/ws_ros2/ZRobot_Next/install/zrobot_interfaces/share/zrobot_interfaces/environment/path.dsv
-- Up-to-date: /root/ws_ros2/ZRobot_Next/install/zrobot_interfaces/share/zrobot_interfaces/local_setup.bash
-- Up-to-date: /root/ws_ros2/ZRobot_Next/install/zrobot_interfaces/share/zrobot_interfaces/local_setup.sh
-- Up-to-date: /root/ws_ros2/ZRobot_Next/install/zrobot_interfaces/share/zrobot_interfaces/local_setup.zsh
-- Up-to-date: /root/ws_ros2/ZRobot_Next/install/zrobot_interfaces/share/zrobot_interfaces/local_setup.dsv
-- Installing: /root/ws_ros2/ZRobot_Next/install/zrobot_interfaces/share/zrobot_interfaces/package.dsv
-- Up-to-date: /root/ws_ros2/ZRobot_Next/install/zrobot_interfaces/share/ament_index/resource_index/packages/zrobot_interfaces
-- Up-to-date: /root/ws_ros2/ZRobot_Next/install/zrobot_interfaces/share/zrobot_interfaces/cmake/export_zrobot_interfaces__rosidl_generator_cExport.cmake
-- Up-to-date: /root/ws_ros2/ZRobot_Next/install/zrobot_interfaces/share/zrobot_interfaces/cmake/export_zrobot_interfaces__rosidl_generator_cExport-noconfig.cmake
-- Up-to-date: /root/ws_ros2/ZRobot_Next/install/zrobot_interfaces/share/zrobot_interfaces/cmake/export_zrobot_interfaces__rosidl_typesupport_fastrtps_cExport.cmake
-- Up-to-date: /root/ws_ros2/ZRobot_Next/install/zrobot_interfaces/share/zrobot_interfaces/cmake/export_zrobot_interfaces__rosidl_typesupport_fastrtps_cExport-noconfig.cmake
-- Up-to-date: /root/ws_ros2/ZRobot_Next/install/zrobot_interfaces/share/zrobot_interfaces/cmake/zrobot_interfaces__rosidl_typesupport_introspection_cExport.cmake
-- Up-to-date: /root/ws_ros2/ZRobot_Next/install/zrobot_interfaces/share/zrobot_interfaces/cmake/zrobot_interfaces__rosidl_typesupport_introspection_cExport-noconfig.cmake
-- Up-to-date: /root/ws_ros2/ZRobot_Next/install/zrobot_interfaces/share/zrobot_interfaces/cmake/zrobot_interfaces__rosidl_typesupport_cExport.cmake
-- Up-to-date: /root/ws_ros2/ZRobot_Next/install/zrobot_interfaces/share/zrobot_interfaces/cmake/zrobot_interfaces__rosidl_typesupport_cExport-noconfig.cmake
-- Up-to-date: /root/ws_ros2/ZRobot_Next/install/zrobot_interfaces/share/zrobot_interfaces/cmake/export_zrobot_interfaces__rosidl_generator_cppExport.cmake
-- Up-to-date: /root/ws_ros2/ZRobot_Next/install/zrobot_interfaces/share/zrobot_interfaces/cmake/export_zrobot_interfaces__rosidl_typesupport_fastrtps_cppExport.cmake
-- Up-to-date: /root/ws_ros2/ZRobot_Next/install/zrobot_interfaces/share/zrobot_interfaces/cmake/export_zrobot_interfaces__rosidl_typesupport_fastrtps_cppExport-noconfig.cmake
-- Up-to-date: /root/ws_ros2/ZRobot_Next/install/zrobot_interfaces/share/zrobot_interfaces/cmake/zrobot_interfaces__rosidl_typesupport_introspection_cppExport.cmake
-- Up-to-date: /root/ws_ros2/ZRobot_Next/install/zrobot_interfaces/share/zrobot_interfaces/cmake/zrobot_interfaces__rosidl_typesupport_introspection_cppExport-noconfig.cmake
-- Up-to-date: /root/ws_ros2/ZRobot_Next/install/zrobot_interfaces/share/zrobot_interfaces/cmake/zrobot_interfaces__rosidl_typesupport_cppExport.cmake
-- Up-to-date: /root/ws_ros2/ZRobot_Next/install/zrobot_interfaces/share/zrobot_interfaces/cmake/zrobot_interfaces__rosidl_typesupport_cppExport-noconfig.cmake
-- Up-to-date: /root/ws_ros2/ZRobot_Next/install/zrobot_interfaces/share/zrobot_interfaces/cmake/export_zrobot_interfaces__rosidl_generator_pyExport.cmake
-- Up-to-date: /root/ws_ros2/ZRobot_Next/install/zrobot_interfaces/share/zrobot_interfaces/cmake/export_zrobot_interfaces__rosidl_generator_pyExport-noconfig.cmake
-- Up-to-date: /root/ws_ros2/ZRobot_Next/install/zrobot_interfaces/share/zrobot_interfaces/cmake/rosidl_cmake-extras.cmake
-- Up-to-date: /root/ws_ros2/ZRobot_Next/install/zrobot_interfaces/share/zrobot_interfaces/cmake/ament_cmake_export_dependencies-extras.cmake
-- Up-to-date: /root/ws_ros2/ZRobot_Next/install/zrobot_interfaces/share/zrobot_interfaces/cmake/ament_cmake_export_include_directories-extras.cmake
-- Up-to-date: /root/ws_ros2/ZRobot_Next/install/zrobot_interfaces/share/zrobot_interfaces/cmake/ament_cmake_export_libraries-extras.cmake
-- Up-to-date: /root/ws_ros2/ZRobot_Next/install/zrobot_interfaces/share/zrobot_interfaces/cmake/ament_cmake_export_targets-extras.cmake
-- Up-to-date: /root/ws_ros2/ZRobot_Next/install/zrobot_interfaces/share/zrobot_interfaces/cmake/rosidl_cmake_export_typesupport_targets-extras.cmake
-- Up-to-date: /root/ws_ros2/ZRobot_Next/install/zrobot_interfaces/share/zrobot_interfaces/cmake/rosidl_cmake_export_typesupport_libraries-extras.cmake
-- Up-to-date: /root/ws_ros2/ZRobot_Next/install/zrobot_interfaces/share/zrobot_interfaces/cmake/zrobot_interfacesConfig.cmake
-- Up-to-date: /root/ws_ros2/ZRobot_Next/install/zrobot_interfaces/share/zrobot_interfaces/cmake/zrobot_interfacesConfig-version.cmake
-- Up-to-date: /root/ws_ros2/ZRobot_Next/install/zrobot_interfaces/share/zrobot_interfaces/package.xml
