[0.033s] Invoking command in '/root/ws_ros2/ZRobot_Next/build/zrobot_interfaces': CMAKE_PREFIX_PATH=/opt/ros/jazzy /usr/bin/cmake --build /root/ws_ros2/ZRobot_Next/build/zrobot_interfaces -- -j8 -l8
[0.197s] [  1%] Built target zrobot_interfaces__rosidl_generator_type_description
[0.197s] [  1%] Built target ament_cmake_python_copy_zrobot_interfaces
[0.228s] [ 23%] Built target zrobot_interfaces__rosidl_generator_c
[0.228s] [ 25%] Built target zrobot_interfaces__cpp
[0.297s] [ 34%] Built target zrobot_interfaces__rosidl_typesupport_introspection_c
[0.298s] [ 43%] Built target zrobot_interfaces__rosidl_typesupport_introspection_cpp
[0.298s] [ 53%] Built target zrobot_interfaces__rosidl_typesupport_c
[0.298s] [ 62%] Built target zrobot_interfaces__rosidl_typesupport_fastrtps_cpp
[0.310s] [ 71%] Built target zrobot_interfaces__rosidl_typesupport_fastrtps_c
[0.311s] [ 81%] Built target zrobot_interfaces__rosidl_typesupport_cpp
[0.359s] [ 81%] Built target zrobot_interfaces
[0.429s] [ 82%] Built target zrobot_interfaces__py
[0.495s] [ 90%] Built target zrobot_interfaces__rosidl_generator_py
[0.527s] running egg_info
[0.544s] [ 93%] Built target zrobot_interfaces_s__rosidl_typesupport_fastrtps_c
[0.552s] writing zrobot_interfaces.egg-info/PKG-INFO
[0.553s] writing dependency_links to zrobot_interfaces.egg-info/dependency_links.txt
[0.554s] writing top-level names to zrobot_interfaces.egg-info/top_level.txt
[0.569s] [ 96%] Built target zrobot_interfaces_s__rosidl_typesupport_introspection_c
[0.587s] [100%] Built target zrobot_interfaces_s__rosidl_typesupport_c
[0.621s] reading manifest file 'zrobot_interfaces.egg-info/SOURCES.txt'
[0.622s] writing manifest file 'zrobot_interfaces.egg-info/SOURCES.txt'
[0.738s] [100%] Built target ament_cmake_python_build_zrobot_interfaces_egg
[0.774s] Invoked command in '/root/ws_ros2/ZRobot_Next/build/zrobot_interfaces' returned '0': CMAKE_PREFIX_PATH=/opt/ros/jazzy /usr/bin/cmake --build /root/ws_ros2/ZRobot_Next/build/zrobot_interfaces -- -j8 -l8
[0.776s] Invoking command in '/root/ws_ros2/ZRobot_Next/build/zrobot_interfaces': CMAKE_PREFIX_PATH=/opt/ros/jazzy /usr/bin/cmake --install /root/ws_ros2/ZRobot_Next/build/zrobot_interfaces
[0.808s] -- Install configuration: ""
[0.809s] -- Up-to-date: /root/ws_ros2/ZRobot_Next/install/zrobot_interfaces/share/ament_index/resource_index/rosidl_interfaces/zrobot_interfaces
[0.809s] -- Up-to-date: /root/ws_ros2/ZRobot_Next/install/zrobot_interfaces/share/zrobot_interfaces/msg/DetectionStatus.json
[0.810s] -- Up-to-date: /root/ws_ros2/ZRobot_Next/install/zrobot_interfaces/share/zrobot_interfaces/msg/MotorCommand.json
[0.811s] -- Up-to-date: /root/ws_ros2/ZRobot_Next/install/zrobot_interfaces/share/zrobot_interfaces/srv/SetTarget.json
[0.812s] -- Up-to-date: /root/ws_ros2/ZRobot_Next/install/zrobot_interfaces/share/zrobot_interfaces/srv/SetConfig.json
[0.812s] -- Up-to-date: /root/ws_ros2/ZRobot_Next/install/zrobot_interfaces/include/zrobot_interfaces/zrobot_interfaces
[0.813s] -- Up-to-date: /root/ws_ros2/ZRobot_Next/install/zrobot_interfaces/include/zrobot_interfaces/zrobot_interfaces/srv
[0.814s] -- Up-to-date: /root/ws_ros2/ZRobot_Next/install/zrobot_interfaces/include/zrobot_interfaces/zrobot_interfaces/srv/detail
[0.814s] -- Up-to-date: /root/ws_ros2/ZRobot_Next/install/zrobot_interfaces/include/zrobot_interfaces/zrobot_interfaces/srv/detail/set_target__struct.h
[0.817s] -- Up-to-date: /root/ws_ros2/ZRobot_Next/install/zrobot_interfaces/include/zrobot_interfaces/zrobot_interfaces/srv/detail/set_target__type_support.h
[0.817s] -- Up-to-date: /root/ws_ros2/ZRobot_Next/install/zrobot_interfaces/include/zrobot_interfaces/zrobot_interfaces/srv/detail/set_config__functions.h
[0.818s] -- Up-to-date: /root/ws_ros2/ZRobot_Next/install/zrobot_interfaces/include/zrobot_interfaces/zrobot_interfaces/srv/detail/set_config__description.c
[0.818s] -- Up-to-date: /root/ws_ros2/ZRobot_Next/install/zrobot_interfaces/include/zrobot_interfaces/zrobot_interfaces/srv/detail/set_config__functions.c
[0.819s] -- Up-to-date: /root/ws_ros2/ZRobot_Next/install/zrobot_interfaces/include/zrobot_interfaces/zrobot_interfaces/srv/detail/set_config__type_support.h
[0.820s] -- Up-to-date: /root/ws_ros2/ZRobot_Next/install/zrobot_interfaces/include/zrobot_interfaces/zrobot_interfaces/srv/detail/set_target__functions.h
[0.820s] -- Installing: /root/ws_ros2/ZRobot_Next/install/zrobot_interfaces/include/zrobot_interfaces/zrobot_interfaces/srv/detail/set_target__type_support.c
[0.820s] -- Up-to-date: /root/ws_ros2/ZRobot_Next/install/zrobot_interfaces/include/zrobot_interfaces/zrobot_interfaces/srv/detail/set_config__struct.h
[0.821s] -- Installing: /root/ws_ros2/ZRobot_Next/install/zrobot_interfaces/include/zrobot_interfaces/zrobot_interfaces/srv/detail/set_config__type_support.c
[0.821s] -- Up-to-date: /root/ws_ros2/ZRobot_Next/install/zrobot_interfaces/include/zrobot_interfaces/zrobot_interfaces/srv/detail/set_target__functions.c
[0.822s] -- Up-to-date: /root/ws_ros2/ZRobot_Next/install/zrobot_interfaces/include/zrobot_interfaces/zrobot_interfaces/srv/detail/set_target__description.c
[0.822s] -- Up-to-date: /root/ws_ros2/ZRobot_Next/install/zrobot_interfaces/include/zrobot_interfaces/zrobot_interfaces/srv/set_config.h
[0.823s] -- Up-to-date: /root/ws_ros2/ZRobot_Next/install/zrobot_interfaces/include/zrobot_interfaces/zrobot_interfaces/srv/set_target.h
[0.824s] -- Up-to-date: /root/ws_ros2/ZRobot_Next/install/zrobot_interfaces/include/zrobot_interfaces/zrobot_interfaces/msg
[0.825s] -- Up-to-date: /root/ws_ros2/ZRobot_Next/install/zrobot_interfaces/include/zrobot_interfaces/zrobot_interfaces/msg/detail
[0.826s] -- Installing: /root/ws_ros2/ZRobot_Next/install/zrobot_interfaces/include/zrobot_interfaces/zrobot_interfaces/msg/detail/detection_status__type_support.c
[0.827s] -- Up-to-date: /root/ws_ros2/ZRobot_Next/install/zrobot_interfaces/include/zrobot_interfaces/zrobot_interfaces/msg/detail/detection_status__type_support.h
[0.828s] -- Up-to-date: /root/ws_ros2/ZRobot_Next/install/zrobot_interfaces/include/zrobot_interfaces/zrobot_interfaces/msg/detail/detection_status__functions.c
[0.830s] -- Up-to-date: /root/ws_ros2/ZRobot_Next/install/zrobot_interfaces/include/zrobot_interfaces/zrobot_interfaces/msg/detail/motor_command__type_support.h
[0.831s] -- Up-to-date: /root/ws_ros2/ZRobot_Next/install/zrobot_interfaces/include/zrobot_interfaces/zrobot_interfaces/msg/detail/motor_command__functions.c
[0.831s] -- Installing: /root/ws_ros2/ZRobot_Next/install/zrobot_interfaces/include/zrobot_interfaces/zrobot_interfaces/msg/detail/motor_command__type_support.c
[0.831s] -- Up-to-date: /root/ws_ros2/ZRobot_Next/install/zrobot_interfaces/include/zrobot_interfaces/zrobot_interfaces/msg/detail/motor_command__struct.h
[0.832s] -- Up-to-date: /root/ws_ros2/ZRobot_Next/install/zrobot_interfaces/include/zrobot_interfaces/zrobot_interfaces/msg/detail/motor_command__description.c
[0.832s] -- Up-to-date: /root/ws_ros2/ZRobot_Next/install/zrobot_interfaces/include/zrobot_interfaces/zrobot_interfaces/msg/detail/detection_status__description.c
[0.832s] -- Up-to-date: /root/ws_ros2/ZRobot_Next/install/zrobot_interfaces/include/zrobot_interfaces/zrobot_interfaces/msg/detail/motor_command__functions.h
[0.832s] -- Up-to-date: /root/ws_ros2/ZRobot_Next/install/zrobot_interfaces/include/zrobot_interfaces/zrobot_interfaces/msg/detail/detection_status__functions.h
[0.833s] -- Up-to-date: /root/ws_ros2/ZRobot_Next/install/zrobot_interfaces/include/zrobot_interfaces/zrobot_interfaces/msg/detail/detection_status__struct.h
[0.834s] -- Up-to-date: /root/ws_ros2/ZRobot_Next/install/zrobot_interfaces/include/zrobot_interfaces/zrobot_interfaces/msg/rosidl_generator_c__visibility_control.h
[0.834s] -- Up-to-date: /root/ws_ros2/ZRobot_Next/install/zrobot_interfaces/include/zrobot_interfaces/zrobot_interfaces/msg/detection_status.h
[0.834s] -- Up-to-date: /root/ws_ros2/ZRobot_Next/install/zrobot_interfaces/include/zrobot_interfaces/zrobot_interfaces/msg/motor_command.h
[0.835s] -- Up-to-date: /root/ws_ros2/ZRobot_Next/install/zrobot_interfaces/share/zrobot_interfaces/environment/library_path.sh
[0.835s] -- Up-to-date: /root/ws_ros2/ZRobot_Next/install/zrobot_interfaces/share/zrobot_interfaces/environment/library_path.dsv
[0.835s] -- Up-to-date: /root/ws_ros2/ZRobot_Next/install/zrobot_interfaces/lib/libzrobot_interfaces__rosidl_generator_c.so
[0.836s] -- Up-to-date: /root/ws_ros2/ZRobot_Next/install/zrobot_interfaces/include/zrobot_interfaces/zrobot_interfaces
[0.836s] -- Up-to-date: /root/ws_ros2/ZRobot_Next/install/zrobot_interfaces/include/zrobot_interfaces/zrobot_interfaces/srv
[0.836s] -- Up-to-date: /root/ws_ros2/ZRobot_Next/install/zrobot_interfaces/include/zrobot_interfaces/zrobot_interfaces/srv/detail
[0.837s] -- Up-to-date: /root/ws_ros2/ZRobot_Next/install/zrobot_interfaces/include/zrobot_interfaces/zrobot_interfaces/srv/detail/set_config__rosidl_typesupport_fastrtps_c.h
[0.837s] -- Up-to-date: /root/ws_ros2/ZRobot_Next/install/zrobot_interfaces/include/zrobot_interfaces/zrobot_interfaces/srv/detail/set_target__rosidl_typesupport_fastrtps_c.h
[0.838s] -- Up-to-date: /root/ws_ros2/ZRobot_Next/install/zrobot_interfaces/include/zrobot_interfaces/zrobot_interfaces/msg
[0.838s] -- Up-to-date: /root/ws_ros2/ZRobot_Next/install/zrobot_interfaces/include/zrobot_interfaces/zrobot_interfaces/msg/detail
[0.838s] -- Up-to-date: /root/ws_ros2/ZRobot_Next/install/zrobot_interfaces/include/zrobot_interfaces/zrobot_interfaces/msg/detail/motor_command__rosidl_typesupport_fastrtps_c.h
[0.838s] -- Up-to-date: /root/ws_ros2/ZRobot_Next/install/zrobot_interfaces/include/zrobot_interfaces/zrobot_interfaces/msg/detail/detection_status__rosidl_typesupport_fastrtps_c.h
[0.839s] -- Up-to-date: /root/ws_ros2/ZRobot_Next/install/zrobot_interfaces/include/zrobot_interfaces/zrobot_interfaces/msg/rosidl_typesupport_fastrtps_c__visibility_control.h
[0.839s] -- Up-to-date: /root/ws_ros2/ZRobot_Next/install/zrobot_interfaces/lib/libzrobot_interfaces__rosidl_typesupport_fastrtps_c.so
[0.840s] -- Up-to-date: /root/ws_ros2/ZRobot_Next/install/zrobot_interfaces/include/zrobot_interfaces/zrobot_interfaces
[0.840s] -- Up-to-date: /root/ws_ros2/ZRobot_Next/install/zrobot_interfaces/include/zrobot_interfaces/zrobot_interfaces/srv
[0.840s] -- Up-to-date: /root/ws_ros2/ZRobot_Next/install/zrobot_interfaces/include/zrobot_interfaces/zrobot_interfaces/srv/detail
[0.840s] -- Up-to-date: /root/ws_ros2/ZRobot_Next/install/zrobot_interfaces/include/zrobot_interfaces/zrobot_interfaces/srv/detail/set_config__rosidl_typesupport_introspection_c.h
[0.841s] -- Up-to-date: /root/ws_ros2/ZRobot_Next/install/zrobot_interfaces/include/zrobot_interfaces/zrobot_interfaces/srv/detail/set_target__rosidl_typesupport_introspection_c.h
[0.841s] -- Installing: /root/ws_ros2/ZRobot_Next/install/zrobot_interfaces/include/zrobot_interfaces/zrobot_interfaces/srv/detail/set_target__type_support.c
[0.841s] -- Installing: /root/ws_ros2/ZRobot_Next/install/zrobot_interfaces/include/zrobot_interfaces/zrobot_interfaces/srv/detail/set_config__type_support.c
[0.841s] -- Up-to-date: /root/ws_ros2/ZRobot_Next/install/zrobot_interfaces/include/zrobot_interfaces/zrobot_interfaces/msg
[0.841s] -- Up-to-date: /root/ws_ros2/ZRobot_Next/install/zrobot_interfaces/include/zrobot_interfaces/zrobot_interfaces/msg/detail
[0.842s] -- Installing: /root/ws_ros2/ZRobot_Next/install/zrobot_interfaces/include/zrobot_interfaces/zrobot_interfaces/msg/detail/detection_status__type_support.c
[0.842s] -- Up-to-date: /root/ws_ros2/ZRobot_Next/install/zrobot_interfaces/include/zrobot_interfaces/zrobot_interfaces/msg/detail/detection_status__rosidl_typesupport_introspection_c.h
[0.842s] -- Installing: /root/ws_ros2/ZRobot_Next/install/zrobot_interfaces/include/zrobot_interfaces/zrobot_interfaces/msg/detail/motor_command__type_support.c
[0.842s] -- Up-to-date: /root/ws_ros2/ZRobot_Next/install/zrobot_interfaces/include/zrobot_interfaces/zrobot_interfaces/msg/detail/motor_command__rosidl_typesupport_introspection_c.h
[0.842s] -- Up-to-date: /root/ws_ros2/ZRobot_Next/install/zrobot_interfaces/include/zrobot_interfaces/zrobot_interfaces/msg/rosidl_typesupport_introspection_c__visibility_control.h
[0.842s] -- Up-to-date: /root/ws_ros2/ZRobot_Next/install/zrobot_interfaces/lib/libzrobot_interfaces__rosidl_typesupport_introspection_c.so
[0.842s] -- Up-to-date: /root/ws_ros2/ZRobot_Next/install/zrobot_interfaces/lib/libzrobot_interfaces__rosidl_typesupport_c.so
[0.843s] -- Up-to-date: /root/ws_ros2/ZRobot_Next/install/zrobot_interfaces/include/zrobot_interfaces/zrobot_interfaces
[0.843s] -- Up-to-date: /root/ws_ros2/ZRobot_Next/install/zrobot_interfaces/include/zrobot_interfaces/zrobot_interfaces/srv
[0.843s] -- Up-to-date: /root/ws_ros2/ZRobot_Next/install/zrobot_interfaces/include/zrobot_interfaces/zrobot_interfaces/srv/detail
[0.843s] -- Up-to-date: /root/ws_ros2/ZRobot_Next/install/zrobot_interfaces/include/zrobot_interfaces/zrobot_interfaces/srv/detail/set_target__traits.hpp
[0.843s] -- Up-to-date: /root/ws_ros2/ZRobot_Next/install/zrobot_interfaces/include/zrobot_interfaces/zrobot_interfaces/srv/detail/set_config__struct.hpp
[0.843s] -- Up-to-date: /root/ws_ros2/ZRobot_Next/install/zrobot_interfaces/include/zrobot_interfaces/zrobot_interfaces/srv/detail/set_target__struct.hpp
[0.843s] -- Up-to-date: /root/ws_ros2/ZRobot_Next/install/zrobot_interfaces/include/zrobot_interfaces/zrobot_interfaces/srv/detail/set_target__builder.hpp
[0.843s] -- Up-to-date: /root/ws_ros2/ZRobot_Next/install/zrobot_interfaces/include/zrobot_interfaces/zrobot_interfaces/srv/detail/set_config__traits.hpp
[0.844s] -- Up-to-date: /root/ws_ros2/ZRobot_Next/install/zrobot_interfaces/include/zrobot_interfaces/zrobot_interfaces/srv/detail/set_config__type_support.hpp
[0.844s] -- Up-to-date: /root/ws_ros2/ZRobot_Next/install/zrobot_interfaces/include/zrobot_interfaces/zrobot_interfaces/srv/detail/set_config__builder.hpp
[0.844s] -- Up-to-date: /root/ws_ros2/ZRobot_Next/install/zrobot_interfaces/include/zrobot_interfaces/zrobot_interfaces/srv/detail/set_target__type_support.hpp
[0.844s] -- Up-to-date: /root/ws_ros2/ZRobot_Next/install/zrobot_interfaces/include/zrobot_interfaces/zrobot_interfaces/srv/set_target.hpp
[0.844s] -- Up-to-date: /root/ws_ros2/ZRobot_Next/install/zrobot_interfaces/include/zrobot_interfaces/zrobot_interfaces/srv/set_config.hpp
[0.844s] -- Up-to-date: /root/ws_ros2/ZRobot_Next/install/zrobot_interfaces/include/zrobot_interfaces/zrobot_interfaces/msg
[0.844s] -- Up-to-date: /root/ws_ros2/ZRobot_Next/install/zrobot_interfaces/include/zrobot_interfaces/zrobot_interfaces/msg/motor_command.hpp
[0.844s] -- Up-to-date: /root/ws_ros2/ZRobot_Next/install/zrobot_interfaces/include/zrobot_interfaces/zrobot_interfaces/msg/detection_status.hpp
[0.844s] -- Up-to-date: /root/ws_ros2/ZRobot_Next/install/zrobot_interfaces/include/zrobot_interfaces/zrobot_interfaces/msg/detail
[0.844s] -- Up-to-date: /root/ws_ros2/ZRobot_Next/install/zrobot_interfaces/include/zrobot_interfaces/zrobot_interfaces/msg/detail/detection_status__struct.hpp
[0.845s] -- Up-to-date: /root/ws_ros2/ZRobot_Next/install/zrobot_interfaces/include/zrobot_interfaces/zrobot_interfaces/msg/detail/motor_command__struct.hpp
[0.845s] -- Up-to-date: /root/ws_ros2/ZRobot_Next/install/zrobot_interfaces/include/zrobot_interfaces/zrobot_interfaces/msg/detail/detection_status__traits.hpp
[0.845s] -- Up-to-date: /root/ws_ros2/ZRobot_Next/install/zrobot_interfaces/include/zrobot_interfaces/zrobot_interfaces/msg/detail/motor_command__type_support.hpp
[0.845s] -- Up-to-date: /root/ws_ros2/ZRobot_Next/install/zrobot_interfaces/include/zrobot_interfaces/zrobot_interfaces/msg/detail/detection_status__type_support.hpp
[0.845s] -- Up-to-date: /root/ws_ros2/ZRobot_Next/install/zrobot_interfaces/include/zrobot_interfaces/zrobot_interfaces/msg/detail/detection_status__builder.hpp
[0.845s] -- Up-to-date: /root/ws_ros2/ZRobot_Next/install/zrobot_interfaces/include/zrobot_interfaces/zrobot_interfaces/msg/detail/motor_command__traits.hpp
[0.845s] -- Up-to-date: /root/ws_ros2/ZRobot_Next/install/zrobot_interfaces/include/zrobot_interfaces/zrobot_interfaces/msg/detail/motor_command__builder.hpp
[0.845s] -- Up-to-date: /root/ws_ros2/ZRobot_Next/install/zrobot_interfaces/include/zrobot_interfaces/zrobot_interfaces/msg/rosidl_generator_cpp__visibility_control.hpp
[0.845s] -- Up-to-date: /root/ws_ros2/ZRobot_Next/install/zrobot_interfaces/include/zrobot_interfaces/zrobot_interfaces
[0.845s] -- Up-to-date: /root/ws_ros2/ZRobot_Next/install/zrobot_interfaces/include/zrobot_interfaces/zrobot_interfaces/srv
[0.845s] -- Up-to-date: /root/ws_ros2/ZRobot_Next/install/zrobot_interfaces/include/zrobot_interfaces/zrobot_interfaces/srv/detail
[0.846s] -- Up-to-date: /root/ws_ros2/ZRobot_Next/install/zrobot_interfaces/include/zrobot_interfaces/zrobot_interfaces/srv/detail/set_target__rosidl_typesupport_fastrtps_cpp.hpp
[0.846s] -- Up-to-date: /root/ws_ros2/ZRobot_Next/install/zrobot_interfaces/include/zrobot_interfaces/zrobot_interfaces/srv/detail/dds_fastrtps
[0.846s] -- Up-to-date: /root/ws_ros2/ZRobot_Next/install/zrobot_interfaces/include/zrobot_interfaces/zrobot_interfaces/srv/detail/set_config__rosidl_typesupport_fastrtps_cpp.hpp
[0.846s] -- Up-to-date: /root/ws_ros2/ZRobot_Next/install/zrobot_interfaces/include/zrobot_interfaces/zrobot_interfaces/msg
[0.846s] -- Up-to-date: /root/ws_ros2/ZRobot_Next/install/zrobot_interfaces/include/zrobot_interfaces/zrobot_interfaces/msg/detail
[0.846s] -- Up-to-date: /root/ws_ros2/ZRobot_Next/install/zrobot_interfaces/include/zrobot_interfaces/zrobot_interfaces/msg/detail/motor_command__rosidl_typesupport_fastrtps_cpp.hpp
[0.846s] -- Up-to-date: /root/ws_ros2/ZRobot_Next/install/zrobot_interfaces/include/zrobot_interfaces/zrobot_interfaces/msg/detail/dds_fastrtps
[0.846s] -- Up-to-date: /root/ws_ros2/ZRobot_Next/install/zrobot_interfaces/include/zrobot_interfaces/zrobot_interfaces/msg/detail/detection_status__rosidl_typesupport_fastrtps_cpp.hpp
[0.847s] -- Up-to-date: /root/ws_ros2/ZRobot_Next/install/zrobot_interfaces/include/zrobot_interfaces/zrobot_interfaces/msg/rosidl_typesupport_fastrtps_cpp__visibility_control.h
[0.847s] -- Up-to-date: /root/ws_ros2/ZRobot_Next/install/zrobot_interfaces/lib/libzrobot_interfaces__rosidl_typesupport_fastrtps_cpp.so
[0.847s] -- Up-to-date: /root/ws_ros2/ZRobot_Next/install/zrobot_interfaces/include/zrobot_interfaces/zrobot_interfaces
[0.847s] -- Up-to-date: /root/ws_ros2/ZRobot_Next/install/zrobot_interfaces/include/zrobot_interfaces/zrobot_interfaces/srv
[0.847s] -- Up-to-date: /root/ws_ros2/ZRobot_Next/install/zrobot_interfaces/include/zrobot_interfaces/zrobot_interfaces/srv/detail
[0.847s] -- Up-to-date: /root/ws_ros2/ZRobot_Next/install/zrobot_interfaces/include/zrobot_interfaces/zrobot_interfaces/srv/detail/set_config__type_support.cpp
[0.847s] -- Up-to-date: /root/ws_ros2/ZRobot_Next/install/zrobot_interfaces/include/zrobot_interfaces/zrobot_interfaces/srv/detail/set_target__rosidl_typesupport_introspection_cpp.hpp
[0.847s] -- Up-to-date: /root/ws_ros2/ZRobot_Next/install/zrobot_interfaces/include/zrobot_interfaces/zrobot_interfaces/srv/detail/set_config__rosidl_typesupport_introspection_cpp.hpp
[0.847s] -- Up-to-date: /root/ws_ros2/ZRobot_Next/install/zrobot_interfaces/include/zrobot_interfaces/zrobot_interfaces/srv/detail/set_target__type_support.cpp
[0.847s] -- Up-to-date: /root/ws_ros2/ZRobot_Next/install/zrobot_interfaces/include/zrobot_interfaces/zrobot_interfaces/msg
[0.848s] -- Up-to-date: /root/ws_ros2/ZRobot_Next/install/zrobot_interfaces/include/zrobot_interfaces/zrobot_interfaces/msg/detail
[0.848s] -- Up-to-date: /root/ws_ros2/ZRobot_Next/install/zrobot_interfaces/include/zrobot_interfaces/zrobot_interfaces/msg/detail/detection_status__type_support.cpp
[0.848s] -- Up-to-date: /root/ws_ros2/ZRobot_Next/install/zrobot_interfaces/include/zrobot_interfaces/zrobot_interfaces/msg/detail/motor_command__rosidl_typesupport_introspection_cpp.hpp
[0.848s] -- Up-to-date: /root/ws_ros2/ZRobot_Next/install/zrobot_interfaces/include/zrobot_interfaces/zrobot_interfaces/msg/detail/motor_command__type_support.cpp
[0.848s] -- Up-to-date: /root/ws_ros2/ZRobot_Next/install/zrobot_interfaces/include/zrobot_interfaces/zrobot_interfaces/msg/detail/detection_status__rosidl_typesupport_introspection_cpp.hpp
[0.896s] -- Up-to-date: /root/ws_ros2/ZRobot_Next/install/zrobot_interfaces/lib/libzrobot_interfaces__rosidl_typesupport_introspection_cpp.so
[0.896s] -- Up-to-date: /root/ws_ros2/ZRobot_Next/install/zrobot_interfaces/lib/libzrobot_interfaces__rosidl_typesupport_cpp.so
[0.897s] -- Up-to-date: /root/ws_ros2/ZRobot_Next/install/zrobot_interfaces/share/zrobot_interfaces/environment/pythonpath.sh
[0.897s] -- Up-to-date: /root/ws_ros2/ZRobot_Next/install/zrobot_interfaces/share/zrobot_interfaces/environment/pythonpath.dsv
[0.897s] -- Up-to-date: /root/ws_ros2/ZRobot_Next/install/zrobot_interfaces/lib/python3.12/site-packages/zrobot_interfaces-1.0.0-py3.12.egg-info
[0.897s] -- Installing: /root/ws_ros2/ZRobot_Next/install/zrobot_interfaces/lib/python3.12/site-packages/zrobot_interfaces-1.0.0-py3.12.egg-info/dependency_links.txt
[0.898s] -- Installing: /root/ws_ros2/ZRobot_Next/install/zrobot_interfaces/lib/python3.12/site-packages/zrobot_interfaces-1.0.0-py3.12.egg-info/PKG-INFO
[0.898s] -- Installing: /root/ws_ros2/ZRobot_Next/install/zrobot_interfaces/lib/python3.12/site-packages/zrobot_interfaces-1.0.0-py3.12.egg-info/top_level.txt
[0.898s] -- Installing: /root/ws_ros2/ZRobot_Next/install/zrobot_interfaces/lib/python3.12/site-packages/zrobot_interfaces-1.0.0-py3.12.egg-info/SOURCES.txt
[0.898s] -- Up-to-date: /root/ws_ros2/ZRobot_Next/install/zrobot_interfaces/lib/python3.12/site-packages/zrobot_interfaces
[0.898s] -- Up-to-date: /root/ws_ros2/ZRobot_Next/install/zrobot_interfaces/lib/python3.12/site-packages/zrobot_interfaces/zrobot_interfaces_s__rosidl_typesupport_c.so
[0.898s] -- Up-to-date: /root/ws_ros2/ZRobot_Next/install/zrobot_interfaces/lib/python3.12/site-packages/zrobot_interfaces/srv
[0.898s] -- Up-to-date: /root/ws_ros2/ZRobot_Next/install/zrobot_interfaces/lib/python3.12/site-packages/zrobot_interfaces/srv/_set_target_s.c
[0.899s] -- Up-to-date: /root/ws_ros2/ZRobot_Next/install/zrobot_interfaces/lib/python3.12/site-packages/zrobot_interfaces/srv/_set_config_s.c
[0.899s] -- Up-to-date: /root/ws_ros2/ZRobot_Next/install/zrobot_interfaces/lib/python3.12/site-packages/zrobot_interfaces/srv/_set_config.py
[0.899s] -- Up-to-date: /root/ws_ros2/ZRobot_Next/install/zrobot_interfaces/lib/python3.12/site-packages/zrobot_interfaces/srv/_set_target.py
[0.899s] -- Up-to-date: /root/ws_ros2/ZRobot_Next/install/zrobot_interfaces/lib/python3.12/site-packages/zrobot_interfaces/srv/__init__.py
[0.899s] -- Up-to-date: /root/ws_ros2/ZRobot_Next/install/zrobot_interfaces/lib/python3.12/site-packages/zrobot_interfaces/_zrobot_interfaces_s.ep.rosidl_typesupport_introspection_c.c
[0.899s] -- Up-to-date: /root/ws_ros2/ZRobot_Next/install/zrobot_interfaces/lib/python3.12/site-packages/zrobot_interfaces/_zrobot_interfaces_s.ep.rosidl_typesupport_fastrtps_c.c
[0.899s] -- Up-to-date: /root/ws_ros2/ZRobot_Next/install/zrobot_interfaces/lib/python3.12/site-packages/zrobot_interfaces/zrobot_interfaces_s__rosidl_typesupport_introspection_c.so
[0.900s] -- Up-to-date: /root/ws_ros2/ZRobot_Next/install/zrobot_interfaces/lib/python3.12/site-packages/zrobot_interfaces/_zrobot_interfaces_s.ep.rosidl_typesupport_c.c
[0.900s] -- Up-to-date: /root/ws_ros2/ZRobot_Next/install/zrobot_interfaces/lib/python3.12/site-packages/zrobot_interfaces/zrobot_interfaces_s__rosidl_typesupport_fastrtps_c.so
[0.900s] -- Up-to-date: /root/ws_ros2/ZRobot_Next/install/zrobot_interfaces/lib/python3.12/site-packages/zrobot_interfaces/msg
[0.900s] -- Up-to-date: /root/ws_ros2/ZRobot_Next/install/zrobot_interfaces/lib/python3.12/site-packages/zrobot_interfaces/msg/_motor_command.py
[0.900s] -- Up-to-date: /root/ws_ros2/ZRobot_Next/install/zrobot_interfaces/lib/python3.12/site-packages/zrobot_interfaces/msg/_detection_status_s.c
[0.900s] -- Up-to-date: /root/ws_ros2/ZRobot_Next/install/zrobot_interfaces/lib/python3.12/site-packages/zrobot_interfaces/msg/_detection_status.py
[0.901s] -- Up-to-date: /root/ws_ros2/ZRobot_Next/install/zrobot_interfaces/lib/python3.12/site-packages/zrobot_interfaces/msg/__init__.py
[0.901s] -- Up-to-date: /root/ws_ros2/ZRobot_Next/install/zrobot_interfaces/lib/python3.12/site-packages/zrobot_interfaces/msg/_motor_command_s.c
[0.901s] -- Up-to-date: /root/ws_ros2/ZRobot_Next/install/zrobot_interfaces/lib/python3.12/site-packages/zrobot_interfaces/__init__.py
[0.902s] Listing '/root/ws_ros2/ZRobot_Next/install/zrobot_interfaces/lib/python3.12/site-packages/zrobot_interfaces'...
[0.902s] Listing '/root/ws_ros2/ZRobot_Next/install/zrobot_interfaces/lib/python3.12/site-packages/zrobot_interfaces/msg'...
[0.902s] Listing '/root/ws_ros2/ZRobot_Next/install/zrobot_interfaces/lib/python3.12/site-packages/zrobot_interfaces/srv'...
[0.902s] -- Up-to-date: /root/ws_ros2/ZRobot_Next/install/zrobot_interfaces/lib/python3.12/site-packages/zrobot_interfaces/zrobot_interfaces_s__rosidl_typesupport_fastrtps_c.so
[0.902s] -- Up-to-date: /root/ws_ros2/ZRobot_Next/install/zrobot_interfaces/lib/python3.12/site-packages/zrobot_interfaces/zrobot_interfaces_s__rosidl_typesupport_introspection_c.so
[0.903s] -- Up-to-date: /root/ws_ros2/ZRobot_Next/install/zrobot_interfaces/lib/python3.12/site-packages/zrobot_interfaces/zrobot_interfaces_s__rosidl_typesupport_c.so
[0.903s] -- Up-to-date: /root/ws_ros2/ZRobot_Next/install/zrobot_interfaces/lib/libzrobot_interfaces__rosidl_generator_py.so
[0.904s] -- Up-to-date: /root/ws_ros2/ZRobot_Next/install/zrobot_interfaces/share/zrobot_interfaces/msg/DetectionStatus.idl
[0.904s] -- Up-to-date: /root/ws_ros2/ZRobot_Next/install/zrobot_interfaces/share/zrobot_interfaces/msg/MotorCommand.idl
[0.904s] -- Up-to-date: /root/ws_ros2/ZRobot_Next/install/zrobot_interfaces/share/zrobot_interfaces/srv/SetTarget.idl
[0.905s] -- Up-to-date: /root/ws_ros2/ZRobot_Next/install/zrobot_interfaces/share/zrobot_interfaces/srv/SetConfig.idl
[0.905s] -- Up-to-date: /root/ws_ros2/ZRobot_Next/install/zrobot_interfaces/share/zrobot_interfaces/msg/DetectionStatus.msg
[0.905s] -- Up-to-date: /root/ws_ros2/ZRobot_Next/install/zrobot_interfaces/share/zrobot_interfaces/msg/MotorCommand.msg
[0.905s] -- Up-to-date: /root/ws_ros2/ZRobot_Next/install/zrobot_interfaces/share/zrobot_interfaces/srv/SetTarget.srv
[0.905s] -- Up-to-date: /root/ws_ros2/ZRobot_Next/install/zrobot_interfaces/share/zrobot_interfaces/srv/SetConfig.srv
[0.905s] -- Up-to-date: /root/ws_ros2/ZRobot_Next/install/zrobot_interfaces/share/ament_index/resource_index/package_run_dependencies/zrobot_interfaces
[0.906s] -- Up-to-date: /root/ws_ros2/ZRobot_Next/install/zrobot_interfaces/share/ament_index/resource_index/parent_prefix_path/zrobot_interfaces
[0.906s] -- Up-to-date: /root/ws_ros2/ZRobot_Next/install/zrobot_interfaces/share/zrobot_interfaces/environment/ament_prefix_path.sh
[0.906s] -- Up-to-date: /root/ws_ros2/ZRobot_Next/install/zrobot_interfaces/share/zrobot_interfaces/environment/ament_prefix_path.dsv
[0.906s] -- Up-to-date: /root/ws_ros2/ZRobot_Next/install/zrobot_interfaces/share/zrobot_interfaces/environment/path.sh
[0.906s] -- Up-to-date: /root/ws_ros2/ZRobot_Next/install/zrobot_interfaces/share/zrobot_interfaces/environment/path.dsv
[0.906s] -- Up-to-date: /root/ws_ros2/ZRobot_Next/install/zrobot_interfaces/share/zrobot_interfaces/local_setup.bash
[0.907s] -- Up-to-date: /root/ws_ros2/ZRobot_Next/install/zrobot_interfaces/share/zrobot_interfaces/local_setup.sh
[0.907s] -- Up-to-date: /root/ws_ros2/ZRobot_Next/install/zrobot_interfaces/share/zrobot_interfaces/local_setup.zsh
[0.907s] -- Up-to-date: /root/ws_ros2/ZRobot_Next/install/zrobot_interfaces/share/zrobot_interfaces/local_setup.dsv
[0.907s] -- Installing: /root/ws_ros2/ZRobot_Next/install/zrobot_interfaces/share/zrobot_interfaces/package.dsv
[0.907s] -- Up-to-date: /root/ws_ros2/ZRobot_Next/install/zrobot_interfaces/share/ament_index/resource_index/packages/zrobot_interfaces
[0.907s] -- Up-to-date: /root/ws_ros2/ZRobot_Next/install/zrobot_interfaces/share/zrobot_interfaces/cmake/export_zrobot_interfaces__rosidl_generator_cExport.cmake
[0.907s] -- Up-to-date: /root/ws_ros2/ZRobot_Next/install/zrobot_interfaces/share/zrobot_interfaces/cmake/export_zrobot_interfaces__rosidl_generator_cExport-noconfig.cmake
[0.908s] -- Up-to-date: /root/ws_ros2/ZRobot_Next/install/zrobot_interfaces/share/zrobot_interfaces/cmake/export_zrobot_interfaces__rosidl_typesupport_fastrtps_cExport.cmake
[0.908s] -- Up-to-date: /root/ws_ros2/ZRobot_Next/install/zrobot_interfaces/share/zrobot_interfaces/cmake/export_zrobot_interfaces__rosidl_typesupport_fastrtps_cExport-noconfig.cmake
[0.908s] -- Up-to-date: /root/ws_ros2/ZRobot_Next/install/zrobot_interfaces/share/zrobot_interfaces/cmake/zrobot_interfaces__rosidl_typesupport_introspection_cExport.cmake
[0.908s] -- Up-to-date: /root/ws_ros2/ZRobot_Next/install/zrobot_interfaces/share/zrobot_interfaces/cmake/zrobot_interfaces__rosidl_typesupport_introspection_cExport-noconfig.cmake
[0.908s] -- Up-to-date: /root/ws_ros2/ZRobot_Next/install/zrobot_interfaces/share/zrobot_interfaces/cmake/zrobot_interfaces__rosidl_typesupport_cExport.cmake
[0.908s] -- Up-to-date: /root/ws_ros2/ZRobot_Next/install/zrobot_interfaces/share/zrobot_interfaces/cmake/zrobot_interfaces__rosidl_typesupport_cExport-noconfig.cmake
[0.908s] -- Up-to-date: /root/ws_ros2/ZRobot_Next/install/zrobot_interfaces/share/zrobot_interfaces/cmake/export_zrobot_interfaces__rosidl_generator_cppExport.cmake
[0.908s] -- Up-to-date: /root/ws_ros2/ZRobot_Next/install/zrobot_interfaces/share/zrobot_interfaces/cmake/export_zrobot_interfaces__rosidl_typesupport_fastrtps_cppExport.cmake
[0.909s] -- Up-to-date: /root/ws_ros2/ZRobot_Next/install/zrobot_interfaces/share/zrobot_interfaces/cmake/export_zrobot_interfaces__rosidl_typesupport_fastrtps_cppExport-noconfig.cmake
[0.909s] -- Up-to-date: /root/ws_ros2/ZRobot_Next/install/zrobot_interfaces/share/zrobot_interfaces/cmake/zrobot_interfaces__rosidl_typesupport_introspection_cppExport.cmake
[0.909s] -- Up-to-date: /root/ws_ros2/ZRobot_Next/install/zrobot_interfaces/share/zrobot_interfaces/cmake/zrobot_interfaces__rosidl_typesupport_introspection_cppExport-noconfig.cmake
[0.909s] -- Up-to-date: /root/ws_ros2/ZRobot_Next/install/zrobot_interfaces/share/zrobot_interfaces/cmake/zrobot_interfaces__rosidl_typesupport_cppExport.cmake
[0.909s] -- Up-to-date: /root/ws_ros2/ZRobot_Next/install/zrobot_interfaces/share/zrobot_interfaces/cmake/zrobot_interfaces__rosidl_typesupport_cppExport-noconfig.cmake
[0.909s] -- Up-to-date: /root/ws_ros2/ZRobot_Next/install/zrobot_interfaces/share/zrobot_interfaces/cmake/export_zrobot_interfaces__rosidl_generator_pyExport.cmake
[0.909s] -- Up-to-date: /root/ws_ros2/ZRobot_Next/install/zrobot_interfaces/share/zrobot_interfaces/cmake/export_zrobot_interfaces__rosidl_generator_pyExport-noconfig.cmake
[0.910s] -- Up-to-date: /root/ws_ros2/ZRobot_Next/install/zrobot_interfaces/share/zrobot_interfaces/cmake/rosidl_cmake-extras.cmake
[0.910s] -- Up-to-date: /root/ws_ros2/ZRobot_Next/install/zrobot_interfaces/share/zrobot_interfaces/cmake/ament_cmake_export_dependencies-extras.cmake
[0.910s] -- Up-to-date: /root/ws_ros2/ZRobot_Next/install/zrobot_interfaces/share/zrobot_interfaces/cmake/ament_cmake_export_include_directories-extras.cmake
[0.910s] -- Up-to-date: /root/ws_ros2/ZRobot_Next/install/zrobot_interfaces/share/zrobot_interfaces/cmake/ament_cmake_export_libraries-extras.cmake
[0.910s] -- Up-to-date: /root/ws_ros2/ZRobot_Next/install/zrobot_interfaces/share/zrobot_interfaces/cmake/ament_cmake_export_targets-extras.cmake
[0.910s] -- Up-to-date: /root/ws_ros2/ZRobot_Next/install/zrobot_interfaces/share/zrobot_interfaces/cmake/rosidl_cmake_export_typesupport_targets-extras.cmake
[0.910s] -- Up-to-date: /root/ws_ros2/ZRobot_Next/install/zrobot_interfaces/share/zrobot_interfaces/cmake/rosidl_cmake_export_typesupport_libraries-extras.cmake
[0.911s] -- Up-to-date: /root/ws_ros2/ZRobot_Next/install/zrobot_interfaces/share/zrobot_interfaces/cmake/zrobot_interfacesConfig.cmake
[0.911s] -- Up-to-date: /root/ws_ros2/ZRobot_Next/install/zrobot_interfaces/share/zrobot_interfaces/cmake/zrobot_interfacesConfig-version.cmake
[0.912s] -- Up-to-date: /root/ws_ros2/ZRobot_Next/install/zrobot_interfaces/share/zrobot_interfaces/package.xml
[0.912s] Invoked command in '/root/ws_ros2/ZRobot_Next/build/zrobot_interfaces' returned '0': CMAKE_PREFIX_PATH=/opt/ros/jazzy /usr/bin/cmake --install /root/ws_ros2/ZRobot_Next/build/zrobot_interfaces
